INFO - 2019-05-12 17:51:07 --> Config Class Initialized
INFO - 2019-05-12 17:51:07 --> Hooks Class Initialized
DEBUG - 2019-05-12 17:51:07 --> UTF-8 Support Enabled
INFO - 2019-05-12 17:51:07 --> Utf8 Class Initialized
INFO - 2019-05-12 17:51:07 --> URI Class Initialized
INFO - 2019-05-12 17:51:07 --> Router Class Initialized
INFO - 2019-05-12 17:51:07 --> Output Class Initialized
INFO - 2019-05-12 17:51:07 --> Security Class Initialized
DEBUG - 2019-05-12 17:51:07 --> Global POST, GET and COOKIE data sanitized
INFO - 2019-05-12 17:51:07 --> Input Class Initialized
INFO - 2019-05-12 17:51:07 --> Language Class Initialized
INFO - 2019-05-12 17:51:07 --> Loader Class Initialized
INFO - 2019-05-12 17:51:07 --> Helper loaded: general_helper
INFO - 2019-05-12 17:51:07 --> Controller Class Initialized
INFO - 2019-05-12 17:51:07 --> Final output sent to browser
DEBUG - 2019-05-12 17:51:07 --> Total execution time: 0.2934
INFO - 2019-05-12 19:17:38 --> Config Class Initialized
INFO - 2019-05-12 19:17:38 --> Hooks Class Initialized
DEBUG - 2019-05-12 19:17:38 --> UTF-8 Support Enabled
INFO - 2019-05-12 19:17:38 --> Utf8 Class Initialized
INFO - 2019-05-12 19:17:38 --> URI Class Initialized
INFO - 2019-05-12 19:17:38 --> Router Class Initialized
INFO - 2019-05-12 19:17:38 --> Output Class Initialized
INFO - 2019-05-12 19:17:38 --> Security Class Initialized
DEBUG - 2019-05-12 19:17:38 --> Global POST, GET and COOKIE data sanitized
INFO - 2019-05-12 19:17:38 --> Input Class Initialized
INFO - 2019-05-12 19:17:38 --> Language Class Initialized
INFO - 2019-05-12 19:17:38 --> Loader Class Initialized
INFO - 2019-05-12 19:17:38 --> Helper loaded: general_helper
INFO - 2019-05-12 19:17:38 --> Controller Class Initialized
INFO - 2019-05-12 19:17:38 --> Final output sent to browser
DEBUG - 2019-05-12 19:17:38 --> Total execution time: 0.0077
INFO - 2019-05-12 19:17:45 --> Config Class Initialized
INFO - 2019-05-12 19:17:45 --> Hooks Class Initialized
DEBUG - 2019-05-12 19:17:45 --> UTF-8 Support Enabled
INFO - 2019-05-12 19:17:45 --> Utf8 Class Initialized
INFO - 2019-05-12 19:17:45 --> URI Class Initialized
INFO - 2019-05-12 19:17:45 --> Router Class Initialized
INFO - 2019-05-12 19:17:45 --> Output Class Initialized
INFO - 2019-05-12 19:17:45 --> Security Class Initialized
DEBUG - 2019-05-12 19:17:45 --> Global POST, GET and COOKIE data sanitized
INFO - 2019-05-12 19:17:45 --> Input Class Initialized
INFO - 2019-05-12 19:17:45 --> Language Class Initialized
INFO - 2019-05-12 19:17:45 --> Loader Class Initialized
INFO - 2019-05-12 19:17:45 --> Helper loaded: general_helper
INFO - 2019-05-12 19:17:45 --> Controller Class Initialized
INFO - 2019-05-12 19:17:45 --> Final output sent to browser
DEBUG - 2019-05-12 19:17:45 --> Total execution time: 0.0092
INFO - 2019-05-12 19:18:00 --> Config Class Initialized
INFO - 2019-05-12 19:18:00 --> Hooks Class Initialized
DEBUG - 2019-05-12 19:18:00 --> UTF-8 Support Enabled
INFO - 2019-05-12 19:18:00 --> Utf8 Class Initialized
INFO - 2019-05-12 19:18:00 --> URI Class Initialized
INFO - 2019-05-12 19:18:00 --> Router Class Initialized
INFO - 2019-05-12 19:18:00 --> Output Class Initialized
INFO - 2019-05-12 19:18:00 --> Security Class Initialized
DEBUG - 2019-05-12 19:18:00 --> Global POST, GET and COOKIE data sanitized
INFO - 2019-05-12 19:18:00 --> Input Class Initialized
INFO - 2019-05-12 19:18:00 --> Language Class Initialized
INFO - 2019-05-12 19:18:01 --> Loader Class Initialized
INFO - 2019-05-12 19:18:01 --> Helper loaded: general_helper
INFO - 2019-05-12 19:18:01 --> Controller Class Initialized
INFO - 2019-05-12 19:18:01 --> Final output sent to browser
DEBUG - 2019-05-12 19:18:01 --> Total execution time: 0.0119
INFO - 2019-05-12 19:18:21 --> Config Class Initialized
INFO - 2019-05-12 19:18:21 --> Hooks Class Initialized
DEBUG - 2019-05-12 19:18:21 --> UTF-8 Support Enabled
INFO - 2019-05-12 19:18:21 --> Utf8 Class Initialized
INFO - 2019-05-12 19:18:21 --> URI Class Initialized
INFO - 2019-05-12 19:18:21 --> Router Class Initialized
INFO - 2019-05-12 19:18:21 --> Output Class Initialized
INFO - 2019-05-12 19:18:21 --> Security Class Initialized
DEBUG - 2019-05-12 19:18:21 --> Global POST, GET and COOKIE data sanitized
INFO - 2019-05-12 19:18:21 --> Input Class Initialized
INFO - 2019-05-12 19:18:21 --> Language Class Initialized
INFO - 2019-05-12 19:18:21 --> Loader Class Initialized
INFO - 2019-05-12 19:18:21 --> Helper loaded: general_helper
INFO - 2019-05-12 19:18:21 --> Controller Class Initialized
INFO - 2019-05-12 19:18:21 --> Final output sent to browser
DEBUG - 2019-05-12 19:18:21 --> Total execution time: 0.0081
INFO - 2019-05-12 19:18:36 --> Config Class Initialized
INFO - 2019-05-12 19:18:36 --> Hooks Class Initialized
DEBUG - 2019-05-12 19:18:36 --> UTF-8 Support Enabled
INFO - 2019-05-12 19:18:36 --> Utf8 Class Initialized
INFO - 2019-05-12 19:18:36 --> URI Class Initialized
INFO - 2019-05-12 19:18:36 --> Router Class Initialized
INFO - 2019-05-12 19:18:36 --> Output Class Initialized
INFO - 2019-05-12 19:18:36 --> Security Class Initialized
DEBUG - 2019-05-12 19:18:36 --> Global POST, GET and COOKIE data sanitized
INFO - 2019-05-12 19:18:36 --> Input Class Initialized
INFO - 2019-05-12 19:18:36 --> Language Class Initialized
INFO - 2019-05-12 19:18:36 --> Loader Class Initialized
INFO - 2019-05-12 19:18:36 --> Helper loaded: general_helper
INFO - 2019-05-12 19:18:36 --> Controller Class Initialized
INFO - 2019-05-12 19:18:36 --> Final output sent to browser
DEBUG - 2019-05-12 19:18:36 --> Total execution time: 0.0077
INFO - 2019-05-12 19:20:17 --> Config Class Initialized
INFO - 2019-05-12 19:20:17 --> Hooks Class Initialized
DEBUG - 2019-05-12 19:20:17 --> UTF-8 Support Enabled
INFO - 2019-05-12 19:20:17 --> Utf8 Class Initialized
INFO - 2019-05-12 19:20:17 --> URI Class Initialized
INFO - 2019-05-12 19:20:17 --> Router Class Initialized
INFO - 2019-05-12 19:20:17 --> Output Class Initialized
INFO - 2019-05-12 19:20:17 --> Security Class Initialized
DEBUG - 2019-05-12 19:20:18 --> Global POST, GET and COOKIE data sanitized
INFO - 2019-05-12 19:20:18 --> Input Class Initialized
INFO - 2019-05-12 19:20:18 --> Language Class Initialized
INFO - 2019-05-12 19:20:18 --> Loader Class Initialized
INFO - 2019-05-12 19:20:18 --> Helper loaded: general_helper
INFO - 2019-05-12 19:20:18 --> Controller Class Initialized
INFO - 2019-05-12 19:20:18 --> Final output sent to browser
DEBUG - 2019-05-12 19:20:18 --> Total execution time: 0.0075
INFO - 2019-05-12 19:25:19 --> Config Class Initialized
INFO - 2019-05-12 19:25:19 --> Hooks Class Initialized
DEBUG - 2019-05-12 19:25:19 --> UTF-8 Support Enabled
INFO - 2019-05-12 19:25:19 --> Utf8 Class Initialized
INFO - 2019-05-12 19:25:19 --> URI Class Initialized
INFO - 2019-05-12 19:25:19 --> Router Class Initialized
INFO - 2019-05-12 19:25:19 --> Output Class Initialized
INFO - 2019-05-12 19:25:19 --> Security Class Initialized
DEBUG - 2019-05-12 19:25:19 --> Global POST, GET and COOKIE data sanitized
INFO - 2019-05-12 19:25:19 --> Input Class Initialized
INFO - 2019-05-12 19:25:19 --> Language Class Initialized
INFO - 2019-05-12 19:25:19 --> Loader Class Initialized
INFO - 2019-05-12 19:25:19 --> Helper loaded: general_helper
INFO - 2019-05-12 19:25:19 --> Controller Class Initialized
INFO - 2019-05-12 19:25:19 --> Final output sent to browser
DEBUG - 2019-05-12 19:25:19 --> Total execution time: 0.1780
INFO - 2019-05-12 19:25:19 --> Config Class Initialized
INFO - 2019-05-12 19:25:19 --> Hooks Class Initialized
DEBUG - 2019-05-12 19:25:19 --> UTF-8 Support Enabled
INFO - 2019-05-12 19:25:19 --> Utf8 Class Initialized
INFO - 2019-05-12 19:25:19 --> URI Class Initialized
INFO - 2019-05-12 19:25:19 --> Router Class Initialized
INFO - 2019-05-12 19:25:19 --> Output Class Initialized
INFO - 2019-05-12 19:25:19 --> Security Class Initialized
DEBUG - 2019-05-12 19:25:19 --> Global POST, GET and COOKIE data sanitized
INFO - 2019-05-12 19:25:19 --> Input Class Initialized
INFO - 2019-05-12 19:25:19 --> Language Class Initialized
INFO - 2019-05-12 19:25:19 --> Loader Class Initialized
INFO - 2019-05-12 19:25:19 --> Helper loaded: general_helper
INFO - 2019-05-12 19:25:19 --> Controller Class Initialized
INFO - 2019-05-12 19:25:19 --> Final output sent to browser
DEBUG - 2019-05-12 19:25:19 --> Total execution time: 0.0100
INFO - 2019-05-12 19:25:33 --> Config Class Initialized
INFO - 2019-05-12 19:25:33 --> Hooks Class Initialized
DEBUG - 2019-05-12 19:25:33 --> UTF-8 Support Enabled
INFO - 2019-05-12 19:25:33 --> Utf8 Class Initialized
INFO - 2019-05-12 19:25:33 --> URI Class Initialized
INFO - 2019-05-12 19:25:33 --> Router Class Initialized
INFO - 2019-05-12 19:25:33 --> Output Class Initialized
INFO - 2019-05-12 19:25:33 --> Security Class Initialized
DEBUG - 2019-05-12 19:25:33 --> Global POST, GET and COOKIE data sanitized
INFO - 2019-05-12 19:25:33 --> Input Class Initialized
INFO - 2019-05-12 19:25:33 --> Language Class Initialized
INFO - 2019-05-12 19:25:33 --> Loader Class Initialized
INFO - 2019-05-12 19:25:33 --> Helper loaded: general_helper
INFO - 2019-05-12 19:25:33 --> Controller Class Initialized
INFO - 2019-05-12 19:25:33 --> Final output sent to browser
DEBUG - 2019-05-12 19:25:33 --> Total execution time: 0.0096
INFO - 2019-05-12 19:25:55 --> Config Class Initialized
INFO - 2019-05-12 19:25:55 --> Hooks Class Initialized
DEBUG - 2019-05-12 19:25:55 --> UTF-8 Support Enabled
INFO - 2019-05-12 19:25:55 --> Utf8 Class Initialized
INFO - 2019-05-12 19:25:55 --> URI Class Initialized
INFO - 2019-05-12 19:25:55 --> Router Class Initialized
INFO - 2019-05-12 19:25:55 --> Output Class Initialized
INFO - 2019-05-12 19:25:55 --> Security Class Initialized
DEBUG - 2019-05-12 19:25:55 --> Global POST, GET and COOKIE data sanitized
INFO - 2019-05-12 19:25:55 --> Input Class Initialized
INFO - 2019-05-12 19:25:55 --> Language Class Initialized
INFO - 2019-05-12 19:25:55 --> Loader Class Initialized
INFO - 2019-05-12 19:25:55 --> Helper loaded: general_helper
INFO - 2019-05-12 19:25:55 --> Controller Class Initialized
INFO - 2019-05-12 19:25:55 --> Final output sent to browser
DEBUG - 2019-05-12 19:25:55 --> Total execution time: 0.0084
INFO - 2019-05-12 19:26:17 --> Config Class Initialized
INFO - 2019-05-12 19:26:17 --> Hooks Class Initialized
DEBUG - 2019-05-12 19:26:17 --> UTF-8 Support Enabled
INFO - 2019-05-12 19:26:17 --> Utf8 Class Initialized
INFO - 2019-05-12 19:26:17 --> URI Class Initialized
INFO - 2019-05-12 19:26:17 --> Router Class Initialized
INFO - 2019-05-12 19:26:17 --> Output Class Initialized
INFO - 2019-05-12 19:26:17 --> Security Class Initialized
DEBUG - 2019-05-12 19:26:17 --> Global POST, GET and COOKIE data sanitized
INFO - 2019-05-12 19:26:17 --> Input Class Initialized
INFO - 2019-05-12 19:26:17 --> Language Class Initialized
INFO - 2019-05-12 19:26:17 --> Loader Class Initialized
INFO - 2019-05-12 19:26:17 --> Helper loaded: general_helper
INFO - 2019-05-12 19:26:17 --> Controller Class Initialized
INFO - 2019-05-12 19:26:17 --> Final output sent to browser
DEBUG - 2019-05-12 19:26:17 --> Total execution time: 0.0095
INFO - 2019-05-12 19:27:50 --> Config Class Initialized
INFO - 2019-05-12 19:27:50 --> Hooks Class Initialized
DEBUG - 2019-05-12 19:27:50 --> UTF-8 Support Enabled
INFO - 2019-05-12 19:27:50 --> Utf8 Class Initialized
INFO - 2019-05-12 19:27:50 --> URI Class Initialized
INFO - 2019-05-12 19:27:50 --> Router Class Initialized
INFO - 2019-05-12 19:27:50 --> Output Class Initialized
INFO - 2019-05-12 19:27:50 --> Security Class Initialized
DEBUG - 2019-05-12 19:27:50 --> Global POST, GET and COOKIE data sanitized
INFO - 2019-05-12 19:27:50 --> Input Class Initialized
INFO - 2019-05-12 19:27:50 --> Language Class Initialized
INFO - 2019-05-12 19:27:50 --> Loader Class Initialized
INFO - 2019-05-12 19:27:50 --> Helper loaded: general_helper
INFO - 2019-05-12 19:27:50 --> Controller Class Initialized
INFO - 2019-05-12 19:27:50 --> Final output sent to browser
DEBUG - 2019-05-12 19:27:50 --> Total execution time: 0.0121
INFO - 2019-05-12 19:27:50 --> Config Class Initialized
INFO - 2019-05-12 19:27:50 --> Hooks Class Initialized
DEBUG - 2019-05-12 19:27:50 --> UTF-8 Support Enabled
INFO - 2019-05-12 19:27:50 --> Utf8 Class Initialized
INFO - 2019-05-12 19:27:50 --> URI Class Initialized
INFO - 2019-05-12 19:27:50 --> Router Class Initialized
INFO - 2019-05-12 19:27:50 --> Output Class Initialized
INFO - 2019-05-12 19:27:50 --> Security Class Initialized
DEBUG - 2019-05-12 19:27:50 --> Global POST, GET and COOKIE data sanitized
INFO - 2019-05-12 19:27:50 --> Input Class Initialized
INFO - 2019-05-12 19:27:50 --> Language Class Initialized
INFO - 2019-05-12 19:27:50 --> Loader Class Initialized
INFO - 2019-05-12 19:27:50 --> Helper loaded: general_helper
INFO - 2019-05-12 19:27:50 --> Controller Class Initialized
INFO - 2019-05-12 19:27:50 --> Final output sent to browser
DEBUG - 2019-05-12 19:27:50 --> Total execution time: 0.0116
INFO - 2019-05-12 19:27:50 --> Config Class Initialized
INFO - 2019-05-12 19:27:50 --> Hooks Class Initialized
DEBUG - 2019-05-12 19:27:50 --> UTF-8 Support Enabled
INFO - 2019-05-12 19:27:50 --> Utf8 Class Initialized
INFO - 2019-05-12 19:27:50 --> URI Class Initialized
INFO - 2019-05-12 19:27:50 --> Router Class Initialized
INFO - 2019-05-12 19:27:50 --> Output Class Initialized
INFO - 2019-05-12 19:27:50 --> Security Class Initialized
DEBUG - 2019-05-12 19:27:50 --> Global POST, GET and COOKIE data sanitized
INFO - 2019-05-12 19:27:50 --> Input Class Initialized
INFO - 2019-05-12 19:27:50 --> Language Class Initialized
INFO - 2019-05-12 19:27:50 --> Loader Class Initialized
INFO - 2019-05-12 19:27:50 --> Helper loaded: general_helper
INFO - 2019-05-12 19:27:50 --> Controller Class Initialized
INFO - 2019-05-12 19:27:50 --> Config Class Initialized
INFO - 2019-05-12 19:27:50 --> Hooks Class Initialized
DEBUG - 2019-05-12 19:27:50 --> UTF-8 Support Enabled
INFO - 2019-05-12 19:27:50 --> Utf8 Class Initialized
INFO - 2019-05-12 19:27:50 --> URI Class Initialized
ERROR - 2019-05-12 19:27:50 --> array(0) {
}

INFO - 2019-05-12 19:27:50 --> Final output sent to browser
DEBUG - 2019-05-12 19:27:50 --> Total execution time: 0.0118
INFO - 2019-05-12 19:27:50 --> Router Class Initialized
INFO - 2019-05-12 19:27:50 --> Output Class Initialized
INFO - 2019-05-12 19:27:50 --> Security Class Initialized
DEBUG - 2019-05-12 19:27:50 --> Global POST, GET and COOKIE data sanitized
INFO - 2019-05-12 19:27:50 --> Input Class Initialized
INFO - 2019-05-12 19:27:50 --> Language Class Initialized
INFO - 2019-05-12 19:27:50 --> Loader Class Initialized
INFO - 2019-05-12 19:27:50 --> Helper loaded: general_helper
INFO - 2019-05-12 19:27:50 --> Controller Class Initialized
ERROR - 2019-05-12 19:27:50 --> array(0) {
}

INFO - 2019-05-12 19:27:50 --> Final output sent to browser
DEBUG - 2019-05-12 19:27:50 --> Total execution time: 0.0109
INFO - 2019-05-12 19:27:58 --> Config Class Initialized
INFO - 2019-05-12 19:27:58 --> Hooks Class Initialized
DEBUG - 2019-05-12 19:27:58 --> UTF-8 Support Enabled
INFO - 2019-05-12 19:27:58 --> Utf8 Class Initialized
INFO - 2019-05-12 19:27:58 --> URI Class Initialized
INFO - 2019-05-12 19:27:58 --> Router Class Initialized
INFO - 2019-05-12 19:27:58 --> Output Class Initialized
INFO - 2019-05-12 19:27:58 --> Security Class Initialized
DEBUG - 2019-05-12 19:27:58 --> Global POST, GET and COOKIE data sanitized
INFO - 2019-05-12 19:27:58 --> Input Class Initialized
INFO - 2019-05-12 19:27:58 --> Language Class Initialized
INFO - 2019-05-12 19:27:58 --> Loader Class Initialized
INFO - 2019-05-12 19:27:58 --> Helper loaded: general_helper
INFO - 2019-05-12 19:27:58 --> Controller Class Initialized
INFO - 2019-05-12 19:27:58 --> Final output sent to browser
DEBUG - 2019-05-12 19:27:58 --> Total execution time: 0.0128
INFO - 2019-05-12 19:28:28 --> Config Class Initialized
INFO - 2019-05-12 19:28:28 --> Hooks Class Initialized
DEBUG - 2019-05-12 19:28:28 --> UTF-8 Support Enabled
INFO - 2019-05-12 19:28:28 --> Utf8 Class Initialized
INFO - 2019-05-12 19:28:28 --> URI Class Initialized
INFO - 2019-05-12 19:28:28 --> Router Class Initialized
INFO - 2019-05-12 19:28:28 --> Output Class Initialized
INFO - 2019-05-12 19:28:28 --> Security Class Initialized
DEBUG - 2019-05-12 19:28:28 --> Global POST, GET and COOKIE data sanitized
INFO - 2019-05-12 19:28:28 --> Input Class Initialized
INFO - 2019-05-12 19:28:28 --> Language Class Initialized
INFO - 2019-05-12 19:28:28 --> Loader Class Initialized
INFO - 2019-05-12 19:28:28 --> Helper loaded: general_helper
INFO - 2019-05-12 19:28:28 --> Controller Class Initialized
INFO - 2019-05-12 19:28:28 --> Final output sent to browser
DEBUG - 2019-05-12 19:28:28 --> Total execution time: 0.0113
INFO - 2019-05-12 19:28:28 --> Config Class Initialized
INFO - 2019-05-12 19:28:28 --> Hooks Class Initialized
DEBUG - 2019-05-12 19:28:28 --> UTF-8 Support Enabled
INFO - 2019-05-12 19:28:28 --> Utf8 Class Initialized
INFO - 2019-05-12 19:28:28 --> URI Class Initialized
INFO - 2019-05-12 19:28:28 --> Router Class Initialized
INFO - 2019-05-12 19:28:28 --> Output Class Initialized
INFO - 2019-05-12 19:28:28 --> Security Class Initialized
DEBUG - 2019-05-12 19:28:28 --> Global POST, GET and COOKIE data sanitized
INFO - 2019-05-12 19:28:28 --> Input Class Initialized
INFO - 2019-05-12 19:28:28 --> Language Class Initialized
INFO - 2019-05-12 19:28:28 --> Loader Class Initialized
INFO - 2019-05-12 19:28:28 --> Helper loaded: general_helper
INFO - 2019-05-12 19:28:28 --> Controller Class Initialized
ERROR - 2019-05-12 19:28:28 --> array(0) {
}

INFO - 2019-05-12 19:28:28 --> Final output sent to browser
DEBUG - 2019-05-12 19:28:28 --> Total execution time: 0.0111
INFO - 2019-05-12 19:28:28 --> Config Class Initialized
INFO - 2019-05-12 19:28:28 --> Hooks Class Initialized
DEBUG - 2019-05-12 19:28:28 --> UTF-8 Support Enabled
INFO - 2019-05-12 19:28:28 --> Utf8 Class Initialized
INFO - 2019-05-12 19:28:28 --> URI Class Initialized
INFO - 2019-05-12 19:28:28 --> Router Class Initialized
INFO - 2019-05-12 19:28:28 --> Output Class Initialized
INFO - 2019-05-12 19:28:28 --> Security Class Initialized
DEBUG - 2019-05-12 19:28:28 --> Global POST, GET and COOKIE data sanitized
INFO - 2019-05-12 19:28:28 --> Input Class Initialized
INFO - 2019-05-12 19:28:28 --> Language Class Initialized
INFO - 2019-05-12 19:28:28 --> Loader Class Initialized
INFO - 2019-05-12 19:28:28 --> Helper loaded: general_helper
INFO - 2019-05-12 19:28:28 --> Controller Class Initialized
ERROR - 2019-05-12 19:28:28 --> array(0) {
}

INFO - 2019-05-12 19:28:28 --> Final output sent to browser
DEBUG - 2019-05-12 19:28:28 --> Total execution time: 0.0120
INFO - 2019-05-12 19:28:28 --> Config Class Initialized
INFO - 2019-05-12 19:28:28 --> Hooks Class Initialized
DEBUG - 2019-05-12 19:28:28 --> UTF-8 Support Enabled
INFO - 2019-05-12 19:28:28 --> Utf8 Class Initialized
INFO - 2019-05-12 19:28:28 --> URI Class Initialized
INFO - 2019-05-12 19:28:28 --> Router Class Initialized
INFO - 2019-05-12 19:28:28 --> Output Class Initialized
INFO - 2019-05-12 19:28:28 --> Security Class Initialized
DEBUG - 2019-05-12 19:28:28 --> Global POST, GET and COOKIE data sanitized
INFO - 2019-05-12 19:28:28 --> Input Class Initialized
INFO - 2019-05-12 19:28:28 --> Language Class Initialized
INFO - 2019-05-12 19:28:28 --> Loader Class Initialized
INFO - 2019-05-12 19:28:28 --> Helper loaded: general_helper
INFO - 2019-05-12 19:28:28 --> Controller Class Initialized
INFO - 2019-05-12 19:28:28 --> Final output sent to browser
DEBUG - 2019-05-12 19:28:28 --> Total execution time: 0.0137
INFO - 2019-05-12 19:28:30 --> Config Class Initialized
INFO - 2019-05-12 19:28:30 --> Hooks Class Initialized
DEBUG - 2019-05-12 19:28:30 --> UTF-8 Support Enabled
INFO - 2019-05-12 19:28:30 --> Utf8 Class Initialized
INFO - 2019-05-12 19:28:30 --> URI Class Initialized
INFO - 2019-05-12 19:28:30 --> Router Class Initialized
INFO - 2019-05-12 19:28:30 --> Output Class Initialized
INFO - 2019-05-12 19:28:30 --> Security Class Initialized
DEBUG - 2019-05-12 19:28:30 --> Global POST, GET and COOKIE data sanitized
INFO - 2019-05-12 19:28:30 --> Input Class Initialized
INFO - 2019-05-12 19:28:30 --> Language Class Initialized
INFO - 2019-05-12 19:28:30 --> Loader Class Initialized
INFO - 2019-05-12 19:28:30 --> Helper loaded: general_helper
INFO - 2019-05-12 19:28:30 --> Controller Class Initialized
INFO - 2019-05-12 19:28:30 --> Final output sent to browser
DEBUG - 2019-05-12 19:28:30 --> Total execution time: 0.0120
INFO - 2019-05-12 19:28:31 --> Config Class Initialized
INFO - 2019-05-12 19:28:31 --> Hooks Class Initialized
DEBUG - 2019-05-12 19:28:31 --> UTF-8 Support Enabled
INFO - 2019-05-12 19:28:31 --> Utf8 Class Initialized
INFO - 2019-05-12 19:28:31 --> URI Class Initialized
INFO - 2019-05-12 19:28:31 --> Router Class Initialized
INFO - 2019-05-12 19:28:31 --> Output Class Initialized
INFO - 2019-05-12 19:28:31 --> Security Class Initialized
DEBUG - 2019-05-12 19:28:31 --> Global POST, GET and COOKIE data sanitized
INFO - 2019-05-12 19:28:31 --> Input Class Initialized
INFO - 2019-05-12 19:28:31 --> Language Class Initialized
INFO - 2019-05-12 19:28:31 --> Loader Class Initialized
INFO - 2019-05-12 19:28:31 --> Helper loaded: general_helper
INFO - 2019-05-12 19:28:31 --> Controller Class Initialized
INFO - 2019-05-12 19:28:31 --> Config Class Initialized
INFO - 2019-05-12 19:28:31 --> Hooks Class Initialized
DEBUG - 2019-05-12 19:28:31 --> UTF-8 Support Enabled
INFO - 2019-05-12 19:28:31 --> Utf8 Class Initialized
INFO - 2019-05-12 19:28:31 --> URI Class Initialized
INFO - 2019-05-12 19:28:31 --> Router Class Initialized
INFO - 2019-05-12 19:28:31 --> Output Class Initialized
INFO - 2019-05-12 19:28:31 --> Security Class Initialized
DEBUG - 2019-05-12 19:28:31 --> Global POST, GET and COOKIE data sanitized
INFO - 2019-05-12 19:28:31 --> Input Class Initialized
INFO - 2019-05-12 19:28:31 --> Language Class Initialized
INFO - 2019-05-12 19:28:31 --> Loader Class Initialized
INFO - 2019-05-12 19:28:31 --> Helper loaded: general_helper
INFO - 2019-05-12 19:28:31 --> Controller Class Initialized
INFO - 2019-05-12 19:28:31 --> Config Class Initialized
INFO - 2019-05-12 19:28:31 --> Hooks Class Initialized
ERROR - 2019-05-12 19:28:31 --> array(0) {
}

INFO - 2019-05-12 19:28:31 --> Final output sent to browser
DEBUG - 2019-05-12 19:28:31 --> Total execution time: 0.0205
DEBUG - 2019-05-12 19:28:31 --> UTF-8 Support Enabled
INFO - 2019-05-12 19:28:31 --> Utf8 Class Initialized
INFO - 2019-05-12 19:28:31 --> URI Class Initialized
INFO - 2019-05-12 19:28:31 --> Router Class Initialized
INFO - 2019-05-12 19:28:31 --> Final output sent to browser
DEBUG - 2019-05-12 19:28:31 --> Total execution time: 0.0128
INFO - 2019-05-12 19:28:31 --> Output Class Initialized
INFO - 2019-05-12 19:28:31 --> Security Class Initialized
DEBUG - 2019-05-12 19:28:31 --> Global POST, GET and COOKIE data sanitized
INFO - 2019-05-12 19:28:31 --> Input Class Initialized
INFO - 2019-05-12 19:28:31 --> Language Class Initialized
INFO - 2019-05-12 19:28:31 --> Loader Class Initialized
INFO - 2019-05-12 19:28:31 --> Helper loaded: general_helper
INFO - 2019-05-12 19:28:31 --> Controller Class Initialized
ERROR - 2019-05-12 19:28:31 --> array(0) {
}

INFO - 2019-05-12 19:28:31 --> Final output sent to browser
DEBUG - 2019-05-12 19:28:31 --> Total execution time: 0.0158
INFO - 2019-05-12 19:28:44 --> Config Class Initialized
INFO - 2019-05-12 19:28:44 --> Hooks Class Initialized
DEBUG - 2019-05-12 19:28:44 --> UTF-8 Support Enabled
INFO - 2019-05-12 19:28:44 --> Utf8 Class Initialized
INFO - 2019-05-12 19:28:44 --> URI Class Initialized
INFO - 2019-05-12 19:28:44 --> Router Class Initialized
INFO - 2019-05-12 19:28:44 --> Output Class Initialized
INFO - 2019-05-12 19:28:44 --> Security Class Initialized
DEBUG - 2019-05-12 19:28:44 --> Global POST, GET and COOKIE data sanitized
INFO - 2019-05-12 19:28:44 --> Input Class Initialized
INFO - 2019-05-12 19:28:44 --> Language Class Initialized
INFO - 2019-05-12 19:28:44 --> Loader Class Initialized
INFO - 2019-05-12 19:28:44 --> Helper loaded: general_helper
INFO - 2019-05-12 19:28:44 --> Controller Class Initialized
INFO - 2019-05-12 19:28:44 --> Final output sent to browser
DEBUG - 2019-05-12 19:28:44 --> Total execution time: 0.0117
INFO - 2019-05-12 19:28:44 --> Config Class Initialized
INFO - 2019-05-12 19:28:44 --> Hooks Class Initialized
DEBUG - 2019-05-12 19:28:44 --> UTF-8 Support Enabled
INFO - 2019-05-12 19:28:44 --> Utf8 Class Initialized
INFO - 2019-05-12 19:28:44 --> URI Class Initialized
INFO - 2019-05-12 19:28:44 --> Router Class Initialized
INFO - 2019-05-12 19:28:44 --> Output Class Initialized
INFO - 2019-05-12 19:28:44 --> Security Class Initialized
DEBUG - 2019-05-12 19:28:44 --> Global POST, GET and COOKIE data sanitized
INFO - 2019-05-12 19:28:44 --> Input Class Initialized
INFO - 2019-05-12 19:28:44 --> Language Class Initialized
INFO - 2019-05-12 19:28:44 --> Loader Class Initialized
INFO - 2019-05-12 19:28:44 --> Helper loaded: general_helper
INFO - 2019-05-12 19:28:44 --> Controller Class Initialized
INFO - 2019-05-12 19:28:44 --> Final output sent to browser
DEBUG - 2019-05-12 19:28:44 --> Total execution time: 0.0106
INFO - 2019-05-12 19:28:44 --> Config Class Initialized
INFO - 2019-05-12 19:28:44 --> Hooks Class Initialized
DEBUG - 2019-05-12 19:28:44 --> UTF-8 Support Enabled
INFO - 2019-05-12 19:28:44 --> Utf8 Class Initialized
INFO - 2019-05-12 19:28:44 --> URI Class Initialized
INFO - 2019-05-12 19:28:44 --> Router Class Initialized
INFO - 2019-05-12 19:28:44 --> Output Class Initialized
INFO - 2019-05-12 19:28:44 --> Security Class Initialized
DEBUG - 2019-05-12 19:28:44 --> Global POST, GET and COOKIE data sanitized
INFO - 2019-05-12 19:28:44 --> Input Class Initialized
INFO - 2019-05-12 19:28:44 --> Language Class Initialized
INFO - 2019-05-12 19:28:44 --> Loader Class Initialized
INFO - 2019-05-12 19:28:44 --> Helper loaded: general_helper
INFO - 2019-05-12 19:28:44 --> Controller Class Initialized
INFO - 2019-05-12 19:28:44 --> Config Class Initialized
INFO - 2019-05-12 19:28:44 --> Hooks Class Initialized
DEBUG - 2019-05-12 19:28:44 --> UTF-8 Support Enabled
INFO - 2019-05-12 19:28:44 --> Utf8 Class Initialized
INFO - 2019-05-12 19:28:44 --> URI Class Initialized
INFO - 2019-05-12 19:28:44 --> Router Class Initialized
INFO - 2019-05-12 19:28:44 --> Output Class Initialized
ERROR - 2019-05-12 19:28:44 --> array(0) {
}

INFO - 2019-05-12 19:28:44 --> Final output sent to browser
DEBUG - 2019-05-12 19:28:44 --> Total execution time: 0.0135
INFO - 2019-05-12 19:28:44 --> Security Class Initialized
DEBUG - 2019-05-12 19:28:44 --> Global POST, GET and COOKIE data sanitized
INFO - 2019-05-12 19:28:44 --> Input Class Initialized
INFO - 2019-05-12 19:28:44 --> Language Class Initialized
INFO - 2019-05-12 19:28:44 --> Loader Class Initialized
INFO - 2019-05-12 19:28:44 --> Helper loaded: general_helper
INFO - 2019-05-12 19:28:44 --> Controller Class Initialized
ERROR - 2019-05-12 19:28:44 --> array(0) {
}

INFO - 2019-05-12 19:28:44 --> Final output sent to browser
DEBUG - 2019-05-12 19:28:44 --> Total execution time: 0.0107
INFO - 2019-05-12 19:28:48 --> Config Class Initialized
INFO - 2019-05-12 19:28:48 --> Hooks Class Initialized
DEBUG - 2019-05-12 19:28:48 --> UTF-8 Support Enabled
INFO - 2019-05-12 19:28:48 --> Utf8 Class Initialized
INFO - 2019-05-12 19:28:48 --> URI Class Initialized
INFO - 2019-05-12 19:28:48 --> Router Class Initialized
INFO - 2019-05-12 19:28:48 --> Output Class Initialized
INFO - 2019-05-12 19:28:48 --> Security Class Initialized
DEBUG - 2019-05-12 19:28:48 --> Global POST, GET and COOKIE data sanitized
INFO - 2019-05-12 19:28:48 --> Input Class Initialized
INFO - 2019-05-12 19:28:48 --> Language Class Initialized
INFO - 2019-05-12 19:28:48 --> Loader Class Initialized
INFO - 2019-05-12 19:28:48 --> Helper loaded: general_helper
INFO - 2019-05-12 19:28:48 --> Controller Class Initialized
INFO - 2019-05-12 19:28:48 --> Final output sent to browser
DEBUG - 2019-05-12 19:28:48 --> Total execution time: 0.0149
INFO - 2019-05-12 19:28:50 --> Config Class Initialized
INFO - 2019-05-12 19:28:50 --> Hooks Class Initialized
DEBUG - 2019-05-12 19:28:50 --> UTF-8 Support Enabled
INFO - 2019-05-12 19:28:50 --> Utf8 Class Initialized
INFO - 2019-05-12 19:28:50 --> URI Class Initialized
INFO - 2019-05-12 19:28:50 --> Router Class Initialized
INFO - 2019-05-12 19:28:50 --> Output Class Initialized
INFO - 2019-05-12 19:28:50 --> Security Class Initialized
DEBUG - 2019-05-12 19:28:50 --> Global POST, GET and COOKIE data sanitized
INFO - 2019-05-12 19:28:50 --> Input Class Initialized
INFO - 2019-05-12 19:28:50 --> Language Class Initialized
INFO - 2019-05-12 19:28:50 --> Loader Class Initialized
INFO - 2019-05-12 19:28:50 --> Helper loaded: general_helper
INFO - 2019-05-12 19:28:50 --> Controller Class Initialized
INFO - 2019-05-12 19:28:50 --> Final output sent to browser
DEBUG - 2019-05-12 19:28:50 --> Total execution time: 0.0110
INFO - 2019-05-12 19:28:51 --> Config Class Initialized
INFO - 2019-05-12 19:28:51 --> Hooks Class Initialized
DEBUG - 2019-05-12 19:28:51 --> UTF-8 Support Enabled
INFO - 2019-05-12 19:28:51 --> Utf8 Class Initialized
INFO - 2019-05-12 19:28:51 --> URI Class Initialized
INFO - 2019-05-12 19:28:51 --> Router Class Initialized
INFO - 2019-05-12 19:28:51 --> Output Class Initialized
INFO - 2019-05-12 19:28:51 --> Security Class Initialized
DEBUG - 2019-05-12 19:28:51 --> Global POST, GET and COOKIE data sanitized
INFO - 2019-05-12 19:28:51 --> Input Class Initialized
INFO - 2019-05-12 19:28:51 --> Language Class Initialized
INFO - 2019-05-12 19:28:51 --> Loader Class Initialized
INFO - 2019-05-12 19:28:51 --> Helper loaded: general_helper
INFO - 2019-05-12 19:28:51 --> Config Class Initialized
INFO - 2019-05-12 19:28:51 --> Hooks Class Initialized
DEBUG - 2019-05-12 19:28:51 --> UTF-8 Support Enabled
INFO - 2019-05-12 19:28:51 --> Utf8 Class Initialized
INFO - 2019-05-12 19:28:51 --> URI Class Initialized
INFO - 2019-05-12 19:28:51 --> Router Class Initialized
INFO - 2019-05-12 19:28:51 --> Output Class Initialized
INFO - 2019-05-12 19:28:51 --> Security Class Initialized
INFO - 2019-05-12 19:28:51 --> Config Class Initialized
INFO - 2019-05-12 19:28:51 --> Hooks Class Initialized
DEBUG - 2019-05-12 19:28:51 --> Global POST, GET and COOKIE data sanitized
INFO - 2019-05-12 19:28:51 --> Input Class Initialized
INFO - 2019-05-12 19:28:51 --> Language Class Initialized
DEBUG - 2019-05-12 19:28:51 --> UTF-8 Support Enabled
INFO - 2019-05-12 19:28:51 --> Utf8 Class Initialized
INFO - 2019-05-12 19:28:51 --> URI Class Initialized
INFO - 2019-05-12 19:28:51 --> Controller Class Initialized
INFO - 2019-05-12 19:28:51 --> Loader Class Initialized
INFO - 2019-05-12 19:28:51 --> Helper loaded: general_helper
INFO - 2019-05-12 19:28:51 --> Controller Class Initialized
INFO - 2019-05-12 19:28:51 --> Router Class Initialized
INFO - 2019-05-12 19:28:51 --> Output Class Initialized
INFO - 2019-05-12 19:28:51 --> Security Class Initialized
DEBUG - 2019-05-12 19:28:51 --> Global POST, GET and COOKIE data sanitized
INFO - 2019-05-12 19:28:51 --> Input Class Initialized
INFO - 2019-05-12 19:28:51 --> Language Class Initialized
ERROR - 2019-05-12 19:28:51 --> array(0) {
}

INFO - 2019-05-12 19:28:51 --> Final output sent to browser
DEBUG - 2019-05-12 19:28:51 --> Total execution time: 0.0220
INFO - 2019-05-12 19:28:51 --> Loader Class Initialized
INFO - 2019-05-12 19:28:51 --> Helper loaded: general_helper
INFO - 2019-05-12 19:28:51 --> Controller Class Initialized
ERROR - 2019-05-12 19:28:51 --> array(0) {
}

INFO - 2019-05-12 19:28:51 --> Final output sent to browser
DEBUG - 2019-05-12 19:28:51 --> Total execution time: 0.0148
INFO - 2019-05-12 19:28:51 --> Final output sent to browser
DEBUG - 2019-05-12 19:28:51 --> Total execution time: 0.0114
INFO - 2019-05-12 19:29:06 --> Config Class Initialized
INFO - 2019-05-12 19:29:06 --> Hooks Class Initialized
DEBUG - 2019-05-12 19:29:06 --> UTF-8 Support Enabled
INFO - 2019-05-12 19:29:06 --> Utf8 Class Initialized
INFO - 2019-05-12 19:29:06 --> URI Class Initialized
INFO - 2019-05-12 19:29:06 --> Router Class Initialized
INFO - 2019-05-12 19:29:06 --> Output Class Initialized
INFO - 2019-05-12 19:29:06 --> Security Class Initialized
DEBUG - 2019-05-12 19:29:06 --> Global POST, GET and COOKIE data sanitized
INFO - 2019-05-12 19:29:06 --> Input Class Initialized
INFO - 2019-05-12 19:29:06 --> Language Class Initialized
INFO - 2019-05-12 19:29:06 --> Loader Class Initialized
INFO - 2019-05-12 19:29:06 --> Helper loaded: general_helper
INFO - 2019-05-12 19:29:06 --> Controller Class Initialized
INFO - 2019-05-12 19:29:06 --> Final output sent to browser
DEBUG - 2019-05-12 19:29:06 --> Total execution time: 0.0148
INFO - 2019-05-12 19:29:06 --> Config Class Initialized
INFO - 2019-05-12 19:29:06 --> Hooks Class Initialized
DEBUG - 2019-05-12 19:29:06 --> UTF-8 Support Enabled
INFO - 2019-05-12 19:29:06 --> Utf8 Class Initialized
INFO - 2019-05-12 19:29:06 --> URI Class Initialized
INFO - 2019-05-12 19:29:06 --> Router Class Initialized
INFO - 2019-05-12 19:29:06 --> Output Class Initialized
INFO - 2019-05-12 19:29:06 --> Security Class Initialized
DEBUG - 2019-05-12 19:29:06 --> Global POST, GET and COOKIE data sanitized
INFO - 2019-05-12 19:29:06 --> Input Class Initialized
INFO - 2019-05-12 19:29:06 --> Language Class Initialized
INFO - 2019-05-12 19:29:06 --> Loader Class Initialized
INFO - 2019-05-12 19:29:06 --> Helper loaded: general_helper
INFO - 2019-05-12 19:29:06 --> Controller Class Initialized
ERROR - 2019-05-12 19:29:06 --> array(0) {
}

INFO - 2019-05-12 19:29:06 --> Final output sent to browser
DEBUG - 2019-05-12 19:29:06 --> Total execution time: 0.0147
INFO - 2019-05-12 19:29:06 --> Config Class Initialized
INFO - 2019-05-12 19:29:06 --> Hooks Class Initialized
DEBUG - 2019-05-12 19:29:06 --> UTF-8 Support Enabled
INFO - 2019-05-12 19:29:06 --> Utf8 Class Initialized
INFO - 2019-05-12 19:29:06 --> URI Class Initialized
INFO - 2019-05-12 19:29:06 --> Router Class Initialized
INFO - 2019-05-12 19:29:06 --> Output Class Initialized
INFO - 2019-05-12 19:29:06 --> Security Class Initialized
INFO - 2019-05-12 19:29:06 --> Config Class Initialized
INFO - 2019-05-12 19:29:06 --> Hooks Class Initialized
DEBUG - 2019-05-12 19:29:06 --> Global POST, GET and COOKIE data sanitized
INFO - 2019-05-12 19:29:06 --> Input Class Initialized
INFO - 2019-05-12 19:29:06 --> Language Class Initialized
DEBUG - 2019-05-12 19:29:06 --> UTF-8 Support Enabled
INFO - 2019-05-12 19:29:06 --> Utf8 Class Initialized
INFO - 2019-05-12 19:29:06 --> URI Class Initialized
INFO - 2019-05-12 19:29:06 --> Loader Class Initialized
INFO - 2019-05-12 19:29:06 --> Helper loaded: general_helper
INFO - 2019-05-12 19:29:06 --> Controller Class Initialized
INFO - 2019-05-12 19:29:06 --> Router Class Initialized
INFO - 2019-05-12 19:29:06 --> Output Class Initialized
INFO - 2019-05-12 19:29:06 --> Security Class Initialized
DEBUG - 2019-05-12 19:29:06 --> Global POST, GET and COOKIE data sanitized
INFO - 2019-05-12 19:29:06 --> Input Class Initialized
INFO - 2019-05-12 19:29:06 --> Language Class Initialized
INFO - 2019-05-12 19:29:06 --> Loader Class Initialized
INFO - 2019-05-12 19:29:06 --> Helper loaded: general_helper
INFO - 2019-05-12 19:29:06 --> Controller Class Initialized
INFO - 2019-05-12 19:29:06 --> Final output sent to browser
DEBUG - 2019-05-12 19:29:06 --> Total execution time: 0.0149
ERROR - 2019-05-12 19:29:06 --> array(0) {
}

INFO - 2019-05-12 19:29:06 --> Final output sent to browser
DEBUG - 2019-05-12 19:29:06 --> Total execution time: 0.0129
INFO - 2019-05-12 19:36:24 --> Config Class Initialized
INFO - 2019-05-12 19:36:24 --> Hooks Class Initialized
DEBUG - 2019-05-12 19:36:24 --> UTF-8 Support Enabled
INFO - 2019-05-12 19:36:24 --> Utf8 Class Initialized
INFO - 2019-05-12 19:36:24 --> URI Class Initialized
INFO - 2019-05-12 19:36:24 --> Router Class Initialized
INFO - 2019-05-12 19:36:24 --> Output Class Initialized
INFO - 2019-05-12 19:36:24 --> Security Class Initialized
DEBUG - 2019-05-12 19:36:24 --> Global POST, GET and COOKIE data sanitized
INFO - 2019-05-12 19:36:24 --> Input Class Initialized
INFO - 2019-05-12 19:36:24 --> Language Class Initialized
INFO - 2019-05-12 19:36:24 --> Loader Class Initialized
INFO - 2019-05-12 19:36:24 --> Helper loaded: general_helper
INFO - 2019-05-12 19:36:24 --> Controller Class Initialized
INFO - 2019-05-12 19:36:24 --> Final output sent to browser
DEBUG - 2019-05-12 19:36:24 --> Total execution time: 0.0140
INFO - 2019-05-12 19:36:24 --> Config Class Initialized
INFO - 2019-05-12 19:36:24 --> Hooks Class Initialized
DEBUG - 2019-05-12 19:36:24 --> UTF-8 Support Enabled
INFO - 2019-05-12 19:36:24 --> Utf8 Class Initialized
INFO - 2019-05-12 19:36:24 --> URI Class Initialized
INFO - 2019-05-12 19:36:24 --> Router Class Initialized
INFO - 2019-05-12 19:36:24 --> Output Class Initialized
INFO - 2019-05-12 19:36:24 --> Security Class Initialized
DEBUG - 2019-05-12 19:36:24 --> Global POST, GET and COOKIE data sanitized
INFO - 2019-05-12 19:36:24 --> Input Class Initialized
INFO - 2019-05-12 19:36:24 --> Language Class Initialized
INFO - 2019-05-12 19:36:24 --> Loader Class Initialized
INFO - 2019-05-12 19:36:24 --> Helper loaded: general_helper
INFO - 2019-05-12 19:36:24 --> Controller Class Initialized
ERROR - 2019-05-12 19:36:24 --> array(0) {
}

INFO - 2019-05-12 19:36:24 --> Final output sent to browser
DEBUG - 2019-05-12 19:36:24 --> Total execution time: 0.0135
INFO - 2019-05-12 19:36:24 --> Config Class Initialized
INFO - 2019-05-12 19:36:24 --> Hooks Class Initialized
DEBUG - 2019-05-12 19:36:24 --> UTF-8 Support Enabled
INFO - 2019-05-12 19:36:24 --> Utf8 Class Initialized
INFO - 2019-05-12 19:36:24 --> URI Class Initialized
INFO - 2019-05-12 19:36:24 --> Router Class Initialized
INFO - 2019-05-12 19:36:24 --> Output Class Initialized
INFO - 2019-05-12 19:36:24 --> Security Class Initialized
DEBUG - 2019-05-12 19:36:24 --> Global POST, GET and COOKIE data sanitized
INFO - 2019-05-12 19:36:24 --> Input Class Initialized
INFO - 2019-05-12 19:36:24 --> Language Class Initialized
INFO - 2019-05-12 19:36:24 --> Loader Class Initialized
INFO - 2019-05-12 19:36:24 --> Helper loaded: general_helper
INFO - 2019-05-12 19:36:24 --> Controller Class Initialized
ERROR - 2019-05-12 19:36:24 --> array(0) {
}

INFO - 2019-05-12 19:36:24 --> Final output sent to browser
DEBUG - 2019-05-12 19:36:24 --> Total execution time: 0.0108
INFO - 2019-05-12 19:36:24 --> Config Class Initialized
INFO - 2019-05-12 19:36:24 --> Hooks Class Initialized
DEBUG - 2019-05-12 19:36:24 --> UTF-8 Support Enabled
INFO - 2019-05-12 19:36:24 --> Utf8 Class Initialized
INFO - 2019-05-12 19:36:24 --> URI Class Initialized
INFO - 2019-05-12 19:36:24 --> Router Class Initialized
INFO - 2019-05-12 19:36:24 --> Output Class Initialized
INFO - 2019-05-12 19:36:24 --> Security Class Initialized
DEBUG - 2019-05-12 19:36:24 --> Global POST, GET and COOKIE data sanitized
INFO - 2019-05-12 19:36:24 --> Input Class Initialized
INFO - 2019-05-12 19:36:24 --> Language Class Initialized
INFO - 2019-05-12 19:36:24 --> Loader Class Initialized
INFO - 2019-05-12 19:36:24 --> Helper loaded: general_helper
INFO - 2019-05-12 19:36:24 --> Controller Class Initialized
INFO - 2019-05-12 19:36:24 --> Final output sent to browser
DEBUG - 2019-05-12 19:36:24 --> Total execution time: 0.0132
INFO - 2019-05-12 19:37:01 --> Config Class Initialized
INFO - 2019-05-12 19:37:01 --> Hooks Class Initialized
DEBUG - 2019-05-12 19:37:01 --> UTF-8 Support Enabled
INFO - 2019-05-12 19:37:01 --> Utf8 Class Initialized
INFO - 2019-05-12 19:37:01 --> URI Class Initialized
INFO - 2019-05-12 19:37:01 --> Router Class Initialized
INFO - 2019-05-12 19:37:01 --> Output Class Initialized
INFO - 2019-05-12 19:37:01 --> Security Class Initialized
DEBUG - 2019-05-12 19:37:01 --> Global POST, GET and COOKIE data sanitized
INFO - 2019-05-12 19:37:01 --> Input Class Initialized
INFO - 2019-05-12 19:37:01 --> Language Class Initialized
INFO - 2019-05-12 19:37:01 --> Loader Class Initialized
INFO - 2019-05-12 19:37:01 --> Helper loaded: general_helper
INFO - 2019-05-12 19:37:01 --> Controller Class Initialized
INFO - 2019-05-12 19:37:01 --> Final output sent to browser
DEBUG - 2019-05-12 19:37:01 --> Total execution time: 0.0137
INFO - 2019-05-12 19:37:01 --> Config Class Initialized
INFO - 2019-05-12 19:37:01 --> Hooks Class Initialized
DEBUG - 2019-05-12 19:37:01 --> UTF-8 Support Enabled
INFO - 2019-05-12 19:37:01 --> Utf8 Class Initialized
INFO - 2019-05-12 19:37:01 --> URI Class Initialized
INFO - 2019-05-12 19:37:01 --> Router Class Initialized
INFO - 2019-05-12 19:37:01 --> Output Class Initialized
INFO - 2019-05-12 19:37:01 --> Security Class Initialized
DEBUG - 2019-05-12 19:37:01 --> Global POST, GET and COOKIE data sanitized
INFO - 2019-05-12 19:37:01 --> Input Class Initialized
INFO - 2019-05-12 19:37:01 --> Language Class Initialized
INFO - 2019-05-12 19:37:01 --> Loader Class Initialized
INFO - 2019-05-12 19:37:01 --> Helper loaded: general_helper
INFO - 2019-05-12 19:37:01 --> Controller Class Initialized
INFO - 2019-05-12 19:37:01 --> Final output sent to browser
DEBUG - 2019-05-12 19:37:01 --> Total execution time: 0.0124
INFO - 2019-05-12 19:37:01 --> Config Class Initialized
INFO - 2019-05-12 19:37:01 --> Hooks Class Initialized
DEBUG - 2019-05-12 19:37:01 --> UTF-8 Support Enabled
INFO - 2019-05-12 19:37:01 --> Utf8 Class Initialized
INFO - 2019-05-12 19:37:01 --> URI Class Initialized
INFO - 2019-05-12 19:37:01 --> Router Class Initialized
INFO - 2019-05-12 19:37:01 --> Output Class Initialized
INFO - 2019-05-12 19:37:01 --> Security Class Initialized
DEBUG - 2019-05-12 19:37:01 --> Global POST, GET and COOKIE data sanitized
INFO - 2019-05-12 19:37:01 --> Input Class Initialized
INFO - 2019-05-12 19:37:01 --> Language Class Initialized
INFO - 2019-05-12 19:37:01 --> Loader Class Initialized
INFO - 2019-05-12 19:37:01 --> Helper loaded: general_helper
INFO - 2019-05-12 19:37:01 --> Controller Class Initialized
ERROR - 2019-05-12 19:37:01 --> array(0) {
}

INFO - 2019-05-12 19:37:01 --> Final output sent to browser
DEBUG - 2019-05-12 19:37:01 --> Total execution time: 0.0116
INFO - 2019-05-12 19:37:01 --> Config Class Initialized
INFO - 2019-05-12 19:37:01 --> Hooks Class Initialized
DEBUG - 2019-05-12 19:37:01 --> UTF-8 Support Enabled
INFO - 2019-05-12 19:37:01 --> Utf8 Class Initialized
INFO - 2019-05-12 19:37:01 --> URI Class Initialized
INFO - 2019-05-12 19:37:01 --> Router Class Initialized
INFO - 2019-05-12 19:37:01 --> Output Class Initialized
INFO - 2019-05-12 19:37:01 --> Security Class Initialized
DEBUG - 2019-05-12 19:37:01 --> Global POST, GET and COOKIE data sanitized
INFO - 2019-05-12 19:37:01 --> Input Class Initialized
INFO - 2019-05-12 19:37:01 --> Language Class Initialized
INFO - 2019-05-12 19:37:01 --> Loader Class Initialized
INFO - 2019-05-12 19:37:01 --> Helper loaded: general_helper
INFO - 2019-05-12 19:37:01 --> Controller Class Initialized
ERROR - 2019-05-12 19:37:01 --> array(0) {
}

INFO - 2019-05-12 19:37:01 --> Final output sent to browser
DEBUG - 2019-05-12 19:37:01 --> Total execution time: 0.0129
INFO - 2019-05-12 19:37:33 --> Config Class Initialized
INFO - 2019-05-12 19:37:33 --> Hooks Class Initialized
DEBUG - 2019-05-12 19:37:33 --> UTF-8 Support Enabled
INFO - 2019-05-12 19:37:33 --> Utf8 Class Initialized
INFO - 2019-05-12 19:37:33 --> URI Class Initialized
INFO - 2019-05-12 19:37:33 --> Router Class Initialized
INFO - 2019-05-12 19:37:33 --> Output Class Initialized
INFO - 2019-05-12 19:37:33 --> Security Class Initialized
DEBUG - 2019-05-12 19:37:33 --> Global POST, GET and COOKIE data sanitized
INFO - 2019-05-12 19:37:33 --> Input Class Initialized
INFO - 2019-05-12 19:37:33 --> Language Class Initialized
INFO - 2019-05-12 19:37:33 --> Loader Class Initialized
INFO - 2019-05-12 19:37:33 --> Helper loaded: general_helper
INFO - 2019-05-12 19:37:33 --> Controller Class Initialized
INFO - 2019-05-12 19:37:33 --> Final output sent to browser
DEBUG - 2019-05-12 19:37:33 --> Total execution time: 0.0104
INFO - 2019-05-12 19:37:33 --> Config Class Initialized
INFO - 2019-05-12 19:37:33 --> Hooks Class Initialized
DEBUG - 2019-05-12 19:37:33 --> UTF-8 Support Enabled
INFO - 2019-05-12 19:37:33 --> Utf8 Class Initialized
INFO - 2019-05-12 19:37:33 --> URI Class Initialized
INFO - 2019-05-12 19:37:33 --> Router Class Initialized
INFO - 2019-05-12 19:37:33 --> Output Class Initialized
INFO - 2019-05-12 19:37:33 --> Security Class Initialized
DEBUG - 2019-05-12 19:37:33 --> Global POST, GET and COOKIE data sanitized
INFO - 2019-05-12 19:37:33 --> Input Class Initialized
INFO - 2019-05-12 19:37:33 --> Language Class Initialized
INFO - 2019-05-12 19:37:33 --> Loader Class Initialized
INFO - 2019-05-12 19:37:33 --> Helper loaded: general_helper
INFO - 2019-05-12 19:37:33 --> Controller Class Initialized
INFO - 2019-05-12 19:37:33 --> Final output sent to browser
DEBUG - 2019-05-12 19:37:33 --> Total execution time: 0.0105
INFO - 2019-05-12 19:37:33 --> Config Class Initialized
INFO - 2019-05-12 19:37:33 --> Hooks Class Initialized
DEBUG - 2019-05-12 19:37:33 --> UTF-8 Support Enabled
INFO - 2019-05-12 19:37:33 --> Utf8 Class Initialized
INFO - 2019-05-12 19:37:33 --> URI Class Initialized
INFO - 2019-05-12 19:37:33 --> Router Class Initialized
INFO - 2019-05-12 19:37:33 --> Output Class Initialized
INFO - 2019-05-12 19:37:33 --> Security Class Initialized
DEBUG - 2019-05-12 19:37:33 --> Global POST, GET and COOKIE data sanitized
INFO - 2019-05-12 19:37:33 --> Input Class Initialized
INFO - 2019-05-12 19:37:33 --> Language Class Initialized
INFO - 2019-05-12 19:37:33 --> Loader Class Initialized
INFO - 2019-05-12 19:37:33 --> Helper loaded: general_helper
INFO - 2019-05-12 19:37:33 --> Controller Class Initialized
ERROR - 2019-05-12 19:37:33 --> array(0) {
}

INFO - 2019-05-12 19:37:33 --> Final output sent to browser
DEBUG - 2019-05-12 19:37:33 --> Total execution time: 0.0130
INFO - 2019-05-12 19:37:33 --> Config Class Initialized
INFO - 2019-05-12 19:37:33 --> Hooks Class Initialized
DEBUG - 2019-05-12 19:37:33 --> UTF-8 Support Enabled
INFO - 2019-05-12 19:37:33 --> Utf8 Class Initialized
INFO - 2019-05-12 19:37:33 --> URI Class Initialized
INFO - 2019-05-12 19:37:33 --> Router Class Initialized
INFO - 2019-05-12 19:37:33 --> Output Class Initialized
INFO - 2019-05-12 19:37:33 --> Security Class Initialized
DEBUG - 2019-05-12 19:37:33 --> Global POST, GET and COOKIE data sanitized
INFO - 2019-05-12 19:37:33 --> Input Class Initialized
INFO - 2019-05-12 19:37:33 --> Language Class Initialized
INFO - 2019-05-12 19:37:33 --> Loader Class Initialized
INFO - 2019-05-12 19:37:33 --> Helper loaded: general_helper
INFO - 2019-05-12 19:37:33 --> Controller Class Initialized
ERROR - 2019-05-12 19:37:33 --> array(0) {
}

INFO - 2019-05-12 19:37:33 --> Final output sent to browser
DEBUG - 2019-05-12 19:37:33 --> Total execution time: 0.0109
INFO - 2019-05-12 19:38:18 --> Config Class Initialized
INFO - 2019-05-12 19:38:18 --> Hooks Class Initialized
DEBUG - 2019-05-12 19:38:18 --> UTF-8 Support Enabled
INFO - 2019-05-12 19:38:18 --> Utf8 Class Initialized
INFO - 2019-05-12 19:38:18 --> URI Class Initialized
INFO - 2019-05-12 19:38:18 --> Router Class Initialized
INFO - 2019-05-12 19:38:18 --> Output Class Initialized
INFO - 2019-05-12 19:38:18 --> Security Class Initialized
DEBUG - 2019-05-12 19:38:18 --> Global POST, GET and COOKIE data sanitized
INFO - 2019-05-12 19:38:18 --> Input Class Initialized
INFO - 2019-05-12 19:38:18 --> Language Class Initialized
INFO - 2019-05-12 19:38:18 --> Loader Class Initialized
INFO - 2019-05-12 19:38:18 --> Helper loaded: general_helper
INFO - 2019-05-12 19:38:18 --> Controller Class Initialized
INFO - 2019-05-12 19:38:18 --> Final output sent to browser
DEBUG - 2019-05-12 19:38:18 --> Total execution time: 0.0145
INFO - 2019-05-12 19:38:18 --> Config Class Initialized
INFO - 2019-05-12 19:38:18 --> Hooks Class Initialized
DEBUG - 2019-05-12 19:38:18 --> UTF-8 Support Enabled
INFO - 2019-05-12 19:38:18 --> Utf8 Class Initialized
INFO - 2019-05-12 19:38:18 --> URI Class Initialized
INFO - 2019-05-12 19:38:18 --> Router Class Initialized
INFO - 2019-05-12 19:38:18 --> Output Class Initialized
INFO - 2019-05-12 19:38:18 --> Security Class Initialized
DEBUG - 2019-05-12 19:38:18 --> Global POST, GET and COOKIE data sanitized
INFO - 2019-05-12 19:38:18 --> Input Class Initialized
INFO - 2019-05-12 19:38:18 --> Language Class Initialized
INFO - 2019-05-12 19:38:18 --> Loader Class Initialized
INFO - 2019-05-12 19:38:18 --> Helper loaded: general_helper
INFO - 2019-05-12 19:38:18 --> Controller Class Initialized
ERROR - 2019-05-12 19:38:18 --> array(0) {
}

INFO - 2019-05-12 19:38:18 --> Final output sent to browser
DEBUG - 2019-05-12 19:38:18 --> Total execution time: 0.0143
INFO - 2019-05-12 19:38:18 --> Config Class Initialized
INFO - 2019-05-12 19:38:18 --> Hooks Class Initialized
DEBUG - 2019-05-12 19:38:18 --> UTF-8 Support Enabled
INFO - 2019-05-12 19:38:18 --> Utf8 Class Initialized
INFO - 2019-05-12 19:38:18 --> URI Class Initialized
INFO - 2019-05-12 19:38:18 --> Router Class Initialized
INFO - 2019-05-12 19:38:18 --> Output Class Initialized
INFO - 2019-05-12 19:38:18 --> Security Class Initialized
DEBUG - 2019-05-12 19:38:18 --> Global POST, GET and COOKIE data sanitized
INFO - 2019-05-12 19:38:18 --> Input Class Initialized
INFO - 2019-05-12 19:38:18 --> Language Class Initialized
INFO - 2019-05-12 19:38:18 --> Loader Class Initialized
INFO - 2019-05-12 19:38:18 --> Helper loaded: general_helper
INFO - 2019-05-12 19:38:18 --> Controller Class Initialized
ERROR - 2019-05-12 19:38:18 --> array(0) {
}

INFO - 2019-05-12 19:38:18 --> Final output sent to browser
DEBUG - 2019-05-12 19:38:18 --> Total execution time: 0.0106
INFO - 2019-05-12 19:38:19 --> Config Class Initialized
INFO - 2019-05-12 19:38:19 --> Hooks Class Initialized
DEBUG - 2019-05-12 19:38:19 --> UTF-8 Support Enabled
INFO - 2019-05-12 19:38:19 --> Utf8 Class Initialized
INFO - 2019-05-12 19:38:19 --> URI Class Initialized
INFO - 2019-05-12 19:38:19 --> Router Class Initialized
INFO - 2019-05-12 19:38:19 --> Output Class Initialized
INFO - 2019-05-12 19:38:19 --> Security Class Initialized
DEBUG - 2019-05-12 19:38:19 --> Global POST, GET and COOKIE data sanitized
INFO - 2019-05-12 19:38:19 --> Input Class Initialized
INFO - 2019-05-12 19:38:19 --> Language Class Initialized
INFO - 2019-05-12 19:38:19 --> Loader Class Initialized
INFO - 2019-05-12 19:38:19 --> Helper loaded: general_helper
INFO - 2019-05-12 19:38:19 --> Controller Class Initialized
INFO - 2019-05-12 19:38:19 --> Final output sent to browser
DEBUG - 2019-05-12 19:38:19 --> Total execution time: 0.0113
INFO - 2019-05-12 19:42:57 --> Config Class Initialized
INFO - 2019-05-12 19:42:57 --> Hooks Class Initialized
DEBUG - 2019-05-12 19:42:57 --> UTF-8 Support Enabled
INFO - 2019-05-12 19:42:57 --> Utf8 Class Initialized
INFO - 2019-05-12 19:42:57 --> URI Class Initialized
INFO - 2019-05-12 19:42:57 --> Router Class Initialized
INFO - 2019-05-12 19:42:57 --> Output Class Initialized
INFO - 2019-05-12 19:42:57 --> Security Class Initialized
DEBUG - 2019-05-12 19:42:57 --> Global POST, GET and COOKIE data sanitized
INFO - 2019-05-12 19:42:57 --> Input Class Initialized
INFO - 2019-05-12 19:42:57 --> Language Class Initialized
INFO - 2019-05-12 19:42:57 --> Loader Class Initialized
INFO - 2019-05-12 19:42:57 --> Helper loaded: general_helper
INFO - 2019-05-12 19:42:57 --> Controller Class Initialized
INFO - 2019-05-12 19:42:57 --> Final output sent to browser
DEBUG - 2019-05-12 19:42:57 --> Total execution time: 0.0111
INFO - 2019-05-12 19:42:57 --> Config Class Initialized
INFO - 2019-05-12 19:42:57 --> Hooks Class Initialized
DEBUG - 2019-05-12 19:42:57 --> UTF-8 Support Enabled
INFO - 2019-05-12 19:42:57 --> Utf8 Class Initialized
INFO - 2019-05-12 19:42:57 --> URI Class Initialized
INFO - 2019-05-12 19:42:57 --> Router Class Initialized
INFO - 2019-05-12 19:42:57 --> Output Class Initialized
INFO - 2019-05-12 19:42:57 --> Security Class Initialized
DEBUG - 2019-05-12 19:42:57 --> Global POST, GET and COOKIE data sanitized
INFO - 2019-05-12 19:42:57 --> Input Class Initialized
INFO - 2019-05-12 19:42:57 --> Language Class Initialized
INFO - 2019-05-12 19:42:57 --> Loader Class Initialized
INFO - 2019-05-12 19:42:57 --> Helper loaded: general_helper
INFO - 2019-05-12 19:42:57 --> Controller Class Initialized
ERROR - 2019-05-12 19:42:57 --> array(0) {
}

INFO - 2019-05-12 19:42:57 --> Final output sent to browser
DEBUG - 2019-05-12 19:42:57 --> Total execution time: 0.0117
INFO - 2019-05-12 19:42:57 --> Config Class Initialized
INFO - 2019-05-12 19:42:57 --> Hooks Class Initialized
DEBUG - 2019-05-12 19:42:57 --> UTF-8 Support Enabled
INFO - 2019-05-12 19:42:57 --> Utf8 Class Initialized
INFO - 2019-05-12 19:42:57 --> URI Class Initialized
INFO - 2019-05-12 19:42:57 --> Router Class Initialized
INFO - 2019-05-12 19:42:57 --> Output Class Initialized
INFO - 2019-05-12 19:42:57 --> Security Class Initialized
DEBUG - 2019-05-12 19:42:57 --> Global POST, GET and COOKIE data sanitized
INFO - 2019-05-12 19:42:57 --> Input Class Initialized
INFO - 2019-05-12 19:42:57 --> Language Class Initialized
INFO - 2019-05-12 19:42:57 --> Loader Class Initialized
INFO - 2019-05-12 19:42:57 --> Helper loaded: general_helper
INFO - 2019-05-12 19:42:57 --> Controller Class Initialized
INFO - 2019-05-12 19:42:57 --> Final output sent to browser
DEBUG - 2019-05-12 19:42:57 --> Total execution time: 0.0105
INFO - 2019-05-12 19:42:57 --> Config Class Initialized
INFO - 2019-05-12 19:42:57 --> Hooks Class Initialized
DEBUG - 2019-05-12 19:42:57 --> UTF-8 Support Enabled
INFO - 2019-05-12 19:42:57 --> Utf8 Class Initialized
INFO - 2019-05-12 19:42:57 --> URI Class Initialized
INFO - 2019-05-12 19:42:57 --> Router Class Initialized
INFO - 2019-05-12 19:42:57 --> Output Class Initialized
INFO - 2019-05-12 19:42:57 --> Security Class Initialized
DEBUG - 2019-05-12 19:42:57 --> Global POST, GET and COOKIE data sanitized
INFO - 2019-05-12 19:42:57 --> Input Class Initialized
INFO - 2019-05-12 19:42:57 --> Language Class Initialized
INFO - 2019-05-12 19:42:57 --> Loader Class Initialized
INFO - 2019-05-12 19:42:57 --> Helper loaded: general_helper
INFO - 2019-05-12 19:42:57 --> Controller Class Initialized
ERROR - 2019-05-12 19:42:57 --> array(0) {
}

INFO - 2019-05-12 19:42:57 --> Final output sent to browser
DEBUG - 2019-05-12 19:42:57 --> Total execution time: 0.0104
