INFO - 2019-03-25 03:19:23 --> Config Class Initialized
INFO - 2019-03-25 03:19:23 --> Hooks Class Initialized
DEBUG - 2019-03-25 03:19:23 --> UTF-8 Support Enabled
INFO - 2019-03-25 03:19:23 --> Utf8 Class Initialized
INFO - 2019-03-25 03:19:23 --> URI Class Initialized
INFO - 2019-03-25 03:19:23 --> Router Class Initialized
INFO - 2019-03-25 03:19:23 --> Output Class Initialized
INFO - 2019-03-25 03:19:23 --> Security Class Initialized
DEBUG - 2019-03-25 03:19:23 --> Global POST, GET and COOKIE data sanitized
INFO - 2019-03-25 03:19:23 --> Input Class Initialized
INFO - 2019-03-25 03:19:23 --> Language Class Initialized
ERROR - 2019-03-25 03:19:23 --> 404 Page Not Found: WebYanxue/index
INFO - 2019-03-25 03:19:26 --> Config Class Initialized
INFO - 2019-03-25 03:19:26 --> Hooks Class Initialized
DEBUG - 2019-03-25 03:19:26 --> UTF-8 Support Enabled
INFO - 2019-03-25 03:19:26 --> Utf8 Class Initialized
INFO - 2019-03-25 03:19:26 --> URI Class Initialized
INFO - 2019-03-25 03:19:26 --> Router Class Initialized
INFO - 2019-03-25 03:19:26 --> Output Class Initialized
INFO - 2019-03-25 03:19:26 --> Security Class Initialized
DEBUG - 2019-03-25 03:19:26 --> Global POST, GET and COOKIE data sanitized
INFO - 2019-03-25 03:19:26 --> Input Class Initialized
INFO - 2019-03-25 03:19:26 --> Language Class Initialized
ERROR - 2019-03-25 03:19:26 --> 404 Page Not Found: WebYanxue/index
INFO - 2019-03-25 03:19:43 --> Config Class Initialized
INFO - 2019-03-25 03:19:43 --> Hooks Class Initialized
DEBUG - 2019-03-25 03:19:43 --> UTF-8 Support Enabled
INFO - 2019-03-25 03:19:43 --> Utf8 Class Initialized
INFO - 2019-03-25 03:19:43 --> URI Class Initialized
INFO - 2019-03-25 03:19:43 --> Router Class Initialized
INFO - 2019-03-25 03:19:43 --> Output Class Initialized
INFO - 2019-03-25 03:19:43 --> Security Class Initialized
DEBUG - 2019-03-25 03:19:43 --> Global POST, GET and COOKIE data sanitized
INFO - 2019-03-25 03:19:43 --> Input Class Initialized
INFO - 2019-03-25 03:19:43 --> Language Class Initialized
ERROR - 2019-03-25 03:19:43 --> 404 Page Not Found: WebYanxue/index
INFO - 2019-03-25 03:19:43 --> Config Class Initialized
INFO - 2019-03-25 03:19:43 --> Hooks Class Initialized
DEBUG - 2019-03-25 03:19:43 --> UTF-8 Support Enabled
INFO - 2019-03-25 03:19:43 --> Utf8 Class Initialized
INFO - 2019-03-25 03:19:43 --> URI Class Initialized
INFO - 2019-03-25 03:19:43 --> Router Class Initialized
INFO - 2019-03-25 03:19:43 --> Output Class Initialized
INFO - 2019-03-25 03:19:43 --> Security Class Initialized
DEBUG - 2019-03-25 03:19:43 --> Global POST, GET and COOKIE data sanitized
INFO - 2019-03-25 03:19:43 --> Input Class Initialized
INFO - 2019-03-25 03:19:43 --> Language Class Initialized
ERROR - 2019-03-25 03:19:43 --> 404 Page Not Found: WebYanxue/index
INFO - 2019-03-25 03:20:15 --> Config Class Initialized
INFO - 2019-03-25 03:20:15 --> Hooks Class Initialized
DEBUG - 2019-03-25 03:20:15 --> UTF-8 Support Enabled
INFO - 2019-03-25 03:20:15 --> Utf8 Class Initialized
INFO - 2019-03-25 03:20:15 --> URI Class Initialized
INFO - 2019-03-25 03:20:15 --> Router Class Initialized
INFO - 2019-03-25 03:20:15 --> Output Class Initialized
INFO - 2019-03-25 03:20:15 --> Security Class Initialized
DEBUG - 2019-03-25 03:20:15 --> Global POST, GET and COOKIE data sanitized
INFO - 2019-03-25 03:20:15 --> Input Class Initialized
INFO - 2019-03-25 03:20:15 --> Language Class Initialized
ERROR - 2019-03-25 03:20:15 --> 404 Page Not Found: WebYanxue/index
INFO - 2019-03-25 03:20:16 --> Config Class Initialized
INFO - 2019-03-25 03:20:16 --> Hooks Class Initialized
DEBUG - 2019-03-25 03:20:16 --> UTF-8 Support Enabled
INFO - 2019-03-25 03:20:16 --> Utf8 Class Initialized
INFO - 2019-03-25 03:20:16 --> URI Class Initialized
INFO - 2019-03-25 03:20:16 --> Router Class Initialized
INFO - 2019-03-25 03:20:16 --> Output Class Initialized
INFO - 2019-03-25 03:20:16 --> Security Class Initialized
DEBUG - 2019-03-25 03:20:16 --> Global POST, GET and COOKIE data sanitized
INFO - 2019-03-25 03:20:16 --> Input Class Initialized
INFO - 2019-03-25 03:20:16 --> Language Class Initialized
ERROR - 2019-03-25 03:20:16 --> 404 Page Not Found: WebYanxue/index
INFO - 2019-03-25 03:20:19 --> Config Class Initialized
INFO - 2019-03-25 03:20:19 --> Hooks Class Initialized
DEBUG - 2019-03-25 03:20:19 --> UTF-8 Support Enabled
INFO - 2019-03-25 03:20:19 --> Utf8 Class Initialized
INFO - 2019-03-25 03:20:19 --> URI Class Initialized
INFO - 2019-03-25 03:20:19 --> Router Class Initialized
INFO - 2019-03-25 03:20:19 --> Output Class Initialized
INFO - 2019-03-25 03:20:19 --> Security Class Initialized
DEBUG - 2019-03-25 03:20:19 --> Global POST, GET and COOKIE data sanitized
INFO - 2019-03-25 03:20:19 --> Input Class Initialized
INFO - 2019-03-25 03:20:19 --> Language Class Initialized
ERROR - 2019-03-25 03:20:19 --> 404 Page Not Found: WebYanxue/index
INFO - 2019-03-25 03:21:57 --> Config Class Initialized
INFO - 2019-03-25 03:21:57 --> Hooks Class Initialized
DEBUG - 2019-03-25 03:21:57 --> UTF-8 Support Enabled
INFO - 2019-03-25 03:21:57 --> Utf8 Class Initialized
INFO - 2019-03-25 03:21:57 --> URI Class Initialized
INFO - 2019-03-25 03:21:57 --> Router Class Initialized
INFO - 2019-03-25 03:21:57 --> Output Class Initialized
INFO - 2019-03-25 03:21:57 --> Security Class Initialized
DEBUG - 2019-03-25 03:21:57 --> Global POST, GET and COOKIE data sanitized
INFO - 2019-03-25 03:21:57 --> Input Class Initialized
INFO - 2019-03-25 03:21:57 --> Language Class Initialized
ERROR - 2019-03-25 03:21:57 --> 404 Page Not Found: WebYanxue/add
INFO - 2019-03-25 03:23:33 --> Config Class Initialized
INFO - 2019-03-25 03:23:33 --> Hooks Class Initialized
DEBUG - 2019-03-25 03:23:33 --> UTF-8 Support Enabled
INFO - 2019-03-25 03:23:33 --> Utf8 Class Initialized
INFO - 2019-03-25 03:23:33 --> URI Class Initialized
INFO - 2019-03-25 03:23:33 --> Router Class Initialized
INFO - 2019-03-25 03:23:33 --> Output Class Initialized
INFO - 2019-03-25 03:23:33 --> Security Class Initialized
DEBUG - 2019-03-25 03:23:33 --> Global POST, GET and COOKIE data sanitized
INFO - 2019-03-25 03:23:33 --> Input Class Initialized
INFO - 2019-03-25 03:23:33 --> Language Class Initialized
INFO - 2019-03-25 03:23:33 --> Loader Class Initialized
INFO - 2019-03-25 03:23:33 --> Helper loaded: general_helper
INFO - 2019-03-25 03:23:33 --> Controller Class Initialized
ERROR - 2019-03-25 03:23:33 --> userId1
ERROR - 2019-03-25 03:23:33 --> name123
ERROR - 2019-03-25 03:23:33 --> logoUrl
ERROR - 2019-03-25 03:23:33 --> logoVUrl
ERROR - 2019-03-25 03:23:33 --> tagline123
ERROR - 2019-03-25 03:23:33 --> introduction<h2>I am Example A</h2>
ERROR - 2019-03-25 03:23:33 --> start_date2019-03-01
ERROR - 2019-03-25 03:23:33 --> end_date2019-03-09
ERROR - 2019-03-25 03:23:33 --> user_num_limit
ERROR - 2019-03-25 03:23:33 --> content[{"type":"txt","content":"<p>fdsasfdafdsaafds</p>"},{"type":"txt","content":"<p>dsdsadsaasfd</p>"}]
ERROR - 2019-03-25 03:23:33 --> group_id
ERROR - 2019-03-25 03:23:33 --> object(stdClass)#17 (1) {
  ["lastid"]=>
  string(1) "1"
}

INFO - 2019-03-25 03:23:33 --> Final output sent to browser
DEBUG - 2019-03-25 03:23:33 --> Total execution time: 0.0110
INFO - 2019-03-25 03:23:33 --> Config Class Initialized
INFO - 2019-03-25 03:23:33 --> Hooks Class Initialized
DEBUG - 2019-03-25 03:23:33 --> UTF-8 Support Enabled
INFO - 2019-03-25 03:23:33 --> Utf8 Class Initialized
INFO - 2019-03-25 03:23:33 --> URI Class Initialized
INFO - 2019-03-25 03:23:33 --> Router Class Initialized
INFO - 2019-03-25 03:23:33 --> Output Class Initialized
INFO - 2019-03-25 03:23:33 --> Security Class Initialized
DEBUG - 2019-03-25 03:23:33 --> Global POST, GET and COOKIE data sanitized
INFO - 2019-03-25 03:23:33 --> Input Class Initialized
INFO - 2019-03-25 03:23:33 --> Language Class Initialized
INFO - 2019-03-25 03:23:33 --> Loader Class Initialized
INFO - 2019-03-25 03:23:33 --> Helper loaded: general_helper
INFO - 2019-03-25 03:23:33 --> Controller Class Initialized
ERROR - 2019-03-25 03:23:33 --> user_id1
INFO - 2019-03-25 03:23:33 --> Final output sent to browser
DEBUG - 2019-03-25 03:23:33 --> Total execution time: 0.0106
INFO - 2019-03-25 03:23:45 --> Config Class Initialized
INFO - 2019-03-25 03:23:45 --> Hooks Class Initialized
DEBUG - 2019-03-25 03:23:45 --> UTF-8 Support Enabled
INFO - 2019-03-25 03:23:45 --> Utf8 Class Initialized
INFO - 2019-03-25 03:23:45 --> URI Class Initialized
INFO - 2019-03-25 03:23:45 --> Router Class Initialized
INFO - 2019-03-25 03:23:45 --> Output Class Initialized
INFO - 2019-03-25 03:23:45 --> Security Class Initialized
DEBUG - 2019-03-25 03:23:45 --> Global POST, GET and COOKIE data sanitized
INFO - 2019-03-25 03:23:45 --> Input Class Initialized
INFO - 2019-03-25 03:23:45 --> Language Class Initialized
INFO - 2019-03-25 03:23:45 --> Loader Class Initialized
INFO - 2019-03-25 03:23:45 --> Helper loaded: general_helper
INFO - 2019-03-25 03:23:45 --> Controller Class Initialized
ERROR - 2019-03-25 03:23:45 --> user_id1
INFO - 2019-03-25 03:23:45 --> Final output sent to browser
DEBUG - 2019-03-25 03:23:45 --> Total execution time: 0.0101
INFO - 2019-03-25 03:26:39 --> Config Class Initialized
INFO - 2019-03-25 03:26:39 --> Hooks Class Initialized
DEBUG - 2019-03-25 03:26:39 --> UTF-8 Support Enabled
INFO - 2019-03-25 03:26:39 --> Utf8 Class Initialized
INFO - 2019-03-25 03:26:39 --> URI Class Initialized
INFO - 2019-03-25 03:26:39 --> Router Class Initialized
INFO - 2019-03-25 03:26:39 --> Output Class Initialized
INFO - 2019-03-25 03:26:39 --> Security Class Initialized
DEBUG - 2019-03-25 03:26:39 --> Global POST, GET and COOKIE data sanitized
INFO - 2019-03-25 03:26:39 --> Input Class Initialized
INFO - 2019-03-25 03:26:39 --> Language Class Initialized
INFO - 2019-03-25 03:26:39 --> Loader Class Initialized
INFO - 2019-03-25 03:26:39 --> Helper loaded: general_helper
INFO - 2019-03-25 03:26:39 --> Controller Class Initialized
ERROR - 2019-03-25 03:26:39 --> user_id1
INFO - 2019-03-25 03:26:39 --> Final output sent to browser
DEBUG - 2019-03-25 03:26:39 --> Total execution time: 0.0116
INFO - 2019-03-25 03:26:45 --> Config Class Initialized
INFO - 2019-03-25 03:26:45 --> Hooks Class Initialized
DEBUG - 2019-03-25 03:26:45 --> UTF-8 Support Enabled
INFO - 2019-03-25 03:26:45 --> Utf8 Class Initialized
INFO - 2019-03-25 03:26:45 --> URI Class Initialized
INFO - 2019-03-25 03:26:45 --> Router Class Initialized
INFO - 2019-03-25 03:26:45 --> Output Class Initialized
INFO - 2019-03-25 03:26:45 --> Security Class Initialized
DEBUG - 2019-03-25 03:26:45 --> Global POST, GET and COOKIE data sanitized
INFO - 2019-03-25 03:26:45 --> Input Class Initialized
INFO - 2019-03-25 03:26:45 --> Language Class Initialized
INFO - 2019-03-25 03:26:45 --> Loader Class Initialized
INFO - 2019-03-25 03:26:45 --> Helper loaded: general_helper
INFO - 2019-03-25 03:26:45 --> Controller Class Initialized
ERROR - 2019-03-25 03:26:45 --> user_id1
INFO - 2019-03-25 03:26:45 --> Final output sent to browser
DEBUG - 2019-03-25 03:26:45 --> Total execution time: 0.0106
INFO - 2019-03-25 03:26:55 --> Config Class Initialized
INFO - 2019-03-25 03:26:55 --> Hooks Class Initialized
DEBUG - 2019-03-25 03:26:55 --> UTF-8 Support Enabled
INFO - 2019-03-25 03:26:55 --> Utf8 Class Initialized
INFO - 2019-03-25 03:26:55 --> URI Class Initialized
INFO - 2019-03-25 03:26:55 --> Router Class Initialized
INFO - 2019-03-25 03:26:55 --> Output Class Initialized
INFO - 2019-03-25 03:26:55 --> Security Class Initialized
DEBUG - 2019-03-25 03:26:55 --> Global POST, GET and COOKIE data sanitized
INFO - 2019-03-25 03:26:55 --> Input Class Initialized
INFO - 2019-03-25 03:26:55 --> Language Class Initialized
INFO - 2019-03-25 03:26:55 --> Loader Class Initialized
INFO - 2019-03-25 03:26:55 --> Helper loaded: general_helper
INFO - 2019-03-25 03:26:55 --> Controller Class Initialized
ERROR - 2019-03-25 03:26:55 --> user_id1
INFO - 2019-03-25 03:26:55 --> Final output sent to browser
DEBUG - 2019-03-25 03:26:55 --> Total execution time: 0.0124
INFO - 2019-03-25 18:49:19 --> Config Class Initialized
INFO - 2019-03-25 18:49:19 --> Hooks Class Initialized
DEBUG - 2019-03-25 18:49:19 --> UTF-8 Support Enabled
INFO - 2019-03-25 18:49:19 --> Utf8 Class Initialized
INFO - 2019-03-25 18:49:19 --> URI Class Initialized
INFO - 2019-03-25 18:49:19 --> Router Class Initialized
INFO - 2019-03-25 18:49:19 --> Output Class Initialized
INFO - 2019-03-25 18:49:19 --> Security Class Initialized
DEBUG - 2019-03-25 18:49:19 --> Global POST, GET and COOKIE data sanitized
INFO - 2019-03-25 18:49:19 --> Input Class Initialized
INFO - 2019-03-25 18:49:19 --> Language Class Initialized
INFO - 2019-03-25 18:49:19 --> Loader Class Initialized
INFO - 2019-03-25 18:49:19 --> Helper loaded: general_helper
INFO - 2019-03-25 18:49:19 --> Controller Class Initialized
ERROR - 2019-03-25 18:49:19 --> user_id no post userId
ERROR - 2019-03-25 18:49:19 --> Severity: error --> Exception: E_EXEC_SQL_QUERY: You have an error in your SQL syntax; check the manual that corresponds to your MySQL server version for the right syntax to use near 'post userId' at line 1 /data/release/fe_yanxue/vendor/qcloud/weapp-sdk/lib/Mysql/Mysql.php 191
INFO - 2019-03-25 18:49:36 --> Config Class Initialized
INFO - 2019-03-25 18:49:36 --> Hooks Class Initialized
DEBUG - 2019-03-25 18:49:36 --> UTF-8 Support Enabled
INFO - 2019-03-25 18:49:36 --> Utf8 Class Initialized
INFO - 2019-03-25 18:49:36 --> URI Class Initialized
INFO - 2019-03-25 18:49:36 --> Router Class Initialized
INFO - 2019-03-25 18:49:36 --> Output Class Initialized
INFO - 2019-03-25 18:49:36 --> Security Class Initialized
DEBUG - 2019-03-25 18:49:36 --> Global POST, GET and COOKIE data sanitized
INFO - 2019-03-25 18:49:36 --> Input Class Initialized
INFO - 2019-03-25 18:49:36 --> Language Class Initialized
INFO - 2019-03-25 18:49:36 --> Loader Class Initialized
INFO - 2019-03-25 18:49:36 --> Helper loaded: general_helper
INFO - 2019-03-25 18:49:36 --> Controller Class Initialized
ERROR - 2019-03-25 18:49:36 --> user_id1
ERROR - 2019-03-25 18:49:36 --> passwordc0848b126c09ef13e900a1b3c29858f8
ERROR - 2019-03-25 18:49:36 --> user passwordc0848b126c09ef13e900a1b3c29858f8
INFO - 2019-03-25 18:49:36 --> Final output sent to browser
DEBUG - 2019-03-25 18:49:36 --> Total execution time: 0.0143
INFO - 2019-03-25 18:49:36 --> Config Class Initialized
INFO - 2019-03-25 18:49:36 --> Hooks Class Initialized
DEBUG - 2019-03-25 18:49:36 --> UTF-8 Support Enabled
INFO - 2019-03-25 18:49:36 --> Utf8 Class Initialized
INFO - 2019-03-25 18:49:36 --> URI Class Initialized
INFO - 2019-03-25 18:49:36 --> Router Class Initialized
INFO - 2019-03-25 18:49:36 --> Output Class Initialized
INFO - 2019-03-25 18:49:36 --> Security Class Initialized
DEBUG - 2019-03-25 18:49:36 --> Global POST, GET and COOKIE data sanitized
INFO - 2019-03-25 18:49:36 --> Input Class Initialized
INFO - 2019-03-25 18:49:36 --> Language Class Initialized
INFO - 2019-03-25 18:49:36 --> Loader Class Initialized
INFO - 2019-03-25 18:49:36 --> Helper loaded: general_helper
INFO - 2019-03-25 18:49:36 --> Controller Class Initialized
ERROR - 2019-03-25 18:49:36 --> user_id1
INFO - 2019-03-25 18:49:36 --> Final output sent to browser
DEBUG - 2019-03-25 18:49:36 --> Total execution time: 0.0125
INFO - 2019-03-25 18:49:44 --> Config Class Initialized
INFO - 2019-03-25 18:49:44 --> Hooks Class Initialized
DEBUG - 2019-03-25 18:49:44 --> UTF-8 Support Enabled
INFO - 2019-03-25 18:49:44 --> Utf8 Class Initialized
INFO - 2019-03-25 18:49:44 --> URI Class Initialized
INFO - 2019-03-25 18:49:44 --> Router Class Initialized
INFO - 2019-03-25 18:49:44 --> Output Class Initialized
INFO - 2019-03-25 18:49:44 --> Security Class Initialized
DEBUG - 2019-03-25 18:49:44 --> Global POST, GET and COOKIE data sanitized
INFO - 2019-03-25 18:49:44 --> Input Class Initialized
INFO - 2019-03-25 18:49:44 --> Language Class Initialized
INFO - 2019-03-25 18:49:44 --> Loader Class Initialized
INFO - 2019-03-25 18:49:44 --> Helper loaded: general_helper
INFO - 2019-03-25 18:49:44 --> Controller Class Initialized
ERROR - 2019-03-25 18:49:44 --> user_id1
ERROR - 2019-03-25 18:49:44 --> passwordc0848b126c09ef13e900a1b3c29858f8
ERROR - 2019-03-25 18:49:44 --> user passwordc0848b126c09ef13e900a1b3c29858f8
INFO - 2019-03-25 18:49:44 --> Final output sent to browser
DEBUG - 2019-03-25 18:49:44 --> Total execution time: 0.0145
INFO - 2019-03-25 18:49:44 --> Config Class Initialized
INFO - 2019-03-25 18:49:44 --> Hooks Class Initialized
DEBUG - 2019-03-25 18:49:44 --> UTF-8 Support Enabled
INFO - 2019-03-25 18:49:44 --> Utf8 Class Initialized
INFO - 2019-03-25 18:49:44 --> URI Class Initialized
INFO - 2019-03-25 18:49:44 --> Router Class Initialized
INFO - 2019-03-25 18:49:44 --> Output Class Initialized
INFO - 2019-03-25 18:49:44 --> Security Class Initialized
DEBUG - 2019-03-25 18:49:44 --> Global POST, GET and COOKIE data sanitized
INFO - 2019-03-25 18:49:44 --> Input Class Initialized
INFO - 2019-03-25 18:49:44 --> Language Class Initialized
INFO - 2019-03-25 18:49:44 --> Loader Class Initialized
INFO - 2019-03-25 18:49:44 --> Helper loaded: general_helper
INFO - 2019-03-25 18:49:44 --> Controller Class Initialized
ERROR - 2019-03-25 18:49:44 --> user_id1
INFO - 2019-03-25 18:49:44 --> Final output sent to browser
DEBUG - 2019-03-25 18:49:44 --> Total execution time: 0.0132
INFO - 2019-03-25 18:50:11 --> Config Class Initialized
INFO - 2019-03-25 18:50:11 --> Hooks Class Initialized
DEBUG - 2019-03-25 18:50:11 --> UTF-8 Support Enabled
INFO - 2019-03-25 18:50:11 --> Utf8 Class Initialized
INFO - 2019-03-25 18:50:11 --> URI Class Initialized
INFO - 2019-03-25 18:50:11 --> Router Class Initialized
INFO - 2019-03-25 18:50:11 --> Output Class Initialized
INFO - 2019-03-25 18:50:11 --> Security Class Initialized
DEBUG - 2019-03-25 18:50:11 --> Global POST, GET and COOKIE data sanitized
INFO - 2019-03-25 18:50:11 --> Input Class Initialized
INFO - 2019-03-25 18:50:11 --> Language Class Initialized
INFO - 2019-03-25 18:50:11 --> Loader Class Initialized
INFO - 2019-03-25 18:50:11 --> Helper loaded: general_helper
INFO - 2019-03-25 18:50:11 --> Controller Class Initialized
ERROR - 2019-03-25 18:50:11 --> user_id1
INFO - 2019-03-25 18:50:11 --> Final output sent to browser
DEBUG - 2019-03-25 18:50:11 --> Total execution time: 0.0119
INFO - 2019-03-25 18:50:16 --> Config Class Initialized
INFO - 2019-03-25 18:50:16 --> Hooks Class Initialized
DEBUG - 2019-03-25 18:50:16 --> UTF-8 Support Enabled
INFO - 2019-03-25 18:50:16 --> Utf8 Class Initialized
INFO - 2019-03-25 18:50:16 --> URI Class Initialized
INFO - 2019-03-25 18:50:16 --> Router Class Initialized
INFO - 2019-03-25 18:50:16 --> Output Class Initialized
INFO - 2019-03-25 18:50:16 --> Security Class Initialized
DEBUG - 2019-03-25 18:50:16 --> Global POST, GET and COOKIE data sanitized
INFO - 2019-03-25 18:50:16 --> Input Class Initialized
INFO - 2019-03-25 18:50:16 --> Language Class Initialized
INFO - 2019-03-25 18:50:16 --> Loader Class Initialized
INFO - 2019-03-25 18:50:16 --> Helper loaded: general_helper
INFO - 2019-03-25 18:50:16 --> Controller Class Initialized
ERROR - 2019-03-25 18:50:16 --> user_id1
INFO - 2019-03-25 18:50:16 --> Final output sent to browser
DEBUG - 2019-03-25 18:50:16 --> Total execution time: 0.0112
INFO - 2019-03-25 18:50:24 --> Config Class Initialized
INFO - 2019-03-25 18:50:24 --> Hooks Class Initialized
DEBUG - 2019-03-25 18:50:24 --> UTF-8 Support Enabled
INFO - 2019-03-25 18:50:24 --> Utf8 Class Initialized
INFO - 2019-03-25 18:50:24 --> URI Class Initialized
INFO - 2019-03-25 18:50:24 --> Router Class Initialized
INFO - 2019-03-25 18:50:24 --> Output Class Initialized
INFO - 2019-03-25 18:50:24 --> Security Class Initialized
DEBUG - 2019-03-25 18:50:24 --> Global POST, GET and COOKIE data sanitized
INFO - 2019-03-25 18:50:24 --> Input Class Initialized
INFO - 2019-03-25 18:50:24 --> Language Class Initialized
INFO - 2019-03-25 18:50:24 --> Loader Class Initialized
INFO - 2019-03-25 18:50:24 --> Helper loaded: general_helper
INFO - 2019-03-25 18:50:24 --> Controller Class Initialized
ERROR - 2019-03-25 18:50:24 --> user_id1
ERROR - 2019-03-25 18:50:24 --> passwordc0848b126c09ef13e900a1b3c29858f8
ERROR - 2019-03-25 18:50:24 --> user passwordc0848b126c09ef13e900a1b3c29858f8
INFO - 2019-03-25 18:50:24 --> Final output sent to browser
DEBUG - 2019-03-25 18:50:24 --> Total execution time: 0.0119
INFO - 2019-03-25 18:50:24 --> Config Class Initialized
INFO - 2019-03-25 18:50:24 --> Hooks Class Initialized
DEBUG - 2019-03-25 18:50:24 --> UTF-8 Support Enabled
INFO - 2019-03-25 18:50:24 --> Utf8 Class Initialized
INFO - 2019-03-25 18:50:24 --> URI Class Initialized
INFO - 2019-03-25 18:50:24 --> Router Class Initialized
INFO - 2019-03-25 18:50:24 --> Output Class Initialized
INFO - 2019-03-25 18:50:24 --> Security Class Initialized
DEBUG - 2019-03-25 18:50:24 --> Global POST, GET and COOKIE data sanitized
INFO - 2019-03-25 18:50:24 --> Input Class Initialized
INFO - 2019-03-25 18:50:24 --> Language Class Initialized
INFO - 2019-03-25 18:50:24 --> Loader Class Initialized
INFO - 2019-03-25 18:50:24 --> Helper loaded: general_helper
INFO - 2019-03-25 18:50:24 --> Controller Class Initialized
ERROR - 2019-03-25 18:50:24 --> user_id1
INFO - 2019-03-25 18:50:24 --> Final output sent to browser
DEBUG - 2019-03-25 18:50:24 --> Total execution time: 0.0109
INFO - 2019-03-25 18:51:54 --> Config Class Initialized
INFO - 2019-03-25 18:51:54 --> Hooks Class Initialized
DEBUG - 2019-03-25 18:51:54 --> UTF-8 Support Enabled
INFO - 2019-03-25 18:51:54 --> Utf8 Class Initialized
INFO - 2019-03-25 18:51:54 --> URI Class Initialized
INFO - 2019-03-25 18:51:54 --> Router Class Initialized
INFO - 2019-03-25 18:51:54 --> Output Class Initialized
INFO - 2019-03-25 18:51:54 --> Security Class Initialized
DEBUG - 2019-03-25 18:51:54 --> Global POST, GET and COOKIE data sanitized
INFO - 2019-03-25 18:51:54 --> Input Class Initialized
INFO - 2019-03-25 18:51:54 --> Language Class Initialized
INFO - 2019-03-25 18:51:54 --> Loader Class Initialized
INFO - 2019-03-25 18:51:54 --> Helper loaded: general_helper
INFO - 2019-03-25 18:51:54 --> Controller Class Initialized
ERROR - 2019-03-25 18:51:54 --> user_id1
ERROR - 2019-03-25 18:51:54 --> passwordc0848b126c09ef13e900a1b3c29858f8
ERROR - 2019-03-25 18:51:54 --> user passwordc0848b126c09ef13e900a1b3c29858f8
INFO - 2019-03-25 18:51:54 --> Final output sent to browser
DEBUG - 2019-03-25 18:51:54 --> Total execution time: 0.0151
INFO - 2019-03-25 18:52:00 --> Config Class Initialized
INFO - 2019-03-25 18:52:00 --> Hooks Class Initialized
DEBUG - 2019-03-25 18:52:00 --> UTF-8 Support Enabled
INFO - 2019-03-25 18:52:00 --> Utf8 Class Initialized
INFO - 2019-03-25 18:52:00 --> URI Class Initialized
INFO - 2019-03-25 18:52:00 --> Router Class Initialized
INFO - 2019-03-25 18:52:00 --> Output Class Initialized
INFO - 2019-03-25 18:52:00 --> Security Class Initialized
DEBUG - 2019-03-25 18:52:00 --> Global POST, GET and COOKIE data sanitized
INFO - 2019-03-25 18:52:00 --> Input Class Initialized
INFO - 2019-03-25 18:52:00 --> Language Class Initialized
INFO - 2019-03-25 18:52:00 --> Loader Class Initialized
INFO - 2019-03-25 18:52:00 --> Helper loaded: general_helper
INFO - 2019-03-25 18:52:00 --> Controller Class Initialized
ERROR - 2019-03-25 18:52:00 --> user_id1
INFO - 2019-03-25 18:52:00 --> Final output sent to browser
DEBUG - 2019-03-25 18:52:00 --> Total execution time: 0.0110
INFO - 2019-03-25 18:52:35 --> Config Class Initialized
INFO - 2019-03-25 18:52:35 --> Hooks Class Initialized
DEBUG - 2019-03-25 18:52:35 --> UTF-8 Support Enabled
INFO - 2019-03-25 18:52:35 --> Utf8 Class Initialized
INFO - 2019-03-25 18:52:35 --> URI Class Initialized
INFO - 2019-03-25 18:52:35 --> Router Class Initialized
INFO - 2019-03-25 18:52:35 --> Output Class Initialized
INFO - 2019-03-25 18:52:35 --> Security Class Initialized
DEBUG - 2019-03-25 18:52:35 --> Global POST, GET and COOKIE data sanitized
INFO - 2019-03-25 18:52:35 --> Input Class Initialized
INFO - 2019-03-25 18:52:35 --> Language Class Initialized
INFO - 2019-03-25 18:52:35 --> Loader Class Initialized
INFO - 2019-03-25 18:52:35 --> Helper loaded: general_helper
INFO - 2019-03-25 18:52:35 --> Controller Class Initialized
ERROR - 2019-03-25 18:52:35 --> user_id1
INFO - 2019-03-25 18:52:35 --> Final output sent to browser
DEBUG - 2019-03-25 18:52:35 --> Total execution time: 0.0134
INFO - 2019-03-25 19:01:09 --> Config Class Initialized
INFO - 2019-03-25 19:01:09 --> Hooks Class Initialized
DEBUG - 2019-03-25 19:01:09 --> UTF-8 Support Enabled
INFO - 2019-03-25 19:01:09 --> Utf8 Class Initialized
INFO - 2019-03-25 19:01:09 --> URI Class Initialized
INFO - 2019-03-25 19:01:09 --> Router Class Initialized
INFO - 2019-03-25 19:01:09 --> Output Class Initialized
INFO - 2019-03-25 19:01:09 --> Security Class Initialized
DEBUG - 2019-03-25 19:01:09 --> Global POST, GET and COOKIE data sanitized
INFO - 2019-03-25 19:01:09 --> Input Class Initialized
INFO - 2019-03-25 19:01:09 --> Language Class Initialized
INFO - 2019-03-25 19:01:09 --> Loader Class Initialized
INFO - 2019-03-25 19:01:09 --> Helper loaded: general_helper
INFO - 2019-03-25 19:01:09 --> Controller Class Initialized
ERROR - 2019-03-25 19:01:09 --> user_id1
INFO - 2019-03-25 19:01:09 --> Final output sent to browser
DEBUG - 2019-03-25 19:01:09 --> Total execution time: 0.0103
INFO - 2019-03-25 19:01:14 --> Config Class Initialized
INFO - 2019-03-25 19:01:14 --> Hooks Class Initialized
DEBUG - 2019-03-25 19:01:14 --> UTF-8 Support Enabled
INFO - 2019-03-25 19:01:14 --> Utf8 Class Initialized
INFO - 2019-03-25 19:01:14 --> URI Class Initialized
INFO - 2019-03-25 19:01:14 --> Router Class Initialized
INFO - 2019-03-25 19:01:14 --> Output Class Initialized
INFO - 2019-03-25 19:01:14 --> Security Class Initialized
DEBUG - 2019-03-25 19:01:14 --> Global POST, GET and COOKIE data sanitized
INFO - 2019-03-25 19:01:14 --> Input Class Initialized
INFO - 2019-03-25 19:01:14 --> Language Class Initialized
INFO - 2019-03-25 19:01:14 --> Loader Class Initialized
INFO - 2019-03-25 19:01:14 --> Helper loaded: general_helper
INFO - 2019-03-25 19:01:14 --> Controller Class Initialized
ERROR - 2019-03-25 19:01:14 --> user_id1
INFO - 2019-03-25 19:01:14 --> Final output sent to browser
DEBUG - 2019-03-25 19:01:14 --> Total execution time: 0.0113
INFO - 2019-03-25 19:01:15 --> Config Class Initialized
INFO - 2019-03-25 19:01:15 --> Hooks Class Initialized
DEBUG - 2019-03-25 19:01:15 --> UTF-8 Support Enabled
INFO - 2019-03-25 19:01:15 --> Utf8 Class Initialized
INFO - 2019-03-25 19:01:15 --> URI Class Initialized
INFO - 2019-03-25 19:01:15 --> Router Class Initialized
INFO - 2019-03-25 19:01:15 --> Output Class Initialized
INFO - 2019-03-25 19:01:15 --> Security Class Initialized
DEBUG - 2019-03-25 19:01:15 --> Global POST, GET and COOKIE data sanitized
INFO - 2019-03-25 19:01:15 --> Input Class Initialized
INFO - 2019-03-25 19:01:15 --> Language Class Initialized
INFO - 2019-03-25 19:01:15 --> Loader Class Initialized
INFO - 2019-03-25 19:01:15 --> Helper loaded: general_helper
INFO - 2019-03-25 19:01:15 --> Controller Class Initialized
ERROR - 2019-03-25 19:01:15 --> user_id1
INFO - 2019-03-25 19:01:15 --> Final output sent to browser
DEBUG - 2019-03-25 19:01:15 --> Total execution time: 0.0106
INFO - 2019-03-25 19:01:30 --> Config Class Initialized
INFO - 2019-03-25 19:01:30 --> Hooks Class Initialized
DEBUG - 2019-03-25 19:01:30 --> UTF-8 Support Enabled
INFO - 2019-03-25 19:01:30 --> Utf8 Class Initialized
INFO - 2019-03-25 19:01:30 --> URI Class Initialized
INFO - 2019-03-25 19:01:30 --> Router Class Initialized
INFO - 2019-03-25 19:01:30 --> Output Class Initialized
INFO - 2019-03-25 19:01:30 --> Security Class Initialized
DEBUG - 2019-03-25 19:01:30 --> Global POST, GET and COOKIE data sanitized
INFO - 2019-03-25 19:01:30 --> Input Class Initialized
INFO - 2019-03-25 19:01:30 --> Language Class Initialized
INFO - 2019-03-25 19:01:30 --> Loader Class Initialized
INFO - 2019-03-25 19:01:30 --> Helper loaded: general_helper
INFO - 2019-03-25 19:01:30 --> Controller Class Initialized
ERROR - 2019-03-25 19:01:30 --> user_id1
INFO - 2019-03-25 19:01:30 --> Final output sent to browser
DEBUG - 2019-03-25 19:01:30 --> Total execution time: 0.0101
INFO - 2019-03-25 19:01:31 --> Config Class Initialized
INFO - 2019-03-25 19:01:31 --> Hooks Class Initialized
DEBUG - 2019-03-25 19:01:31 --> UTF-8 Support Enabled
INFO - 2019-03-25 19:01:31 --> Utf8 Class Initialized
INFO - 2019-03-25 19:01:31 --> URI Class Initialized
INFO - 2019-03-25 19:01:31 --> Router Class Initialized
INFO - 2019-03-25 19:01:31 --> Output Class Initialized
INFO - 2019-03-25 19:01:31 --> Security Class Initialized
DEBUG - 2019-03-25 19:01:31 --> Global POST, GET and COOKIE data sanitized
INFO - 2019-03-25 19:01:31 --> Input Class Initialized
INFO - 2019-03-25 19:01:31 --> Language Class Initialized
INFO - 2019-03-25 19:01:31 --> Loader Class Initialized
INFO - 2019-03-25 19:01:31 --> Helper loaded: general_helper
INFO - 2019-03-25 19:01:31 --> Controller Class Initialized
ERROR - 2019-03-25 19:01:31 --> user_id1
INFO - 2019-03-25 19:01:31 --> Final output sent to browser
DEBUG - 2019-03-25 19:01:31 --> Total execution time: 0.0109
INFO - 2019-03-25 19:01:46 --> Config Class Initialized
INFO - 2019-03-25 19:01:46 --> Hooks Class Initialized
DEBUG - 2019-03-25 19:01:46 --> UTF-8 Support Enabled
INFO - 2019-03-25 19:01:46 --> Utf8 Class Initialized
INFO - 2019-03-25 19:01:46 --> URI Class Initialized
INFO - 2019-03-25 19:01:46 --> Router Class Initialized
INFO - 2019-03-25 19:01:46 --> Output Class Initialized
INFO - 2019-03-25 19:01:46 --> Security Class Initialized
DEBUG - 2019-03-25 19:01:46 --> Global POST, GET and COOKIE data sanitized
INFO - 2019-03-25 19:01:46 --> Input Class Initialized
INFO - 2019-03-25 19:01:46 --> Language Class Initialized
INFO - 2019-03-25 19:01:46 --> Loader Class Initialized
INFO - 2019-03-25 19:01:46 --> Helper loaded: general_helper
INFO - 2019-03-25 19:01:46 --> Controller Class Initialized
ERROR - 2019-03-25 19:01:46 --> user_id1
INFO - 2019-03-25 19:01:46 --> Final output sent to browser
DEBUG - 2019-03-25 19:01:46 --> Total execution time: 0.0144
INFO - 2019-03-25 19:01:55 --> Config Class Initialized
INFO - 2019-03-25 19:01:55 --> Hooks Class Initialized
DEBUG - 2019-03-25 19:01:55 --> UTF-8 Support Enabled
INFO - 2019-03-25 19:01:55 --> Utf8 Class Initialized
INFO - 2019-03-25 19:01:55 --> URI Class Initialized
INFO - 2019-03-25 19:01:55 --> Router Class Initialized
INFO - 2019-03-25 19:01:55 --> Output Class Initialized
INFO - 2019-03-25 19:01:55 --> Security Class Initialized
DEBUG - 2019-03-25 19:01:55 --> Global POST, GET and COOKIE data sanitized
INFO - 2019-03-25 19:01:55 --> Input Class Initialized
INFO - 2019-03-25 19:01:55 --> Language Class Initialized
INFO - 2019-03-25 19:01:55 --> Loader Class Initialized
INFO - 2019-03-25 19:01:55 --> Helper loaded: general_helper
INFO - 2019-03-25 19:01:55 --> Controller Class Initialized
ERROR - 2019-03-25 19:01:55 --> user_id1
INFO - 2019-03-25 19:01:55 --> Final output sent to browser
DEBUG - 2019-03-25 19:01:55 --> Total execution time: 0.0110
INFO - 2019-03-25 19:01:59 --> Config Class Initialized
INFO - 2019-03-25 19:01:59 --> Hooks Class Initialized
DEBUG - 2019-03-25 19:01:59 --> UTF-8 Support Enabled
INFO - 2019-03-25 19:01:59 --> Utf8 Class Initialized
INFO - 2019-03-25 19:01:59 --> URI Class Initialized
INFO - 2019-03-25 19:01:59 --> Router Class Initialized
INFO - 2019-03-25 19:01:59 --> Output Class Initialized
INFO - 2019-03-25 19:01:59 --> Security Class Initialized
DEBUG - 2019-03-25 19:01:59 --> Global POST, GET and COOKIE data sanitized
INFO - 2019-03-25 19:01:59 --> Input Class Initialized
INFO - 2019-03-25 19:01:59 --> Language Class Initialized
INFO - 2019-03-25 19:01:59 --> Loader Class Initialized
INFO - 2019-03-25 19:01:59 --> Helper loaded: general_helper
INFO - 2019-03-25 19:01:59 --> Controller Class Initialized
ERROR - 2019-03-25 19:01:59 --> user_id1
INFO - 2019-03-25 19:01:59 --> Final output sent to browser
DEBUG - 2019-03-25 19:01:59 --> Total execution time: 0.0105
INFO - 2019-03-25 19:02:50 --> Config Class Initialized
INFO - 2019-03-25 19:02:50 --> Hooks Class Initialized
DEBUG - 2019-03-25 19:02:50 --> UTF-8 Support Enabled
INFO - 2019-03-25 19:02:50 --> Utf8 Class Initialized
INFO - 2019-03-25 19:02:50 --> URI Class Initialized
INFO - 2019-03-25 19:02:50 --> Router Class Initialized
INFO - 2019-03-25 19:02:50 --> Output Class Initialized
INFO - 2019-03-25 19:02:50 --> Security Class Initialized
DEBUG - 2019-03-25 19:02:50 --> Global POST, GET and COOKIE data sanitized
INFO - 2019-03-25 19:02:50 --> Input Class Initialized
INFO - 2019-03-25 19:02:50 --> Language Class Initialized
INFO - 2019-03-25 19:02:50 --> Loader Class Initialized
INFO - 2019-03-25 19:02:50 --> Helper loaded: general_helper
INFO - 2019-03-25 19:02:50 --> Controller Class Initialized
ERROR - 2019-03-25 19:02:50 --> user_id1
INFO - 2019-03-25 19:02:50 --> Final output sent to browser
DEBUG - 2019-03-25 19:02:50 --> Total execution time: 0.0107
INFO - 2019-03-25 19:02:54 --> Config Class Initialized
INFO - 2019-03-25 19:02:54 --> Hooks Class Initialized
DEBUG - 2019-03-25 19:02:54 --> UTF-8 Support Enabled
INFO - 2019-03-25 19:02:54 --> Utf8 Class Initialized
INFO - 2019-03-25 19:02:54 --> URI Class Initialized
INFO - 2019-03-25 19:02:54 --> Router Class Initialized
INFO - 2019-03-25 19:02:54 --> Output Class Initialized
INFO - 2019-03-25 19:02:54 --> Security Class Initialized
DEBUG - 2019-03-25 19:02:54 --> Global POST, GET and COOKIE data sanitized
INFO - 2019-03-25 19:02:54 --> Input Class Initialized
INFO - 2019-03-25 19:02:54 --> Language Class Initialized
INFO - 2019-03-25 19:02:54 --> Loader Class Initialized
INFO - 2019-03-25 19:02:54 --> Helper loaded: general_helper
INFO - 2019-03-25 19:02:54 --> Controller Class Initialized
ERROR - 2019-03-25 19:02:54 --> user_id1
INFO - 2019-03-25 19:02:54 --> Final output sent to browser
DEBUG - 2019-03-25 19:02:54 --> Total execution time: 0.0123
INFO - 2019-03-25 19:04:08 --> Config Class Initialized
INFO - 2019-03-25 19:04:08 --> Hooks Class Initialized
DEBUG - 2019-03-25 19:04:08 --> UTF-8 Support Enabled
INFO - 2019-03-25 19:04:08 --> Utf8 Class Initialized
INFO - 2019-03-25 19:04:08 --> URI Class Initialized
INFO - 2019-03-25 19:04:08 --> Router Class Initialized
INFO - 2019-03-25 19:04:08 --> Output Class Initialized
INFO - 2019-03-25 19:04:08 --> Security Class Initialized
DEBUG - 2019-03-25 19:04:08 --> Global POST, GET and COOKIE data sanitized
INFO - 2019-03-25 19:04:08 --> Input Class Initialized
INFO - 2019-03-25 19:04:08 --> Language Class Initialized
INFO - 2019-03-25 19:04:08 --> Loader Class Initialized
INFO - 2019-03-25 19:04:08 --> Helper loaded: general_helper
INFO - 2019-03-25 19:04:08 --> Controller Class Initialized
ERROR - 2019-03-25 19:04:08 --> user_id1
INFO - 2019-03-25 19:04:08 --> Final output sent to browser
DEBUG - 2019-03-25 19:04:08 --> Total execution time: 0.0131
INFO - 2019-03-25 19:04:09 --> Config Class Initialized
INFO - 2019-03-25 19:04:09 --> Hooks Class Initialized
DEBUG - 2019-03-25 19:04:09 --> UTF-8 Support Enabled
INFO - 2019-03-25 19:04:09 --> Utf8 Class Initialized
INFO - 2019-03-25 19:04:09 --> URI Class Initialized
INFO - 2019-03-25 19:04:09 --> Router Class Initialized
INFO - 2019-03-25 19:04:09 --> Output Class Initialized
INFO - 2019-03-25 19:04:09 --> Security Class Initialized
DEBUG - 2019-03-25 19:04:09 --> Global POST, GET and COOKIE data sanitized
INFO - 2019-03-25 19:04:09 --> Input Class Initialized
INFO - 2019-03-25 19:04:09 --> Language Class Initialized
INFO - 2019-03-25 19:04:09 --> Loader Class Initialized
INFO - 2019-03-25 19:04:09 --> Helper loaded: general_helper
INFO - 2019-03-25 19:04:09 --> Controller Class Initialized
ERROR - 2019-03-25 19:04:09 --> user_id1
INFO - 2019-03-25 19:04:09 --> Final output sent to browser
DEBUG - 2019-03-25 19:04:09 --> Total execution time: 0.0097
INFO - 2019-03-25 19:04:21 --> Config Class Initialized
INFO - 2019-03-25 19:04:21 --> Hooks Class Initialized
DEBUG - 2019-03-25 19:04:21 --> UTF-8 Support Enabled
INFO - 2019-03-25 19:04:21 --> Utf8 Class Initialized
INFO - 2019-03-25 19:04:21 --> URI Class Initialized
INFO - 2019-03-25 19:04:21 --> Router Class Initialized
INFO - 2019-03-25 19:04:21 --> Output Class Initialized
INFO - 2019-03-25 19:04:21 --> Security Class Initialized
DEBUG - 2019-03-25 19:04:21 --> Global POST, GET and COOKIE data sanitized
INFO - 2019-03-25 19:04:21 --> Input Class Initialized
INFO - 2019-03-25 19:04:21 --> Language Class Initialized
INFO - 2019-03-25 19:04:21 --> Loader Class Initialized
INFO - 2019-03-25 19:04:21 --> Helper loaded: general_helper
INFO - 2019-03-25 19:04:21 --> Controller Class Initialized
ERROR - 2019-03-25 19:04:21 --> user_id1
INFO - 2019-03-25 19:04:21 --> Final output sent to browser
DEBUG - 2019-03-25 19:04:21 --> Total execution time: 0.0107
INFO - 2019-03-25 20:36:09 --> Config Class Initialized
INFO - 2019-03-25 20:36:09 --> Hooks Class Initialized
DEBUG - 2019-03-25 20:36:09 --> UTF-8 Support Enabled
INFO - 2019-03-25 20:36:09 --> Utf8 Class Initialized
INFO - 2019-03-25 20:36:09 --> URI Class Initialized
INFO - 2019-03-25 20:36:09 --> Router Class Initialized
INFO - 2019-03-25 20:36:09 --> Output Class Initialized
INFO - 2019-03-25 20:36:09 --> Security Class Initialized
DEBUG - 2019-03-25 20:36:09 --> Global POST, GET and COOKIE data sanitized
INFO - 2019-03-25 20:36:09 --> Input Class Initialized
INFO - 2019-03-25 20:36:09 --> Language Class Initialized
INFO - 2019-03-25 20:36:09 --> Loader Class Initialized
INFO - 2019-03-25 20:36:09 --> Helper loaded: general_helper
INFO - 2019-03-25 20:36:09 --> Controller Class Initialized
ERROR - 2019-03-25 20:36:09 --> user_id1
ERROR - 2019-03-25 20:36:09 --> passwordc0848b126c09ef13e900a1b3c29858f8
ERROR - 2019-03-25 20:36:09 --> user passwordc0848b126c09ef13e900a1b3c29858f8
INFO - 2019-03-25 20:36:09 --> Final output sent to browser
DEBUG - 2019-03-25 20:36:09 --> Total execution time: 0.0106
INFO - 2019-03-25 20:37:03 --> Config Class Initialized
INFO - 2019-03-25 20:37:03 --> Hooks Class Initialized
DEBUG - 2019-03-25 20:37:03 --> UTF-8 Support Enabled
INFO - 2019-03-25 20:37:03 --> Utf8 Class Initialized
INFO - 2019-03-25 20:37:03 --> URI Class Initialized
INFO - 2019-03-25 20:37:03 --> Router Class Initialized
INFO - 2019-03-25 20:37:03 --> Output Class Initialized
INFO - 2019-03-25 20:37:03 --> Security Class Initialized
DEBUG - 2019-03-25 20:37:03 --> Global POST, GET and COOKIE data sanitized
INFO - 2019-03-25 20:37:03 --> Input Class Initialized
INFO - 2019-03-25 20:37:03 --> Language Class Initialized
INFO - 2019-03-25 20:37:03 --> Loader Class Initialized
INFO - 2019-03-25 20:37:03 --> Helper loaded: general_helper
INFO - 2019-03-25 20:37:03 --> Controller Class Initialized
ERROR - 2019-03-25 20:37:03 --> user_id1
INFO - 2019-03-25 20:37:03 --> Final output sent to browser
DEBUG - 2019-03-25 20:37:03 --> Total execution time: 0.0106
INFO - 2019-03-25 20:58:15 --> Config Class Initialized
INFO - 2019-03-25 20:58:15 --> Hooks Class Initialized
DEBUG - 2019-03-25 20:58:15 --> UTF-8 Support Enabled
INFO - 2019-03-25 20:58:15 --> Utf8 Class Initialized
INFO - 2019-03-25 20:58:15 --> URI Class Initialized
INFO - 2019-03-25 20:58:15 --> Router Class Initialized
INFO - 2019-03-25 20:58:15 --> Output Class Initialized
INFO - 2019-03-25 20:58:15 --> Security Class Initialized
DEBUG - 2019-03-25 20:58:15 --> Global POST, GET and COOKIE data sanitized
INFO - 2019-03-25 20:58:15 --> Input Class Initialized
INFO - 2019-03-25 20:58:15 --> Language Class Initialized
INFO - 2019-03-25 20:58:15 --> Loader Class Initialized
INFO - 2019-03-25 20:58:15 --> Helper loaded: general_helper
INFO - 2019-03-25 20:58:15 --> Controller Class Initialized
ERROR - 2019-03-25 20:58:15 --> user_id1
INFO - 2019-03-25 20:58:15 --> Final output sent to browser
DEBUG - 2019-03-25 20:58:15 --> Total execution time: 0.0100
INFO - 2019-03-25 20:58:29 --> Config Class Initialized
INFO - 2019-03-25 20:58:29 --> Hooks Class Initialized
DEBUG - 2019-03-25 20:58:29 --> UTF-8 Support Enabled
INFO - 2019-03-25 20:58:29 --> Utf8 Class Initialized
INFO - 2019-03-25 20:58:29 --> URI Class Initialized
INFO - 2019-03-25 20:58:29 --> Router Class Initialized
INFO - 2019-03-25 20:58:29 --> Output Class Initialized
INFO - 2019-03-25 20:58:29 --> Security Class Initialized
DEBUG - 2019-03-25 20:58:29 --> Global POST, GET and COOKIE data sanitized
INFO - 2019-03-25 20:58:29 --> Input Class Initialized
INFO - 2019-03-25 20:58:29 --> Language Class Initialized
INFO - 2019-03-25 20:58:29 --> Loader Class Initialized
INFO - 2019-03-25 20:58:29 --> Helper loaded: general_helper
INFO - 2019-03-25 20:58:29 --> Controller Class Initialized
ERROR - 2019-03-25 20:58:29 --> id1
ERROR - 2019-03-25 20:58:29 --> userId1
ERROR - 2019-03-25 20:58:29 --> name研学
ERROR - 2019-03-25 20:58:29 --> logoUrl
ERROR - 2019-03-25 20:58:29 --> logoVUrl
ERROR - 2019-03-25 20:58:29 --> tagline123
ERROR - 2019-03-25 20:58:29 --> introduction<h2>I am Example A</h2>
ERROR - 2019-03-25 20:58:29 --> start_date2019-03-01
ERROR - 2019-03-25 20:58:29 --> end_date2019-03-09
ERROR - 2019-03-25 20:58:29 --> user_num_limit0
ERROR - 2019-03-25 20:58:29 --> content[{"type":"txt","content":"<p>fdsasfdafdsaafds</p>"},{"type":"txt","content":"<p>dsdsadsaasfd</p>"}]
ERROR - 2019-03-25 20:58:29 --> group_id0
ERROR - 2019-03-25 20:58:29 --> res1
INFO - 2019-03-25 20:58:29 --> Final output sent to browser
DEBUG - 2019-03-25 20:58:29 --> Total execution time: 0.0105
INFO - 2019-03-25 20:58:29 --> Config Class Initialized
INFO - 2019-03-25 20:58:29 --> Hooks Class Initialized
DEBUG - 2019-03-25 20:58:29 --> UTF-8 Support Enabled
INFO - 2019-03-25 20:58:29 --> Utf8 Class Initialized
INFO - 2019-03-25 20:58:29 --> URI Class Initialized
INFO - 2019-03-25 20:58:29 --> Router Class Initialized
INFO - 2019-03-25 20:58:29 --> Output Class Initialized
INFO - 2019-03-25 20:58:29 --> Security Class Initialized
DEBUG - 2019-03-25 20:58:29 --> Global POST, GET and COOKIE data sanitized
INFO - 2019-03-25 20:58:29 --> Input Class Initialized
INFO - 2019-03-25 20:58:29 --> Language Class Initialized
INFO - 2019-03-25 20:58:29 --> Loader Class Initialized
INFO - 2019-03-25 20:58:29 --> Helper loaded: general_helper
INFO - 2019-03-25 20:58:29 --> Controller Class Initialized
ERROR - 2019-03-25 20:58:29 --> user_id1
INFO - 2019-03-25 20:58:29 --> Final output sent to browser
DEBUG - 2019-03-25 20:58:29 --> Total execution time: 0.0122
INFO - 2019-03-25 21:01:34 --> Config Class Initialized
INFO - 2019-03-25 21:01:34 --> Hooks Class Initialized
DEBUG - 2019-03-25 21:01:34 --> UTF-8 Support Enabled
INFO - 2019-03-25 21:01:34 --> Utf8 Class Initialized
INFO - 2019-03-25 21:01:34 --> URI Class Initialized
INFO - 2019-03-25 21:01:34 --> Router Class Initialized
INFO - 2019-03-25 21:01:34 --> Output Class Initialized
INFO - 2019-03-25 21:01:34 --> Security Class Initialized
DEBUG - 2019-03-25 21:01:34 --> Global POST, GET and COOKIE data sanitized
INFO - 2019-03-25 21:01:34 --> Input Class Initialized
INFO - 2019-03-25 21:01:34 --> Language Class Initialized
INFO - 2019-03-25 21:01:34 --> Loader Class Initialized
INFO - 2019-03-25 21:01:34 --> Helper loaded: general_helper
INFO - 2019-03-25 21:01:34 --> Controller Class Initialized
ERROR - 2019-03-25 21:01:34 --> user_id1
INFO - 2019-03-25 21:01:34 --> Final output sent to browser
DEBUG - 2019-03-25 21:01:34 --> Total execution time: 0.0116
INFO - 2019-03-25 21:01:36 --> Config Class Initialized
INFO - 2019-03-25 21:01:36 --> Hooks Class Initialized
DEBUG - 2019-03-25 21:01:36 --> UTF-8 Support Enabled
INFO - 2019-03-25 21:01:36 --> Utf8 Class Initialized
INFO - 2019-03-25 21:01:36 --> URI Class Initialized
INFO - 2019-03-25 21:01:36 --> Router Class Initialized
INFO - 2019-03-25 21:01:36 --> Output Class Initialized
INFO - 2019-03-25 21:01:36 --> Security Class Initialized
DEBUG - 2019-03-25 21:01:36 --> Global POST, GET and COOKIE data sanitized
INFO - 2019-03-25 21:01:36 --> Input Class Initialized
INFO - 2019-03-25 21:01:36 --> Language Class Initialized
INFO - 2019-03-25 21:01:36 --> Loader Class Initialized
INFO - 2019-03-25 21:01:36 --> Helper loaded: general_helper
INFO - 2019-03-25 21:01:36 --> Controller Class Initialized
ERROR - 2019-03-25 21:01:36 --> user_id1
INFO - 2019-03-25 21:01:36 --> Final output sent to browser
DEBUG - 2019-03-25 21:01:36 --> Total execution time: 0.0102
INFO - 2019-03-25 21:01:42 --> Config Class Initialized
INFO - 2019-03-25 21:01:42 --> Hooks Class Initialized
DEBUG - 2019-03-25 21:01:42 --> UTF-8 Support Enabled
INFO - 2019-03-25 21:01:42 --> Utf8 Class Initialized
INFO - 2019-03-25 21:01:42 --> URI Class Initialized
INFO - 2019-03-25 21:01:42 --> Router Class Initialized
INFO - 2019-03-25 21:01:42 --> Output Class Initialized
INFO - 2019-03-25 21:01:42 --> Security Class Initialized
DEBUG - 2019-03-25 21:01:42 --> Global POST, GET and COOKIE data sanitized
INFO - 2019-03-25 21:01:42 --> Input Class Initialized
INFO - 2019-03-25 21:01:42 --> Language Class Initialized
INFO - 2019-03-25 21:01:42 --> Loader Class Initialized
INFO - 2019-03-25 21:01:42 --> Helper loaded: general_helper
INFO - 2019-03-25 21:01:42 --> Controller Class Initialized
ERROR - 2019-03-25 21:01:42 --> id1
ERROR - 2019-03-25 21:01:42 --> userId1
ERROR - 2019-03-25 21:01:42 --> name研学1
ERROR - 2019-03-25 21:01:42 --> logoUrl
ERROR - 2019-03-25 21:01:42 --> logoVUrl
ERROR - 2019-03-25 21:01:42 --> tagline123
ERROR - 2019-03-25 21:01:42 --> introduction<h2>I am Example A</h2>
ERROR - 2019-03-25 21:01:42 --> start_date2019-03-01
ERROR - 2019-03-25 21:01:42 --> end_date2019-03-09
ERROR - 2019-03-25 21:01:42 --> user_num_limit0
ERROR - 2019-03-25 21:01:42 --> content[{"type":"txt","content":"<p>fdsasfdafdsaafds</p>"},{"type":"txt","content":"<p>dsdsadsaasfd</p>"}]
ERROR - 2019-03-25 21:01:42 --> group_id0
ERROR - 2019-03-25 21:01:42 --> res1
INFO - 2019-03-25 21:01:42 --> Final output sent to browser
DEBUG - 2019-03-25 21:01:42 --> Total execution time: 0.0100
INFO - 2019-03-25 21:01:43 --> Config Class Initialized
INFO - 2019-03-25 21:01:43 --> Hooks Class Initialized
DEBUG - 2019-03-25 21:01:43 --> UTF-8 Support Enabled
INFO - 2019-03-25 21:01:43 --> Utf8 Class Initialized
INFO - 2019-03-25 21:01:43 --> URI Class Initialized
INFO - 2019-03-25 21:01:43 --> Router Class Initialized
INFO - 2019-03-25 21:01:43 --> Output Class Initialized
INFO - 2019-03-25 21:01:43 --> Security Class Initialized
DEBUG - 2019-03-25 21:01:43 --> Global POST, GET and COOKIE data sanitized
INFO - 2019-03-25 21:01:43 --> Input Class Initialized
INFO - 2019-03-25 21:01:43 --> Language Class Initialized
INFO - 2019-03-25 21:01:43 --> Loader Class Initialized
INFO - 2019-03-25 21:01:43 --> Helper loaded: general_helper
INFO - 2019-03-25 21:01:43 --> Controller Class Initialized
ERROR - 2019-03-25 21:01:43 --> user_id1
INFO - 2019-03-25 21:01:43 --> Final output sent to browser
DEBUG - 2019-03-25 21:01:43 --> Total execution time: 0.0100
INFO - 2019-03-25 21:10:15 --> Config Class Initialized
INFO - 2019-03-25 21:10:15 --> Hooks Class Initialized
DEBUG - 2019-03-25 21:10:15 --> UTF-8 Support Enabled
INFO - 2019-03-25 21:10:15 --> Utf8 Class Initialized
INFO - 2019-03-25 21:10:15 --> URI Class Initialized
INFO - 2019-03-25 21:10:15 --> Router Class Initialized
INFO - 2019-03-25 21:10:15 --> Output Class Initialized
INFO - 2019-03-25 21:10:15 --> Security Class Initialized
DEBUG - 2019-03-25 21:10:15 --> Global POST, GET and COOKIE data sanitized
INFO - 2019-03-25 21:10:15 --> Input Class Initialized
INFO - 2019-03-25 21:10:15 --> Language Class Initialized
INFO - 2019-03-25 21:10:15 --> Loader Class Initialized
INFO - 2019-03-25 21:10:15 --> Helper loaded: general_helper
INFO - 2019-03-25 21:10:15 --> Controller Class Initialized
ERROR - 2019-03-25 21:10:15 --> id1
ERROR - 2019-03-25 21:10:15 --> userId1
ERROR - 2019-03-25 21:10:15 --> name研学1
ERROR - 2019-03-25 21:10:15 --> logoUrlhttps://fe-1255989678.cos.ap-beijing.myqcloud.com/yanxue/1/1_newconcept1.png
ERROR - 2019-03-25 21:10:15 --> logoVUrl
ERROR - 2019-03-25 21:10:15 --> tagline123
ERROR - 2019-03-25 21:10:15 --> introduction<h2>I am Example A</h2>
ERROR - 2019-03-25 21:10:15 --> start_date2019-03-01
ERROR - 2019-03-25 21:10:15 --> end_date2019-03-09
ERROR - 2019-03-25 21:10:15 --> user_num_limit0
ERROR - 2019-03-25 21:10:15 --> content[{"type":"txt","content":"<p>fdsasfdafdsaafds</p>"},{"type":"txt","content":"<p>dsdsadsaasfd</p>"}]
ERROR - 2019-03-25 21:10:15 --> group_id0
ERROR - 2019-03-25 21:10:15 --> res1
INFO - 2019-03-25 21:10:15 --> Final output sent to browser
DEBUG - 2019-03-25 21:10:15 --> Total execution time: 0.0124
INFO - 2019-03-25 21:10:16 --> Config Class Initialized
INFO - 2019-03-25 21:10:16 --> Hooks Class Initialized
DEBUG - 2019-03-25 21:10:16 --> UTF-8 Support Enabled
INFO - 2019-03-25 21:10:16 --> Utf8 Class Initialized
INFO - 2019-03-25 21:10:16 --> URI Class Initialized
INFO - 2019-03-25 21:10:16 --> Router Class Initialized
INFO - 2019-03-25 21:10:16 --> Output Class Initialized
INFO - 2019-03-25 21:10:16 --> Security Class Initialized
DEBUG - 2019-03-25 21:10:16 --> Global POST, GET and COOKIE data sanitized
INFO - 2019-03-25 21:10:16 --> Input Class Initialized
INFO - 2019-03-25 21:10:16 --> Language Class Initialized
INFO - 2019-03-25 21:10:16 --> Loader Class Initialized
INFO - 2019-03-25 21:10:16 --> Helper loaded: general_helper
INFO - 2019-03-25 21:10:16 --> Controller Class Initialized
ERROR - 2019-03-25 21:10:16 --> user_id1
INFO - 2019-03-25 21:10:16 --> Final output sent to browser
DEBUG - 2019-03-25 21:10:16 --> Total execution time: 0.0136
INFO - 2019-03-25 21:10:28 --> Config Class Initialized
INFO - 2019-03-25 21:10:28 --> Hooks Class Initialized
DEBUG - 2019-03-25 21:10:28 --> UTF-8 Support Enabled
INFO - 2019-03-25 21:10:28 --> Utf8 Class Initialized
INFO - 2019-03-25 21:10:28 --> URI Class Initialized
INFO - 2019-03-25 21:10:28 --> Router Class Initialized
INFO - 2019-03-25 21:10:28 --> Output Class Initialized
INFO - 2019-03-25 21:10:28 --> Security Class Initialized
DEBUG - 2019-03-25 21:10:28 --> Global POST, GET and COOKIE data sanitized
INFO - 2019-03-25 21:10:28 --> Input Class Initialized
INFO - 2019-03-25 21:10:28 --> Language Class Initialized
INFO - 2019-03-25 21:10:28 --> Loader Class Initialized
INFO - 2019-03-25 21:10:28 --> Helper loaded: general_helper
INFO - 2019-03-25 21:10:28 --> Controller Class Initialized
ERROR - 2019-03-25 21:10:28 --> user_id1
INFO - 2019-03-25 21:10:28 --> Final output sent to browser
DEBUG - 2019-03-25 21:10:28 --> Total execution time: 0.0101
INFO - 2019-03-25 21:10:31 --> Config Class Initialized
INFO - 2019-03-25 21:10:31 --> Hooks Class Initialized
DEBUG - 2019-03-25 21:10:31 --> UTF-8 Support Enabled
INFO - 2019-03-25 21:10:31 --> Utf8 Class Initialized
INFO - 2019-03-25 21:10:31 --> URI Class Initialized
INFO - 2019-03-25 21:10:31 --> Router Class Initialized
INFO - 2019-03-25 21:10:31 --> Output Class Initialized
INFO - 2019-03-25 21:10:31 --> Security Class Initialized
DEBUG - 2019-03-25 21:10:31 --> Global POST, GET and COOKIE data sanitized
INFO - 2019-03-25 21:10:31 --> Input Class Initialized
INFO - 2019-03-25 21:10:31 --> Language Class Initialized
INFO - 2019-03-25 21:10:31 --> Loader Class Initialized
INFO - 2019-03-25 21:10:31 --> Helper loaded: general_helper
INFO - 2019-03-25 21:10:31 --> Controller Class Initialized
ERROR - 2019-03-25 21:10:31 --> user_id1
INFO - 2019-03-25 21:10:31 --> Final output sent to browser
DEBUG - 2019-03-25 21:10:31 --> Total execution time: 0.0135
INFO - 2019-03-25 21:10:34 --> Config Class Initialized
INFO - 2019-03-25 21:10:34 --> Hooks Class Initialized
DEBUG - 2019-03-25 21:10:34 --> UTF-8 Support Enabled
INFO - 2019-03-25 21:10:34 --> Utf8 Class Initialized
INFO - 2019-03-25 21:10:34 --> URI Class Initialized
INFO - 2019-03-25 21:10:34 --> Router Class Initialized
INFO - 2019-03-25 21:10:34 --> Output Class Initialized
INFO - 2019-03-25 21:10:34 --> Security Class Initialized
DEBUG - 2019-03-25 21:10:34 --> Global POST, GET and COOKIE data sanitized
INFO - 2019-03-25 21:10:34 --> Input Class Initialized
INFO - 2019-03-25 21:10:34 --> Language Class Initialized
INFO - 2019-03-25 21:10:34 --> Loader Class Initialized
INFO - 2019-03-25 21:10:34 --> Helper loaded: general_helper
INFO - 2019-03-25 21:10:34 --> Controller Class Initialized
ERROR - 2019-03-25 21:10:34 --> user_id1
INFO - 2019-03-25 21:10:34 --> Final output sent to browser
DEBUG - 2019-03-25 21:10:34 --> Total execution time: 0.0154
INFO - 2019-03-25 21:10:37 --> Config Class Initialized
INFO - 2019-03-25 21:10:37 --> Hooks Class Initialized
DEBUG - 2019-03-25 21:10:37 --> UTF-8 Support Enabled
INFO - 2019-03-25 21:10:37 --> Utf8 Class Initialized
INFO - 2019-03-25 21:10:37 --> URI Class Initialized
INFO - 2019-03-25 21:10:37 --> Router Class Initialized
INFO - 2019-03-25 21:10:37 --> Output Class Initialized
INFO - 2019-03-25 21:10:37 --> Security Class Initialized
DEBUG - 2019-03-25 21:10:37 --> Global POST, GET and COOKIE data sanitized
INFO - 2019-03-25 21:10:37 --> Input Class Initialized
INFO - 2019-03-25 21:10:37 --> Language Class Initialized
INFO - 2019-03-25 21:10:37 --> Loader Class Initialized
INFO - 2019-03-25 21:10:37 --> Helper loaded: general_helper
INFO - 2019-03-25 21:10:37 --> Controller Class Initialized
ERROR - 2019-03-25 21:10:37 --> user_id1
INFO - 2019-03-25 21:10:37 --> Final output sent to browser
DEBUG - 2019-03-25 21:10:37 --> Total execution time: 0.0105
INFO - 2019-03-25 21:15:32 --> Config Class Initialized
INFO - 2019-03-25 21:15:32 --> Hooks Class Initialized
DEBUG - 2019-03-25 21:15:32 --> UTF-8 Support Enabled
INFO - 2019-03-25 21:15:32 --> Utf8 Class Initialized
INFO - 2019-03-25 21:15:32 --> URI Class Initialized
INFO - 2019-03-25 21:15:32 --> Router Class Initialized
INFO - 2019-03-25 21:15:32 --> Output Class Initialized
INFO - 2019-03-25 21:15:32 --> Security Class Initialized
DEBUG - 2019-03-25 21:15:32 --> Global POST, GET and COOKIE data sanitized
INFO - 2019-03-25 21:15:32 --> Input Class Initialized
INFO - 2019-03-25 21:15:32 --> Language Class Initialized
INFO - 2019-03-25 21:15:32 --> Loader Class Initialized
INFO - 2019-03-25 21:15:32 --> Helper loaded: general_helper
INFO - 2019-03-25 21:15:32 --> Controller Class Initialized
ERROR - 2019-03-25 21:15:32 --> user_id1
INFO - 2019-03-25 21:15:32 --> Final output sent to browser
DEBUG - 2019-03-25 21:15:32 --> Total execution time: 0.0099
INFO - 2019-03-25 21:17:50 --> Config Class Initialized
INFO - 2019-03-25 21:17:50 --> Hooks Class Initialized
DEBUG - 2019-03-25 21:17:50 --> UTF-8 Support Enabled
INFO - 2019-03-25 21:17:50 --> Utf8 Class Initialized
INFO - 2019-03-25 21:17:50 --> URI Class Initialized
INFO - 2019-03-25 21:17:50 --> Router Class Initialized
INFO - 2019-03-25 21:17:50 --> Output Class Initialized
INFO - 2019-03-25 21:17:50 --> Security Class Initialized
DEBUG - 2019-03-25 21:17:50 --> Global POST, GET and COOKIE data sanitized
INFO - 2019-03-25 21:17:50 --> Input Class Initialized
INFO - 2019-03-25 21:17:50 --> Language Class Initialized
INFO - 2019-03-25 21:17:50 --> Loader Class Initialized
INFO - 2019-03-25 21:17:50 --> Helper loaded: general_helper
INFO - 2019-03-25 21:17:50 --> Controller Class Initialized
ERROR - 2019-03-25 21:17:50 --> user_id1
INFO - 2019-03-25 21:17:50 --> Final output sent to browser
DEBUG - 2019-03-25 21:17:50 --> Total execution time: 0.0109
INFO - 2019-03-25 21:18:53 --> Config Class Initialized
INFO - 2019-03-25 21:18:53 --> Hooks Class Initialized
DEBUG - 2019-03-25 21:18:53 --> UTF-8 Support Enabled
INFO - 2019-03-25 21:18:53 --> Utf8 Class Initialized
INFO - 2019-03-25 21:18:53 --> URI Class Initialized
INFO - 2019-03-25 21:18:53 --> Router Class Initialized
INFO - 2019-03-25 21:18:53 --> Output Class Initialized
INFO - 2019-03-25 21:18:53 --> Security Class Initialized
DEBUG - 2019-03-25 21:18:53 --> Global POST, GET and COOKIE data sanitized
INFO - 2019-03-25 21:18:53 --> Input Class Initialized
INFO - 2019-03-25 21:18:53 --> Language Class Initialized
INFO - 2019-03-25 21:18:53 --> Loader Class Initialized
INFO - 2019-03-25 21:18:53 --> Helper loaded: general_helper
INFO - 2019-03-25 21:18:53 --> Controller Class Initialized
ERROR - 2019-03-25 21:18:53 --> userId1
ERROR - 2019-03-25 21:18:53 --> name培思国际
ERROR - 2019-03-25 21:18:53 --> logoUrlhttps://fe-1255989678.cos.ap-beijing.myqcloud.com/yanxue/1/1_%E5%BE%AE%E4%BF%A1%E5%9B%BE%E7%89%87_20180311095926.jpg
ERROR - 2019-03-25 21:18:53 --> logoVUrl
ERROR - 2019-03-25 21:18:53 --> tagline
ERROR - 2019-03-25 21:18:53 --> introduction<h2>I am Example A</h2>
ERROR - 2019-03-25 21:18:53 --> start_date2019-03-01
ERROR - 2019-03-25 21:18:53 --> end_date2046-01-01
ERROR - 2019-03-25 21:18:53 --> user_num_limit
ERROR - 2019-03-25 21:18:53 --> content[]
ERROR - 2019-03-25 21:18:53 --> group_id
ERROR - 2019-03-25 21:18:53 --> object(stdClass)#17 (1) {
  ["lastid"]=>
  string(1) "2"
}

INFO - 2019-03-25 21:18:53 --> Final output sent to browser
DEBUG - 2019-03-25 21:18:53 --> Total execution time: 0.0122
INFO - 2019-03-25 21:18:53 --> Config Class Initialized
INFO - 2019-03-25 21:18:53 --> Hooks Class Initialized
DEBUG - 2019-03-25 21:18:53 --> UTF-8 Support Enabled
INFO - 2019-03-25 21:18:53 --> Utf8 Class Initialized
INFO - 2019-03-25 21:18:53 --> URI Class Initialized
INFO - 2019-03-25 21:18:53 --> Router Class Initialized
INFO - 2019-03-25 21:18:53 --> Output Class Initialized
INFO - 2019-03-25 21:18:53 --> Security Class Initialized
DEBUG - 2019-03-25 21:18:53 --> Global POST, GET and COOKIE data sanitized
INFO - 2019-03-25 21:18:53 --> Input Class Initialized
INFO - 2019-03-25 21:18:53 --> Language Class Initialized
INFO - 2019-03-25 21:18:53 --> Loader Class Initialized
INFO - 2019-03-25 21:18:53 --> Helper loaded: general_helper
INFO - 2019-03-25 21:18:53 --> Controller Class Initialized
ERROR - 2019-03-25 21:18:53 --> user_id1
INFO - 2019-03-25 21:18:53 --> Final output sent to browser
DEBUG - 2019-03-25 21:18:53 --> Total execution time: 0.0107
INFO - 2019-03-25 21:24:13 --> Config Class Initialized
INFO - 2019-03-25 21:24:13 --> Hooks Class Initialized
DEBUG - 2019-03-25 21:24:13 --> UTF-8 Support Enabled
INFO - 2019-03-25 21:24:13 --> Utf8 Class Initialized
INFO - 2019-03-25 21:24:13 --> URI Class Initialized
INFO - 2019-03-25 21:24:13 --> Router Class Initialized
INFO - 2019-03-25 21:24:13 --> Output Class Initialized
INFO - 2019-03-25 21:24:13 --> Security Class Initialized
DEBUG - 2019-03-25 21:24:13 --> Global POST, GET and COOKIE data sanitized
INFO - 2019-03-25 21:24:13 --> Input Class Initialized
INFO - 2019-03-25 21:24:13 --> Language Class Initialized
INFO - 2019-03-25 21:24:13 --> Loader Class Initialized
INFO - 2019-03-25 21:24:13 --> Helper loaded: general_helper
INFO - 2019-03-25 21:24:13 --> Controller Class Initialized
ERROR - 2019-03-25 21:24:13 --> user_id1
INFO - 2019-03-25 21:24:13 --> Final output sent to browser
DEBUG - 2019-03-25 21:24:13 --> Total execution time: 0.0114
INFO - 2019-03-25 21:24:18 --> Config Class Initialized
INFO - 2019-03-25 21:24:18 --> Hooks Class Initialized
DEBUG - 2019-03-25 21:24:18 --> UTF-8 Support Enabled
INFO - 2019-03-25 21:24:18 --> Utf8 Class Initialized
INFO - 2019-03-25 21:24:18 --> URI Class Initialized
INFO - 2019-03-25 21:24:18 --> Router Class Initialized
INFO - 2019-03-25 21:24:18 --> Output Class Initialized
INFO - 2019-03-25 21:24:18 --> Security Class Initialized
DEBUG - 2019-03-25 21:24:18 --> Global POST, GET and COOKIE data sanitized
INFO - 2019-03-25 21:24:18 --> Input Class Initialized
INFO - 2019-03-25 21:24:18 --> Language Class Initialized
INFO - 2019-03-25 21:24:18 --> Loader Class Initialized
INFO - 2019-03-25 21:24:18 --> Helper loaded: general_helper
INFO - 2019-03-25 21:24:18 --> Controller Class Initialized
ERROR - 2019-03-25 21:24:18 --> user_id1
INFO - 2019-03-25 21:24:18 --> Final output sent to browser
DEBUG - 2019-03-25 21:24:18 --> Total execution time: 0.0104
INFO - 2019-03-25 21:24:21 --> Config Class Initialized
INFO - 2019-03-25 21:24:21 --> Hooks Class Initialized
DEBUG - 2019-03-25 21:24:21 --> UTF-8 Support Enabled
INFO - 2019-03-25 21:24:21 --> Utf8 Class Initialized
INFO - 2019-03-25 21:24:21 --> URI Class Initialized
INFO - 2019-03-25 21:24:21 --> Router Class Initialized
INFO - 2019-03-25 21:24:21 --> Output Class Initialized
INFO - 2019-03-25 21:24:21 --> Security Class Initialized
DEBUG - 2019-03-25 21:24:21 --> Global POST, GET and COOKIE data sanitized
INFO - 2019-03-25 21:24:21 --> Input Class Initialized
INFO - 2019-03-25 21:24:21 --> Language Class Initialized
INFO - 2019-03-25 21:24:21 --> Loader Class Initialized
INFO - 2019-03-25 21:24:21 --> Helper loaded: general_helper
INFO - 2019-03-25 21:24:21 --> Controller Class Initialized
ERROR - 2019-03-25 21:24:21 --> user_id1
INFO - 2019-03-25 21:24:21 --> Final output sent to browser
DEBUG - 2019-03-25 21:24:21 --> Total execution time: 0.0113
INFO - 2019-03-25 21:24:29 --> Config Class Initialized
INFO - 2019-03-25 21:24:29 --> Hooks Class Initialized
DEBUG - 2019-03-25 21:24:29 --> UTF-8 Support Enabled
INFO - 2019-03-25 21:24:29 --> Utf8 Class Initialized
INFO - 2019-03-25 21:24:29 --> URI Class Initialized
INFO - 2019-03-25 21:24:29 --> Router Class Initialized
INFO - 2019-03-25 21:24:29 --> Output Class Initialized
INFO - 2019-03-25 21:24:29 --> Security Class Initialized
DEBUG - 2019-03-25 21:24:29 --> Global POST, GET and COOKIE data sanitized
INFO - 2019-03-25 21:24:29 --> Input Class Initialized
INFO - 2019-03-25 21:24:29 --> Language Class Initialized
INFO - 2019-03-25 21:24:29 --> Loader Class Initialized
INFO - 2019-03-25 21:24:29 --> Helper loaded: general_helper
INFO - 2019-03-25 21:24:29 --> Controller Class Initialized
ERROR - 2019-03-25 21:24:29 --> user_id1
INFO - 2019-03-25 21:24:29 --> Final output sent to browser
DEBUG - 2019-03-25 21:24:29 --> Total execution time: 0.0104
INFO - 2019-03-25 21:24:51 --> Config Class Initialized
INFO - 2019-03-25 21:24:51 --> Hooks Class Initialized
DEBUG - 2019-03-25 21:24:51 --> UTF-8 Support Enabled
INFO - 2019-03-25 21:24:51 --> Utf8 Class Initialized
INFO - 2019-03-25 21:24:51 --> URI Class Initialized
INFO - 2019-03-25 21:24:51 --> Router Class Initialized
INFO - 2019-03-25 21:24:51 --> Output Class Initialized
INFO - 2019-03-25 21:24:51 --> Security Class Initialized
DEBUG - 2019-03-25 21:24:51 --> Global POST, GET and COOKIE data sanitized
INFO - 2019-03-25 21:24:51 --> Input Class Initialized
INFO - 2019-03-25 21:24:51 --> Language Class Initialized
INFO - 2019-03-25 21:24:51 --> Loader Class Initialized
INFO - 2019-03-25 21:24:51 --> Helper loaded: general_helper
INFO - 2019-03-25 21:24:51 --> Controller Class Initialized
ERROR - 2019-03-25 21:24:51 --> user_id1
INFO - 2019-03-25 21:24:51 --> Final output sent to browser
DEBUG - 2019-03-25 21:24:51 --> Total execution time: 0.0100
INFO - 2019-03-25 21:24:55 --> Config Class Initialized
INFO - 2019-03-25 21:24:55 --> Hooks Class Initialized
DEBUG - 2019-03-25 21:24:55 --> UTF-8 Support Enabled
INFO - 2019-03-25 21:24:55 --> Utf8 Class Initialized
INFO - 2019-03-25 21:24:55 --> URI Class Initialized
INFO - 2019-03-25 21:24:55 --> Router Class Initialized
INFO - 2019-03-25 21:24:55 --> Output Class Initialized
INFO - 2019-03-25 21:24:55 --> Security Class Initialized
DEBUG - 2019-03-25 21:24:55 --> Global POST, GET and COOKIE data sanitized
INFO - 2019-03-25 21:24:55 --> Input Class Initialized
INFO - 2019-03-25 21:24:55 --> Language Class Initialized
INFO - 2019-03-25 21:24:55 --> Loader Class Initialized
INFO - 2019-03-25 21:24:55 --> Helper loaded: general_helper
INFO - 2019-03-25 21:24:55 --> Controller Class Initialized
ERROR - 2019-03-25 21:24:55 --> user_id1
INFO - 2019-03-25 21:24:55 --> Final output sent to browser
DEBUG - 2019-03-25 21:24:55 --> Total execution time: 0.0110
INFO - 2019-03-25 21:25:49 --> Config Class Initialized
INFO - 2019-03-25 21:25:49 --> Hooks Class Initialized
DEBUG - 2019-03-25 21:25:49 --> UTF-8 Support Enabled
INFO - 2019-03-25 21:25:49 --> Utf8 Class Initialized
INFO - 2019-03-25 21:25:49 --> URI Class Initialized
INFO - 2019-03-25 21:25:49 --> Router Class Initialized
INFO - 2019-03-25 21:25:49 --> Output Class Initialized
INFO - 2019-03-25 21:25:49 --> Security Class Initialized
DEBUG - 2019-03-25 21:25:49 --> Global POST, GET and COOKIE data sanitized
INFO - 2019-03-25 21:25:49 --> Input Class Initialized
INFO - 2019-03-25 21:25:49 --> Language Class Initialized
INFO - 2019-03-25 21:25:49 --> Loader Class Initialized
INFO - 2019-03-25 21:25:49 --> Helper loaded: general_helper
INFO - 2019-03-25 21:25:49 --> Controller Class Initialized
ERROR - 2019-03-25 21:25:49 --> user_id1
INFO - 2019-03-25 21:25:49 --> Final output sent to browser
DEBUG - 2019-03-25 21:25:49 --> Total execution time: 0.0105
INFO - 2019-03-25 21:25:57 --> Config Class Initialized
INFO - 2019-03-25 21:25:57 --> Hooks Class Initialized
DEBUG - 2019-03-25 21:25:57 --> UTF-8 Support Enabled
INFO - 2019-03-25 21:25:57 --> Utf8 Class Initialized
INFO - 2019-03-25 21:25:57 --> URI Class Initialized
INFO - 2019-03-25 21:25:57 --> Router Class Initialized
INFO - 2019-03-25 21:25:57 --> Output Class Initialized
INFO - 2019-03-25 21:25:57 --> Security Class Initialized
DEBUG - 2019-03-25 21:25:57 --> Global POST, GET and COOKIE data sanitized
INFO - 2019-03-25 21:25:57 --> Input Class Initialized
INFO - 2019-03-25 21:25:57 --> Language Class Initialized
INFO - 2019-03-25 21:25:57 --> Loader Class Initialized
INFO - 2019-03-25 21:25:57 --> Helper loaded: general_helper
INFO - 2019-03-25 21:25:57 --> Controller Class Initialized
ERROR - 2019-03-25 21:25:57 --> user_id1
INFO - 2019-03-25 21:25:57 --> Final output sent to browser
DEBUG - 2019-03-25 21:25:57 --> Total execution time: 0.0118
INFO - 2019-03-25 21:25:59 --> Config Class Initialized
INFO - 2019-03-25 21:25:59 --> Hooks Class Initialized
DEBUG - 2019-03-25 21:25:59 --> UTF-8 Support Enabled
INFO - 2019-03-25 21:25:59 --> Utf8 Class Initialized
INFO - 2019-03-25 21:25:59 --> URI Class Initialized
INFO - 2019-03-25 21:25:59 --> Router Class Initialized
INFO - 2019-03-25 21:25:59 --> Output Class Initialized
INFO - 2019-03-25 21:25:59 --> Security Class Initialized
DEBUG - 2019-03-25 21:25:59 --> Global POST, GET and COOKIE data sanitized
INFO - 2019-03-25 21:25:59 --> Input Class Initialized
INFO - 2019-03-25 21:25:59 --> Language Class Initialized
INFO - 2019-03-25 21:25:59 --> Loader Class Initialized
INFO - 2019-03-25 21:25:59 --> Helper loaded: general_helper
INFO - 2019-03-25 21:25:59 --> Controller Class Initialized
ERROR - 2019-03-25 21:25:59 --> user_id1
INFO - 2019-03-25 21:25:59 --> Final output sent to browser
DEBUG - 2019-03-25 21:25:59 --> Total execution time: 0.0107
INFO - 2019-03-25 21:27:06 --> Config Class Initialized
INFO - 2019-03-25 21:27:06 --> Hooks Class Initialized
DEBUG - 2019-03-25 21:27:06 --> UTF-8 Support Enabled
INFO - 2019-03-25 21:27:06 --> Utf8 Class Initialized
INFO - 2019-03-25 21:27:06 --> URI Class Initialized
INFO - 2019-03-25 21:27:06 --> Router Class Initialized
INFO - 2019-03-25 21:27:06 --> Output Class Initialized
INFO - 2019-03-25 21:27:06 --> Security Class Initialized
DEBUG - 2019-03-25 21:27:06 --> Global POST, GET and COOKIE data sanitized
INFO - 2019-03-25 21:27:06 --> Input Class Initialized
INFO - 2019-03-25 21:27:06 --> Language Class Initialized
INFO - 2019-03-25 21:27:06 --> Loader Class Initialized
INFO - 2019-03-25 21:27:06 --> Helper loaded: general_helper
INFO - 2019-03-25 21:27:06 --> Controller Class Initialized
ERROR - 2019-03-25 21:27:06 --> user_id1
INFO - 2019-03-25 21:27:06 --> Final output sent to browser
DEBUG - 2019-03-25 21:27:06 --> Total execution time: 0.0107
INFO - 2019-03-25 21:27:10 --> Config Class Initialized
INFO - 2019-03-25 21:27:10 --> Hooks Class Initialized
DEBUG - 2019-03-25 21:27:10 --> UTF-8 Support Enabled
INFO - 2019-03-25 21:27:10 --> Utf8 Class Initialized
INFO - 2019-03-25 21:27:10 --> URI Class Initialized
INFO - 2019-03-25 21:27:10 --> Router Class Initialized
INFO - 2019-03-25 21:27:10 --> Output Class Initialized
INFO - 2019-03-25 21:27:10 --> Security Class Initialized
DEBUG - 2019-03-25 21:27:10 --> Global POST, GET and COOKIE data sanitized
INFO - 2019-03-25 21:27:10 --> Input Class Initialized
INFO - 2019-03-25 21:27:10 --> Language Class Initialized
INFO - 2019-03-25 21:27:10 --> Loader Class Initialized
INFO - 2019-03-25 21:27:10 --> Helper loaded: general_helper
INFO - 2019-03-25 21:27:10 --> Controller Class Initialized
ERROR - 2019-03-25 21:27:10 --> user_id1
INFO - 2019-03-25 21:27:10 --> Final output sent to browser
DEBUG - 2019-03-25 21:27:10 --> Total execution time: 0.0109
INFO - 2019-03-25 21:27:12 --> Config Class Initialized
INFO - 2019-03-25 21:27:12 --> Hooks Class Initialized
DEBUG - 2019-03-25 21:27:12 --> UTF-8 Support Enabled
INFO - 2019-03-25 21:27:12 --> Utf8 Class Initialized
INFO - 2019-03-25 21:27:12 --> URI Class Initialized
INFO - 2019-03-25 21:27:12 --> Router Class Initialized
INFO - 2019-03-25 21:27:12 --> Output Class Initialized
INFO - 2019-03-25 21:27:12 --> Security Class Initialized
DEBUG - 2019-03-25 21:27:12 --> Global POST, GET and COOKIE data sanitized
INFO - 2019-03-25 21:27:12 --> Input Class Initialized
INFO - 2019-03-25 21:27:12 --> Language Class Initialized
INFO - 2019-03-25 21:27:12 --> Loader Class Initialized
INFO - 2019-03-25 21:27:12 --> Helper loaded: general_helper
INFO - 2019-03-25 21:27:12 --> Controller Class Initialized
ERROR - 2019-03-25 21:27:12 --> user_id1
INFO - 2019-03-25 21:27:12 --> Final output sent to browser
DEBUG - 2019-03-25 21:27:12 --> Total execution time: 0.0110
INFO - 2019-03-25 21:27:15 --> Config Class Initialized
INFO - 2019-03-25 21:27:15 --> Hooks Class Initialized
DEBUG - 2019-03-25 21:27:15 --> UTF-8 Support Enabled
INFO - 2019-03-25 21:27:15 --> Utf8 Class Initialized
INFO - 2019-03-25 21:27:15 --> URI Class Initialized
INFO - 2019-03-25 21:27:15 --> Router Class Initialized
INFO - 2019-03-25 21:27:15 --> Output Class Initialized
INFO - 2019-03-25 21:27:15 --> Security Class Initialized
DEBUG - 2019-03-25 21:27:15 --> Global POST, GET and COOKIE data sanitized
INFO - 2019-03-25 21:27:15 --> Input Class Initialized
INFO - 2019-03-25 21:27:15 --> Language Class Initialized
INFO - 2019-03-25 21:27:15 --> Loader Class Initialized
INFO - 2019-03-25 21:27:15 --> Helper loaded: general_helper
INFO - 2019-03-25 21:27:15 --> Controller Class Initialized
ERROR - 2019-03-25 21:27:15 --> user_id1
INFO - 2019-03-25 21:27:15 --> Final output sent to browser
DEBUG - 2019-03-25 21:27:15 --> Total execution time: 0.0101
INFO - 2019-03-25 21:27:18 --> Config Class Initialized
INFO - 2019-03-25 21:27:18 --> Hooks Class Initialized
DEBUG - 2019-03-25 21:27:18 --> UTF-8 Support Enabled
INFO - 2019-03-25 21:27:18 --> Utf8 Class Initialized
INFO - 2019-03-25 21:27:18 --> URI Class Initialized
INFO - 2019-03-25 21:27:18 --> Router Class Initialized
INFO - 2019-03-25 21:27:18 --> Output Class Initialized
INFO - 2019-03-25 21:27:18 --> Security Class Initialized
DEBUG - 2019-03-25 21:27:18 --> Global POST, GET and COOKIE data sanitized
INFO - 2019-03-25 21:27:18 --> Input Class Initialized
INFO - 2019-03-25 21:27:18 --> Language Class Initialized
INFO - 2019-03-25 21:27:18 --> Loader Class Initialized
INFO - 2019-03-25 21:27:18 --> Helper loaded: general_helper
INFO - 2019-03-25 21:27:18 --> Controller Class Initialized
ERROR - 2019-03-25 21:27:18 --> user_id1
INFO - 2019-03-25 21:27:18 --> Final output sent to browser
DEBUG - 2019-03-25 21:27:18 --> Total execution time: 0.0123
INFO - 2019-03-25 21:27:21 --> Config Class Initialized
INFO - 2019-03-25 21:27:21 --> Hooks Class Initialized
DEBUG - 2019-03-25 21:27:21 --> UTF-8 Support Enabled
INFO - 2019-03-25 21:27:21 --> Utf8 Class Initialized
INFO - 2019-03-25 21:27:21 --> URI Class Initialized
INFO - 2019-03-25 21:27:21 --> Router Class Initialized
INFO - 2019-03-25 21:27:21 --> Output Class Initialized
INFO - 2019-03-25 21:27:21 --> Security Class Initialized
DEBUG - 2019-03-25 21:27:21 --> Global POST, GET and COOKIE data sanitized
INFO - 2019-03-25 21:27:21 --> Input Class Initialized
INFO - 2019-03-25 21:27:21 --> Language Class Initialized
INFO - 2019-03-25 21:27:21 --> Loader Class Initialized
INFO - 2019-03-25 21:27:21 --> Helper loaded: general_helper
INFO - 2019-03-25 21:27:21 --> Controller Class Initialized
ERROR - 2019-03-25 21:27:21 --> user_id1
INFO - 2019-03-25 21:27:21 --> Final output sent to browser
DEBUG - 2019-03-25 21:27:21 --> Total execution time: 0.0109
INFO - 2019-03-25 21:28:13 --> Config Class Initialized
INFO - 2019-03-25 21:28:13 --> Hooks Class Initialized
DEBUG - 2019-03-25 21:28:13 --> UTF-8 Support Enabled
INFO - 2019-03-25 21:28:13 --> Utf8 Class Initialized
INFO - 2019-03-25 21:28:13 --> URI Class Initialized
INFO - 2019-03-25 21:28:13 --> Router Class Initialized
INFO - 2019-03-25 21:28:13 --> Output Class Initialized
INFO - 2019-03-25 21:28:13 --> Security Class Initialized
DEBUG - 2019-03-25 21:28:13 --> Global POST, GET and COOKIE data sanitized
INFO - 2019-03-25 21:28:13 --> Input Class Initialized
INFO - 2019-03-25 21:28:13 --> Language Class Initialized
INFO - 2019-03-25 21:28:13 --> Loader Class Initialized
INFO - 2019-03-25 21:28:13 --> Helper loaded: general_helper
INFO - 2019-03-25 21:28:13 --> Controller Class Initialized
ERROR - 2019-03-25 21:28:13 --> userId1
ERROR - 2019-03-25 21:28:13 --> name培思国际
ERROR - 2019-03-25 21:28:13 --> logoUrlhttps://fe-1255989678.cos.ap-beijing.myqcloud.com/yanxue/1/1_%E5%BE%AE%E4%BF%A1%E5%9B%BE%E7%89%87_20180311095926.jpg
ERROR - 2019-03-25 21:28:13 --> logoVUrl
ERROR - 2019-03-25 21:28:13 --> tagline
ERROR - 2019-03-25 21:28:13 --> introduction<h2>I am Example A</h2>
ERROR - 2019-03-25 21:28:13 --> start_date2019-03-01
ERROR - 2019-03-25 21:28:13 --> end_date2056-01-01
ERROR - 2019-03-25 21:28:13 --> user_num_limit
ERROR - 2019-03-25 21:28:13 --> content[]
ERROR - 2019-03-25 21:28:13 --> group_id
ERROR - 2019-03-25 21:28:13 --> object(stdClass)#17 (1) {
  ["lastid"]=>
  string(1) "1"
}

INFO - 2019-03-25 21:28:13 --> Final output sent to browser
DEBUG - 2019-03-25 21:28:13 --> Total execution time: 0.0122
INFO - 2019-03-25 21:28:14 --> Config Class Initialized
INFO - 2019-03-25 21:28:14 --> Hooks Class Initialized
DEBUG - 2019-03-25 21:28:14 --> UTF-8 Support Enabled
INFO - 2019-03-25 21:28:14 --> Utf8 Class Initialized
INFO - 2019-03-25 21:28:14 --> URI Class Initialized
INFO - 2019-03-25 21:28:14 --> Router Class Initialized
INFO - 2019-03-25 21:28:14 --> Output Class Initialized
INFO - 2019-03-25 21:28:14 --> Security Class Initialized
DEBUG - 2019-03-25 21:28:14 --> Global POST, GET and COOKIE data sanitized
INFO - 2019-03-25 21:28:14 --> Input Class Initialized
INFO - 2019-03-25 21:28:14 --> Language Class Initialized
INFO - 2019-03-25 21:28:14 --> Loader Class Initialized
INFO - 2019-03-25 21:28:14 --> Helper loaded: general_helper
INFO - 2019-03-25 21:28:14 --> Controller Class Initialized
ERROR - 2019-03-25 21:28:14 --> user_id1
INFO - 2019-03-25 21:28:14 --> Final output sent to browser
DEBUG - 2019-03-25 21:28:14 --> Total execution time: 0.0354
INFO - 2019-03-25 21:28:24 --> Config Class Initialized
INFO - 2019-03-25 21:28:24 --> Hooks Class Initialized
DEBUG - 2019-03-25 21:28:24 --> UTF-8 Support Enabled
INFO - 2019-03-25 21:28:24 --> Utf8 Class Initialized
INFO - 2019-03-25 21:28:24 --> URI Class Initialized
INFO - 2019-03-25 21:28:24 --> Router Class Initialized
INFO - 2019-03-25 21:28:24 --> Output Class Initialized
INFO - 2019-03-25 21:28:24 --> Security Class Initialized
DEBUG - 2019-03-25 21:28:24 --> Global POST, GET and COOKIE data sanitized
INFO - 2019-03-25 21:28:24 --> Input Class Initialized
INFO - 2019-03-25 21:28:24 --> Language Class Initialized
INFO - 2019-03-25 21:28:24 --> Loader Class Initialized
INFO - 2019-03-25 21:28:24 --> Helper loaded: general_helper
INFO - 2019-03-25 21:28:24 --> Controller Class Initialized
ERROR - 2019-03-25 21:28:24 --> user_id1
INFO - 2019-03-25 21:28:24 --> Final output sent to browser
DEBUG - 2019-03-25 21:28:24 --> Total execution time: 0.0140
INFO - 2019-03-25 21:28:28 --> Config Class Initialized
INFO - 2019-03-25 21:28:28 --> Hooks Class Initialized
DEBUG - 2019-03-25 21:28:28 --> UTF-8 Support Enabled
INFO - 2019-03-25 21:28:28 --> Utf8 Class Initialized
INFO - 2019-03-25 21:28:28 --> URI Class Initialized
INFO - 2019-03-25 21:28:28 --> Router Class Initialized
INFO - 2019-03-25 21:28:28 --> Output Class Initialized
INFO - 2019-03-25 21:28:28 --> Security Class Initialized
DEBUG - 2019-03-25 21:28:28 --> Global POST, GET and COOKIE data sanitized
INFO - 2019-03-25 21:28:28 --> Input Class Initialized
INFO - 2019-03-25 21:28:28 --> Language Class Initialized
INFO - 2019-03-25 21:28:28 --> Loader Class Initialized
INFO - 2019-03-25 21:28:28 --> Helper loaded: general_helper
INFO - 2019-03-25 21:28:28 --> Controller Class Initialized
ERROR - 2019-03-25 21:28:28 --> user_id1
INFO - 2019-03-25 21:28:28 --> Final output sent to browser
DEBUG - 2019-03-25 21:28:28 --> Total execution time: 0.0103
INFO - 2019-03-25 21:42:55 --> Config Class Initialized
INFO - 2019-03-25 21:42:55 --> Hooks Class Initialized
DEBUG - 2019-03-25 21:42:55 --> UTF-8 Support Enabled
INFO - 2019-03-25 21:42:55 --> Utf8 Class Initialized
INFO - 2019-03-25 21:42:55 --> URI Class Initialized
INFO - 2019-03-25 21:42:55 --> Router Class Initialized
INFO - 2019-03-25 21:42:55 --> Output Class Initialized
INFO - 2019-03-25 21:42:55 --> Security Class Initialized
DEBUG - 2019-03-25 21:42:55 --> Global POST, GET and COOKIE data sanitized
INFO - 2019-03-25 21:42:55 --> Input Class Initialized
INFO - 2019-03-25 21:42:55 --> Language Class Initialized
INFO - 2019-03-25 21:42:55 --> Loader Class Initialized
INFO - 2019-03-25 21:42:55 --> Helper loaded: general_helper
INFO - 2019-03-25 21:42:55 --> Controller Class Initialized
ERROR - 2019-03-25 21:42:55 --> user_id1
INFO - 2019-03-25 21:42:55 --> Final output sent to browser
DEBUG - 2019-03-25 21:42:55 --> Total execution time: 0.0107
INFO - 2019-03-25 21:43:57 --> Config Class Initialized
INFO - 2019-03-25 21:43:57 --> Hooks Class Initialized
DEBUG - 2019-03-25 21:43:57 --> UTF-8 Support Enabled
INFO - 2019-03-25 21:43:57 --> Utf8 Class Initialized
INFO - 2019-03-25 21:43:57 --> URI Class Initialized
INFO - 2019-03-25 21:43:57 --> Router Class Initialized
INFO - 2019-03-25 21:43:57 --> Output Class Initialized
INFO - 2019-03-25 21:43:57 --> Security Class Initialized
DEBUG - 2019-03-25 21:43:57 --> Global POST, GET and COOKIE data sanitized
INFO - 2019-03-25 21:43:57 --> Input Class Initialized
INFO - 2019-03-25 21:43:57 --> Language Class Initialized
INFO - 2019-03-25 21:43:57 --> Loader Class Initialized
INFO - 2019-03-25 21:43:57 --> Helper loaded: general_helper
INFO - 2019-03-25 21:43:57 --> Controller Class Initialized
ERROR - 2019-03-25 21:43:57 --> userId1
ERROR - 2019-03-25 21:43:57 --> name公司合作
ERROR - 2019-03-25 21:43:57 --> logoUrlhttps://fe-1255989678.cos.ap-beijing.myqcloud.com/yanxue/1/1_newconcept1.png
ERROR - 2019-03-25 21:43:57 --> logoVUrl
ERROR - 2019-03-25 21:43:57 --> tagline１２３
ERROR - 2019-03-25 21:43:57 --> introduction<h2>I am Example A</h2>
ERROR - 2019-03-25 21:43:57 --> start_date2019-03-01
ERROR - 2019-03-25 21:43:57 --> end_date2019-03-06
ERROR - 2019-03-25 21:43:57 --> user_num_limit
ERROR - 2019-03-25 21:43:57 --> content[{"type":"txt","content":"<p>合作</p>"}]
ERROR - 2019-03-25 21:43:57 --> group_id
ERROR - 2019-03-25 21:43:57 --> object(stdClass)#17 (1) {
  ["lastid"]=>
  string(1) "1"
}

INFO - 2019-03-25 21:43:57 --> Final output sent to browser
DEBUG - 2019-03-25 21:43:57 --> Total execution time: 0.0112
INFO - 2019-03-25 21:43:57 --> Config Class Initialized
INFO - 2019-03-25 21:43:57 --> Hooks Class Initialized
DEBUG - 2019-03-25 21:43:57 --> UTF-8 Support Enabled
INFO - 2019-03-25 21:43:57 --> Utf8 Class Initialized
INFO - 2019-03-25 21:43:57 --> URI Class Initialized
INFO - 2019-03-25 21:43:57 --> Router Class Initialized
INFO - 2019-03-25 21:43:57 --> Output Class Initialized
INFO - 2019-03-25 21:43:57 --> Security Class Initialized
DEBUG - 2019-03-25 21:43:57 --> Global POST, GET and COOKIE data sanitized
INFO - 2019-03-25 21:43:57 --> Input Class Initialized
INFO - 2019-03-25 21:43:57 --> Language Class Initialized
INFO - 2019-03-25 21:43:57 --> Loader Class Initialized
INFO - 2019-03-25 21:43:57 --> Helper loaded: general_helper
INFO - 2019-03-25 21:43:57 --> Controller Class Initialized
ERROR - 2019-03-25 21:43:57 --> user_id1
INFO - 2019-03-25 21:43:57 --> Final output sent to browser
DEBUG - 2019-03-25 21:43:57 --> Total execution time: 0.0115
INFO - 2019-03-25 21:44:04 --> Config Class Initialized
INFO - 2019-03-25 21:44:04 --> Hooks Class Initialized
DEBUG - 2019-03-25 21:44:04 --> UTF-8 Support Enabled
INFO - 2019-03-25 21:44:04 --> Utf8 Class Initialized
INFO - 2019-03-25 21:44:04 --> URI Class Initialized
INFO - 2019-03-25 21:44:04 --> Router Class Initialized
INFO - 2019-03-25 21:44:04 --> Output Class Initialized
INFO - 2019-03-25 21:44:04 --> Security Class Initialized
DEBUG - 2019-03-25 21:44:04 --> Global POST, GET and COOKIE data sanitized
INFO - 2019-03-25 21:44:04 --> Input Class Initialized
INFO - 2019-03-25 21:44:04 --> Language Class Initialized
INFO - 2019-03-25 21:44:04 --> Loader Class Initialized
INFO - 2019-03-25 21:44:04 --> Helper loaded: general_helper
INFO - 2019-03-25 21:44:04 --> Controller Class Initialized
ERROR - 2019-03-25 21:44:04 --> user_id1
INFO - 2019-03-25 21:44:04 --> Final output sent to browser
DEBUG - 2019-03-25 21:44:04 --> Total execution time: 0.0125
INFO - 2019-03-25 21:44:17 --> Config Class Initialized
INFO - 2019-03-25 21:44:17 --> Hooks Class Initialized
DEBUG - 2019-03-25 21:44:17 --> UTF-8 Support Enabled
INFO - 2019-03-25 21:44:17 --> Utf8 Class Initialized
INFO - 2019-03-25 21:44:17 --> URI Class Initialized
INFO - 2019-03-25 21:44:17 --> Router Class Initialized
INFO - 2019-03-25 21:44:17 --> Output Class Initialized
INFO - 2019-03-25 21:44:17 --> Security Class Initialized
DEBUG - 2019-03-25 21:44:17 --> Global POST, GET and COOKIE data sanitized
INFO - 2019-03-25 21:44:17 --> Input Class Initialized
INFO - 2019-03-25 21:44:17 --> Language Class Initialized
INFO - 2019-03-25 21:44:17 --> Loader Class Initialized
INFO - 2019-03-25 21:44:17 --> Helper loaded: general_helper
INFO - 2019-03-25 21:44:17 --> Controller Class Initialized
ERROR - 2019-03-25 21:44:17 --> id1
ERROR - 2019-03-25 21:44:17 --> userId1
ERROR - 2019-03-25 21:44:17 --> name公司合作
ERROR - 2019-03-25 21:44:17 --> logoUrlhttps://fe-1255989678.cos.ap-beijing.myqcloud.com/yanxue/1/1_newconcept1.png
ERROR - 2019-03-25 21:44:17 --> logoVUrl
ERROR - 2019-03-25 21:44:17 --> tagline合作共赢
ERROR - 2019-03-25 21:44:17 --> introduction<h2>I am Example A</h2>
ERROR - 2019-03-25 21:44:17 --> start_date2019-03-01
ERROR - 2019-03-25 21:44:17 --> end_date2019-03-06
ERROR - 2019-03-25 21:44:17 --> user_num_limit0
ERROR - 2019-03-25 21:44:17 --> content[{"type":"txt","content":"<p>合作</p>"}]
ERROR - 2019-03-25 21:44:17 --> group_id0
ERROR - 2019-03-25 21:44:17 --> res1
INFO - 2019-03-25 21:44:17 --> Final output sent to browser
DEBUG - 2019-03-25 21:44:17 --> Total execution time: 0.0117
INFO - 2019-03-25 21:44:18 --> Config Class Initialized
INFO - 2019-03-25 21:44:18 --> Hooks Class Initialized
DEBUG - 2019-03-25 21:44:18 --> UTF-8 Support Enabled
INFO - 2019-03-25 21:44:18 --> Utf8 Class Initialized
INFO - 2019-03-25 21:44:18 --> URI Class Initialized
INFO - 2019-03-25 21:44:18 --> Router Class Initialized
INFO - 2019-03-25 21:44:18 --> Output Class Initialized
INFO - 2019-03-25 21:44:18 --> Security Class Initialized
DEBUG - 2019-03-25 21:44:18 --> Global POST, GET and COOKIE data sanitized
INFO - 2019-03-25 21:44:18 --> Input Class Initialized
INFO - 2019-03-25 21:44:18 --> Language Class Initialized
INFO - 2019-03-25 21:44:18 --> Loader Class Initialized
INFO - 2019-03-25 21:44:18 --> Helper loaded: general_helper
INFO - 2019-03-25 21:44:18 --> Controller Class Initialized
ERROR - 2019-03-25 21:44:18 --> user_id1
INFO - 2019-03-25 21:44:18 --> Final output sent to browser
DEBUG - 2019-03-25 21:44:18 --> Total execution time: 0.0105
INFO - 2019-03-25 22:00:46 --> Config Class Initialized
INFO - 2019-03-25 22:00:46 --> Hooks Class Initialized
DEBUG - 2019-03-25 22:00:46 --> UTF-8 Support Enabled
INFO - 2019-03-25 22:00:46 --> Utf8 Class Initialized
INFO - 2019-03-25 22:00:46 --> URI Class Initialized
INFO - 2019-03-25 22:00:46 --> Router Class Initialized
INFO - 2019-03-25 22:00:46 --> Output Class Initialized
INFO - 2019-03-25 22:00:46 --> Security Class Initialized
DEBUG - 2019-03-25 22:00:46 --> Global POST, GET and COOKIE data sanitized
INFO - 2019-03-25 22:00:46 --> Input Class Initialized
INFO - 2019-03-25 22:00:46 --> Language Class Initialized
INFO - 2019-03-25 22:00:46 --> Loader Class Initialized
INFO - 2019-03-25 22:00:46 --> Helper loaded: general_helper
INFO - 2019-03-25 22:00:46 --> Controller Class Initialized
ERROR - 2019-03-25 22:00:46 --> user_id2
ERROR - 2019-03-25 22:00:46 --> passwordc0848b126c09ef13e900a1b3c29858f8
ERROR - 2019-03-25 22:00:46 --> user passwordc0848b126c09ef13e900a1b3c29858f8
INFO - 2019-03-25 22:00:46 --> Final output sent to browser
DEBUG - 2019-03-25 22:00:46 --> Total execution time: 0.0104
INFO - 2019-03-25 22:02:57 --> Config Class Initialized
INFO - 2019-03-25 22:02:57 --> Hooks Class Initialized
DEBUG - 2019-03-25 22:02:57 --> UTF-8 Support Enabled
INFO - 2019-03-25 22:02:57 --> Utf8 Class Initialized
INFO - 2019-03-25 22:02:57 --> URI Class Initialized
INFO - 2019-03-25 22:02:57 --> Router Class Initialized
INFO - 2019-03-25 22:02:57 --> Output Class Initialized
INFO - 2019-03-25 22:02:57 --> Security Class Initialized
DEBUG - 2019-03-25 22:02:57 --> Global POST, GET and COOKIE data sanitized
INFO - 2019-03-25 22:02:57 --> Input Class Initialized
INFO - 2019-03-25 22:02:57 --> Language Class Initialized
INFO - 2019-03-25 22:02:57 --> Loader Class Initialized
INFO - 2019-03-25 22:02:57 --> Helper loaded: general_helper
INFO - 2019-03-25 22:02:57 --> Controller Class Initialized
ERROR - 2019-03-25 22:02:57 --> user_id2
INFO - 2019-03-25 22:02:57 --> Final output sent to browser
DEBUG - 2019-03-25 22:02:57 --> Total execution time: 0.0110
INFO - 2019-03-25 22:03:03 --> Config Class Initialized
INFO - 2019-03-25 22:03:03 --> Hooks Class Initialized
DEBUG - 2019-03-25 22:03:03 --> UTF-8 Support Enabled
INFO - 2019-03-25 22:03:03 --> Utf8 Class Initialized
INFO - 2019-03-25 22:03:03 --> URI Class Initialized
INFO - 2019-03-25 22:03:03 --> Router Class Initialized
INFO - 2019-03-25 22:03:03 --> Output Class Initialized
INFO - 2019-03-25 22:03:03 --> Security Class Initialized
DEBUG - 2019-03-25 22:03:03 --> Global POST, GET and COOKIE data sanitized
INFO - 2019-03-25 22:03:03 --> Input Class Initialized
INFO - 2019-03-25 22:03:03 --> Language Class Initialized
INFO - 2019-03-25 22:03:03 --> Loader Class Initialized
INFO - 2019-03-25 22:03:03 --> Helper loaded: general_helper
INFO - 2019-03-25 22:03:03 --> Controller Class Initialized
ERROR - 2019-03-25 22:03:03 --> user_id2
INFO - 2019-03-25 22:03:03 --> Final output sent to browser
DEBUG - 2019-03-25 22:03:03 --> Total execution time: 0.0111
INFO - 2019-03-25 22:03:22 --> Config Class Initialized
INFO - 2019-03-25 22:03:22 --> Hooks Class Initialized
DEBUG - 2019-03-25 22:03:22 --> UTF-8 Support Enabled
INFO - 2019-03-25 22:03:22 --> Utf8 Class Initialized
INFO - 2019-03-25 22:03:22 --> URI Class Initialized
INFO - 2019-03-25 22:03:22 --> Router Class Initialized
INFO - 2019-03-25 22:03:22 --> Output Class Initialized
INFO - 2019-03-25 22:03:22 --> Security Class Initialized
DEBUG - 2019-03-25 22:03:22 --> Global POST, GET and COOKIE data sanitized
INFO - 2019-03-25 22:03:22 --> Input Class Initialized
INFO - 2019-03-25 22:03:22 --> Language Class Initialized
INFO - 2019-03-25 22:03:22 --> Loader Class Initialized
INFO - 2019-03-25 22:03:22 --> Helper loaded: general_helper
INFO - 2019-03-25 22:03:22 --> Controller Class Initialized
ERROR - 2019-03-25 22:03:22 --> user_id2
INFO - 2019-03-25 22:03:22 --> Final output sent to browser
DEBUG - 2019-03-25 22:03:22 --> Total execution time: 0.0103
INFO - 2019-03-25 22:03:26 --> Config Class Initialized
INFO - 2019-03-25 22:03:26 --> Hooks Class Initialized
DEBUG - 2019-03-25 22:03:26 --> UTF-8 Support Enabled
INFO - 2019-03-25 22:03:26 --> Utf8 Class Initialized
INFO - 2019-03-25 22:03:26 --> URI Class Initialized
INFO - 2019-03-25 22:03:26 --> Router Class Initialized
INFO - 2019-03-25 22:03:26 --> Output Class Initialized
INFO - 2019-03-25 22:03:26 --> Security Class Initialized
DEBUG - 2019-03-25 22:03:26 --> Global POST, GET and COOKIE data sanitized
INFO - 2019-03-25 22:03:26 --> Input Class Initialized
INFO - 2019-03-25 22:03:26 --> Language Class Initialized
INFO - 2019-03-25 22:03:26 --> Loader Class Initialized
INFO - 2019-03-25 22:03:26 --> Helper loaded: general_helper
INFO - 2019-03-25 22:03:26 --> Controller Class Initialized
ERROR - 2019-03-25 22:03:26 --> user_id2
INFO - 2019-03-25 22:03:26 --> Final output sent to browser
DEBUG - 2019-03-25 22:03:26 --> Total execution time: 0.0174
INFO - 2019-03-25 22:03:52 --> Config Class Initialized
INFO - 2019-03-25 22:03:52 --> Hooks Class Initialized
DEBUG - 2019-03-25 22:03:52 --> UTF-8 Support Enabled
INFO - 2019-03-25 22:03:52 --> Utf8 Class Initialized
INFO - 2019-03-25 22:03:52 --> URI Class Initialized
INFO - 2019-03-25 22:03:52 --> Router Class Initialized
INFO - 2019-03-25 22:03:52 --> Output Class Initialized
INFO - 2019-03-25 22:03:52 --> Security Class Initialized
DEBUG - 2019-03-25 22:03:52 --> Global POST, GET and COOKIE data sanitized
INFO - 2019-03-25 22:03:52 --> Input Class Initialized
INFO - 2019-03-25 22:03:52 --> Language Class Initialized
INFO - 2019-03-25 22:03:52 --> Loader Class Initialized
INFO - 2019-03-25 22:03:52 --> Helper loaded: general_helper
INFO - 2019-03-25 22:03:52 --> Controller Class Initialized
ERROR - 2019-03-25 22:03:52 --> user_id2
INFO - 2019-03-25 22:03:52 --> Final output sent to browser
DEBUG - 2019-03-25 22:03:52 --> Total execution time: 0.0101
