INFO - 2019-04-16 19:08:47 --> Config Class Initialized
INFO - 2019-04-16 19:08:47 --> Hooks Class Initialized
DEBUG - 2019-04-16 19:08:47 --> UTF-8 Support Enabled
INFO - 2019-04-16 19:08:47 --> Utf8 Class Initialized
INFO - 2019-04-16 19:08:47 --> URI Class Initialized
INFO - 2019-04-16 19:08:47 --> Router Class Initialized
INFO - 2019-04-16 19:08:47 --> Output Class Initialized
INFO - 2019-04-16 19:08:47 --> Security Class Initialized
DEBUG - 2019-04-16 19:08:47 --> Global POST, GET and COOKIE data sanitized
INFO - 2019-04-16 19:08:47 --> Input Class Initialized
INFO - 2019-04-16 19:08:47 --> Language Class Initialized
INFO - 2019-04-16 19:08:47 --> Loader Class Initialized
INFO - 2019-04-16 19:08:47 --> Helper loaded: general_helper
INFO - 2019-04-16 19:08:47 --> Controller Class Initialized
INFO - 2019-04-16 19:08:47 --> Final output sent to browser
DEBUG - 2019-04-16 19:08:47 --> Total execution time: 0.4091
INFO - 2019-04-16 19:08:47 --> Config Class Initialized
INFO - 2019-04-16 19:08:47 --> Hooks Class Initialized
DEBUG - 2019-04-16 19:08:47 --> UTF-8 Support Enabled
INFO - 2019-04-16 19:08:47 --> Utf8 Class Initialized
INFO - 2019-04-16 19:08:47 --> URI Class Initialized
INFO - 2019-04-16 19:08:47 --> Router Class Initialized
INFO - 2019-04-16 19:08:47 --> Output Class Initialized
INFO - 2019-04-16 19:08:47 --> Security Class Initialized
DEBUG - 2019-04-16 19:08:47 --> Global POST, GET and COOKIE data sanitized
INFO - 2019-04-16 19:08:47 --> Input Class Initialized
INFO - 2019-04-16 19:08:47 --> Language Class Initialized
INFO - 2019-04-16 19:08:47 --> Loader Class Initialized
INFO - 2019-04-16 19:08:47 --> Helper loaded: general_helper
INFO - 2019-04-16 19:08:47 --> Controller Class Initialized
INFO - 2019-04-16 19:08:47 --> Final output sent to browser
DEBUG - 2019-04-16 19:08:47 --> Total execution time: 0.0171
INFO - 2019-04-16 19:08:48 --> Config Class Initialized
INFO - 2019-04-16 19:08:48 --> Hooks Class Initialized
DEBUG - 2019-04-16 19:08:48 --> UTF-8 Support Enabled
INFO - 2019-04-16 19:08:48 --> Utf8 Class Initialized
INFO - 2019-04-16 19:08:48 --> URI Class Initialized
INFO - 2019-04-16 19:08:48 --> Router Class Initialized
INFO - 2019-04-16 19:08:48 --> Output Class Initialized
INFO - 2019-04-16 19:08:48 --> Security Class Initialized
DEBUG - 2019-04-16 19:08:48 --> Global POST, GET and COOKIE data sanitized
INFO - 2019-04-16 19:08:48 --> Input Class Initialized
INFO - 2019-04-16 19:08:48 --> Language Class Initialized
INFO - 2019-04-16 19:08:48 --> Loader Class Initialized
INFO - 2019-04-16 19:08:48 --> Helper loaded: general_helper
INFO - 2019-04-16 19:08:48 --> Controller Class Initialized
INFO - 2019-04-16 19:08:48 --> Final output sent to browser
DEBUG - 2019-04-16 19:08:48 --> Total execution time: 0.0152
INFO - 2019-04-16 19:08:48 --> Config Class Initialized
INFO - 2019-04-16 19:08:48 --> Hooks Class Initialized
DEBUG - 2019-04-16 19:08:48 --> UTF-8 Support Enabled
INFO - 2019-04-16 19:08:48 --> Utf8 Class Initialized
INFO - 2019-04-16 19:08:48 --> URI Class Initialized
INFO - 2019-04-16 19:08:48 --> Router Class Initialized
INFO - 2019-04-16 19:08:48 --> Output Class Initialized
INFO - 2019-04-16 19:08:48 --> Security Class Initialized
DEBUG - 2019-04-16 19:08:48 --> Global POST, GET and COOKIE data sanitized
INFO - 2019-04-16 19:08:48 --> Input Class Initialized
INFO - 2019-04-16 19:08:48 --> Language Class Initialized
INFO - 2019-04-16 19:08:48 --> Loader Class Initialized
INFO - 2019-04-16 19:08:48 --> Helper loaded: general_helper
INFO - 2019-04-16 19:08:48 --> Controller Class Initialized
INFO - 2019-04-16 19:08:48 --> Final output sent to browser
DEBUG - 2019-04-16 19:08:48 --> Total execution time: 0.0299
INFO - 2019-04-16 19:08:48 --> Config Class Initialized
INFO - 2019-04-16 19:08:48 --> Hooks Class Initialized
DEBUG - 2019-04-16 19:08:48 --> UTF-8 Support Enabled
INFO - 2019-04-16 19:08:48 --> Utf8 Class Initialized
INFO - 2019-04-16 19:08:48 --> URI Class Initialized
INFO - 2019-04-16 19:08:48 --> Router Class Initialized
INFO - 2019-04-16 19:08:48 --> Output Class Initialized
INFO - 2019-04-16 19:08:48 --> Security Class Initialized
DEBUG - 2019-04-16 19:08:48 --> Global POST, GET and COOKIE data sanitized
INFO - 2019-04-16 19:08:48 --> Input Class Initialized
INFO - 2019-04-16 19:08:48 --> Language Class Initialized
INFO - 2019-04-16 19:08:48 --> Loader Class Initialized
INFO - 2019-04-16 19:08:48 --> Helper loaded: general_helper
INFO - 2019-04-16 19:08:48 --> Controller Class Initialized
INFO - 2019-04-16 19:08:48 --> Final output sent to browser
DEBUG - 2019-04-16 19:08:48 --> Total execution time: 0.0176
INFO - 2019-04-16 19:08:48 --> Config Class Initialized
INFO - 2019-04-16 19:08:48 --> Hooks Class Initialized
DEBUG - 2019-04-16 19:08:48 --> UTF-8 Support Enabled
INFO - 2019-04-16 19:08:48 --> Utf8 Class Initialized
INFO - 2019-04-16 19:08:48 --> URI Class Initialized
INFO - 2019-04-16 19:08:48 --> Router Class Initialized
INFO - 2019-04-16 19:08:48 --> Output Class Initialized
INFO - 2019-04-16 19:08:48 --> Security Class Initialized
DEBUG - 2019-04-16 19:08:48 --> Global POST, GET and COOKIE data sanitized
INFO - 2019-04-16 19:08:48 --> Input Class Initialized
INFO - 2019-04-16 19:08:48 --> Language Class Initialized
INFO - 2019-04-16 19:08:48 --> Loader Class Initialized
INFO - 2019-04-16 19:08:48 --> Helper loaded: general_helper
INFO - 2019-04-16 19:08:48 --> Controller Class Initialized
ERROR - 2019-04-16 19:08:48 --> array(0) {
}

INFO - 2019-04-16 19:08:48 --> Final output sent to browser
DEBUG - 2019-04-16 19:08:48 --> Total execution time: 0.0158
INFO - 2019-04-16 19:08:48 --> Config Class Initialized
INFO - 2019-04-16 19:08:48 --> Hooks Class Initialized
DEBUG - 2019-04-16 19:08:48 --> UTF-8 Support Enabled
INFO - 2019-04-16 19:08:48 --> Utf8 Class Initialized
INFO - 2019-04-16 19:08:48 --> URI Class Initialized
INFO - 2019-04-16 19:08:48 --> Router Class Initialized
INFO - 2019-04-16 19:08:48 --> Output Class Initialized
INFO - 2019-04-16 19:08:48 --> Security Class Initialized
DEBUG - 2019-04-16 19:08:48 --> Global POST, GET and COOKIE data sanitized
INFO - 2019-04-16 19:08:48 --> Input Class Initialized
INFO - 2019-04-16 19:08:48 --> Language Class Initialized
INFO - 2019-04-16 19:08:48 --> Loader Class Initialized
INFO - 2019-04-16 19:08:48 --> Helper loaded: general_helper
INFO - 2019-04-16 19:08:48 --> Controller Class Initialized
ERROR - 2019-04-16 19:08:48 --> array(3) {
  [0]=>
  object(stdClass)#16 (2) {
    ["activity_id"]=>
    string(1) "1"
    ["user_num"]=>
    string(1) "1"
  }
  [1]=>
  object(stdClass)#18 (2) {
    ["activity_id"]=>
    string(1) "2"
    ["user_num"]=>
    string(1) "3"
  }
  [2]=>
  object(stdClass)#19 (2) {
    ["activity_id"]=>
    string(1) "3"
    ["user_num"]=>
    string(1) "1"
  }
}

INFO - 2019-04-16 19:08:48 --> Final output sent to browser
DEBUG - 2019-04-16 19:08:48 --> Total execution time: 0.0150
INFO - 2019-04-16 23:23:37 --> Config Class Initialized
INFO - 2019-04-16 23:23:37 --> Hooks Class Initialized
DEBUG - 2019-04-16 23:23:37 --> UTF-8 Support Enabled
INFO - 2019-04-16 23:23:37 --> Utf8 Class Initialized
INFO - 2019-04-16 23:23:37 --> URI Class Initialized
INFO - 2019-04-16 23:23:37 --> Router Class Initialized
INFO - 2019-04-16 23:23:37 --> Output Class Initialized
INFO - 2019-04-16 23:23:37 --> Security Class Initialized
DEBUG - 2019-04-16 23:23:37 --> Global POST, GET and COOKIE data sanitized
INFO - 2019-04-16 23:23:37 --> Input Class Initialized
INFO - 2019-04-16 23:23:37 --> Language Class Initialized
INFO - 2019-04-16 23:23:37 --> Loader Class Initialized
INFO - 2019-04-16 23:23:37 --> Helper loaded: general_helper
INFO - 2019-04-16 23:23:37 --> Controller Class Initialized
INFO - 2019-04-16 23:23:37 --> Final output sent to browser
DEBUG - 2019-04-16 23:23:37 --> Total execution time: 0.0329
INFO - 2019-04-16 23:23:38 --> Config Class Initialized
INFO - 2019-04-16 23:23:38 --> Hooks Class Initialized
DEBUG - 2019-04-16 23:23:38 --> UTF-8 Support Enabled
INFO - 2019-04-16 23:23:38 --> Utf8 Class Initialized
INFO - 2019-04-16 23:23:38 --> URI Class Initialized
INFO - 2019-04-16 23:23:38 --> Router Class Initialized
INFO - 2019-04-16 23:23:38 --> Output Class Initialized
INFO - 2019-04-16 23:23:38 --> Security Class Initialized
DEBUG - 2019-04-16 23:23:38 --> Global POST, GET and COOKIE data sanitized
INFO - 2019-04-16 23:23:38 --> Input Class Initialized
INFO - 2019-04-16 23:23:38 --> Language Class Initialized
INFO - 2019-04-16 23:23:38 --> Loader Class Initialized
INFO - 2019-04-16 23:23:38 --> Helper loaded: general_helper
INFO - 2019-04-16 23:23:38 --> Controller Class Initialized
INFO - 2019-04-16 23:23:39 --> Final output sent to browser
DEBUG - 2019-04-16 23:23:39 --> Total execution time: 0.3414
INFO - 2019-04-16 23:23:39 --> Config Class Initialized
INFO - 2019-04-16 23:23:39 --> Hooks Class Initialized
DEBUG - 2019-04-16 23:23:39 --> UTF-8 Support Enabled
INFO - 2019-04-16 23:23:39 --> Utf8 Class Initialized
INFO - 2019-04-16 23:23:39 --> URI Class Initialized
INFO - 2019-04-16 23:23:39 --> Router Class Initialized
INFO - 2019-04-16 23:23:39 --> Output Class Initialized
INFO - 2019-04-16 23:23:39 --> Security Class Initialized
DEBUG - 2019-04-16 23:23:39 --> Global POST, GET and COOKIE data sanitized
INFO - 2019-04-16 23:23:39 --> Input Class Initialized
INFO - 2019-04-16 23:23:39 --> Language Class Initialized
INFO - 2019-04-16 23:23:39 --> Loader Class Initialized
INFO - 2019-04-16 23:23:39 --> Helper loaded: general_helper
INFO - 2019-04-16 23:23:39 --> Controller Class Initialized
INFO - 2019-04-16 23:23:39 --> Final output sent to browser
DEBUG - 2019-04-16 23:23:39 --> Total execution time: 0.0114
INFO - 2019-04-16 23:23:40 --> Config Class Initialized
INFO - 2019-04-16 23:23:40 --> Hooks Class Initialized
DEBUG - 2019-04-16 23:23:40 --> UTF-8 Support Enabled
INFO - 2019-04-16 23:23:40 --> Utf8 Class Initialized
INFO - 2019-04-16 23:23:40 --> URI Class Initialized
INFO - 2019-04-16 23:23:40 --> Router Class Initialized
INFO - 2019-04-16 23:23:40 --> Output Class Initialized
INFO - 2019-04-16 23:23:40 --> Security Class Initialized
DEBUG - 2019-04-16 23:23:40 --> Global POST, GET and COOKIE data sanitized
INFO - 2019-04-16 23:23:40 --> Input Class Initialized
INFO - 2019-04-16 23:23:40 --> Language Class Initialized
INFO - 2019-04-16 23:23:40 --> Loader Class Initialized
INFO - 2019-04-16 23:23:40 --> Helper loaded: general_helper
INFO - 2019-04-16 23:23:40 --> Controller Class Initialized
ERROR - 2019-04-16 23:23:40 --> array(0) {
}

INFO - 2019-04-16 23:23:40 --> Final output sent to browser
DEBUG - 2019-04-16 23:23:40 --> Total execution time: 0.0145
INFO - 2019-04-16 23:23:40 --> Config Class Initialized
INFO - 2019-04-16 23:23:40 --> Hooks Class Initialized
DEBUG - 2019-04-16 23:23:40 --> UTF-8 Support Enabled
INFO - 2019-04-16 23:23:40 --> Utf8 Class Initialized
INFO - 2019-04-16 23:23:40 --> URI Class Initialized
INFO - 2019-04-16 23:23:40 --> Router Class Initialized
INFO - 2019-04-16 23:23:40 --> Output Class Initialized
INFO - 2019-04-16 23:23:40 --> Security Class Initialized
DEBUG - 2019-04-16 23:23:40 --> Global POST, GET and COOKIE data sanitized
INFO - 2019-04-16 23:23:40 --> Input Class Initialized
INFO - 2019-04-16 23:23:40 --> Language Class Initialized
INFO - 2019-04-16 23:23:40 --> Config Class Initialized
INFO - 2019-04-16 23:23:40 --> Hooks Class Initialized
INFO - 2019-04-16 23:23:40 --> Loader Class Initialized
INFO - 2019-04-16 23:23:40 --> Helper loaded: general_helper
DEBUG - 2019-04-16 23:23:40 --> UTF-8 Support Enabled
INFO - 2019-04-16 23:23:40 --> Utf8 Class Initialized
INFO - 2019-04-16 23:23:40 --> Controller Class Initialized
INFO - 2019-04-16 23:23:40 --> URI Class Initialized
INFO - 2019-04-16 23:23:40 --> Router Class Initialized
INFO - 2019-04-16 23:23:40 --> Output Class Initialized
INFO - 2019-04-16 23:23:40 --> Security Class Initialized
DEBUG - 2019-04-16 23:23:40 --> Global POST, GET and COOKIE data sanitized
INFO - 2019-04-16 23:23:40 --> Input Class Initialized
ERROR - 2019-04-16 23:23:40 --> array(3) {
  [0]=>
  object(stdClass)#16 (2) {
    ["activity_id"]=>
    string(1) "1"
    ["user_num"]=>
    string(1) "1"
  }
  [1]=>
  object(stdClass)#18 (2) {
    ["activity_id"]=>
    string(1) "2"
    ["user_num"]=>
    string(1) "3"
  }
  [2]=>
  object(stdClass)#19 (2) {
    ["activity_id"]=>
    string(1) "3"
    ["user_num"]=>
    string(1) "1"
  }
}

INFO - 2019-04-16 23:23:40 --> Language Class Initialized
INFO - 2019-04-16 23:23:40 --> Final output sent to browser
DEBUG - 2019-04-16 23:23:40 --> Total execution time: 0.0126
INFO - 2019-04-16 23:23:40 --> Loader Class Initialized
INFO - 2019-04-16 23:23:40 --> Helper loaded: general_helper
INFO - 2019-04-16 23:23:40 --> Controller Class Initialized
INFO - 2019-04-16 23:23:40 --> Final output sent to browser
DEBUG - 2019-04-16 23:23:40 --> Total execution time: 0.0119
