INFO - 2019-05-21 07:20:07 --> Config Class Initialized
INFO - 2019-05-21 07:20:07 --> Hooks Class Initialized
DEBUG - 2019-05-21 07:20:07 --> UTF-8 Support Enabled
INFO - 2019-05-21 07:20:07 --> Utf8 Class Initialized
INFO - 2019-05-21 07:20:07 --> URI Class Initialized
INFO - 2019-05-21 07:20:07 --> Router Class Initialized
INFO - 2019-05-21 07:20:07 --> Output Class Initialized
INFO - 2019-05-21 07:20:07 --> Security Class Initialized
DEBUG - 2019-05-21 07:20:07 --> Global POST, GET and COOKIE data sanitized
INFO - 2019-05-21 07:20:07 --> Input Class Initialized
INFO - 2019-05-21 07:20:07 --> Language Class Initialized
INFO - 2019-05-21 07:20:07 --> Loader Class Initialized
INFO - 2019-05-21 07:20:07 --> Helper loaded: general_helper
INFO - 2019-05-21 07:20:07 --> Controller Class Initialized
INFO - 2019-05-21 07:20:07 --> Final output sent to browser
DEBUG - 2019-05-21 07:20:07 --> Total execution time: 0.0241
INFO - 2019-05-21 07:20:07 --> Config Class Initialized
INFO - 2019-05-21 07:20:07 --> Hooks Class Initialized
DEBUG - 2019-05-21 07:20:07 --> UTF-8 Support Enabled
INFO - 2019-05-21 07:20:07 --> Utf8 Class Initialized
INFO - 2019-05-21 07:20:07 --> URI Class Initialized
INFO - 2019-05-21 07:20:07 --> Router Class Initialized
INFO - 2019-05-21 07:20:07 --> Output Class Initialized
INFO - 2019-05-21 07:20:07 --> Security Class Initialized
DEBUG - 2019-05-21 07:20:07 --> Global POST, GET and COOKIE data sanitized
INFO - 2019-05-21 07:20:07 --> Input Class Initialized
INFO - 2019-05-21 07:20:07 --> Language Class Initialized
INFO - 2019-05-21 07:20:07 --> Loader Class Initialized
INFO - 2019-05-21 07:20:07 --> Helper loaded: general_helper
INFO - 2019-05-21 07:20:07 --> Controller Class Initialized
INFO - 2019-05-21 07:20:07 --> Final output sent to browser
DEBUG - 2019-05-21 07:20:07 --> Total execution time: 0.1786
INFO - 2019-05-21 07:20:08 --> Config Class Initialized
INFO - 2019-05-21 07:20:08 --> Hooks Class Initialized
DEBUG - 2019-05-21 07:20:08 --> UTF-8 Support Enabled
INFO - 2019-05-21 07:20:08 --> Utf8 Class Initialized
INFO - 2019-05-21 07:20:08 --> URI Class Initialized
INFO - 2019-05-21 07:20:08 --> Router Class Initialized
INFO - 2019-05-21 07:20:08 --> Output Class Initialized
INFO - 2019-05-21 07:20:08 --> Security Class Initialized
DEBUG - 2019-05-21 07:20:08 --> Global POST, GET and COOKIE data sanitized
INFO - 2019-05-21 07:20:08 --> Input Class Initialized
INFO - 2019-05-21 07:20:08 --> Language Class Initialized
INFO - 2019-05-21 07:20:08 --> Loader Class Initialized
INFO - 2019-05-21 07:20:08 --> Helper loaded: general_helper
INFO - 2019-05-21 07:20:08 --> Controller Class Initialized
INFO - 2019-05-21 07:20:08 --> Final output sent to browser
DEBUG - 2019-05-21 07:20:08 --> Total execution time: 0.0165
INFO - 2019-05-21 07:20:08 --> Config Class Initialized
INFO - 2019-05-21 07:20:08 --> Hooks Class Initialized
DEBUG - 2019-05-21 07:20:08 --> UTF-8 Support Enabled
INFO - 2019-05-21 07:20:08 --> Utf8 Class Initialized
INFO - 2019-05-21 07:20:08 --> URI Class Initialized
INFO - 2019-05-21 07:20:08 --> Router Class Initialized
INFO - 2019-05-21 07:20:08 --> Output Class Initialized
INFO - 2019-05-21 07:20:08 --> Security Class Initialized
DEBUG - 2019-05-21 07:20:08 --> Global POST, GET and COOKIE data sanitized
INFO - 2019-05-21 07:20:08 --> Input Class Initialized
INFO - 2019-05-21 07:20:08 --> Language Class Initialized
INFO - 2019-05-21 07:20:08 --> Loader Class Initialized
INFO - 2019-05-21 07:20:08 --> Helper loaded: general_helper
INFO - 2019-05-21 07:20:08 --> Controller Class Initialized
ERROR - 2019-05-21 07:20:08 --> array(4) {
  [0]=>
  object(stdClass)#16 (2) {
    ["activity_id"]=>
    string(2) "63"
    ["user_num"]=>
    string(1) "3"
  }
  [1]=>
  object(stdClass)#18 (2) {
    ["activity_id"]=>
    string(2) "64"
    ["user_num"]=>
    string(1) "2"
  }
  [2]=>
  object(stdClass)#19 (2) {
    ["activity_id"]=>
    string(2) "65"
    ["user_num"]=>
    string(1) "1"
  }
  [3]=>
  object(stdClass)#20 (2) {
    ["activity_id"]=>
    string(2) "66"
    ["user_num"]=>
    string(1) "2"
  }
}

INFO - 2019-05-21 07:20:08 --> Final output sent to browser
DEBUG - 2019-05-21 07:20:08 --> Total execution time: 0.0112
INFO - 2019-05-21 07:20:14 --> Config Class Initialized
INFO - 2019-05-21 07:20:14 --> Hooks Class Initialized
DEBUG - 2019-05-21 07:20:14 --> UTF-8 Support Enabled
INFO - 2019-05-21 07:20:14 --> Utf8 Class Initialized
INFO - 2019-05-21 07:20:14 --> URI Class Initialized
INFO - 2019-05-21 07:20:14 --> Router Class Initialized
INFO - 2019-05-21 07:20:14 --> Output Class Initialized
INFO - 2019-05-21 07:20:14 --> Security Class Initialized
DEBUG - 2019-05-21 07:20:14 --> Global POST, GET and COOKIE data sanitized
INFO - 2019-05-21 07:20:14 --> Input Class Initialized
INFO - 2019-05-21 07:20:14 --> Language Class Initialized
INFO - 2019-05-21 07:20:14 --> Loader Class Initialized
INFO - 2019-05-21 07:20:14 --> Helper loaded: general_helper
INFO - 2019-05-21 07:20:14 --> Controller Class Initialized
INFO - 2019-05-21 07:20:14 --> Final output sent to browser
DEBUG - 2019-05-21 07:20:14 --> Total execution time: 0.0102
INFO - 2019-05-21 07:20:17 --> Config Class Initialized
INFO - 2019-05-21 07:20:17 --> Hooks Class Initialized
DEBUG - 2019-05-21 07:20:17 --> UTF-8 Support Enabled
INFO - 2019-05-21 07:20:17 --> Utf8 Class Initialized
INFO - 2019-05-21 07:20:17 --> URI Class Initialized
INFO - 2019-05-21 07:20:17 --> Router Class Initialized
INFO - 2019-05-21 07:20:17 --> Output Class Initialized
INFO - 2019-05-21 07:20:17 --> Security Class Initialized
DEBUG - 2019-05-21 07:20:17 --> Global POST, GET and COOKIE data sanitized
INFO - 2019-05-21 07:20:17 --> Input Class Initialized
INFO - 2019-05-21 07:20:17 --> Language Class Initialized
INFO - 2019-05-21 07:20:17 --> Loader Class Initialized
INFO - 2019-05-21 07:20:17 --> Helper loaded: general_helper
INFO - 2019-05-21 07:20:17 --> Controller Class Initialized
INFO - 2019-05-21 07:20:17 --> Final output sent to browser
DEBUG - 2019-05-21 07:20:17 --> Total execution time: 0.0115
INFO - 2019-05-21 07:20:17 --> Config Class Initialized
INFO - 2019-05-21 07:20:17 --> Hooks Class Initialized
DEBUG - 2019-05-21 07:20:17 --> UTF-8 Support Enabled
INFO - 2019-05-21 07:20:17 --> Utf8 Class Initialized
INFO - 2019-05-21 07:20:17 --> URI Class Initialized
INFO - 2019-05-21 07:20:17 --> Router Class Initialized
INFO - 2019-05-21 07:20:17 --> Output Class Initialized
INFO - 2019-05-21 07:20:17 --> Security Class Initialized
DEBUG - 2019-05-21 07:20:17 --> Global POST, GET and COOKIE data sanitized
INFO - 2019-05-21 07:20:17 --> Input Class Initialized
INFO - 2019-05-21 07:20:17 --> Language Class Initialized
INFO - 2019-05-21 07:20:17 --> Loader Class Initialized
INFO - 2019-05-21 07:20:17 --> Helper loaded: general_helper
INFO - 2019-05-21 07:20:17 --> Controller Class Initialized
ERROR - 2019-05-21 07:20:17 --> array(4) {
  [0]=>
  object(stdClass)#16 (2) {
    ["activity_id"]=>
    string(2) "63"
    ["user_num"]=>
    string(1) "3"
  }
  [1]=>
  object(stdClass)#18 (2) {
    ["activity_id"]=>
    string(2) "64"
    ["user_num"]=>
    string(1) "2"
  }
  [2]=>
  object(stdClass)#19 (2) {
    ["activity_id"]=>
    string(2) "65"
    ["user_num"]=>
    string(1) "1"
  }
  [3]=>
  object(stdClass)#20 (2) {
    ["activity_id"]=>
    string(2) "66"
    ["user_num"]=>
    string(1) "2"
  }
}

INFO - 2019-05-21 07:20:17 --> Final output sent to browser
DEBUG - 2019-05-21 07:20:17 --> Total execution time: 0.0111
INFO - 2019-05-21 07:20:18 --> Config Class Initialized
INFO - 2019-05-21 07:20:18 --> Hooks Class Initialized
DEBUG - 2019-05-21 07:20:18 --> UTF-8 Support Enabled
INFO - 2019-05-21 07:20:18 --> Utf8 Class Initialized
INFO - 2019-05-21 07:20:18 --> URI Class Initialized
INFO - 2019-05-21 07:20:18 --> Router Class Initialized
INFO - 2019-05-21 07:20:18 --> Output Class Initialized
INFO - 2019-05-21 07:20:18 --> Security Class Initialized
DEBUG - 2019-05-21 07:20:18 --> Global POST, GET and COOKIE data sanitized
INFO - 2019-05-21 07:20:18 --> Input Class Initialized
INFO - 2019-05-21 07:20:18 --> Language Class Initialized
INFO - 2019-05-21 07:20:18 --> Loader Class Initialized
INFO - 2019-05-21 07:20:18 --> Helper loaded: general_helper
INFO - 2019-05-21 07:20:18 --> Controller Class Initialized
INFO - 2019-05-21 07:20:18 --> Final output sent to browser
DEBUG - 2019-05-21 07:20:18 --> Total execution time: 0.0115
INFO - 2019-05-21 07:20:19 --> Config Class Initialized
INFO - 2019-05-21 07:20:19 --> Hooks Class Initialized
DEBUG - 2019-05-21 07:20:19 --> UTF-8 Support Enabled
INFO - 2019-05-21 07:20:19 --> Utf8 Class Initialized
INFO - 2019-05-21 07:20:19 --> URI Class Initialized
INFO - 2019-05-21 07:20:19 --> Router Class Initialized
INFO - 2019-05-21 07:20:19 --> Output Class Initialized
INFO - 2019-05-21 07:20:19 --> Security Class Initialized
DEBUG - 2019-05-21 07:20:19 --> Global POST, GET and COOKIE data sanitized
INFO - 2019-05-21 07:20:19 --> Input Class Initialized
INFO - 2019-05-21 07:20:19 --> Language Class Initialized
INFO - 2019-05-21 07:20:19 --> Loader Class Initialized
INFO - 2019-05-21 07:20:19 --> Helper loaded: general_helper
INFO - 2019-05-21 07:20:19 --> Controller Class Initialized
INFO - 2019-05-21 07:20:19 --> Final output sent to browser
DEBUG - 2019-05-21 07:20:19 --> Total execution time: 0.0142
INFO - 2019-05-21 07:20:19 --> Config Class Initialized
INFO - 2019-05-21 07:20:19 --> Hooks Class Initialized
DEBUG - 2019-05-21 07:20:19 --> UTF-8 Support Enabled
INFO - 2019-05-21 07:20:19 --> Utf8 Class Initialized
INFO - 2019-05-21 07:20:19 --> URI Class Initialized
INFO - 2019-05-21 07:20:19 --> Router Class Initialized
INFO - 2019-05-21 07:20:19 --> Output Class Initialized
INFO - 2019-05-21 07:20:19 --> Security Class Initialized
DEBUG - 2019-05-21 07:20:19 --> Global POST, GET and COOKIE data sanitized
INFO - 2019-05-21 07:20:19 --> Input Class Initialized
INFO - 2019-05-21 07:20:19 --> Language Class Initialized
INFO - 2019-05-21 07:20:19 --> Loader Class Initialized
INFO - 2019-05-21 07:20:19 --> Helper loaded: general_helper
INFO - 2019-05-21 07:20:19 --> Controller Class Initialized
ERROR - 2019-05-21 07:20:19 --> array(4) {
  [0]=>
  object(stdClass)#16 (2) {
    ["activity_id"]=>
    string(2) "63"
    ["user_num"]=>
    string(1) "3"
  }
  [1]=>
  object(stdClass)#18 (2) {
    ["activity_id"]=>
    string(2) "64"
    ["user_num"]=>
    string(1) "2"
  }
  [2]=>
  object(stdClass)#19 (2) {
    ["activity_id"]=>
    string(2) "65"
    ["user_num"]=>
    string(1) "1"
  }
  [3]=>
  object(stdClass)#20 (2) {
    ["activity_id"]=>
    string(2) "66"
    ["user_num"]=>
    string(1) "2"
  }
}

INFO - 2019-05-21 07:20:19 --> Final output sent to browser
DEBUG - 2019-05-21 07:20:19 --> Total execution time: 0.0115
INFO - 2019-05-21 07:20:20 --> Config Class Initialized
INFO - 2019-05-21 07:20:20 --> Hooks Class Initialized
DEBUG - 2019-05-21 07:20:20 --> UTF-8 Support Enabled
INFO - 2019-05-21 07:20:20 --> Utf8 Class Initialized
INFO - 2019-05-21 07:20:20 --> URI Class Initialized
INFO - 2019-05-21 07:20:20 --> Router Class Initialized
INFO - 2019-05-21 07:20:20 --> Output Class Initialized
INFO - 2019-05-21 07:20:20 --> Security Class Initialized
DEBUG - 2019-05-21 07:20:20 --> Global POST, GET and COOKIE data sanitized
INFO - 2019-05-21 07:20:20 --> Input Class Initialized
INFO - 2019-05-21 07:20:20 --> Language Class Initialized
INFO - 2019-05-21 07:20:20 --> Loader Class Initialized
INFO - 2019-05-21 07:20:20 --> Helper loaded: general_helper
INFO - 2019-05-21 07:20:20 --> Controller Class Initialized
INFO - 2019-05-21 07:20:20 --> Final output sent to browser
DEBUG - 2019-05-21 07:20:20 --> Total execution time: 0.0105
INFO - 2019-05-21 07:20:23 --> Config Class Initialized
INFO - 2019-05-21 07:20:23 --> Hooks Class Initialized
DEBUG - 2019-05-21 07:20:23 --> UTF-8 Support Enabled
INFO - 2019-05-21 07:20:23 --> Utf8 Class Initialized
INFO - 2019-05-21 07:20:23 --> URI Class Initialized
INFO - 2019-05-21 07:20:23 --> Router Class Initialized
INFO - 2019-05-21 07:20:23 --> Output Class Initialized
INFO - 2019-05-21 07:20:23 --> Security Class Initialized
DEBUG - 2019-05-21 07:20:23 --> Global POST, GET and COOKIE data sanitized
INFO - 2019-05-21 07:20:23 --> Input Class Initialized
INFO - 2019-05-21 07:20:23 --> Language Class Initialized
INFO - 2019-05-21 07:20:23 --> Loader Class Initialized
INFO - 2019-05-21 07:20:23 --> Helper loaded: general_helper
INFO - 2019-05-21 07:20:23 --> Controller Class Initialized
INFO - 2019-05-21 07:20:23 --> Final output sent to browser
DEBUG - 2019-05-21 07:20:23 --> Total execution time: 0.0122
INFO - 2019-05-21 07:20:23 --> Config Class Initialized
INFO - 2019-05-21 07:20:23 --> Hooks Class Initialized
DEBUG - 2019-05-21 07:20:23 --> UTF-8 Support Enabled
INFO - 2019-05-21 07:20:23 --> Utf8 Class Initialized
INFO - 2019-05-21 07:20:23 --> URI Class Initialized
INFO - 2019-05-21 07:20:23 --> Router Class Initialized
INFO - 2019-05-21 07:20:23 --> Output Class Initialized
INFO - 2019-05-21 07:20:23 --> Security Class Initialized
DEBUG - 2019-05-21 07:20:23 --> Global POST, GET and COOKIE data sanitized
INFO - 2019-05-21 07:20:23 --> Input Class Initialized
INFO - 2019-05-21 07:20:23 --> Language Class Initialized
INFO - 2019-05-21 07:20:23 --> Loader Class Initialized
INFO - 2019-05-21 07:20:23 --> Helper loaded: general_helper
INFO - 2019-05-21 07:20:23 --> Controller Class Initialized
ERROR - 2019-05-21 07:20:23 --> array(4) {
  [0]=>
  object(stdClass)#16 (2) {
    ["activity_id"]=>
    string(2) "63"
    ["user_num"]=>
    string(1) "3"
  }
  [1]=>
  object(stdClass)#18 (2) {
    ["activity_id"]=>
    string(2) "64"
    ["user_num"]=>
    string(1) "2"
  }
  [2]=>
  object(stdClass)#19 (2) {
    ["activity_id"]=>
    string(2) "65"
    ["user_num"]=>
    string(1) "1"
  }
  [3]=>
  object(stdClass)#20 (2) {
    ["activity_id"]=>
    string(2) "66"
    ["user_num"]=>
    string(1) "2"
  }
}

INFO - 2019-05-21 07:20:23 --> Final output sent to browser
DEBUG - 2019-05-21 07:20:23 --> Total execution time: 0.0116
INFO - 2019-05-21 07:20:32 --> Config Class Initialized
INFO - 2019-05-21 07:20:32 --> Hooks Class Initialized
DEBUG - 2019-05-21 07:20:32 --> UTF-8 Support Enabled
INFO - 2019-05-21 07:20:32 --> Utf8 Class Initialized
INFO - 2019-05-21 07:20:32 --> URI Class Initialized
INFO - 2019-05-21 07:20:32 --> Router Class Initialized
INFO - 2019-05-21 07:20:32 --> Output Class Initialized
INFO - 2019-05-21 07:20:32 --> Security Class Initialized
DEBUG - 2019-05-21 07:20:32 --> Global POST, GET and COOKIE data sanitized
INFO - 2019-05-21 07:20:32 --> Input Class Initialized
INFO - 2019-05-21 07:20:32 --> Language Class Initialized
INFO - 2019-05-21 07:20:32 --> Loader Class Initialized
INFO - 2019-05-21 07:20:32 --> Helper loaded: general_helper
INFO - 2019-05-21 07:20:32 --> Controller Class Initialized
INFO - 2019-05-21 07:20:32 --> Final output sent to browser
DEBUG - 2019-05-21 07:20:32 --> Total execution time: 0.0115
INFO - 2019-05-21 07:20:33 --> Config Class Initialized
INFO - 2019-05-21 07:20:33 --> Hooks Class Initialized
DEBUG - 2019-05-21 07:20:33 --> UTF-8 Support Enabled
INFO - 2019-05-21 07:20:33 --> Utf8 Class Initialized
INFO - 2019-05-21 07:20:33 --> URI Class Initialized
INFO - 2019-05-21 07:20:33 --> Router Class Initialized
INFO - 2019-05-21 07:20:33 --> Output Class Initialized
INFO - 2019-05-21 07:20:33 --> Security Class Initialized
DEBUG - 2019-05-21 07:20:33 --> Global POST, GET and COOKIE data sanitized
INFO - 2019-05-21 07:20:33 --> Input Class Initialized
INFO - 2019-05-21 07:20:33 --> Language Class Initialized
INFO - 2019-05-21 07:20:33 --> Loader Class Initialized
INFO - 2019-05-21 07:20:33 --> Helper loaded: general_helper
INFO - 2019-05-21 07:20:33 --> Controller Class Initialized
ERROR - 2019-05-21 07:20:33 --> array(4) {
  [0]=>
  object(stdClass)#16 (2) {
    ["activity_id"]=>
    string(2) "63"
    ["user_num"]=>
    string(1) "3"
  }
  [1]=>
  object(stdClass)#18 (2) {
    ["activity_id"]=>
    string(2) "64"
    ["user_num"]=>
    string(1) "2"
  }
  [2]=>
  object(stdClass)#19 (2) {
    ["activity_id"]=>
    string(2) "65"
    ["user_num"]=>
    string(1) "1"
  }
  [3]=>
  object(stdClass)#20 (2) {
    ["activity_id"]=>
    string(2) "66"
    ["user_num"]=>
    string(1) "2"
  }
}

INFO - 2019-05-21 07:20:33 --> Final output sent to browser
DEBUG - 2019-05-21 07:20:33 --> Total execution time: 0.0121
INFO - 2019-05-21 07:20:33 --> Config Class Initialized
INFO - 2019-05-21 07:20:33 --> Hooks Class Initialized
DEBUG - 2019-05-21 07:20:33 --> UTF-8 Support Enabled
INFO - 2019-05-21 07:20:33 --> Utf8 Class Initialized
INFO - 2019-05-21 07:20:33 --> URI Class Initialized
INFO - 2019-05-21 07:20:33 --> Router Class Initialized
INFO - 2019-05-21 07:20:33 --> Output Class Initialized
INFO - 2019-05-21 07:20:33 --> Security Class Initialized
DEBUG - 2019-05-21 07:20:33 --> Global POST, GET and COOKIE data sanitized
INFO - 2019-05-21 07:20:33 --> Input Class Initialized
INFO - 2019-05-21 07:20:33 --> Language Class Initialized
INFO - 2019-05-21 07:20:33 --> Loader Class Initialized
INFO - 2019-05-21 07:20:33 --> Helper loaded: general_helper
INFO - 2019-05-21 07:20:33 --> Controller Class Initialized
INFO - 2019-05-21 07:20:33 --> Final output sent to browser
DEBUG - 2019-05-21 07:20:33 --> Total execution time: 0.0114
INFO - 2019-05-21 07:20:34 --> Config Class Initialized
INFO - 2019-05-21 07:20:34 --> Hooks Class Initialized
DEBUG - 2019-05-21 07:20:34 --> UTF-8 Support Enabled
INFO - 2019-05-21 07:20:34 --> Utf8 Class Initialized
INFO - 2019-05-21 07:20:34 --> URI Class Initialized
INFO - 2019-05-21 07:20:34 --> Router Class Initialized
INFO - 2019-05-21 07:20:34 --> Output Class Initialized
INFO - 2019-05-21 07:20:34 --> Security Class Initialized
DEBUG - 2019-05-21 07:20:34 --> Global POST, GET and COOKIE data sanitized
INFO - 2019-05-21 07:20:34 --> Input Class Initialized
INFO - 2019-05-21 07:20:34 --> Language Class Initialized
INFO - 2019-05-21 07:20:34 --> Loader Class Initialized
INFO - 2019-05-21 07:20:34 --> Helper loaded: general_helper
INFO - 2019-05-21 07:20:34 --> Controller Class Initialized
ERROR - 2019-05-21 07:20:34 --> array(4) {
  [0]=>
  object(stdClass)#16 (2) {
    ["activity_id"]=>
    string(2) "63"
    ["user_num"]=>
    string(1) "3"
  }
  [1]=>
  object(stdClass)#18 (2) {
    ["activity_id"]=>
    string(2) "64"
    ["user_num"]=>
    string(1) "2"
  }
  [2]=>
  object(stdClass)#19 (2) {
    ["activity_id"]=>
    string(2) "65"
    ["user_num"]=>
    string(1) "1"
  }
  [3]=>
  object(stdClass)#20 (2) {
    ["activity_id"]=>
    string(2) "66"
    ["user_num"]=>
    string(1) "2"
  }
}

INFO - 2019-05-21 07:20:34 --> Final output sent to browser
DEBUG - 2019-05-21 07:20:34 --> Total execution time: 0.0109
INFO - 2019-05-21 07:20:51 --> Config Class Initialized
INFO - 2019-05-21 07:20:51 --> Hooks Class Initialized
DEBUG - 2019-05-21 07:20:51 --> UTF-8 Support Enabled
INFO - 2019-05-21 07:20:51 --> Utf8 Class Initialized
INFO - 2019-05-21 07:20:51 --> URI Class Initialized
INFO - 2019-05-21 07:20:51 --> Router Class Initialized
INFO - 2019-05-21 07:20:52 --> Output Class Initialized
INFO - 2019-05-21 07:20:52 --> Security Class Initialized
DEBUG - 2019-05-21 07:20:52 --> Global POST, GET and COOKIE data sanitized
INFO - 2019-05-21 07:20:52 --> Input Class Initialized
INFO - 2019-05-21 07:20:52 --> Language Class Initialized
INFO - 2019-05-21 07:20:52 --> Loader Class Initialized
INFO - 2019-05-21 07:20:52 --> Helper loaded: general_helper
INFO - 2019-05-21 07:20:52 --> Controller Class Initialized
INFO - 2019-05-21 07:20:52 --> Final output sent to browser
DEBUG - 2019-05-21 07:20:52 --> Total execution time: 0.0109
INFO - 2019-05-21 07:21:05 --> Config Class Initialized
INFO - 2019-05-21 07:21:05 --> Hooks Class Initialized
DEBUG - 2019-05-21 07:21:05 --> UTF-8 Support Enabled
INFO - 2019-05-21 07:21:05 --> Utf8 Class Initialized
INFO - 2019-05-21 07:21:05 --> URI Class Initialized
INFO - 2019-05-21 07:21:05 --> Router Class Initialized
INFO - 2019-05-21 07:21:05 --> Output Class Initialized
INFO - 2019-05-21 07:21:05 --> Security Class Initialized
DEBUG - 2019-05-21 07:21:05 --> Global POST, GET and COOKIE data sanitized
INFO - 2019-05-21 07:21:05 --> Input Class Initialized
INFO - 2019-05-21 07:21:05 --> Language Class Initialized
INFO - 2019-05-21 07:21:05 --> Loader Class Initialized
INFO - 2019-05-21 07:21:05 --> Helper loaded: general_helper
INFO - 2019-05-21 07:21:05 --> Controller Class Initialized
ERROR - 2019-05-21 07:21:05 --> userId111
ERROR - 2019-05-21 07:21:05 --> name测试
ERROR - 2019-05-21 07:21:05 --> logoUrlhttp://fe-1255989678.cos.ap-beijing.myqcloud.com/volunteer/109_1558224652405.jpg
ERROR - 2019-05-21 07:21:05 --> introduction登山活动
ERROR - 2019-05-21 07:21:05 --> start_date2019-05-20
ERROR - 2019-05-21 07:21:05 --> end_date2019-05-20
ERROR - 2019-05-21 07:21:05 --> user_num_limitundefined
ERROR - 2019-05-21 07:21:05 --> content[]
ERROR - 2019-05-21 07:21:05 --> res1
INFO - 2019-05-21 07:21:05 --> Final output sent to browser
DEBUG - 2019-05-21 07:21:05 --> Total execution time: 0.0135
INFO - 2019-05-21 07:21:15 --> Config Class Initialized
INFO - 2019-05-21 07:21:15 --> Hooks Class Initialized
DEBUG - 2019-05-21 07:21:15 --> UTF-8 Support Enabled
INFO - 2019-05-21 07:21:15 --> Utf8 Class Initialized
INFO - 2019-05-21 07:21:15 --> URI Class Initialized
INFO - 2019-05-21 07:21:15 --> Router Class Initialized
INFO - 2019-05-21 07:21:15 --> Output Class Initialized
INFO - 2019-05-21 07:21:15 --> Security Class Initialized
DEBUG - 2019-05-21 07:21:15 --> Global POST, GET and COOKIE data sanitized
INFO - 2019-05-21 07:21:15 --> Input Class Initialized
INFO - 2019-05-21 07:21:15 --> Language Class Initialized
INFO - 2019-05-21 07:21:15 --> Loader Class Initialized
INFO - 2019-05-21 07:21:15 --> Helper loaded: general_helper
INFO - 2019-05-21 07:21:15 --> Controller Class Initialized
INFO - 2019-05-21 07:21:15 --> Final output sent to browser
DEBUG - 2019-05-21 07:21:15 --> Total execution time: 0.0114
INFO - 2019-05-21 07:21:19 --> Config Class Initialized
INFO - 2019-05-21 07:21:19 --> Hooks Class Initialized
DEBUG - 2019-05-21 07:21:19 --> UTF-8 Support Enabled
INFO - 2019-05-21 07:21:19 --> Utf8 Class Initialized
INFO - 2019-05-21 07:21:19 --> URI Class Initialized
INFO - 2019-05-21 07:21:19 --> Router Class Initialized
INFO - 2019-05-21 07:21:19 --> Output Class Initialized
INFO - 2019-05-21 07:21:19 --> Security Class Initialized
DEBUG - 2019-05-21 07:21:19 --> Global POST, GET and COOKIE data sanitized
INFO - 2019-05-21 07:21:19 --> Input Class Initialized
INFO - 2019-05-21 07:21:19 --> Language Class Initialized
INFO - 2019-05-21 07:21:19 --> Loader Class Initialized
INFO - 2019-05-21 07:21:19 --> Helper loaded: general_helper
INFO - 2019-05-21 07:21:19 --> Controller Class Initialized
ERROR - 2019-05-21 07:21:19 --> userId111
ERROR - 2019-05-21 07:21:19 --> name测试
ERROR - 2019-05-21 07:21:19 --> logoUrlhttps://fe-1255989678.cos.ap-beijing.myqcloud.com/volunteer/111_1558394479255.jpg
ERROR - 2019-05-21 07:21:19 --> introduction登山活动
ERROR - 2019-05-21 07:21:19 --> start_date2019-05-20
ERROR - 2019-05-21 07:21:19 --> end_date2019-05-20
ERROR - 2019-05-21 07:21:19 --> user_num_limitundefined
ERROR - 2019-05-21 07:21:19 --> content[]
ERROR - 2019-05-21 07:21:19 --> res1
INFO - 2019-05-21 07:21:19 --> Final output sent to browser
DEBUG - 2019-05-21 07:21:19 --> Total execution time: 0.0112
INFO - 2019-05-21 07:21:23 --> Config Class Initialized
INFO - 2019-05-21 07:21:23 --> Hooks Class Initialized
DEBUG - 2019-05-21 07:21:23 --> UTF-8 Support Enabled
INFO - 2019-05-21 07:21:23 --> Utf8 Class Initialized
INFO - 2019-05-21 07:21:23 --> URI Class Initialized
INFO - 2019-05-21 07:21:23 --> Router Class Initialized
INFO - 2019-05-21 07:21:23 --> Output Class Initialized
INFO - 2019-05-21 07:21:23 --> Security Class Initialized
DEBUG - 2019-05-21 07:21:23 --> Global POST, GET and COOKIE data sanitized
INFO - 2019-05-21 07:21:23 --> Input Class Initialized
INFO - 2019-05-21 07:21:23 --> Language Class Initialized
INFO - 2019-05-21 07:21:23 --> Loader Class Initialized
INFO - 2019-05-21 07:21:23 --> Helper loaded: general_helper
INFO - 2019-05-21 07:21:23 --> Controller Class Initialized
ERROR - 2019-05-21 07:21:23 --> userId111
ERROR - 2019-05-21 07:21:23 --> name测试
ERROR - 2019-05-21 07:21:23 --> logoUrlhttps://fe-1255989678.cos.ap-beijing.myqcloud.com/volunteer/111_1558394479255.jpg
ERROR - 2019-05-21 07:21:23 --> introduction登山活动
ERROR - 2019-05-21 07:21:23 --> start_date2019-05-20
ERROR - 2019-05-21 07:21:23 --> end_date2019-05-20
ERROR - 2019-05-21 07:21:23 --> user_num_limitundefined
ERROR - 2019-05-21 07:21:23 --> content[]
ERROR - 2019-05-21 07:21:23 --> res0
INFO - 2019-05-21 07:21:23 --> Final output sent to browser
DEBUG - 2019-05-21 07:21:23 --> Total execution time: 0.0119
INFO - 2019-05-21 07:21:28 --> Config Class Initialized
INFO - 2019-05-21 07:21:28 --> Hooks Class Initialized
DEBUG - 2019-05-21 07:21:28 --> UTF-8 Support Enabled
INFO - 2019-05-21 07:21:28 --> Utf8 Class Initialized
INFO - 2019-05-21 07:21:28 --> URI Class Initialized
INFO - 2019-05-21 07:21:28 --> Router Class Initialized
INFO - 2019-05-21 07:21:28 --> Output Class Initialized
INFO - 2019-05-21 07:21:28 --> Security Class Initialized
DEBUG - 2019-05-21 07:21:28 --> Global POST, GET and COOKIE data sanitized
INFO - 2019-05-21 07:21:28 --> Input Class Initialized
INFO - 2019-05-21 07:21:28 --> Language Class Initialized
INFO - 2019-05-21 07:21:28 --> Loader Class Initialized
INFO - 2019-05-21 07:21:28 --> Helper loaded: general_helper
INFO - 2019-05-21 07:21:28 --> Controller Class Initialized
INFO - 2019-05-21 07:21:28 --> Final output sent to browser
DEBUG - 2019-05-21 07:21:28 --> Total execution time: 0.0120
INFO - 2019-05-21 07:21:29 --> Config Class Initialized
INFO - 2019-05-21 07:21:29 --> Hooks Class Initialized
DEBUG - 2019-05-21 07:21:29 --> UTF-8 Support Enabled
INFO - 2019-05-21 07:21:29 --> Utf8 Class Initialized
INFO - 2019-05-21 07:21:29 --> URI Class Initialized
INFO - 2019-05-21 07:21:29 --> Router Class Initialized
INFO - 2019-05-21 07:21:29 --> Output Class Initialized
INFO - 2019-05-21 07:21:29 --> Security Class Initialized
DEBUG - 2019-05-21 07:21:29 --> Global POST, GET and COOKIE data sanitized
INFO - 2019-05-21 07:21:29 --> Input Class Initialized
INFO - 2019-05-21 07:21:29 --> Language Class Initialized
INFO - 2019-05-21 07:21:29 --> Loader Class Initialized
INFO - 2019-05-21 07:21:29 --> Helper loaded: general_helper
INFO - 2019-05-21 07:21:29 --> Controller Class Initialized
ERROR - 2019-05-21 07:21:29 --> array(4) {
  [0]=>
  object(stdClass)#16 (2) {
    ["activity_id"]=>
    string(2) "63"
    ["user_num"]=>
    string(1) "3"
  }
  [1]=>
  object(stdClass)#18 (2) {
    ["activity_id"]=>
    string(2) "64"
    ["user_num"]=>
    string(1) "2"
  }
  [2]=>
  object(stdClass)#19 (2) {
    ["activity_id"]=>
    string(2) "65"
    ["user_num"]=>
    string(1) "1"
  }
  [3]=>
  object(stdClass)#20 (2) {
    ["activity_id"]=>
    string(2) "66"
    ["user_num"]=>
    string(1) "2"
  }
}

INFO - 2019-05-21 07:21:29 --> Final output sent to browser
DEBUG - 2019-05-21 07:21:29 --> Total execution time: 0.0122
INFO - 2019-05-21 07:21:41 --> Config Class Initialized
INFO - 2019-05-21 07:21:41 --> Hooks Class Initialized
DEBUG - 2019-05-21 07:21:41 --> UTF-8 Support Enabled
INFO - 2019-05-21 07:21:41 --> Utf8 Class Initialized
INFO - 2019-05-21 07:21:41 --> URI Class Initialized
INFO - 2019-05-21 07:21:41 --> Router Class Initialized
INFO - 2019-05-21 07:21:41 --> Output Class Initialized
INFO - 2019-05-21 07:21:41 --> Security Class Initialized
DEBUG - 2019-05-21 07:21:41 --> Global POST, GET and COOKIE data sanitized
INFO - 2019-05-21 07:21:41 --> Input Class Initialized
INFO - 2019-05-21 07:21:41 --> Language Class Initialized
INFO - 2019-05-21 07:21:41 --> Loader Class Initialized
INFO - 2019-05-21 07:21:41 --> Helper loaded: general_helper
INFO - 2019-05-21 07:21:41 --> Controller Class Initialized
INFO - 2019-05-21 07:21:41 --> Final output sent to browser
DEBUG - 2019-05-21 07:21:41 --> Total execution time: 0.0120
INFO - 2019-05-21 07:21:41 --> Config Class Initialized
INFO - 2019-05-21 07:21:41 --> Hooks Class Initialized
DEBUG - 2019-05-21 07:21:41 --> UTF-8 Support Enabled
INFO - 2019-05-21 07:21:41 --> Utf8 Class Initialized
INFO - 2019-05-21 07:21:41 --> URI Class Initialized
INFO - 2019-05-21 07:21:41 --> Router Class Initialized
INFO - 2019-05-21 07:21:41 --> Output Class Initialized
INFO - 2019-05-21 07:21:41 --> Security Class Initialized
DEBUG - 2019-05-21 07:21:41 --> Global POST, GET and COOKIE data sanitized
INFO - 2019-05-21 07:21:41 --> Input Class Initialized
INFO - 2019-05-21 07:21:41 --> Language Class Initialized
INFO - 2019-05-21 07:21:41 --> Loader Class Initialized
INFO - 2019-05-21 07:21:41 --> Helper loaded: general_helper
INFO - 2019-05-21 07:21:41 --> Controller Class Initialized
ERROR - 2019-05-21 07:21:41 --> array(4) {
  [0]=>
  object(stdClass)#16 (2) {
    ["activity_id"]=>
    string(2) "63"
    ["user_num"]=>
    string(1) "3"
  }
  [1]=>
  object(stdClass)#18 (2) {
    ["activity_id"]=>
    string(2) "64"
    ["user_num"]=>
    string(1) "2"
  }
  [2]=>
  object(stdClass)#19 (2) {
    ["activity_id"]=>
    string(2) "65"
    ["user_num"]=>
    string(1) "1"
  }
  [3]=>
  object(stdClass)#20 (2) {
    ["activity_id"]=>
    string(2) "66"
    ["user_num"]=>
    string(1) "2"
  }
}

INFO - 2019-05-21 07:21:41 --> Final output sent to browser
DEBUG - 2019-05-21 07:21:41 --> Total execution time: 0.0114
INFO - 2019-05-21 07:21:43 --> Config Class Initialized
INFO - 2019-05-21 07:21:43 --> Hooks Class Initialized
DEBUG - 2019-05-21 07:21:43 --> UTF-8 Support Enabled
INFO - 2019-05-21 07:21:43 --> Utf8 Class Initialized
INFO - 2019-05-21 07:21:43 --> URI Class Initialized
INFO - 2019-05-21 07:21:43 --> Router Class Initialized
INFO - 2019-05-21 07:21:43 --> Output Class Initialized
INFO - 2019-05-21 07:21:43 --> Security Class Initialized
DEBUG - 2019-05-21 07:21:43 --> Global POST, GET and COOKIE data sanitized
INFO - 2019-05-21 07:21:43 --> Input Class Initialized
INFO - 2019-05-21 07:21:43 --> Language Class Initialized
INFO - 2019-05-21 07:21:43 --> Loader Class Initialized
INFO - 2019-05-21 07:21:43 --> Helper loaded: general_helper
INFO - 2019-05-21 07:21:43 --> Controller Class Initialized
INFO - 2019-05-21 07:21:43 --> Final output sent to browser
DEBUG - 2019-05-21 07:21:43 --> Total execution time: 0.0110
INFO - 2019-05-21 07:21:43 --> Config Class Initialized
INFO - 2019-05-21 07:21:43 --> Hooks Class Initialized
DEBUG - 2019-05-21 07:21:43 --> UTF-8 Support Enabled
INFO - 2019-05-21 07:21:43 --> Utf8 Class Initialized
INFO - 2019-05-21 07:21:43 --> URI Class Initialized
INFO - 2019-05-21 07:21:43 --> Router Class Initialized
INFO - 2019-05-21 07:21:43 --> Output Class Initialized
INFO - 2019-05-21 07:21:43 --> Security Class Initialized
DEBUG - 2019-05-21 07:21:43 --> Global POST, GET and COOKIE data sanitized
INFO - 2019-05-21 07:21:43 --> Input Class Initialized
INFO - 2019-05-21 07:21:43 --> Language Class Initialized
INFO - 2019-05-21 07:21:43 --> Loader Class Initialized
INFO - 2019-05-21 07:21:43 --> Helper loaded: general_helper
INFO - 2019-05-21 07:21:43 --> Controller Class Initialized
ERROR - 2019-05-21 07:21:43 --> array(4) {
  [0]=>
  object(stdClass)#16 (2) {
    ["activity_id"]=>
    string(2) "63"
    ["user_num"]=>
    string(1) "3"
  }
  [1]=>
  object(stdClass)#18 (2) {
    ["activity_id"]=>
    string(2) "64"
    ["user_num"]=>
    string(1) "2"
  }
  [2]=>
  object(stdClass)#19 (2) {
    ["activity_id"]=>
    string(2) "65"
    ["user_num"]=>
    string(1) "1"
  }
  [3]=>
  object(stdClass)#20 (2) {
    ["activity_id"]=>
    string(2) "66"
    ["user_num"]=>
    string(1) "2"
  }
}

INFO - 2019-05-21 07:21:43 --> Final output sent to browser
DEBUG - 2019-05-21 07:21:43 --> Total execution time: 0.0106
INFO - 2019-05-21 07:42:53 --> Config Class Initialized
INFO - 2019-05-21 07:42:53 --> Hooks Class Initialized
DEBUG - 2019-05-21 07:42:53 --> UTF-8 Support Enabled
INFO - 2019-05-21 07:42:53 --> Utf8 Class Initialized
INFO - 2019-05-21 07:42:53 --> URI Class Initialized
INFO - 2019-05-21 07:42:53 --> Router Class Initialized
INFO - 2019-05-21 07:42:53 --> Output Class Initialized
INFO - 2019-05-21 07:42:53 --> Security Class Initialized
DEBUG - 2019-05-21 07:42:53 --> Global POST, GET and COOKIE data sanitized
INFO - 2019-05-21 07:42:53 --> Input Class Initialized
INFO - 2019-05-21 07:42:53 --> Language Class Initialized
INFO - 2019-05-21 07:42:53 --> Loader Class Initialized
INFO - 2019-05-21 07:42:53 --> Helper loaded: general_helper
INFO - 2019-05-21 07:42:53 --> Controller Class Initialized
INFO - 2019-05-21 07:42:53 --> Final output sent to browser
DEBUG - 2019-05-21 07:42:53 --> Total execution time: 0.0118
INFO - 2019-05-21 07:42:54 --> Config Class Initialized
INFO - 2019-05-21 07:42:54 --> Hooks Class Initialized
DEBUG - 2019-05-21 07:42:54 --> UTF-8 Support Enabled
INFO - 2019-05-21 07:42:54 --> Utf8 Class Initialized
INFO - 2019-05-21 07:42:54 --> URI Class Initialized
INFO - 2019-05-21 07:42:54 --> Router Class Initialized
INFO - 2019-05-21 07:42:54 --> Output Class Initialized
INFO - 2019-05-21 07:42:54 --> Security Class Initialized
DEBUG - 2019-05-21 07:42:54 --> Global POST, GET and COOKIE data sanitized
INFO - 2019-05-21 07:42:54 --> Input Class Initialized
INFO - 2019-05-21 07:42:54 --> Language Class Initialized
INFO - 2019-05-21 07:42:54 --> Loader Class Initialized
INFO - 2019-05-21 07:42:54 --> Helper loaded: general_helper
INFO - 2019-05-21 07:42:54 --> Controller Class Initialized
ERROR - 2019-05-21 07:42:54 --> array(4) {
  [0]=>
  object(stdClass)#16 (2) {
    ["activity_id"]=>
    string(2) "63"
    ["user_num"]=>
    string(1) "3"
  }
  [1]=>
  object(stdClass)#18 (2) {
    ["activity_id"]=>
    string(2) "64"
    ["user_num"]=>
    string(1) "2"
  }
  [2]=>
  object(stdClass)#19 (2) {
    ["activity_id"]=>
    string(2) "65"
    ["user_num"]=>
    string(1) "1"
  }
  [3]=>
  object(stdClass)#20 (2) {
    ["activity_id"]=>
    string(2) "66"
    ["user_num"]=>
    string(1) "2"
  }
}

INFO - 2019-05-21 07:42:54 --> Final output sent to browser
DEBUG - 2019-05-21 07:42:54 --> Total execution time: 0.0128
INFO - 2019-05-21 07:43:05 --> Config Class Initialized
INFO - 2019-05-21 07:43:05 --> Hooks Class Initialized
DEBUG - 2019-05-21 07:43:05 --> UTF-8 Support Enabled
INFO - 2019-05-21 07:43:05 --> Utf8 Class Initialized
INFO - 2019-05-21 07:43:05 --> URI Class Initialized
INFO - 2019-05-21 07:43:05 --> Router Class Initialized
INFO - 2019-05-21 07:43:05 --> Output Class Initialized
INFO - 2019-05-21 07:43:05 --> Security Class Initialized
DEBUG - 2019-05-21 07:43:05 --> Global POST, GET and COOKIE data sanitized
INFO - 2019-05-21 07:43:05 --> Input Class Initialized
INFO - 2019-05-21 07:43:05 --> Language Class Initialized
INFO - 2019-05-21 07:43:05 --> Loader Class Initialized
INFO - 2019-05-21 07:43:05 --> Helper loaded: general_helper
INFO - 2019-05-21 07:43:05 --> Controller Class Initialized
INFO - 2019-05-21 07:43:05 --> Final output sent to browser
DEBUG - 2019-05-21 07:43:05 --> Total execution time: 0.0111
INFO - 2019-05-21 07:43:09 --> Config Class Initialized
INFO - 2019-05-21 07:43:09 --> Hooks Class Initialized
DEBUG - 2019-05-21 07:43:09 --> UTF-8 Support Enabled
INFO - 2019-05-21 07:43:09 --> Utf8 Class Initialized
INFO - 2019-05-21 07:43:09 --> URI Class Initialized
INFO - 2019-05-21 07:43:09 --> Router Class Initialized
INFO - 2019-05-21 07:43:09 --> Output Class Initialized
INFO - 2019-05-21 07:43:09 --> Security Class Initialized
DEBUG - 2019-05-21 07:43:09 --> Global POST, GET and COOKIE data sanitized
INFO - 2019-05-21 07:43:09 --> Input Class Initialized
INFO - 2019-05-21 07:43:09 --> Language Class Initialized
INFO - 2019-05-21 07:43:09 --> Loader Class Initialized
INFO - 2019-05-21 07:43:09 --> Helper loaded: general_helper
INFO - 2019-05-21 07:43:09 --> Controller Class Initialized
INFO - 2019-05-21 07:43:09 --> Final output sent to browser
DEBUG - 2019-05-21 07:43:09 --> Total execution time: 0.0150
INFO - 2019-05-21 07:43:09 --> Config Class Initialized
INFO - 2019-05-21 07:43:09 --> Hooks Class Initialized
DEBUG - 2019-05-21 07:43:09 --> UTF-8 Support Enabled
INFO - 2019-05-21 07:43:09 --> Utf8 Class Initialized
INFO - 2019-05-21 07:43:09 --> URI Class Initialized
INFO - 2019-05-21 07:43:09 --> Router Class Initialized
INFO - 2019-05-21 07:43:09 --> Output Class Initialized
INFO - 2019-05-21 07:43:09 --> Security Class Initialized
DEBUG - 2019-05-21 07:43:09 --> Global POST, GET and COOKIE data sanitized
INFO - 2019-05-21 07:43:09 --> Input Class Initialized
INFO - 2019-05-21 07:43:09 --> Language Class Initialized
INFO - 2019-05-21 07:43:09 --> Loader Class Initialized
INFO - 2019-05-21 07:43:09 --> Helper loaded: general_helper
INFO - 2019-05-21 07:43:09 --> Controller Class Initialized
ERROR - 2019-05-21 07:43:09 --> array(4) {
  [0]=>
  object(stdClass)#16 (2) {
    ["activity_id"]=>
    string(2) "63"
    ["user_num"]=>
    string(1) "3"
  }
  [1]=>
  object(stdClass)#18 (2) {
    ["activity_id"]=>
    string(2) "64"
    ["user_num"]=>
    string(1) "2"
  }
  [2]=>
  object(stdClass)#19 (2) {
    ["activity_id"]=>
    string(2) "65"
    ["user_num"]=>
    string(1) "1"
  }
  [3]=>
  object(stdClass)#20 (2) {
    ["activity_id"]=>
    string(2) "66"
    ["user_num"]=>
    string(1) "2"
  }
}

INFO - 2019-05-21 07:43:09 --> Final output sent to browser
DEBUG - 2019-05-21 07:43:09 --> Total execution time: 0.0150
INFO - 2019-05-21 07:43:16 --> Config Class Initialized
INFO - 2019-05-21 07:43:16 --> Hooks Class Initialized
DEBUG - 2019-05-21 07:43:16 --> UTF-8 Support Enabled
INFO - 2019-05-21 07:43:16 --> Utf8 Class Initialized
INFO - 2019-05-21 07:43:16 --> URI Class Initialized
INFO - 2019-05-21 07:43:16 --> Router Class Initialized
INFO - 2019-05-21 07:43:16 --> Output Class Initialized
INFO - 2019-05-21 07:43:16 --> Security Class Initialized
DEBUG - 2019-05-21 07:43:16 --> Global POST, GET and COOKIE data sanitized
INFO - 2019-05-21 07:43:16 --> Input Class Initialized
INFO - 2019-05-21 07:43:16 --> Language Class Initialized
INFO - 2019-05-21 07:43:16 --> Loader Class Initialized
INFO - 2019-05-21 07:43:16 --> Helper loaded: general_helper
INFO - 2019-05-21 07:43:16 --> Controller Class Initialized
INFO - 2019-05-21 07:43:16 --> Final output sent to browser
DEBUG - 2019-05-21 07:43:16 --> Total execution time: 0.0118
INFO - 2019-05-21 07:43:19 --> Config Class Initialized
INFO - 2019-05-21 07:43:19 --> Hooks Class Initialized
DEBUG - 2019-05-21 07:43:19 --> UTF-8 Support Enabled
INFO - 2019-05-21 07:43:19 --> Utf8 Class Initialized
INFO - 2019-05-21 07:43:19 --> URI Class Initialized
INFO - 2019-05-21 07:43:19 --> Router Class Initialized
INFO - 2019-05-21 07:43:19 --> Output Class Initialized
INFO - 2019-05-21 07:43:19 --> Security Class Initialized
DEBUG - 2019-05-21 07:43:19 --> Global POST, GET and COOKIE data sanitized
INFO - 2019-05-21 07:43:19 --> Input Class Initialized
INFO - 2019-05-21 07:43:19 --> Language Class Initialized
INFO - 2019-05-21 07:43:19 --> Loader Class Initialized
INFO - 2019-05-21 07:43:19 --> Helper loaded: general_helper
INFO - 2019-05-21 07:43:19 --> Controller Class Initialized
INFO - 2019-05-21 07:43:19 --> Final output sent to browser
DEBUG - 2019-05-21 07:43:19 --> Total execution time: 0.0116
INFO - 2019-05-21 07:43:34 --> Config Class Initialized
INFO - 2019-05-21 07:43:34 --> Hooks Class Initialized
DEBUG - 2019-05-21 07:43:34 --> UTF-8 Support Enabled
INFO - 2019-05-21 07:43:34 --> Utf8 Class Initialized
INFO - 2019-05-21 07:43:34 --> URI Class Initialized
INFO - 2019-05-21 07:43:34 --> Router Class Initialized
INFO - 2019-05-21 07:43:34 --> Output Class Initialized
INFO - 2019-05-21 07:43:34 --> Security Class Initialized
DEBUG - 2019-05-21 07:43:34 --> Global POST, GET and COOKIE data sanitized
INFO - 2019-05-21 07:43:34 --> Input Class Initialized
INFO - 2019-05-21 07:43:34 --> Language Class Initialized
INFO - 2019-05-21 07:43:34 --> Loader Class Initialized
INFO - 2019-05-21 07:43:34 --> Helper loaded: general_helper
INFO - 2019-05-21 07:43:34 --> Controller Class Initialized
INFO - 2019-05-21 07:43:34 --> Final output sent to browser
DEBUG - 2019-05-21 07:43:34 --> Total execution time: 0.0117
INFO - 2019-05-21 07:44:42 --> Config Class Initialized
INFO - 2019-05-21 07:44:42 --> Hooks Class Initialized
DEBUG - 2019-05-21 07:44:42 --> UTF-8 Support Enabled
INFO - 2019-05-21 07:44:42 --> Utf8 Class Initialized
INFO - 2019-05-21 07:44:42 --> URI Class Initialized
INFO - 2019-05-21 07:44:42 --> Router Class Initialized
INFO - 2019-05-21 07:44:42 --> Output Class Initialized
INFO - 2019-05-21 07:44:42 --> Security Class Initialized
DEBUG - 2019-05-21 07:44:42 --> Global POST, GET and COOKIE data sanitized
INFO - 2019-05-21 07:44:42 --> Input Class Initialized
INFO - 2019-05-21 07:44:42 --> Language Class Initialized
INFO - 2019-05-21 07:44:42 --> Loader Class Initialized
INFO - 2019-05-21 07:44:42 --> Helper loaded: general_helper
INFO - 2019-05-21 07:44:42 --> Controller Class Initialized
ERROR - 2019-05-21 07:44:42 --> userId111
ERROR - 2019-05-21 07:44:42 --> name测试
ERROR - 2019-05-21 07:44:42 --> logoUrlhttp://fe-1255989678.cos.ap-beijing.myqcloud.com/volunteer/109_1558224652405.jpg
ERROR - 2019-05-21 07:44:42 --> introduction登山活动济南遥墙国际机场的扩建，是济南创建“大强美富通”国际化大都市提高省会辐射带动作用的重要举措，支撑济南新旧动能转换重大工程的绝佳机遇。机场综合交通枢纽规划是统筹协调航空、高铁、高速公路、轨道交通、公共交通、城市道路、长途客运、货运物流等多种交通系统，组织日益增长的航空客流和货流高效集散的关键规划。
济南遥墙国际机场的扩建，是济南创建“大强美富通”国际化大都市提高省会辐射带动作用的重要举措，支撑济南新旧动能转换重大工程的绝佳机遇。机场综合交通枢纽规划是统筹协调航空、高铁、高速公路、轨道交通、公共交通、城市道路、长途客运、货运物流等多种交通系统，组织日益增长的航空客流和货流高效集散的关键规划。
ERROR - 2019-05-21 07:44:42 --> start_date2019-05-20
ERROR - 2019-05-21 07:44:42 --> end_date2019-05-21
ERROR - 2019-05-21 07:44:42 --> user_num_limitundefined
ERROR - 2019-05-21 07:44:42 --> content[]
ERROR - 2019-05-21 07:44:42 --> res1
INFO - 2019-05-21 07:44:42 --> Final output sent to browser
DEBUG - 2019-05-21 07:44:42 --> Total execution time: 0.0158
INFO - 2019-05-21 07:44:57 --> Config Class Initialized
INFO - 2019-05-21 07:44:57 --> Hooks Class Initialized
DEBUG - 2019-05-21 07:44:57 --> UTF-8 Support Enabled
INFO - 2019-05-21 07:44:57 --> Utf8 Class Initialized
INFO - 2019-05-21 07:44:57 --> URI Class Initialized
INFO - 2019-05-21 07:44:57 --> Router Class Initialized
INFO - 2019-05-21 07:44:57 --> Output Class Initialized
INFO - 2019-05-21 07:44:57 --> Security Class Initialized
DEBUG - 2019-05-21 07:44:57 --> Global POST, GET and COOKIE data sanitized
INFO - 2019-05-21 07:44:57 --> Input Class Initialized
INFO - 2019-05-21 07:44:57 --> Language Class Initialized
INFO - 2019-05-21 07:44:57 --> Loader Class Initialized
INFO - 2019-05-21 07:44:57 --> Helper loaded: general_helper
INFO - 2019-05-21 07:44:57 --> Controller Class Initialized
INFO - 2019-05-21 07:44:57 --> Final output sent to browser
DEBUG - 2019-05-21 07:44:57 --> Total execution time: 0.0123
INFO - 2019-05-21 07:45:12 --> Config Class Initialized
INFO - 2019-05-21 07:45:12 --> Hooks Class Initialized
DEBUG - 2019-05-21 07:45:12 --> UTF-8 Support Enabled
INFO - 2019-05-21 07:45:12 --> Utf8 Class Initialized
INFO - 2019-05-21 07:45:12 --> URI Class Initialized
INFO - 2019-05-21 07:45:12 --> Router Class Initialized
INFO - 2019-05-21 07:45:12 --> Output Class Initialized
INFO - 2019-05-21 07:45:12 --> Security Class Initialized
DEBUG - 2019-05-21 07:45:12 --> Global POST, GET and COOKIE data sanitized
INFO - 2019-05-21 07:45:12 --> Input Class Initialized
INFO - 2019-05-21 07:45:12 --> Language Class Initialized
INFO - 2019-05-21 07:45:12 --> Loader Class Initialized
INFO - 2019-05-21 07:45:12 --> Helper loaded: general_helper
INFO - 2019-05-21 07:45:12 --> Controller Class Initialized
ERROR - 2019-05-21 07:45:12 --> array(4) {
  [0]=>
  object(stdClass)#16 (2) {
    ["activity_id"]=>
    string(2) "63"
    ["user_num"]=>
    string(1) "3"
  }
  [1]=>
  object(stdClass)#18 (2) {
    ["activity_id"]=>
    string(2) "64"
    ["user_num"]=>
    string(1) "2"
  }
  [2]=>
  object(stdClass)#19 (2) {
    ["activity_id"]=>
    string(2) "65"
    ["user_num"]=>
    string(1) "1"
  }
  [3]=>
  object(stdClass)#20 (2) {
    ["activity_id"]=>
    string(2) "66"
    ["user_num"]=>
    string(1) "2"
  }
}

INFO - 2019-05-21 07:45:12 --> Final output sent to browser
DEBUG - 2019-05-21 07:45:12 --> Total execution time: 0.0133
INFO - 2019-05-21 08:02:38 --> Config Class Initialized
INFO - 2019-05-21 08:02:38 --> Hooks Class Initialized
DEBUG - 2019-05-21 08:02:38 --> UTF-8 Support Enabled
INFO - 2019-05-21 08:02:38 --> Utf8 Class Initialized
INFO - 2019-05-21 08:02:38 --> URI Class Initialized
INFO - 2019-05-21 08:02:38 --> Router Class Initialized
INFO - 2019-05-21 08:02:38 --> Output Class Initialized
INFO - 2019-05-21 08:02:38 --> Security Class Initialized
DEBUG - 2019-05-21 08:02:38 --> Global POST, GET and COOKIE data sanitized
INFO - 2019-05-21 08:02:38 --> Input Class Initialized
INFO - 2019-05-21 08:02:38 --> Language Class Initialized
INFO - 2019-05-21 08:02:38 --> Loader Class Initialized
INFO - 2019-05-21 08:02:38 --> Helper loaded: general_helper
INFO - 2019-05-21 08:02:38 --> Controller Class Initialized
INFO - 2019-05-21 08:02:38 --> Final output sent to browser
DEBUG - 2019-05-21 08:02:38 --> Total execution time: 0.0111
INFO - 2019-05-21 08:02:38 --> Config Class Initialized
INFO - 2019-05-21 08:02:38 --> Hooks Class Initialized
DEBUG - 2019-05-21 08:02:38 --> UTF-8 Support Enabled
INFO - 2019-05-21 08:02:38 --> Utf8 Class Initialized
INFO - 2019-05-21 08:02:38 --> URI Class Initialized
INFO - 2019-05-21 08:02:38 --> Router Class Initialized
INFO - 2019-05-21 08:02:38 --> Output Class Initialized
INFO - 2019-05-21 08:02:38 --> Security Class Initialized
DEBUG - 2019-05-21 08:02:38 --> Global POST, GET and COOKIE data sanitized
INFO - 2019-05-21 08:02:38 --> Input Class Initialized
INFO - 2019-05-21 08:02:38 --> Language Class Initialized
INFO - 2019-05-21 08:02:38 --> Loader Class Initialized
INFO - 2019-05-21 08:02:38 --> Helper loaded: general_helper
INFO - 2019-05-21 08:02:38 --> Controller Class Initialized
ERROR - 2019-05-21 08:02:38 --> array(4) {
  [0]=>
  object(stdClass)#16 (2) {
    ["activity_id"]=>
    string(2) "63"
    ["user_num"]=>
    string(1) "3"
  }
  [1]=>
  object(stdClass)#18 (2) {
    ["activity_id"]=>
    string(2) "64"
    ["user_num"]=>
    string(1) "2"
  }
  [2]=>
  object(stdClass)#19 (2) {
    ["activity_id"]=>
    string(2) "65"
    ["user_num"]=>
    string(1) "1"
  }
  [3]=>
  object(stdClass)#20 (2) {
    ["activity_id"]=>
    string(2) "66"
    ["user_num"]=>
    string(1) "2"
  }
}

INFO - 2019-05-21 08:02:38 --> Final output sent to browser
DEBUG - 2019-05-21 08:02:38 --> Total execution time: 0.0127
INFO - 2019-05-21 08:02:41 --> Config Class Initialized
INFO - 2019-05-21 08:02:41 --> Hooks Class Initialized
DEBUG - 2019-05-21 08:02:41 --> UTF-8 Support Enabled
INFO - 2019-05-21 08:02:41 --> Utf8 Class Initialized
INFO - 2019-05-21 08:02:41 --> URI Class Initialized
INFO - 2019-05-21 08:02:41 --> Router Class Initialized
INFO - 2019-05-21 08:02:41 --> Output Class Initialized
INFO - 2019-05-21 08:02:41 --> Security Class Initialized
DEBUG - 2019-05-21 08:02:41 --> Global POST, GET and COOKIE data sanitized
INFO - 2019-05-21 08:02:41 --> Input Class Initialized
INFO - 2019-05-21 08:02:41 --> Language Class Initialized
INFO - 2019-05-21 08:02:41 --> Loader Class Initialized
INFO - 2019-05-21 08:02:41 --> Helper loaded: general_helper
INFO - 2019-05-21 08:02:41 --> Controller Class Initialized
INFO - 2019-05-21 08:02:41 --> Final output sent to browser
DEBUG - 2019-05-21 08:02:41 --> Total execution time: 0.0106
INFO - 2019-05-21 08:02:52 --> Config Class Initialized
INFO - 2019-05-21 08:02:52 --> Hooks Class Initialized
DEBUG - 2019-05-21 08:02:52 --> UTF-8 Support Enabled
INFO - 2019-05-21 08:02:52 --> Utf8 Class Initialized
INFO - 2019-05-21 08:02:52 --> URI Class Initialized
INFO - 2019-05-21 08:02:52 --> Router Class Initialized
INFO - 2019-05-21 08:02:52 --> Output Class Initialized
INFO - 2019-05-21 08:02:52 --> Security Class Initialized
DEBUG - 2019-05-21 08:02:52 --> Global POST, GET and COOKIE data sanitized
INFO - 2019-05-21 08:02:52 --> Input Class Initialized
INFO - 2019-05-21 08:02:52 --> Language Class Initialized
INFO - 2019-05-21 08:02:52 --> Loader Class Initialized
INFO - 2019-05-21 08:02:52 --> Helper loaded: general_helper
INFO - 2019-05-21 08:02:52 --> Controller Class Initialized
INFO - 2019-05-21 08:02:52 --> Final output sent to browser
DEBUG - 2019-05-21 08:02:52 --> Total execution time: 0.0117
INFO - 2019-05-21 08:03:00 --> Config Class Initialized
INFO - 2019-05-21 08:03:00 --> Hooks Class Initialized
DEBUG - 2019-05-21 08:03:00 --> UTF-8 Support Enabled
INFO - 2019-05-21 08:03:00 --> Utf8 Class Initialized
INFO - 2019-05-21 08:03:00 --> URI Class Initialized
INFO - 2019-05-21 08:03:00 --> Router Class Initialized
INFO - 2019-05-21 08:03:00 --> Output Class Initialized
INFO - 2019-05-21 08:03:00 --> Security Class Initialized
DEBUG - 2019-05-21 08:03:00 --> Global POST, GET and COOKIE data sanitized
INFO - 2019-05-21 08:03:00 --> Input Class Initialized
INFO - 2019-05-21 08:03:00 --> Language Class Initialized
INFO - 2019-05-21 08:03:00 --> Loader Class Initialized
INFO - 2019-05-21 08:03:00 --> Helper loaded: general_helper
INFO - 2019-05-21 08:03:00 --> Controller Class Initialized
ERROR - 2019-05-21 08:03:00 --> userId111
ERROR - 2019-05-21 08:03:00 --> name测试
ERROR - 2019-05-21 08:03:00 --> logoUrlhttps://fe-1255989678.cos.ap-beijing.myqcloud.com/volunteer/111_1558396975985.jpg
ERROR - 2019-05-21 08:03:00 --> introduction登山活动济南遥墙国际机场的扩建，是济南创建“大强美富通”国际化大都市提高省会辐射带动作用的重要举措，支撑济南新旧动能转换重大工程的绝佳机遇。机场综合交通枢纽规划是统筹协调航空、高铁、高速公路、轨道交通、公共交通、城市道路、长途客运、货运物流等多种交通系统，组织日益增长的航空客流和货流高效集散的关键规划。
济南遥墙国际机场的扩建，是济南创建“大强美富通”国际化大都市提高省会辐射带动作用的重要举措，支撑济南新旧动能转换重大工程的绝佳机遇。机场综合交通枢纽规划是统筹协调航空、高铁、高速公路、轨道交通、公共交通、城市道路、长途客运、货运物流等多种交通系统，组织日益增长的航空客流和货流高效集散的关键规划。
ERROR - 2019-05-21 08:03:00 --> start_date2019-05-20
ERROR - 2019-05-21 08:03:00 --> end_date2019-05-21
ERROR - 2019-05-21 08:03:00 --> user_num_limitundefined
ERROR - 2019-05-21 08:03:00 --> content[]
ERROR - 2019-05-21 08:03:00 --> res1
INFO - 2019-05-21 08:03:00 --> Final output sent to browser
DEBUG - 2019-05-21 08:03:00 --> Total execution time: 0.0122
INFO - 2019-05-21 08:03:04 --> Config Class Initialized
INFO - 2019-05-21 08:03:04 --> Hooks Class Initialized
DEBUG - 2019-05-21 08:03:04 --> UTF-8 Support Enabled
INFO - 2019-05-21 08:03:04 --> Utf8 Class Initialized
INFO - 2019-05-21 08:03:04 --> URI Class Initialized
INFO - 2019-05-21 08:03:04 --> Router Class Initialized
INFO - 2019-05-21 08:03:04 --> Output Class Initialized
INFO - 2019-05-21 08:03:04 --> Security Class Initialized
DEBUG - 2019-05-21 08:03:04 --> Global POST, GET and COOKIE data sanitized
INFO - 2019-05-21 08:03:04 --> Input Class Initialized
INFO - 2019-05-21 08:03:04 --> Language Class Initialized
INFO - 2019-05-21 08:03:04 --> Loader Class Initialized
INFO - 2019-05-21 08:03:04 --> Helper loaded: general_helper
INFO - 2019-05-21 08:03:04 --> Controller Class Initialized
INFO - 2019-05-21 08:03:04 --> Final output sent to browser
DEBUG - 2019-05-21 08:03:04 --> Total execution time: 0.0168
INFO - 2019-05-21 08:03:05 --> Config Class Initialized
INFO - 2019-05-21 08:03:05 --> Hooks Class Initialized
DEBUG - 2019-05-21 08:03:05 --> UTF-8 Support Enabled
INFO - 2019-05-21 08:03:05 --> Utf8 Class Initialized
INFO - 2019-05-21 08:03:05 --> URI Class Initialized
INFO - 2019-05-21 08:03:05 --> Router Class Initialized
INFO - 2019-05-21 08:03:05 --> Output Class Initialized
INFO - 2019-05-21 08:03:05 --> Security Class Initialized
DEBUG - 2019-05-21 08:03:05 --> Global POST, GET and COOKIE data sanitized
INFO - 2019-05-21 08:03:05 --> Input Class Initialized
INFO - 2019-05-21 08:03:05 --> Language Class Initialized
INFO - 2019-05-21 08:03:05 --> Loader Class Initialized
INFO - 2019-05-21 08:03:05 --> Helper loaded: general_helper
INFO - 2019-05-21 08:03:05 --> Controller Class Initialized
ERROR - 2019-05-21 08:03:05 --> array(4) {
  [0]=>
  object(stdClass)#16 (2) {
    ["activity_id"]=>
    string(2) "63"
    ["user_num"]=>
    string(1) "3"
  }
  [1]=>
  object(stdClass)#18 (2) {
    ["activity_id"]=>
    string(2) "64"
    ["user_num"]=>
    string(1) "2"
  }
  [2]=>
  object(stdClass)#19 (2) {
    ["activity_id"]=>
    string(2) "65"
    ["user_num"]=>
    string(1) "1"
  }
  [3]=>
  object(stdClass)#20 (2) {
    ["activity_id"]=>
    string(2) "66"
    ["user_num"]=>
    string(1) "2"
  }
}

INFO - 2019-05-21 08:03:05 --> Final output sent to browser
DEBUG - 2019-05-21 08:03:05 --> Total execution time: 0.0115
INFO - 2019-05-21 08:03:06 --> Config Class Initialized
INFO - 2019-05-21 08:03:06 --> Hooks Class Initialized
DEBUG - 2019-05-21 08:03:06 --> UTF-8 Support Enabled
INFO - 2019-05-21 08:03:06 --> Utf8 Class Initialized
INFO - 2019-05-21 08:03:06 --> URI Class Initialized
INFO - 2019-05-21 08:03:06 --> Router Class Initialized
INFO - 2019-05-21 08:03:06 --> Output Class Initialized
INFO - 2019-05-21 08:03:06 --> Security Class Initialized
DEBUG - 2019-05-21 08:03:06 --> Global POST, GET and COOKIE data sanitized
INFO - 2019-05-21 08:03:06 --> Input Class Initialized
INFO - 2019-05-21 08:03:06 --> Language Class Initialized
INFO - 2019-05-21 08:03:06 --> Loader Class Initialized
INFO - 2019-05-21 08:03:06 --> Helper loaded: general_helper
INFO - 2019-05-21 08:03:06 --> Controller Class Initialized
INFO - 2019-05-21 08:03:06 --> Final output sent to browser
DEBUG - 2019-05-21 08:03:06 --> Total execution time: 0.0129
INFO - 2019-05-21 08:03:16 --> Config Class Initialized
INFO - 2019-05-21 08:03:16 --> Hooks Class Initialized
DEBUG - 2019-05-21 08:03:16 --> UTF-8 Support Enabled
INFO - 2019-05-21 08:03:16 --> Utf8 Class Initialized
INFO - 2019-05-21 08:03:16 --> URI Class Initialized
INFO - 2019-05-21 08:03:16 --> Router Class Initialized
INFO - 2019-05-21 08:03:16 --> Output Class Initialized
INFO - 2019-05-21 08:03:16 --> Security Class Initialized
DEBUG - 2019-05-21 08:03:16 --> Global POST, GET and COOKIE data sanitized
INFO - 2019-05-21 08:03:16 --> Input Class Initialized
INFO - 2019-05-21 08:03:16 --> Language Class Initialized
INFO - 2019-05-21 08:03:16 --> Loader Class Initialized
INFO - 2019-05-21 08:03:16 --> Helper loaded: general_helper
INFO - 2019-05-21 08:03:16 --> Controller Class Initialized
INFO - 2019-05-21 08:03:16 --> Final output sent to browser
DEBUG - 2019-05-21 08:03:16 --> Total execution time: 0.0123
INFO - 2019-05-21 08:03:16 --> Config Class Initialized
INFO - 2019-05-21 08:03:16 --> Hooks Class Initialized
DEBUG - 2019-05-21 08:03:16 --> UTF-8 Support Enabled
INFO - 2019-05-21 08:03:16 --> Utf8 Class Initialized
INFO - 2019-05-21 08:03:16 --> URI Class Initialized
INFO - 2019-05-21 08:03:16 --> Router Class Initialized
INFO - 2019-05-21 08:03:16 --> Output Class Initialized
INFO - 2019-05-21 08:03:16 --> Security Class Initialized
DEBUG - 2019-05-21 08:03:16 --> Global POST, GET and COOKIE data sanitized
INFO - 2019-05-21 08:03:16 --> Input Class Initialized
INFO - 2019-05-21 08:03:16 --> Language Class Initialized
INFO - 2019-05-21 08:03:16 --> Loader Class Initialized
INFO - 2019-05-21 08:03:16 --> Helper loaded: general_helper
INFO - 2019-05-21 08:03:16 --> Controller Class Initialized
ERROR - 2019-05-21 08:03:16 --> array(4) {
  [0]=>
  object(stdClass)#16 (2) {
    ["activity_id"]=>
    string(2) "63"
    ["user_num"]=>
    string(1) "3"
  }
  [1]=>
  object(stdClass)#18 (2) {
    ["activity_id"]=>
    string(2) "64"
    ["user_num"]=>
    string(1) "2"
  }
  [2]=>
  object(stdClass)#19 (2) {
    ["activity_id"]=>
    string(2) "65"
    ["user_num"]=>
    string(1) "1"
  }
  [3]=>
  object(stdClass)#20 (2) {
    ["activity_id"]=>
    string(2) "66"
    ["user_num"]=>
    string(1) "2"
  }
}

INFO - 2019-05-21 08:03:16 --> Final output sent to browser
DEBUG - 2019-05-21 08:03:16 --> Total execution time: 0.0124
INFO - 2019-05-21 08:03:23 --> Config Class Initialized
INFO - 2019-05-21 08:03:23 --> Hooks Class Initialized
DEBUG - 2019-05-21 08:03:23 --> UTF-8 Support Enabled
INFO - 2019-05-21 08:03:23 --> Utf8 Class Initialized
INFO - 2019-05-21 08:03:23 --> URI Class Initialized
INFO - 2019-05-21 08:03:23 --> Router Class Initialized
INFO - 2019-05-21 08:03:23 --> Output Class Initialized
INFO - 2019-05-21 08:03:23 --> Security Class Initialized
DEBUG - 2019-05-21 08:03:23 --> Global POST, GET and COOKIE data sanitized
INFO - 2019-05-21 08:03:23 --> Input Class Initialized
INFO - 2019-05-21 08:03:23 --> Language Class Initialized
INFO - 2019-05-21 08:03:23 --> Loader Class Initialized
INFO - 2019-05-21 08:03:23 --> Helper loaded: general_helper
INFO - 2019-05-21 08:03:23 --> Controller Class Initialized
INFO - 2019-05-21 08:03:23 --> Final output sent to browser
DEBUG - 2019-05-21 08:03:23 --> Total execution time: 0.0113
INFO - 2019-05-21 08:03:23 --> Config Class Initialized
INFO - 2019-05-21 08:03:23 --> Hooks Class Initialized
DEBUG - 2019-05-21 08:03:23 --> UTF-8 Support Enabled
INFO - 2019-05-21 08:03:23 --> Utf8 Class Initialized
INFO - 2019-05-21 08:03:23 --> URI Class Initialized
INFO - 2019-05-21 08:03:23 --> Router Class Initialized
INFO - 2019-05-21 08:03:23 --> Output Class Initialized
INFO - 2019-05-21 08:03:23 --> Security Class Initialized
DEBUG - 2019-05-21 08:03:23 --> Global POST, GET and COOKIE data sanitized
INFO - 2019-05-21 08:03:23 --> Input Class Initialized
INFO - 2019-05-21 08:03:23 --> Language Class Initialized
INFO - 2019-05-21 08:03:23 --> Loader Class Initialized
INFO - 2019-05-21 08:03:23 --> Helper loaded: general_helper
INFO - 2019-05-21 08:03:23 --> Controller Class Initialized
ERROR - 2019-05-21 08:03:23 --> array(4) {
  [0]=>
  object(stdClass)#16 (2) {
    ["activity_id"]=>
    string(2) "63"
    ["user_num"]=>
    string(1) "3"
  }
  [1]=>
  object(stdClass)#18 (2) {
    ["activity_id"]=>
    string(2) "64"
    ["user_num"]=>
    string(1) "2"
  }
  [2]=>
  object(stdClass)#19 (2) {
    ["activity_id"]=>
    string(2) "65"
    ["user_num"]=>
    string(1) "1"
  }
  [3]=>
  object(stdClass)#20 (2) {
    ["activity_id"]=>
    string(2) "66"
    ["user_num"]=>
    string(1) "2"
  }
}

INFO - 2019-05-21 08:03:23 --> Final output sent to browser
DEBUG - 2019-05-21 08:03:23 --> Total execution time: 0.0119
INFO - 2019-05-21 08:27:33 --> Config Class Initialized
INFO - 2019-05-21 08:27:33 --> Hooks Class Initialized
DEBUG - 2019-05-21 08:27:33 --> UTF-8 Support Enabled
INFO - 2019-05-21 08:27:33 --> Utf8 Class Initialized
INFO - 2019-05-21 08:27:33 --> URI Class Initialized
INFO - 2019-05-21 08:27:33 --> Router Class Initialized
INFO - 2019-05-21 08:27:33 --> Output Class Initialized
INFO - 2019-05-21 08:27:33 --> Security Class Initialized
DEBUG - 2019-05-21 08:27:33 --> Global POST, GET and COOKIE data sanitized
INFO - 2019-05-21 08:27:33 --> Input Class Initialized
INFO - 2019-05-21 08:27:33 --> Language Class Initialized
INFO - 2019-05-21 08:27:33 --> Loader Class Initialized
INFO - 2019-05-21 08:27:33 --> Helper loaded: general_helper
INFO - 2019-05-21 08:27:33 --> Controller Class Initialized
INFO - 2019-05-21 08:27:33 --> Final output sent to browser
DEBUG - 2019-05-21 08:27:33 --> Total execution time: 0.0108
INFO - 2019-05-21 08:27:34 --> Config Class Initialized
INFO - 2019-05-21 08:27:34 --> Hooks Class Initialized
DEBUG - 2019-05-21 08:27:34 --> UTF-8 Support Enabled
INFO - 2019-05-21 08:27:34 --> Utf8 Class Initialized
INFO - 2019-05-21 08:27:34 --> URI Class Initialized
INFO - 2019-05-21 08:27:34 --> Router Class Initialized
INFO - 2019-05-21 08:27:34 --> Output Class Initialized
INFO - 2019-05-21 08:27:34 --> Security Class Initialized
DEBUG - 2019-05-21 08:27:34 --> Global POST, GET and COOKIE data sanitized
INFO - 2019-05-21 08:27:34 --> Input Class Initialized
INFO - 2019-05-21 08:27:34 --> Language Class Initialized
INFO - 2019-05-21 08:27:34 --> Loader Class Initialized
INFO - 2019-05-21 08:27:34 --> Helper loaded: general_helper
INFO - 2019-05-21 08:27:34 --> Controller Class Initialized
ERROR - 2019-05-21 08:27:34 --> array(4) {
  [0]=>
  object(stdClass)#16 (2) {
    ["activity_id"]=>
    string(2) "63"
    ["user_num"]=>
    string(1) "3"
  }
  [1]=>
  object(stdClass)#18 (2) {
    ["activity_id"]=>
    string(2) "64"
    ["user_num"]=>
    string(1) "2"
  }
  [2]=>
  object(stdClass)#19 (2) {
    ["activity_id"]=>
    string(2) "65"
    ["user_num"]=>
    string(1) "1"
  }
  [3]=>
  object(stdClass)#20 (2) {
    ["activity_id"]=>
    string(2) "66"
    ["user_num"]=>
    string(1) "2"
  }
}

INFO - 2019-05-21 08:27:34 --> Final output sent to browser
DEBUG - 2019-05-21 08:27:34 --> Total execution time: 0.0110
INFO - 2019-05-21 08:27:37 --> Config Class Initialized
INFO - 2019-05-21 08:27:37 --> Hooks Class Initialized
DEBUG - 2019-05-21 08:27:37 --> UTF-8 Support Enabled
INFO - 2019-05-21 08:27:37 --> Utf8 Class Initialized
INFO - 2019-05-21 08:27:37 --> URI Class Initialized
INFO - 2019-05-21 08:27:37 --> Router Class Initialized
INFO - 2019-05-21 08:27:37 --> Output Class Initialized
INFO - 2019-05-21 08:27:37 --> Security Class Initialized
DEBUG - 2019-05-21 08:27:37 --> Global POST, GET and COOKIE data sanitized
INFO - 2019-05-21 08:27:37 --> Input Class Initialized
INFO - 2019-05-21 08:27:37 --> Language Class Initialized
INFO - 2019-05-21 08:27:37 --> Loader Class Initialized
INFO - 2019-05-21 08:27:37 --> Helper loaded: general_helper
INFO - 2019-05-21 08:27:37 --> Controller Class Initialized
INFO - 2019-05-21 08:27:37 --> Final output sent to browser
DEBUG - 2019-05-21 08:27:37 --> Total execution time: 0.0103
INFO - 2019-05-21 08:27:39 --> Config Class Initialized
INFO - 2019-05-21 08:27:39 --> Hooks Class Initialized
DEBUG - 2019-05-21 08:27:39 --> UTF-8 Support Enabled
INFO - 2019-05-21 08:27:39 --> Utf8 Class Initialized
INFO - 2019-05-21 08:27:39 --> URI Class Initialized
INFO - 2019-05-21 08:27:39 --> Router Class Initialized
INFO - 2019-05-21 08:27:39 --> Output Class Initialized
INFO - 2019-05-21 08:27:39 --> Security Class Initialized
DEBUG - 2019-05-21 08:27:39 --> Global POST, GET and COOKIE data sanitized
INFO - 2019-05-21 08:27:39 --> Input Class Initialized
INFO - 2019-05-21 08:27:39 --> Language Class Initialized
INFO - 2019-05-21 08:27:39 --> Loader Class Initialized
INFO - 2019-05-21 08:27:39 --> Helper loaded: general_helper
INFO - 2019-05-21 08:27:39 --> Controller Class Initialized
INFO - 2019-05-21 08:27:39 --> Final output sent to browser
DEBUG - 2019-05-21 08:27:39 --> Total execution time: 0.0111
INFO - 2019-05-21 08:27:40 --> Config Class Initialized
INFO - 2019-05-21 08:27:40 --> Hooks Class Initialized
DEBUG - 2019-05-21 08:27:40 --> UTF-8 Support Enabled
INFO - 2019-05-21 08:27:40 --> Utf8 Class Initialized
INFO - 2019-05-21 08:27:40 --> URI Class Initialized
INFO - 2019-05-21 08:27:40 --> Router Class Initialized
INFO - 2019-05-21 08:27:40 --> Output Class Initialized
INFO - 2019-05-21 08:27:40 --> Security Class Initialized
DEBUG - 2019-05-21 08:27:40 --> Global POST, GET and COOKIE data sanitized
INFO - 2019-05-21 08:27:40 --> Input Class Initialized
INFO - 2019-05-21 08:27:40 --> Language Class Initialized
INFO - 2019-05-21 08:27:40 --> Loader Class Initialized
INFO - 2019-05-21 08:27:40 --> Helper loaded: general_helper
INFO - 2019-05-21 08:27:40 --> Controller Class Initialized
ERROR - 2019-05-21 08:27:40 --> array(4) {
  [0]=>
  object(stdClass)#16 (2) {
    ["activity_id"]=>
    string(2) "63"
    ["user_num"]=>
    string(1) "3"
  }
  [1]=>
  object(stdClass)#18 (2) {
    ["activity_id"]=>
    string(2) "64"
    ["user_num"]=>
    string(1) "2"
  }
  [2]=>
  object(stdClass)#19 (2) {
    ["activity_id"]=>
    string(2) "65"
    ["user_num"]=>
    string(1) "1"
  }
  [3]=>
  object(stdClass)#20 (2) {
    ["activity_id"]=>
    string(2) "66"
    ["user_num"]=>
    string(1) "2"
  }
}

INFO - 2019-05-21 08:27:40 --> Final output sent to browser
DEBUG - 2019-05-21 08:27:40 --> Total execution time: 0.0107
INFO - 2019-05-21 08:27:49 --> Config Class Initialized
INFO - 2019-05-21 08:27:49 --> Hooks Class Initialized
DEBUG - 2019-05-21 08:27:49 --> UTF-8 Support Enabled
INFO - 2019-05-21 08:27:49 --> Utf8 Class Initialized
INFO - 2019-05-21 08:27:49 --> URI Class Initialized
INFO - 2019-05-21 08:27:49 --> Router Class Initialized
INFO - 2019-05-21 08:27:49 --> Output Class Initialized
INFO - 2019-05-21 08:27:49 --> Security Class Initialized
DEBUG - 2019-05-21 08:27:49 --> Global POST, GET and COOKIE data sanitized
INFO - 2019-05-21 08:27:49 --> Input Class Initialized
INFO - 2019-05-21 08:27:49 --> Language Class Initialized
INFO - 2019-05-21 08:27:49 --> Loader Class Initialized
INFO - 2019-05-21 08:27:49 --> Helper loaded: general_helper
INFO - 2019-05-21 08:27:49 --> Controller Class Initialized
INFO - 2019-05-21 08:27:49 --> Final output sent to browser
DEBUG - 2019-05-21 08:27:49 --> Total execution time: 0.0102
INFO - 2019-05-21 08:27:53 --> Config Class Initialized
INFO - 2019-05-21 08:27:53 --> Hooks Class Initialized
DEBUG - 2019-05-21 08:27:53 --> UTF-8 Support Enabled
INFO - 2019-05-21 08:27:53 --> Utf8 Class Initialized
INFO - 2019-05-21 08:27:53 --> URI Class Initialized
INFO - 2019-05-21 08:27:53 --> Router Class Initialized
INFO - 2019-05-21 08:27:53 --> Output Class Initialized
INFO - 2019-05-21 08:27:53 --> Security Class Initialized
DEBUG - 2019-05-21 08:27:53 --> Global POST, GET and COOKIE data sanitized
INFO - 2019-05-21 08:27:53 --> Input Class Initialized
INFO - 2019-05-21 08:27:53 --> Language Class Initialized
INFO - 2019-05-21 08:27:53 --> Loader Class Initialized
INFO - 2019-05-21 08:27:53 --> Helper loaded: general_helper
INFO - 2019-05-21 08:27:53 --> Controller Class Initialized
INFO - 2019-05-21 08:27:53 --> Final output sent to browser
DEBUG - 2019-05-21 08:27:53 --> Total execution time: 0.0134
INFO - 2019-05-21 08:27:54 --> Config Class Initialized
INFO - 2019-05-21 08:27:54 --> Hooks Class Initialized
DEBUG - 2019-05-21 08:27:54 --> UTF-8 Support Enabled
INFO - 2019-05-21 08:27:54 --> Utf8 Class Initialized
INFO - 2019-05-21 08:27:54 --> URI Class Initialized
INFO - 2019-05-21 08:27:54 --> Router Class Initialized
INFO - 2019-05-21 08:27:54 --> Output Class Initialized
INFO - 2019-05-21 08:27:54 --> Security Class Initialized
DEBUG - 2019-05-21 08:27:54 --> Global POST, GET and COOKIE data sanitized
INFO - 2019-05-21 08:27:54 --> Input Class Initialized
INFO - 2019-05-21 08:27:54 --> Language Class Initialized
INFO - 2019-05-21 08:27:54 --> Loader Class Initialized
INFO - 2019-05-21 08:27:54 --> Helper loaded: general_helper
INFO - 2019-05-21 08:27:54 --> Controller Class Initialized
ERROR - 2019-05-21 08:27:54 --> array(4) {
  [0]=>
  object(stdClass)#16 (2) {
    ["activity_id"]=>
    string(2) "63"
    ["user_num"]=>
    string(1) "3"
  }
  [1]=>
  object(stdClass)#18 (2) {
    ["activity_id"]=>
    string(2) "64"
    ["user_num"]=>
    string(1) "2"
  }
  [2]=>
  object(stdClass)#19 (2) {
    ["activity_id"]=>
    string(2) "65"
    ["user_num"]=>
    string(1) "1"
  }
  [3]=>
  object(stdClass)#20 (2) {
    ["activity_id"]=>
    string(2) "66"
    ["user_num"]=>
    string(1) "2"
  }
}

INFO - 2019-05-21 08:27:54 --> Final output sent to browser
DEBUG - 2019-05-21 08:27:54 --> Total execution time: 0.0110
INFO - 2019-05-21 08:27:59 --> Config Class Initialized
INFO - 2019-05-21 08:27:59 --> Hooks Class Initialized
DEBUG - 2019-05-21 08:27:59 --> UTF-8 Support Enabled
INFO - 2019-05-21 08:27:59 --> Utf8 Class Initialized
INFO - 2019-05-21 08:27:59 --> URI Class Initialized
INFO - 2019-05-21 08:27:59 --> Router Class Initialized
INFO - 2019-05-21 08:27:59 --> Output Class Initialized
INFO - 2019-05-21 08:27:59 --> Security Class Initialized
DEBUG - 2019-05-21 08:27:59 --> Global POST, GET and COOKIE data sanitized
INFO - 2019-05-21 08:27:59 --> Input Class Initialized
INFO - 2019-05-21 08:27:59 --> Language Class Initialized
INFO - 2019-05-21 08:27:59 --> Loader Class Initialized
INFO - 2019-05-21 08:27:59 --> Helper loaded: general_helper
INFO - 2019-05-21 08:27:59 --> Controller Class Initialized
INFO - 2019-05-21 08:27:59 --> Final output sent to browser
DEBUG - 2019-05-21 08:27:59 --> Total execution time: 0.0121
INFO - 2019-05-21 08:28:10 --> Config Class Initialized
INFO - 2019-05-21 08:28:10 --> Hooks Class Initialized
DEBUG - 2019-05-21 08:28:10 --> UTF-8 Support Enabled
INFO - 2019-05-21 08:28:10 --> Utf8 Class Initialized
INFO - 2019-05-21 08:28:10 --> URI Class Initialized
INFO - 2019-05-21 08:28:10 --> Router Class Initialized
INFO - 2019-05-21 08:28:10 --> Output Class Initialized
INFO - 2019-05-21 08:28:10 --> Security Class Initialized
DEBUG - 2019-05-21 08:28:10 --> Global POST, GET and COOKIE data sanitized
INFO - 2019-05-21 08:28:10 --> Input Class Initialized
INFO - 2019-05-21 08:28:10 --> Language Class Initialized
INFO - 2019-05-21 08:28:10 --> Loader Class Initialized
INFO - 2019-05-21 08:28:10 --> Helper loaded: general_helper
INFO - 2019-05-21 08:28:10 --> Controller Class Initialized
INFO - 2019-05-21 08:28:10 --> Final output sent to browser
DEBUG - 2019-05-21 08:28:10 --> Total execution time: 0.0122
INFO - 2019-05-21 08:28:10 --> Config Class Initialized
INFO - 2019-05-21 08:28:10 --> Hooks Class Initialized
DEBUG - 2019-05-21 08:28:10 --> UTF-8 Support Enabled
INFO - 2019-05-21 08:28:10 --> Utf8 Class Initialized
INFO - 2019-05-21 08:28:10 --> URI Class Initialized
INFO - 2019-05-21 08:28:10 --> Router Class Initialized
INFO - 2019-05-21 08:28:10 --> Output Class Initialized
INFO - 2019-05-21 08:28:10 --> Security Class Initialized
DEBUG - 2019-05-21 08:28:10 --> Global POST, GET and COOKIE data sanitized
INFO - 2019-05-21 08:28:10 --> Input Class Initialized
INFO - 2019-05-21 08:28:10 --> Language Class Initialized
INFO - 2019-05-21 08:28:10 --> Loader Class Initialized
INFO - 2019-05-21 08:28:10 --> Helper loaded: general_helper
INFO - 2019-05-21 08:28:10 --> Controller Class Initialized
ERROR - 2019-05-21 08:28:10 --> array(4) {
  [0]=>
  object(stdClass)#16 (2) {
    ["activity_id"]=>
    string(2) "63"
    ["user_num"]=>
    string(1) "3"
  }
  [1]=>
  object(stdClass)#18 (2) {
    ["activity_id"]=>
    string(2) "64"
    ["user_num"]=>
    string(1) "2"
  }
  [2]=>
  object(stdClass)#19 (2) {
    ["activity_id"]=>
    string(2) "65"
    ["user_num"]=>
    string(1) "1"
  }
  [3]=>
  object(stdClass)#20 (2) {
    ["activity_id"]=>
    string(2) "66"
    ["user_num"]=>
    string(1) "2"
  }
}

INFO - 2019-05-21 08:28:10 --> Final output sent to browser
DEBUG - 2019-05-21 08:28:10 --> Total execution time: 0.0105
