INFO - 2019-08-09 17:47:07 --> Config Class Initialized
INFO - 2019-08-09 17:47:07 --> Hooks Class Initialized
DEBUG - 2019-08-09 17:47:07 --> UTF-8 Support Enabled
INFO - 2019-08-09 17:47:07 --> Utf8 Class Initialized
INFO - 2019-08-09 17:47:07 --> URI Class Initialized
INFO - 2019-08-09 17:47:07 --> Router Class Initialized
INFO - 2019-08-09 17:47:07 --> Output Class Initialized
INFO - 2019-08-09 17:47:07 --> Security Class Initialized
DEBUG - 2019-08-09 17:47:07 --> Global POST, GET and COOKIE data sanitized
INFO - 2019-08-09 17:47:07 --> Input Class Initialized
INFO - 2019-08-09 17:47:07 --> Language Class Initialized
ERROR - 2019-08-09 17:47:07 --> 404 Page Not Found: Admin/index
INFO - 2019-08-09 17:47:17 --> Config Class Initialized
INFO - 2019-08-09 17:47:17 --> Hooks Class Initialized
DEBUG - 2019-08-09 17:47:17 --> UTF-8 Support Enabled
INFO - 2019-08-09 17:47:17 --> Utf8 Class Initialized
INFO - 2019-08-09 17:47:17 --> URI Class Initialized
INFO - 2019-08-09 17:47:17 --> Router Class Initialized
INFO - 2019-08-09 17:47:17 --> Output Class Initialized
INFO - 2019-08-09 17:47:17 --> Security Class Initialized
DEBUG - 2019-08-09 17:47:17 --> Global POST, GET and COOKIE data sanitized
INFO - 2019-08-09 17:47:17 --> Input Class Initialized
INFO - 2019-08-09 17:47:17 --> Language Class Initialized
ERROR - 2019-08-09 17:47:17 --> 404 Page Not Found: Admin/login.html
INFO - 2019-08-09 17:55:49 --> Config Class Initialized
INFO - 2019-08-09 17:55:49 --> Hooks Class Initialized
DEBUG - 2019-08-09 17:55:49 --> UTF-8 Support Enabled
INFO - 2019-08-09 17:55:49 --> Utf8 Class Initialized
INFO - 2019-08-09 17:55:49 --> URI Class Initialized
INFO - 2019-08-09 17:55:49 --> Router Class Initialized
INFO - 2019-08-09 17:55:49 --> Output Class Initialized
INFO - 2019-08-09 17:55:49 --> Security Class Initialized
DEBUG - 2019-08-09 17:55:49 --> Global POST, GET and COOKIE data sanitized
INFO - 2019-08-09 17:55:49 --> Input Class Initialized
INFO - 2019-08-09 17:55:49 --> Language Class Initialized
ERROR - 2019-08-09 17:55:49 --> 404 Page Not Found: Admin/login.html
INFO - 2019-08-09 17:58:00 --> Config Class Initialized
INFO - 2019-08-09 17:58:00 --> Hooks Class Initialized
DEBUG - 2019-08-09 17:58:00 --> UTF-8 Support Enabled
INFO - 2019-08-09 17:58:00 --> Utf8 Class Initialized
INFO - 2019-08-09 17:58:00 --> URI Class Initialized
INFO - 2019-08-09 17:58:00 --> Router Class Initialized
INFO - 2019-08-09 17:58:00 --> Output Class Initialized
INFO - 2019-08-09 17:58:00 --> Security Class Initialized
DEBUG - 2019-08-09 17:58:00 --> Global POST, GET and COOKIE data sanitized
INFO - 2019-08-09 17:58:00 --> Input Class Initialized
INFO - 2019-08-09 17:58:00 --> Language Class Initialized
INFO - 2019-08-09 17:58:00 --> Loader Class Initialized
INFO - 2019-08-09 17:58:00 --> Helper loaded: general_helper
INFO - 2019-08-09 17:58:00 --> Controller Class Initialized
ERROR - 2019-08-09 17:58:00 --> user_id1
ERROR - 2019-08-09 17:58:00 --> passwordc0848b126c09ef13e900a1b3c29858f8
ERROR - 2019-08-09 17:58:00 --> Severity: error --> Exception: E_EXEC_SQL_QUERY: Table 'xzx.gAdmin' doesn't exist /data/www/xzx/vendor/qcloud/weapp-sdk/lib/Mysql/Mysql.php 191
INFO - 2019-08-09 18:00:08 --> Config Class Initialized
INFO - 2019-08-09 18:00:08 --> Hooks Class Initialized
DEBUG - 2019-08-09 18:00:08 --> UTF-8 Support Enabled
INFO - 2019-08-09 18:00:08 --> Utf8 Class Initialized
INFO - 2019-08-09 18:00:08 --> URI Class Initialized
INFO - 2019-08-09 18:00:08 --> Router Class Initialized
INFO - 2019-08-09 18:00:08 --> Output Class Initialized
INFO - 2019-08-09 18:00:08 --> Security Class Initialized
DEBUG - 2019-08-09 18:00:08 --> Global POST, GET and COOKIE data sanitized
INFO - 2019-08-09 18:00:08 --> Input Class Initialized
INFO - 2019-08-09 18:00:08 --> Language Class Initialized
INFO - 2019-08-09 18:00:08 --> Loader Class Initialized
INFO - 2019-08-09 18:00:08 --> Helper loaded: general_helper
INFO - 2019-08-09 18:00:08 --> Controller Class Initialized
ERROR - 2019-08-09 18:00:08 --> user_id1
ERROR - 2019-08-09 18:00:08 --> passwordc0848b126c09ef13e900a1b3c29858f8
ERROR - 2019-08-09 18:00:08 --> Severity: error --> Exception: E_EXEC_SQL_QUERY: Table 'xzx.gAdmin' doesn't exist /data/www/xzx/vendor/qcloud/weapp-sdk/lib/Mysql/Mysql.php 191
INFO - 2019-08-09 18:20:21 --> Config Class Initialized
INFO - 2019-08-09 18:20:21 --> Hooks Class Initialized
DEBUG - 2019-08-09 18:20:21 --> UTF-8 Support Enabled
INFO - 2019-08-09 18:20:21 --> Utf8 Class Initialized
INFO - 2019-08-09 18:20:21 --> URI Class Initialized
INFO - 2019-08-09 18:20:21 --> Router Class Initialized
INFO - 2019-08-09 18:20:21 --> Output Class Initialized
INFO - 2019-08-09 18:20:21 --> Security Class Initialized
DEBUG - 2019-08-09 18:20:21 --> Global POST, GET and COOKIE data sanitized
INFO - 2019-08-09 18:20:21 --> Input Class Initialized
INFO - 2019-08-09 18:20:21 --> Language Class Initialized
INFO - 2019-08-09 18:20:21 --> Loader Class Initialized
INFO - 2019-08-09 18:20:21 --> Helper loaded: general_helper
INFO - 2019-08-09 18:20:21 --> Controller Class Initialized
INFO - 2019-08-09 18:20:21 --> Final output sent to browser
DEBUG - 2019-08-09 18:20:21 --> Total execution time: 0.3187
INFO - 2019-08-09 18:38:13 --> Config Class Initialized
INFO - 2019-08-09 18:38:13 --> Hooks Class Initialized
DEBUG - 2019-08-09 18:38:13 --> UTF-8 Support Enabled
INFO - 2019-08-09 18:38:13 --> Utf8 Class Initialized
INFO - 2019-08-09 18:38:13 --> URI Class Initialized
INFO - 2019-08-09 18:38:13 --> Router Class Initialized
INFO - 2019-08-09 18:38:13 --> Output Class Initialized
INFO - 2019-08-09 18:38:13 --> Security Class Initialized
DEBUG - 2019-08-09 18:38:13 --> Global POST, GET and COOKIE data sanitized
INFO - 2019-08-09 18:38:13 --> Input Class Initialized
INFO - 2019-08-09 18:38:13 --> Language Class Initialized
INFO - 2019-08-09 18:38:13 --> Loader Class Initialized
INFO - 2019-08-09 18:38:13 --> Helper loaded: general_helper
INFO - 2019-08-09 18:38:13 --> Controller Class Initialized
INFO - 2019-08-09 18:38:13 --> Final output sent to browser
DEBUG - 2019-08-09 18:38:13 --> Total execution time: 0.4339
INFO - 2019-08-09 18:42:10 --> Config Class Initialized
INFO - 2019-08-09 18:42:10 --> Hooks Class Initialized
DEBUG - 2019-08-09 18:42:10 --> UTF-8 Support Enabled
INFO - 2019-08-09 18:42:10 --> Utf8 Class Initialized
INFO - 2019-08-09 18:42:10 --> URI Class Initialized
INFO - 2019-08-09 18:42:10 --> Router Class Initialized
INFO - 2019-08-09 18:42:10 --> Output Class Initialized
INFO - 2019-08-09 18:42:10 --> Security Class Initialized
DEBUG - 2019-08-09 18:42:10 --> Global POST, GET and COOKIE data sanitized
INFO - 2019-08-09 18:42:10 --> Input Class Initialized
INFO - 2019-08-09 18:42:10 --> Language Class Initialized
INFO - 2019-08-09 18:42:10 --> Loader Class Initialized
INFO - 2019-08-09 18:42:10 --> Helper loaded: general_helper
INFO - 2019-08-09 18:42:10 --> Controller Class Initialized
ERROR - 2019-08-09 18:42:10 --> array(2) {
  ["userinfo"]=>
  object(stdClass)#15 (9) {
    ["openId"]=>
    string(28) "od04_5Rzmkp_clA9x0J_smT8XiO0"
    ["nickName"]=>
    string(5) "qiuxg"
    ["gender"]=>
    int(1)
    ["language"]=>
    string(5) "zh_CN"
    ["city"]=>
    string(8) "Dongying"
    ["province"]=>
    string(8) "Shandong"
    ["country"]=>
    string(5) "China"
    ["avatarUrl"]=>
    string(124) "https://wx.qlogo.cn/mmopen/vi_32/Q0j4TwGTfTImicv3YhLbE3LlHf8YTOaOwBCN1B4A6wuVcys6EOJ4VTHRIC0mRw4SceYSXCy3dpngIOzpSBxU3mw/132"
    ["watermark"]=>
    object(stdClass)#16 (2) {
      ["timestamp"]=>
      int(1565347329)
      ["appid"]=>
      string(18) "wx76aec7d8d5f5083f"
    }
  }
  ["skey"]=>
  string(40) "4d9683b4fd03d9718dda55f96857353500b2134a"
}

INFO - 2019-08-09 18:42:10 --> Final output sent to browser
DEBUG - 2019-08-09 18:42:10 --> Total execution time: 0.3173
INFO - 2019-08-09 18:44:38 --> Config Class Initialized
INFO - 2019-08-09 18:44:38 --> Hooks Class Initialized
DEBUG - 2019-08-09 18:44:38 --> UTF-8 Support Enabled
INFO - 2019-08-09 18:44:38 --> Utf8 Class Initialized
INFO - 2019-08-09 18:44:38 --> URI Class Initialized
INFO - 2019-08-09 18:44:38 --> Router Class Initialized
INFO - 2019-08-09 18:44:38 --> Output Class Initialized
INFO - 2019-08-09 18:44:38 --> Security Class Initialized
DEBUG - 2019-08-09 18:44:38 --> Global POST, GET and COOKIE data sanitized
INFO - 2019-08-09 18:44:38 --> Input Class Initialized
INFO - 2019-08-09 18:44:38 --> Language Class Initialized
ERROR - 2019-08-09 18:44:38 --> 404 Page Not Found: Demo/index
