INFO - 2019-06-02 00:10:37 --> Config Class Initialized
INFO - 2019-06-02 00:10:37 --> Hooks Class Initialized
DEBUG - 2019-06-02 00:10:37 --> UTF-8 Support Enabled
INFO - 2019-06-02 00:10:37 --> Utf8 Class Initialized
INFO - 2019-06-02 00:10:37 --> URI Class Initialized
INFO - 2019-06-02 00:10:37 --> Router Class Initialized
INFO - 2019-06-02 00:10:37 --> Output Class Initialized
INFO - 2019-06-02 00:10:37 --> Security Class Initialized
DEBUG - 2019-06-02 00:10:37 --> Global POST, GET and COOKIE data sanitized
INFO - 2019-06-02 00:10:37 --> Input Class Initialized
INFO - 2019-06-02 00:10:37 --> Language Class Initialized
INFO - 2019-06-02 00:10:37 --> Loader Class Initialized
INFO - 2019-06-02 00:10:37 --> Helper loaded: general_helper
INFO - 2019-06-02 00:10:37 --> Controller Class Initialized
INFO - 2019-06-02 00:10:37 --> Final output sent to browser
DEBUG - 2019-06-02 00:10:37 --> Total execution time: 0.0118
INFO - 2019-06-02 00:10:37 --> Config Class Initialized
INFO - 2019-06-02 00:10:37 --> Hooks Class Initialized
DEBUG - 2019-06-02 00:10:37 --> UTF-8 Support Enabled
INFO - 2019-06-02 00:10:37 --> Utf8 Class Initialized
INFO - 2019-06-02 00:10:37 --> URI Class Initialized
INFO - 2019-06-02 00:10:37 --> Router Class Initialized
INFO - 2019-06-02 00:10:37 --> Output Class Initialized
INFO - 2019-06-02 00:10:37 --> Security Class Initialized
DEBUG - 2019-06-02 00:10:37 --> Global POST, GET and COOKIE data sanitized
INFO - 2019-06-02 00:10:37 --> Input Class Initialized
INFO - 2019-06-02 00:10:37 --> Language Class Initialized
INFO - 2019-06-02 00:10:37 --> Loader Class Initialized
INFO - 2019-06-02 00:10:37 --> Helper loaded: general_helper
INFO - 2019-06-02 00:10:37 --> Controller Class Initialized
ERROR - 2019-06-02 00:10:37 --> array(4) {
  [0]=>
  object(stdClass)#16 (2) {
    ["activity_id"]=>
    string(2) "63"
    ["user_num"]=>
    string(1) "3"
  }
  [1]=>
  object(stdClass)#18 (2) {
    ["activity_id"]=>
    string(2) "64"
    ["user_num"]=>
    string(1) "2"
  }
  [2]=>
  object(stdClass)#19 (2) {
    ["activity_id"]=>
    string(2) "65"
    ["user_num"]=>
    string(1) "1"
  }
  [3]=>
  object(stdClass)#20 (2) {
    ["activity_id"]=>
    string(2) "66"
    ["user_num"]=>
    string(1) "2"
  }
}

INFO - 2019-06-02 00:10:37 --> Final output sent to browser
DEBUG - 2019-06-02 00:10:37 --> Total execution time: 0.0133
INFO - 2019-06-02 00:11:08 --> Config Class Initialized
INFO - 2019-06-02 00:11:08 --> Hooks Class Initialized
DEBUG - 2019-06-02 00:11:08 --> UTF-8 Support Enabled
INFO - 2019-06-02 00:11:08 --> Utf8 Class Initialized
INFO - 2019-06-02 00:11:08 --> URI Class Initialized
INFO - 2019-06-02 00:11:08 --> Router Class Initialized
INFO - 2019-06-02 00:11:08 --> Output Class Initialized
INFO - 2019-06-02 00:11:08 --> Security Class Initialized
DEBUG - 2019-06-02 00:11:08 --> Global POST, GET and COOKIE data sanitized
INFO - 2019-06-02 00:11:08 --> Input Class Initialized
INFO - 2019-06-02 00:11:08 --> Language Class Initialized
INFO - 2019-06-02 00:11:08 --> Loader Class Initialized
INFO - 2019-06-02 00:11:08 --> Helper loaded: general_helper
INFO - 2019-06-02 00:11:08 --> Controller Class Initialized
INFO - 2019-06-02 00:11:08 --> Final output sent to browser
DEBUG - 2019-06-02 00:11:08 --> Total execution time: 0.0119
INFO - 2019-06-02 00:13:09 --> Config Class Initialized
INFO - 2019-06-02 00:13:09 --> Hooks Class Initialized
DEBUG - 2019-06-02 00:13:09 --> UTF-8 Support Enabled
INFO - 2019-06-02 00:13:09 --> Utf8 Class Initialized
INFO - 2019-06-02 00:13:09 --> URI Class Initialized
INFO - 2019-06-02 00:13:09 --> Router Class Initialized
INFO - 2019-06-02 00:13:09 --> Output Class Initialized
INFO - 2019-06-02 00:13:09 --> Security Class Initialized
DEBUG - 2019-06-02 00:13:09 --> Global POST, GET and COOKIE data sanitized
INFO - 2019-06-02 00:13:09 --> Input Class Initialized
INFO - 2019-06-02 00:13:09 --> Language Class Initialized
INFO - 2019-06-02 00:13:09 --> Loader Class Initialized
INFO - 2019-06-02 00:13:09 --> Helper loaded: general_helper
INFO - 2019-06-02 00:13:09 --> Controller Class Initialized
INFO - 2019-06-02 00:13:09 --> Final output sent to browser
DEBUG - 2019-06-02 00:13:09 --> Total execution time: 0.0120
INFO - 2019-06-02 00:13:09 --> Config Class Initialized
INFO - 2019-06-02 00:13:09 --> Hooks Class Initialized
DEBUG - 2019-06-02 00:13:09 --> UTF-8 Support Enabled
INFO - 2019-06-02 00:13:09 --> Utf8 Class Initialized
INFO - 2019-06-02 00:13:09 --> URI Class Initialized
INFO - 2019-06-02 00:13:09 --> Router Class Initialized
INFO - 2019-06-02 00:13:09 --> Output Class Initialized
INFO - 2019-06-02 00:13:09 --> Security Class Initialized
DEBUG - 2019-06-02 00:13:09 --> Global POST, GET and COOKIE data sanitized
INFO - 2019-06-02 00:13:09 --> Input Class Initialized
INFO - 2019-06-02 00:13:09 --> Language Class Initialized
INFO - 2019-06-02 00:13:09 --> Loader Class Initialized
INFO - 2019-06-02 00:13:09 --> Helper loaded: general_helper
INFO - 2019-06-02 00:13:09 --> Controller Class Initialized
ERROR - 2019-06-02 00:13:09 --> array(4) {
  [0]=>
  object(stdClass)#16 (2) {
    ["activity_id"]=>
    string(2) "63"
    ["user_num"]=>
    string(1) "3"
  }
  [1]=>
  object(stdClass)#18 (2) {
    ["activity_id"]=>
    string(2) "64"
    ["user_num"]=>
    string(1) "2"
  }
  [2]=>
  object(stdClass)#19 (2) {
    ["activity_id"]=>
    string(2) "65"
    ["user_num"]=>
    string(1) "1"
  }
  [3]=>
  object(stdClass)#20 (2) {
    ["activity_id"]=>
    string(2) "66"
    ["user_num"]=>
    string(1) "2"
  }
}

INFO - 2019-06-02 00:13:09 --> Final output sent to browser
DEBUG - 2019-06-02 00:13:09 --> Total execution time: 0.0113
INFO - 2019-06-02 00:13:12 --> Config Class Initialized
INFO - 2019-06-02 00:13:12 --> Hooks Class Initialized
DEBUG - 2019-06-02 00:13:12 --> UTF-8 Support Enabled
INFO - 2019-06-02 00:13:12 --> Utf8 Class Initialized
INFO - 2019-06-02 00:13:12 --> URI Class Initialized
INFO - 2019-06-02 00:13:12 --> Router Class Initialized
INFO - 2019-06-02 00:13:12 --> Output Class Initialized
INFO - 2019-06-02 00:13:12 --> Security Class Initialized
DEBUG - 2019-06-02 00:13:12 --> Global POST, GET and COOKIE data sanitized
INFO - 2019-06-02 00:13:12 --> Input Class Initialized
INFO - 2019-06-02 00:13:12 --> Language Class Initialized
INFO - 2019-06-02 00:13:12 --> Loader Class Initialized
INFO - 2019-06-02 00:13:12 --> Helper loaded: general_helper
INFO - 2019-06-02 00:13:12 --> Controller Class Initialized
INFO - 2019-06-02 00:13:12 --> Final output sent to browser
DEBUG - 2019-06-02 00:13:12 --> Total execution time: 0.0098
INFO - 2019-06-02 00:14:26 --> Config Class Initialized
INFO - 2019-06-02 00:14:26 --> Hooks Class Initialized
DEBUG - 2019-06-02 00:14:26 --> UTF-8 Support Enabled
INFO - 2019-06-02 00:14:26 --> Utf8 Class Initialized
INFO - 2019-06-02 00:14:26 --> URI Class Initialized
INFO - 2019-06-02 00:14:26 --> Router Class Initialized
INFO - 2019-06-02 00:14:26 --> Output Class Initialized
INFO - 2019-06-02 00:14:26 --> Security Class Initialized
DEBUG - 2019-06-02 00:14:26 --> Global POST, GET and COOKIE data sanitized
INFO - 2019-06-02 00:14:26 --> Input Class Initialized
INFO - 2019-06-02 00:14:26 --> Language Class Initialized
INFO - 2019-06-02 00:14:26 --> Loader Class Initialized
INFO - 2019-06-02 00:14:26 --> Helper loaded: general_helper
INFO - 2019-06-02 00:14:26 --> Controller Class Initialized
INFO - 2019-06-02 00:14:26 --> Final output sent to browser
DEBUG - 2019-06-02 00:14:26 --> Total execution time: 0.0121
INFO - 2019-06-02 00:14:27 --> Config Class Initialized
INFO - 2019-06-02 00:14:27 --> Hooks Class Initialized
DEBUG - 2019-06-02 00:14:27 --> UTF-8 Support Enabled
INFO - 2019-06-02 00:14:27 --> Utf8 Class Initialized
INFO - 2019-06-02 00:14:27 --> URI Class Initialized
INFO - 2019-06-02 00:14:27 --> Router Class Initialized
INFO - 2019-06-02 00:14:27 --> Output Class Initialized
INFO - 2019-06-02 00:14:27 --> Security Class Initialized
DEBUG - 2019-06-02 00:14:27 --> Global POST, GET and COOKIE data sanitized
INFO - 2019-06-02 00:14:27 --> Input Class Initialized
INFO - 2019-06-02 00:14:27 --> Language Class Initialized
INFO - 2019-06-02 00:14:27 --> Loader Class Initialized
INFO - 2019-06-02 00:14:27 --> Helper loaded: general_helper
INFO - 2019-06-02 00:14:27 --> Controller Class Initialized
ERROR - 2019-06-02 00:14:27 --> array(4) {
  [0]=>
  object(stdClass)#16 (2) {
    ["activity_id"]=>
    string(2) "63"
    ["user_num"]=>
    string(1) "3"
  }
  [1]=>
  object(stdClass)#18 (2) {
    ["activity_id"]=>
    string(2) "64"
    ["user_num"]=>
    string(1) "2"
  }
  [2]=>
  object(stdClass)#19 (2) {
    ["activity_id"]=>
    string(2) "65"
    ["user_num"]=>
    string(1) "1"
  }
  [3]=>
  object(stdClass)#20 (2) {
    ["activity_id"]=>
    string(2) "66"
    ["user_num"]=>
    string(1) "2"
  }
}

INFO - 2019-06-02 00:14:27 --> Final output sent to browser
DEBUG - 2019-06-02 00:14:27 --> Total execution time: 0.0123
INFO - 2019-06-02 00:14:48 --> Config Class Initialized
INFO - 2019-06-02 00:14:48 --> Hooks Class Initialized
DEBUG - 2019-06-02 00:14:48 --> UTF-8 Support Enabled
INFO - 2019-06-02 00:14:48 --> Utf8 Class Initialized
INFO - 2019-06-02 00:14:48 --> URI Class Initialized
INFO - 2019-06-02 00:14:48 --> Router Class Initialized
INFO - 2019-06-02 00:14:48 --> Output Class Initialized
INFO - 2019-06-02 00:14:48 --> Security Class Initialized
DEBUG - 2019-06-02 00:14:48 --> Global POST, GET and COOKIE data sanitized
INFO - 2019-06-02 00:14:48 --> Input Class Initialized
INFO - 2019-06-02 00:14:48 --> Language Class Initialized
INFO - 2019-06-02 00:14:48 --> Loader Class Initialized
INFO - 2019-06-02 00:14:48 --> Helper loaded: general_helper
INFO - 2019-06-02 00:14:48 --> Controller Class Initialized
INFO - 2019-06-02 00:14:48 --> Final output sent to browser
DEBUG - 2019-06-02 00:14:48 --> Total execution time: 0.0100
INFO - 2019-06-02 00:14:48 --> Config Class Initialized
INFO - 2019-06-02 00:14:48 --> Hooks Class Initialized
DEBUG - 2019-06-02 00:14:48 --> UTF-8 Support Enabled
INFO - 2019-06-02 00:14:48 --> Utf8 Class Initialized
INFO - 2019-06-02 00:14:48 --> URI Class Initialized
INFO - 2019-06-02 00:14:48 --> Router Class Initialized
INFO - 2019-06-02 00:14:48 --> Output Class Initialized
INFO - 2019-06-02 00:14:48 --> Security Class Initialized
DEBUG - 2019-06-02 00:14:48 --> Global POST, GET and COOKIE data sanitized
INFO - 2019-06-02 00:14:48 --> Input Class Initialized
INFO - 2019-06-02 00:14:48 --> Language Class Initialized
INFO - 2019-06-02 00:14:48 --> Loader Class Initialized
INFO - 2019-06-02 00:14:48 --> Helper loaded: general_helper
INFO - 2019-06-02 00:14:48 --> Controller Class Initialized
INFO - 2019-06-02 00:14:49 --> Final output sent to browser
DEBUG - 2019-06-02 00:14:49 --> Total execution time: 0.1717
INFO - 2019-06-02 00:14:49 --> Config Class Initialized
INFO - 2019-06-02 00:14:49 --> Hooks Class Initialized
DEBUG - 2019-06-02 00:14:49 --> UTF-8 Support Enabled
INFO - 2019-06-02 00:14:49 --> Utf8 Class Initialized
INFO - 2019-06-02 00:14:49 --> URI Class Initialized
INFO - 2019-06-02 00:14:49 --> Router Class Initialized
INFO - 2019-06-02 00:14:49 --> Output Class Initialized
INFO - 2019-06-02 00:14:49 --> Security Class Initialized
DEBUG - 2019-06-02 00:14:49 --> Global POST, GET and COOKIE data sanitized
INFO - 2019-06-02 00:14:49 --> Input Class Initialized
INFO - 2019-06-02 00:14:49 --> Language Class Initialized
INFO - 2019-06-02 00:14:49 --> Loader Class Initialized
INFO - 2019-06-02 00:14:49 --> Helper loaded: general_helper
INFO - 2019-06-02 00:14:49 --> Controller Class Initialized
INFO - 2019-06-02 00:14:49 --> Final output sent to browser
DEBUG - 2019-06-02 00:14:49 --> Total execution time: 0.0111
INFO - 2019-06-02 00:14:49 --> Config Class Initialized
INFO - 2019-06-02 00:14:49 --> Hooks Class Initialized
DEBUG - 2019-06-02 00:14:49 --> UTF-8 Support Enabled
INFO - 2019-06-02 00:14:49 --> Utf8 Class Initialized
INFO - 2019-06-02 00:14:49 --> URI Class Initialized
INFO - 2019-06-02 00:14:49 --> Router Class Initialized
INFO - 2019-06-02 00:14:49 --> Output Class Initialized
INFO - 2019-06-02 00:14:49 --> Security Class Initialized
DEBUG - 2019-06-02 00:14:49 --> Global POST, GET and COOKIE data sanitized
INFO - 2019-06-02 00:14:49 --> Input Class Initialized
INFO - 2019-06-02 00:14:49 --> Language Class Initialized
INFO - 2019-06-02 00:14:49 --> Loader Class Initialized
INFO - 2019-06-02 00:14:49 --> Helper loaded: general_helper
INFO - 2019-06-02 00:14:49 --> Controller Class Initialized
ERROR - 2019-06-02 00:14:49 --> array(4) {
  [0]=>
  object(stdClass)#16 (2) {
    ["activity_id"]=>
    string(2) "63"
    ["user_num"]=>
    string(1) "3"
  }
  [1]=>
  object(stdClass)#18 (2) {
    ["activity_id"]=>
    string(2) "64"
    ["user_num"]=>
    string(1) "2"
  }
  [2]=>
  object(stdClass)#19 (2) {
    ["activity_id"]=>
    string(2) "65"
    ["user_num"]=>
    string(1) "1"
  }
  [3]=>
  object(stdClass)#20 (2) {
    ["activity_id"]=>
    string(2) "66"
    ["user_num"]=>
    string(1) "2"
  }
}

INFO - 2019-06-02 00:14:49 --> Final output sent to browser
DEBUG - 2019-06-02 00:14:49 --> Total execution time: 0.0115
INFO - 2019-06-02 00:14:51 --> Config Class Initialized
INFO - 2019-06-02 00:14:51 --> Hooks Class Initialized
DEBUG - 2019-06-02 00:14:51 --> UTF-8 Support Enabled
INFO - 2019-06-02 00:14:51 --> Utf8 Class Initialized
INFO - 2019-06-02 00:14:51 --> URI Class Initialized
INFO - 2019-06-02 00:14:51 --> Router Class Initialized
INFO - 2019-06-02 00:14:51 --> Output Class Initialized
INFO - 2019-06-02 00:14:51 --> Security Class Initialized
DEBUG - 2019-06-02 00:14:51 --> Global POST, GET and COOKIE data sanitized
INFO - 2019-06-02 00:14:51 --> Input Class Initialized
INFO - 2019-06-02 00:14:51 --> Language Class Initialized
INFO - 2019-06-02 00:14:51 --> Loader Class Initialized
INFO - 2019-06-02 00:14:51 --> Helper loaded: general_helper
INFO - 2019-06-02 00:14:51 --> Controller Class Initialized
INFO - 2019-06-02 00:14:51 --> Final output sent to browser
DEBUG - 2019-06-02 00:14:51 --> Total execution time: 0.0109
