INFO - 2019-05-22 13:37:47 --> Config Class Initialized
INFO - 2019-05-22 13:37:47 --> Hooks Class Initialized
DEBUG - 2019-05-22 13:37:47 --> UTF-8 Support Enabled
INFO - 2019-05-22 13:37:47 --> Utf8 Class Initialized
INFO - 2019-05-22 13:37:47 --> URI Class Initialized
INFO - 2019-05-22 13:37:47 --> Router Class Initialized
INFO - 2019-05-22 13:37:47 --> Output Class Initialized
INFO - 2019-05-22 13:37:47 --> Security Class Initialized
DEBUG - 2019-05-22 13:37:47 --> Global POST, GET and COOKIE data sanitized
INFO - 2019-05-22 13:37:47 --> Input Class Initialized
INFO - 2019-05-22 13:37:47 --> Language Class Initialized
INFO - 2019-05-22 13:37:47 --> Loader Class Initialized
INFO - 2019-05-22 13:37:47 --> Helper loaded: general_helper
INFO - 2019-05-22 13:37:47 --> Controller Class Initialized
INFO - 2019-05-22 13:37:47 --> Final output sent to browser
DEBUG - 2019-05-22 13:37:47 --> Total execution time: 0.0104
INFO - 2019-05-22 13:37:48 --> Config Class Initialized
INFO - 2019-05-22 13:37:48 --> Hooks Class Initialized
DEBUG - 2019-05-22 13:37:48 --> UTF-8 Support Enabled
INFO - 2019-05-22 13:37:48 --> Utf8 Class Initialized
INFO - 2019-05-22 13:37:48 --> URI Class Initialized
INFO - 2019-05-22 13:37:48 --> Router Class Initialized
INFO - 2019-05-22 13:37:48 --> Output Class Initialized
INFO - 2019-05-22 13:37:48 --> Security Class Initialized
DEBUG - 2019-05-22 13:37:48 --> Global POST, GET and COOKIE data sanitized
INFO - 2019-05-22 13:37:48 --> Input Class Initialized
INFO - 2019-05-22 13:37:48 --> Language Class Initialized
INFO - 2019-05-22 13:37:48 --> Loader Class Initialized
INFO - 2019-05-22 13:37:48 --> Helper loaded: general_helper
INFO - 2019-05-22 13:37:48 --> Controller Class Initialized
INFO - 2019-05-22 13:37:48 --> Final output sent to browser
DEBUG - 2019-05-22 13:37:48 --> Total execution time: 0.2131
INFO - 2019-05-22 13:37:48 --> Config Class Initialized
INFO - 2019-05-22 13:37:48 --> Hooks Class Initialized
DEBUG - 2019-05-22 13:37:48 --> UTF-8 Support Enabled
INFO - 2019-05-22 13:37:48 --> Utf8 Class Initialized
INFO - 2019-05-22 13:37:48 --> URI Class Initialized
INFO - 2019-05-22 13:37:48 --> Router Class Initialized
INFO - 2019-05-22 13:37:48 --> Output Class Initialized
INFO - 2019-05-22 13:37:48 --> Security Class Initialized
DEBUG - 2019-05-22 13:37:48 --> Global POST, GET and COOKIE data sanitized
INFO - 2019-05-22 13:37:48 --> Input Class Initialized
INFO - 2019-05-22 13:37:48 --> Language Class Initialized
INFO - 2019-05-22 13:37:48 --> Loader Class Initialized
INFO - 2019-05-22 13:37:48 --> Helper loaded: general_helper
INFO - 2019-05-22 13:37:48 --> Controller Class Initialized
INFO - 2019-05-22 13:37:48 --> Final output sent to browser
DEBUG - 2019-05-22 13:37:48 --> Total execution time: 0.0122
INFO - 2019-05-22 13:37:49 --> Config Class Initialized
INFO - 2019-05-22 13:37:49 --> Hooks Class Initialized
DEBUG - 2019-05-22 13:37:49 --> UTF-8 Support Enabled
INFO - 2019-05-22 13:37:49 --> Utf8 Class Initialized
INFO - 2019-05-22 13:37:49 --> URI Class Initialized
INFO - 2019-05-22 13:37:49 --> Router Class Initialized
INFO - 2019-05-22 13:37:49 --> Output Class Initialized
INFO - 2019-05-22 13:37:49 --> Security Class Initialized
DEBUG - 2019-05-22 13:37:49 --> Global POST, GET and COOKIE data sanitized
INFO - 2019-05-22 13:37:49 --> Input Class Initialized
INFO - 2019-05-22 13:37:49 --> Language Class Initialized
INFO - 2019-05-22 13:37:49 --> Loader Class Initialized
INFO - 2019-05-22 13:37:49 --> Helper loaded: general_helper
INFO - 2019-05-22 13:37:49 --> Controller Class Initialized
ERROR - 2019-05-22 13:37:49 --> array(4) {
  [0]=>
  object(stdClass)#16 (2) {
    ["activity_id"]=>
    string(2) "63"
    ["user_num"]=>
    string(1) "3"
  }
  [1]=>
  object(stdClass)#18 (2) {
    ["activity_id"]=>
    string(2) "64"
    ["user_num"]=>
    string(1) "2"
  }
  [2]=>
  object(stdClass)#19 (2) {
    ["activity_id"]=>
    string(2) "65"
    ["user_num"]=>
    string(1) "1"
  }
  [3]=>
  object(stdClass)#20 (2) {
    ["activity_id"]=>
    string(2) "66"
    ["user_num"]=>
    string(1) "2"
  }
}

INFO - 2019-05-22 13:37:49 --> Final output sent to browser
DEBUG - 2019-05-22 13:37:49 --> Total execution time: 0.0122
INFO - 2019-05-22 13:38:01 --> Config Class Initialized
INFO - 2019-05-22 13:38:01 --> Hooks Class Initialized
DEBUG - 2019-05-22 13:38:01 --> UTF-8 Support Enabled
INFO - 2019-05-22 13:38:01 --> Utf8 Class Initialized
INFO - 2019-05-22 13:38:01 --> URI Class Initialized
INFO - 2019-05-22 13:38:01 --> Router Class Initialized
INFO - 2019-05-22 13:38:01 --> Output Class Initialized
INFO - 2019-05-22 13:38:01 --> Security Class Initialized
DEBUG - 2019-05-22 13:38:01 --> Global POST, GET and COOKIE data sanitized
INFO - 2019-05-22 13:38:01 --> Input Class Initialized
INFO - 2019-05-22 13:38:01 --> Language Class Initialized
INFO - 2019-05-22 13:38:01 --> Loader Class Initialized
INFO - 2019-05-22 13:38:01 --> Helper loaded: general_helper
INFO - 2019-05-22 13:38:01 --> Controller Class Initialized
INFO - 2019-05-22 13:38:01 --> Final output sent to browser
DEBUG - 2019-05-22 13:38:01 --> Total execution time: 0.0169
INFO - 2019-05-22 13:38:21 --> Config Class Initialized
INFO - 2019-05-22 13:38:21 --> Hooks Class Initialized
DEBUG - 2019-05-22 13:38:21 --> UTF-8 Support Enabled
INFO - 2019-05-22 13:38:21 --> Utf8 Class Initialized
INFO - 2019-05-22 13:38:21 --> URI Class Initialized
INFO - 2019-05-22 13:38:21 --> Router Class Initialized
INFO - 2019-05-22 13:38:21 --> Output Class Initialized
INFO - 2019-05-22 13:38:21 --> Security Class Initialized
DEBUG - 2019-05-22 13:38:21 --> Global POST, GET and COOKIE data sanitized
INFO - 2019-05-22 13:38:21 --> Input Class Initialized
INFO - 2019-05-22 13:38:21 --> Language Class Initialized
INFO - 2019-05-22 13:38:21 --> Loader Class Initialized
INFO - 2019-05-22 13:38:21 --> Helper loaded: general_helper
INFO - 2019-05-22 13:38:21 --> Controller Class Initialized
INFO - 2019-05-22 13:38:21 --> Final output sent to browser
DEBUG - 2019-05-22 13:38:21 --> Total execution time: 0.0119
INFO - 2019-05-22 13:38:21 --> Config Class Initialized
INFO - 2019-05-22 13:38:21 --> Hooks Class Initialized
DEBUG - 2019-05-22 13:38:21 --> UTF-8 Support Enabled
INFO - 2019-05-22 13:38:21 --> Utf8 Class Initialized
INFO - 2019-05-22 13:38:21 --> URI Class Initialized
INFO - 2019-05-22 13:38:21 --> Router Class Initialized
INFO - 2019-05-22 13:38:21 --> Output Class Initialized
INFO - 2019-05-22 13:38:21 --> Security Class Initialized
DEBUG - 2019-05-22 13:38:21 --> Global POST, GET and COOKIE data sanitized
INFO - 2019-05-22 13:38:21 --> Input Class Initialized
INFO - 2019-05-22 13:38:21 --> Language Class Initialized
INFO - 2019-05-22 13:38:21 --> Loader Class Initialized
INFO - 2019-05-22 13:38:21 --> Helper loaded: general_helper
INFO - 2019-05-22 13:38:21 --> Controller Class Initialized
ERROR - 2019-05-22 13:38:21 --> array(4) {
  [0]=>
  object(stdClass)#16 (2) {
    ["activity_id"]=>
    string(2) "63"
    ["user_num"]=>
    string(1) "3"
  }
  [1]=>
  object(stdClass)#18 (2) {
    ["activity_id"]=>
    string(2) "64"
    ["user_num"]=>
    string(1) "2"
  }
  [2]=>
  object(stdClass)#19 (2) {
    ["activity_id"]=>
    string(2) "65"
    ["user_num"]=>
    string(1) "1"
  }
  [3]=>
  object(stdClass)#20 (2) {
    ["activity_id"]=>
    string(2) "66"
    ["user_num"]=>
    string(1) "2"
  }
}

INFO - 2019-05-22 13:38:21 --> Final output sent to browser
DEBUG - 2019-05-22 13:38:21 --> Total execution time: 0.0109
INFO - 2019-05-22 13:38:23 --> Config Class Initialized
INFO - 2019-05-22 13:38:23 --> Hooks Class Initialized
DEBUG - 2019-05-22 13:38:23 --> UTF-8 Support Enabled
INFO - 2019-05-22 13:38:23 --> Utf8 Class Initialized
INFO - 2019-05-22 13:38:23 --> URI Class Initialized
INFO - 2019-05-22 13:38:23 --> Router Class Initialized
INFO - 2019-05-22 13:38:23 --> Output Class Initialized
INFO - 2019-05-22 13:38:23 --> Security Class Initialized
DEBUG - 2019-05-22 13:38:23 --> Global POST, GET and COOKIE data sanitized
INFO - 2019-05-22 13:38:23 --> Input Class Initialized
INFO - 2019-05-22 13:38:23 --> Language Class Initialized
INFO - 2019-05-22 13:38:23 --> Loader Class Initialized
INFO - 2019-05-22 13:38:23 --> Helper loaded: general_helper
INFO - 2019-05-22 13:38:23 --> Controller Class Initialized
INFO - 2019-05-22 13:38:23 --> Final output sent to browser
DEBUG - 2019-05-22 13:38:23 --> Total execution time: 0.0112
INFO - 2019-05-22 13:38:28 --> Config Class Initialized
INFO - 2019-05-22 13:38:28 --> Hooks Class Initialized
DEBUG - 2019-05-22 13:38:28 --> UTF-8 Support Enabled
INFO - 2019-05-22 13:38:28 --> Utf8 Class Initialized
INFO - 2019-05-22 13:38:28 --> URI Class Initialized
INFO - 2019-05-22 13:38:28 --> Router Class Initialized
INFO - 2019-05-22 13:38:28 --> Output Class Initialized
INFO - 2019-05-22 13:38:28 --> Security Class Initialized
DEBUG - 2019-05-22 13:38:28 --> Global POST, GET and COOKIE data sanitized
INFO - 2019-05-22 13:38:28 --> Input Class Initialized
INFO - 2019-05-22 13:38:28 --> Language Class Initialized
INFO - 2019-05-22 13:38:28 --> Loader Class Initialized
INFO - 2019-05-22 13:38:28 --> Helper loaded: general_helper
INFO - 2019-05-22 13:38:28 --> Controller Class Initialized
INFO - 2019-05-22 13:38:28 --> Final output sent to browser
DEBUG - 2019-05-22 13:38:28 --> Total execution time: 0.0113
INFO - 2019-05-22 13:38:28 --> Config Class Initialized
INFO - 2019-05-22 13:38:28 --> Hooks Class Initialized
DEBUG - 2019-05-22 13:38:28 --> UTF-8 Support Enabled
INFO - 2019-05-22 13:38:28 --> Utf8 Class Initialized
INFO - 2019-05-22 13:38:28 --> URI Class Initialized
INFO - 2019-05-22 13:38:28 --> Router Class Initialized
INFO - 2019-05-22 13:38:28 --> Output Class Initialized
INFO - 2019-05-22 13:38:28 --> Security Class Initialized
DEBUG - 2019-05-22 13:38:28 --> Global POST, GET and COOKIE data sanitized
INFO - 2019-05-22 13:38:28 --> Input Class Initialized
INFO - 2019-05-22 13:38:28 --> Language Class Initialized
INFO - 2019-05-22 13:38:28 --> Loader Class Initialized
INFO - 2019-05-22 13:38:28 --> Helper loaded: general_helper
INFO - 2019-05-22 13:38:28 --> Controller Class Initialized
ERROR - 2019-05-22 13:38:28 --> array(4) {
  [0]=>
  object(stdClass)#16 (2) {
    ["activity_id"]=>
    string(2) "63"
    ["user_num"]=>
    string(1) "3"
  }
  [1]=>
  object(stdClass)#18 (2) {
    ["activity_id"]=>
    string(2) "64"
    ["user_num"]=>
    string(1) "2"
  }
  [2]=>
  object(stdClass)#19 (2) {
    ["activity_id"]=>
    string(2) "65"
    ["user_num"]=>
    string(1) "1"
  }
  [3]=>
  object(stdClass)#20 (2) {
    ["activity_id"]=>
    string(2) "66"
    ["user_num"]=>
    string(1) "2"
  }
}

INFO - 2019-05-22 13:38:28 --> Final output sent to browser
DEBUG - 2019-05-22 13:38:28 --> Total execution time: 0.0114
INFO - 2019-05-22 13:38:48 --> Config Class Initialized
INFO - 2019-05-22 13:38:48 --> Hooks Class Initialized
DEBUG - 2019-05-22 13:38:48 --> UTF-8 Support Enabled
INFO - 2019-05-22 13:38:48 --> Utf8 Class Initialized
INFO - 2019-05-22 13:38:48 --> URI Class Initialized
INFO - 2019-05-22 13:38:48 --> Router Class Initialized
INFO - 2019-05-22 13:38:48 --> Output Class Initialized
INFO - 2019-05-22 13:38:48 --> Security Class Initialized
DEBUG - 2019-05-22 13:38:48 --> Global POST, GET and COOKIE data sanitized
INFO - 2019-05-22 13:38:48 --> Input Class Initialized
INFO - 2019-05-22 13:38:48 --> Language Class Initialized
INFO - 2019-05-22 13:38:48 --> Loader Class Initialized
INFO - 2019-05-22 13:38:48 --> Helper loaded: general_helper
INFO - 2019-05-22 13:38:48 --> Controller Class Initialized
INFO - 2019-05-22 13:38:48 --> Final output sent to browser
DEBUG - 2019-05-22 13:38:48 --> Total execution time: 0.0103
INFO - 2019-05-22 13:38:52 --> Config Class Initialized
INFO - 2019-05-22 13:38:52 --> Hooks Class Initialized
DEBUG - 2019-05-22 13:38:52 --> UTF-8 Support Enabled
INFO - 2019-05-22 13:38:52 --> Utf8 Class Initialized
INFO - 2019-05-22 13:38:52 --> URI Class Initialized
INFO - 2019-05-22 13:38:52 --> Router Class Initialized
INFO - 2019-05-22 13:38:52 --> Output Class Initialized
INFO - 2019-05-22 13:38:52 --> Security Class Initialized
DEBUG - 2019-05-22 13:38:52 --> Global POST, GET and COOKIE data sanitized
INFO - 2019-05-22 13:38:52 --> Input Class Initialized
INFO - 2019-05-22 13:38:52 --> Language Class Initialized
INFO - 2019-05-22 13:38:52 --> Loader Class Initialized
INFO - 2019-05-22 13:38:52 --> Helper loaded: general_helper
INFO - 2019-05-22 13:38:52 --> Controller Class Initialized
INFO - 2019-05-22 13:38:52 --> Final output sent to browser
DEBUG - 2019-05-22 13:38:52 --> Total execution time: 0.0109
INFO - 2019-05-22 13:38:53 --> Config Class Initialized
INFO - 2019-05-22 13:38:53 --> Hooks Class Initialized
DEBUG - 2019-05-22 13:38:53 --> UTF-8 Support Enabled
INFO - 2019-05-22 13:38:53 --> Utf8 Class Initialized
INFO - 2019-05-22 13:38:53 --> URI Class Initialized
INFO - 2019-05-22 13:38:53 --> Router Class Initialized
INFO - 2019-05-22 13:38:53 --> Output Class Initialized
INFO - 2019-05-22 13:38:53 --> Security Class Initialized
DEBUG - 2019-05-22 13:38:53 --> Global POST, GET and COOKIE data sanitized
INFO - 2019-05-22 13:38:53 --> Input Class Initialized
INFO - 2019-05-22 13:38:53 --> Language Class Initialized
INFO - 2019-05-22 13:38:53 --> Loader Class Initialized
INFO - 2019-05-22 13:38:53 --> Helper loaded: general_helper
INFO - 2019-05-22 13:38:53 --> Controller Class Initialized
ERROR - 2019-05-22 13:38:53 --> array(4) {
  [0]=>
  object(stdClass)#16 (2) {
    ["activity_id"]=>
    string(2) "63"
    ["user_num"]=>
    string(1) "3"
  }
  [1]=>
  object(stdClass)#18 (2) {
    ["activity_id"]=>
    string(2) "64"
    ["user_num"]=>
    string(1) "2"
  }
  [2]=>
  object(stdClass)#19 (2) {
    ["activity_id"]=>
    string(2) "65"
    ["user_num"]=>
    string(1) "1"
  }
  [3]=>
  object(stdClass)#20 (2) {
    ["activity_id"]=>
    string(2) "66"
    ["user_num"]=>
    string(1) "2"
  }
}

INFO - 2019-05-22 13:38:53 --> Final output sent to browser
DEBUG - 2019-05-22 13:38:53 --> Total execution time: 0.0102
INFO - 2019-05-22 13:38:56 --> Config Class Initialized
INFO - 2019-05-22 13:38:56 --> Hooks Class Initialized
DEBUG - 2019-05-22 13:38:56 --> UTF-8 Support Enabled
INFO - 2019-05-22 13:38:56 --> Utf8 Class Initialized
INFO - 2019-05-22 13:38:56 --> URI Class Initialized
INFO - 2019-05-22 13:38:56 --> Router Class Initialized
INFO - 2019-05-22 13:38:56 --> Output Class Initialized
INFO - 2019-05-22 13:38:56 --> Security Class Initialized
DEBUG - 2019-05-22 13:38:56 --> Global POST, GET and COOKIE data sanitized
INFO - 2019-05-22 13:38:56 --> Input Class Initialized
INFO - 2019-05-22 13:38:56 --> Language Class Initialized
INFO - 2019-05-22 13:38:56 --> Loader Class Initialized
INFO - 2019-05-22 13:38:56 --> Helper loaded: general_helper
INFO - 2019-05-22 13:38:56 --> Controller Class Initialized
INFO - 2019-05-22 13:38:56 --> Final output sent to browser
DEBUG - 2019-05-22 13:38:56 --> Total execution time: 0.0133
INFO - 2019-05-22 13:38:57 --> Config Class Initialized
INFO - 2019-05-22 13:38:57 --> Hooks Class Initialized
DEBUG - 2019-05-22 13:38:57 --> UTF-8 Support Enabled
INFO - 2019-05-22 13:38:57 --> Utf8 Class Initialized
INFO - 2019-05-22 13:38:57 --> URI Class Initialized
INFO - 2019-05-22 13:38:57 --> Router Class Initialized
INFO - 2019-05-22 13:38:57 --> Output Class Initialized
INFO - 2019-05-22 13:38:57 --> Security Class Initialized
DEBUG - 2019-05-22 13:38:57 --> Global POST, GET and COOKIE data sanitized
INFO - 2019-05-22 13:38:57 --> Input Class Initialized
INFO - 2019-05-22 13:38:57 --> Language Class Initialized
INFO - 2019-05-22 13:38:57 --> Loader Class Initialized
INFO - 2019-05-22 13:38:57 --> Helper loaded: general_helper
INFO - 2019-05-22 13:38:57 --> Controller Class Initialized
ERROR - 2019-05-22 13:38:57 --> array(4) {
  [0]=>
  object(stdClass)#16 (2) {
    ["activity_id"]=>
    string(2) "63"
    ["user_num"]=>
    string(1) "3"
  }
  [1]=>
  object(stdClass)#18 (2) {
    ["activity_id"]=>
    string(2) "64"
    ["user_num"]=>
    string(1) "2"
  }
  [2]=>
  object(stdClass)#19 (2) {
    ["activity_id"]=>
    string(2) "65"
    ["user_num"]=>
    string(1) "1"
  }
  [3]=>
  object(stdClass)#20 (2) {
    ["activity_id"]=>
    string(2) "66"
    ["user_num"]=>
    string(1) "2"
  }
}

INFO - 2019-05-22 13:38:57 --> Final output sent to browser
DEBUG - 2019-05-22 13:38:57 --> Total execution time: 0.0127
INFO - 2019-05-22 13:39:06 --> Config Class Initialized
INFO - 2019-05-22 13:39:06 --> Hooks Class Initialized
DEBUG - 2019-05-22 13:39:06 --> UTF-8 Support Enabled
INFO - 2019-05-22 13:39:06 --> Utf8 Class Initialized
INFO - 2019-05-22 13:39:06 --> URI Class Initialized
INFO - 2019-05-22 13:39:06 --> Router Class Initialized
INFO - 2019-05-22 13:39:06 --> Output Class Initialized
INFO - 2019-05-22 13:39:06 --> Security Class Initialized
DEBUG - 2019-05-22 13:39:06 --> Global POST, GET and COOKIE data sanitized
INFO - 2019-05-22 13:39:06 --> Input Class Initialized
INFO - 2019-05-22 13:39:06 --> Language Class Initialized
INFO - 2019-05-22 13:39:06 --> Loader Class Initialized
INFO - 2019-05-22 13:39:06 --> Helper loaded: general_helper
INFO - 2019-05-22 13:39:06 --> Controller Class Initialized
INFO - 2019-05-22 13:39:06 --> Final output sent to browser
DEBUG - 2019-05-22 13:39:06 --> Total execution time: 0.0115
INFO - 2019-05-22 13:39:07 --> Config Class Initialized
INFO - 2019-05-22 13:39:07 --> Hooks Class Initialized
DEBUG - 2019-05-22 13:39:07 --> UTF-8 Support Enabled
INFO - 2019-05-22 13:39:07 --> Utf8 Class Initialized
INFO - 2019-05-22 13:39:07 --> URI Class Initialized
INFO - 2019-05-22 13:39:07 --> Router Class Initialized
INFO - 2019-05-22 13:39:07 --> Output Class Initialized
INFO - 2019-05-22 13:39:07 --> Security Class Initialized
DEBUG - 2019-05-22 13:39:07 --> Global POST, GET and COOKIE data sanitized
INFO - 2019-05-22 13:39:07 --> Input Class Initialized
INFO - 2019-05-22 13:39:07 --> Language Class Initialized
INFO - 2019-05-22 13:39:07 --> Loader Class Initialized
INFO - 2019-05-22 13:39:07 --> Helper loaded: general_helper
INFO - 2019-05-22 13:39:07 --> Controller Class Initialized
ERROR - 2019-05-22 13:39:07 --> array(4) {
  [0]=>
  object(stdClass)#16 (2) {
    ["activity_id"]=>
    string(2) "63"
    ["user_num"]=>
    string(1) "3"
  }
  [1]=>
  object(stdClass)#18 (2) {
    ["activity_id"]=>
    string(2) "64"
    ["user_num"]=>
    string(1) "2"
  }
  [2]=>
  object(stdClass)#19 (2) {
    ["activity_id"]=>
    string(2) "65"
    ["user_num"]=>
    string(1) "1"
  }
  [3]=>
  object(stdClass)#20 (2) {
    ["activity_id"]=>
    string(2) "66"
    ["user_num"]=>
    string(1) "2"
  }
}

INFO - 2019-05-22 13:39:07 --> Final output sent to browser
DEBUG - 2019-05-22 13:39:07 --> Total execution time: 0.0109
