INFO - 2019-04-04 00:02:13 --> Config Class Initialized
INFO - 2019-04-04 00:02:13 --> Hooks Class Initialized
DEBUG - 2019-04-04 00:02:13 --> UTF-8 Support Enabled
INFO - 2019-04-04 00:02:13 --> Utf8 Class Initialized
INFO - 2019-04-04 00:02:13 --> URI Class Initialized
INFO - 2019-04-04 00:02:13 --> Router Class Initialized
INFO - 2019-04-04 00:02:13 --> Output Class Initialized
INFO - 2019-04-04 00:02:13 --> Security Class Initialized
DEBUG - 2019-04-04 00:02:13 --> Global POST, GET and COOKIE data sanitized
INFO - 2019-04-04 00:02:13 --> Input Class Initialized
INFO - 2019-04-04 00:02:13 --> Language Class Initialized
INFO - 2019-04-04 00:02:13 --> Loader Class Initialized
INFO - 2019-04-04 00:02:13 --> Helper loaded: general_helper
INFO - 2019-04-04 00:02:13 --> Controller Class Initialized
INFO - 2019-04-04 00:02:13 --> Final output sent to browser
DEBUG - 2019-04-04 00:02:13 --> Total execution time: 0.2452
INFO - 2019-04-04 00:02:13 --> Config Class Initialized
INFO - 2019-04-04 00:02:13 --> Hooks Class Initialized
DEBUG - 2019-04-04 00:02:13 --> UTF-8 Support Enabled
INFO - 2019-04-04 00:02:13 --> Utf8 Class Initialized
INFO - 2019-04-04 00:02:13 --> URI Class Initialized
INFO - 2019-04-04 00:02:13 --> Router Class Initialized
INFO - 2019-04-04 00:02:13 --> Output Class Initialized
INFO - 2019-04-04 00:02:13 --> Security Class Initialized
DEBUG - 2019-04-04 00:02:13 --> Global POST, GET and COOKIE data sanitized
INFO - 2019-04-04 00:02:13 --> Input Class Initialized
INFO - 2019-04-04 00:02:13 --> Language Class Initialized
INFO - 2019-04-04 00:02:13 --> Loader Class Initialized
INFO - 2019-04-04 00:02:13 --> Helper loaded: general_helper
INFO - 2019-04-04 00:02:13 --> Controller Class Initialized
INFO - 2019-04-04 00:02:13 --> Final output sent to browser
DEBUG - 2019-04-04 00:02:13 --> Total execution time: 0.0127
INFO - 2019-04-04 00:02:14 --> Config Class Initialized
INFO - 2019-04-04 00:02:14 --> Hooks Class Initialized
DEBUG - 2019-04-04 00:02:14 --> UTF-8 Support Enabled
INFO - 2019-04-04 00:02:14 --> Utf8 Class Initialized
INFO - 2019-04-04 00:02:14 --> URI Class Initialized
INFO - 2019-04-04 00:02:14 --> Router Class Initialized
INFO - 2019-04-04 00:02:14 --> Output Class Initialized
INFO - 2019-04-04 00:02:14 --> Security Class Initialized
DEBUG - 2019-04-04 00:02:14 --> Global POST, GET and COOKIE data sanitized
INFO - 2019-04-04 00:02:14 --> Input Class Initialized
INFO - 2019-04-04 00:02:14 --> Language Class Initialized
INFO - 2019-04-04 00:02:14 --> Loader Class Initialized
INFO - 2019-04-04 00:02:14 --> Helper loaded: general_helper
INFO - 2019-04-04 00:02:14 --> Controller Class Initialized
INFO - 2019-04-04 00:02:14 --> Final output sent to browser
DEBUG - 2019-04-04 00:02:14 --> Total execution time: 0.0136
INFO - 2019-04-04 00:02:14 --> Config Class Initialized
INFO - 2019-04-04 00:02:14 --> Hooks Class Initialized
DEBUG - 2019-04-04 00:02:14 --> UTF-8 Support Enabled
INFO - 2019-04-04 00:02:14 --> Utf8 Class Initialized
INFO - 2019-04-04 00:02:14 --> URI Class Initialized
INFO - 2019-04-04 00:02:14 --> Router Class Initialized
INFO - 2019-04-04 00:02:14 --> Output Class Initialized
INFO - 2019-04-04 00:02:14 --> Security Class Initialized
DEBUG - 2019-04-04 00:02:14 --> Global POST, GET and COOKIE data sanitized
INFO - 2019-04-04 00:02:14 --> Input Class Initialized
INFO - 2019-04-04 00:02:14 --> Language Class Initialized
INFO - 2019-04-04 00:02:14 --> Loader Class Initialized
INFO - 2019-04-04 00:02:14 --> Helper loaded: general_helper
INFO - 2019-04-04 00:02:14 --> Controller Class Initialized
INFO - 2019-04-04 00:02:14 --> Final output sent to browser
DEBUG - 2019-04-04 00:02:14 --> Total execution time: 0.0142
INFO - 2019-04-04 00:02:14 --> Config Class Initialized
INFO - 2019-04-04 00:02:14 --> Hooks Class Initialized
DEBUG - 2019-04-04 00:02:14 --> UTF-8 Support Enabled
INFO - 2019-04-04 00:02:14 --> Utf8 Class Initialized
INFO - 2019-04-04 00:02:14 --> URI Class Initialized
INFO - 2019-04-04 00:02:14 --> Router Class Initialized
INFO - 2019-04-04 00:02:14 --> Output Class Initialized
INFO - 2019-04-04 00:02:14 --> Security Class Initialized
DEBUG - 2019-04-04 00:02:14 --> Global POST, GET and COOKIE data sanitized
INFO - 2019-04-04 00:02:14 --> Input Class Initialized
INFO - 2019-04-04 00:02:14 --> Config Class Initialized
INFO - 2019-04-04 00:02:14 --> Language Class Initialized
INFO - 2019-04-04 00:02:14 --> Hooks Class Initialized
DEBUG - 2019-04-04 00:02:14 --> UTF-8 Support Enabled
INFO - 2019-04-04 00:02:14 --> Utf8 Class Initialized
INFO - 2019-04-04 00:02:14 --> Loader Class Initialized
INFO - 2019-04-04 00:02:14 --> Helper loaded: general_helper
INFO - 2019-04-04 00:02:14 --> Controller Class Initialized
INFO - 2019-04-04 00:02:14 --> URI Class Initialized
INFO - 2019-04-04 00:02:14 --> Router Class Initialized
INFO - 2019-04-04 00:02:14 --> Output Class Initialized
INFO - 2019-04-04 00:02:14 --> Security Class Initialized
DEBUG - 2019-04-04 00:02:14 --> Global POST, GET and COOKIE data sanitized
INFO - 2019-04-04 00:02:14 --> Input Class Initialized
ERROR - 2019-04-04 00:02:14 --> array(3) {
  [0]=>
  object(stdClass)#16 (2) {
    ["activity_id"]=>
    string(1) "1"
    ["user_num"]=>
    string(1) "1"
  }
  [1]=>
  object(stdClass)#18 (2) {
    ["activity_id"]=>
    string(1) "2"
    ["user_num"]=>
    string(1) "3"
  }
  [2]=>
  object(stdClass)#19 (2) {
    ["activity_id"]=>
    string(1) "3"
    ["user_num"]=>
    string(1) "1"
  }
}

INFO - 2019-04-04 00:02:14 --> Language Class Initialized
INFO - 2019-04-04 00:02:14 --> Final output sent to browser
DEBUG - 2019-04-04 00:02:14 --> Total execution time: 0.0106
INFO - 2019-04-04 00:02:14 --> Loader Class Initialized
INFO - 2019-04-04 00:02:14 --> Helper loaded: general_helper
INFO - 2019-04-04 00:02:14 --> Controller Class Initialized
INFO - 2019-04-04 00:02:14 --> Final output sent to browser
DEBUG - 2019-04-04 00:02:14 --> Total execution time: 0.0110
INFO - 2019-04-04 00:02:14 --> Config Class Initialized
INFO - 2019-04-04 00:02:14 --> Hooks Class Initialized
DEBUG - 2019-04-04 00:02:14 --> UTF-8 Support Enabled
INFO - 2019-04-04 00:02:14 --> Utf8 Class Initialized
INFO - 2019-04-04 00:02:14 --> URI Class Initialized
INFO - 2019-04-04 00:02:14 --> Router Class Initialized
INFO - 2019-04-04 00:02:14 --> Output Class Initialized
INFO - 2019-04-04 00:02:14 --> Security Class Initialized
DEBUG - 2019-04-04 00:02:14 --> Global POST, GET and COOKIE data sanitized
INFO - 2019-04-04 00:02:14 --> Input Class Initialized
INFO - 2019-04-04 00:02:14 --> Language Class Initialized
INFO - 2019-04-04 00:02:14 --> Loader Class Initialized
INFO - 2019-04-04 00:02:14 --> Helper loaded: general_helper
INFO - 2019-04-04 00:02:14 --> Controller Class Initialized
ERROR - 2019-04-04 00:02:14 --> array(0) {
}

INFO - 2019-04-04 00:02:14 --> Final output sent to browser
DEBUG - 2019-04-04 00:02:14 --> Total execution time: 0.0143
INFO - 2019-04-04 00:02:16 --> Config Class Initialized
INFO - 2019-04-04 00:02:16 --> Hooks Class Initialized
DEBUG - 2019-04-04 00:02:16 --> UTF-8 Support Enabled
INFO - 2019-04-04 00:02:16 --> Utf8 Class Initialized
INFO - 2019-04-04 00:02:16 --> URI Class Initialized
INFO - 2019-04-04 00:02:16 --> Router Class Initialized
INFO - 2019-04-04 00:02:16 --> Output Class Initialized
INFO - 2019-04-04 00:02:16 --> Security Class Initialized
DEBUG - 2019-04-04 00:02:16 --> Global POST, GET and COOKIE data sanitized
INFO - 2019-04-04 00:02:16 --> Input Class Initialized
INFO - 2019-04-04 00:02:16 --> Language Class Initialized
INFO - 2019-04-04 00:02:16 --> Loader Class Initialized
INFO - 2019-04-04 00:02:16 --> Helper loaded: general_helper
INFO - 2019-04-04 00:02:16 --> Controller Class Initialized
INFO - 2019-04-04 00:02:16 --> Final output sent to browser
DEBUG - 2019-04-04 00:02:16 --> Total execution time: 0.0140
INFO - 2019-04-04 00:02:16 --> Config Class Initialized
INFO - 2019-04-04 00:02:16 --> Hooks Class Initialized
DEBUG - 2019-04-04 00:02:16 --> UTF-8 Support Enabled
INFO - 2019-04-04 00:02:16 --> Utf8 Class Initialized
INFO - 2019-04-04 00:02:16 --> URI Class Initialized
INFO - 2019-04-04 00:02:16 --> Router Class Initialized
INFO - 2019-04-04 00:02:16 --> Output Class Initialized
INFO - 2019-04-04 00:02:16 --> Security Class Initialized
DEBUG - 2019-04-04 00:02:16 --> Global POST, GET and COOKIE data sanitized
INFO - 2019-04-04 00:02:16 --> Input Class Initialized
INFO - 2019-04-04 00:02:16 --> Language Class Initialized
INFO - 2019-04-04 00:02:16 --> Loader Class Initialized
INFO - 2019-04-04 00:02:16 --> Helper loaded: general_helper
INFO - 2019-04-04 00:02:16 --> Controller Class Initialized
INFO - 2019-04-04 00:02:16 --> Final output sent to browser
DEBUG - 2019-04-04 00:02:16 --> Total execution time: 0.0123
INFO - 2019-04-04 00:02:17 --> Config Class Initialized
INFO - 2019-04-04 00:02:17 --> Hooks Class Initialized
DEBUG - 2019-04-04 00:02:17 --> UTF-8 Support Enabled
INFO - 2019-04-04 00:02:17 --> Utf8 Class Initialized
INFO - 2019-04-04 00:02:17 --> URI Class Initialized
INFO - 2019-04-04 00:02:17 --> Router Class Initialized
INFO - 2019-04-04 00:02:17 --> Output Class Initialized
INFO - 2019-04-04 00:02:17 --> Security Class Initialized
DEBUG - 2019-04-04 00:02:17 --> Global POST, GET and COOKIE data sanitized
INFO - 2019-04-04 00:02:17 --> Input Class Initialized
INFO - 2019-04-04 00:02:17 --> Language Class Initialized
INFO - 2019-04-04 00:02:17 --> Loader Class Initialized
INFO - 2019-04-04 00:02:17 --> Helper loaded: general_helper
INFO - 2019-04-04 00:02:17 --> Controller Class Initialized
INFO - 2019-04-04 00:02:17 --> Final output sent to browser
DEBUG - 2019-04-04 00:02:17 --> Total execution time: 0.2198
INFO - 2019-04-04 00:02:17 --> Config Class Initialized
INFO - 2019-04-04 00:02:17 --> Hooks Class Initialized
DEBUG - 2019-04-04 00:02:17 --> UTF-8 Support Enabled
INFO - 2019-04-04 00:02:17 --> Utf8 Class Initialized
INFO - 2019-04-04 00:02:17 --> URI Class Initialized
INFO - 2019-04-04 00:02:17 --> Router Class Initialized
INFO - 2019-04-04 00:02:17 --> Output Class Initialized
INFO - 2019-04-04 00:02:17 --> Security Class Initialized
DEBUG - 2019-04-04 00:02:17 --> Global POST, GET and COOKIE data sanitized
INFO - 2019-04-04 00:02:17 --> Input Class Initialized
INFO - 2019-04-04 00:02:17 --> Language Class Initialized
INFO - 2019-04-04 00:02:17 --> Loader Class Initialized
INFO - 2019-04-04 00:02:17 --> Helper loaded: general_helper
INFO - 2019-04-04 00:02:17 --> Controller Class Initialized
INFO - 2019-04-04 00:02:17 --> Final output sent to browser
DEBUG - 2019-04-04 00:02:17 --> Total execution time: 0.0108
INFO - 2019-04-04 00:07:58 --> Config Class Initialized
INFO - 2019-04-04 00:07:58 --> Hooks Class Initialized
INFO - 2019-04-04 00:07:58 --> Config Class Initialized
INFO - 2019-04-04 00:07:58 --> Hooks Class Initialized
DEBUG - 2019-04-04 00:07:58 --> UTF-8 Support Enabled
INFO - 2019-04-04 00:07:58 --> Utf8 Class Initialized
DEBUG - 2019-04-04 00:07:58 --> UTF-8 Support Enabled
INFO - 2019-04-04 00:07:58 --> Utf8 Class Initialized
INFO - 2019-04-04 00:07:58 --> URI Class Initialized
INFO - 2019-04-04 00:07:58 --> URI Class Initialized
INFO - 2019-04-04 00:07:58 --> Router Class Initialized
INFO - 2019-04-04 00:07:58 --> Router Class Initialized
INFO - 2019-04-04 00:07:58 --> Output Class Initialized
INFO - 2019-04-04 00:07:58 --> Output Class Initialized
INFO - 2019-04-04 00:07:58 --> Security Class Initialized
INFO - 2019-04-04 00:07:58 --> Security Class Initialized
DEBUG - 2019-04-04 00:07:58 --> Global POST, GET and COOKIE data sanitized
INFO - 2019-04-04 00:07:58 --> Input Class Initialized
INFO - 2019-04-04 00:07:58 --> Language Class Initialized
DEBUG - 2019-04-04 00:07:58 --> Global POST, GET and COOKIE data sanitized
INFO - 2019-04-04 00:07:58 --> Input Class Initialized
INFO - 2019-04-04 00:07:58 --> Language Class Initialized
INFO - 2019-04-04 00:07:58 --> Loader Class Initialized
INFO - 2019-04-04 00:07:58 --> Helper loaded: general_helper
INFO - 2019-04-04 00:07:58 --> Controller Class Initialized
INFO - 2019-04-04 00:07:58 --> Loader Class Initialized
INFO - 2019-04-04 00:07:58 --> Helper loaded: general_helper
INFO - 2019-04-04 00:07:58 --> Controller Class Initialized
INFO - 2019-04-04 00:07:58 --> Final output sent to browser
DEBUG - 2019-04-04 00:07:58 --> Total execution time: 0.2081
INFO - 2019-04-04 00:07:58 --> Final output sent to browser
DEBUG - 2019-04-04 00:07:58 --> Total execution time: 0.2458
INFO - 2019-04-04 00:07:58 --> Config Class Initialized
INFO - 2019-04-04 00:07:58 --> Hooks Class Initialized
DEBUG - 2019-04-04 00:07:58 --> UTF-8 Support Enabled
INFO - 2019-04-04 00:07:58 --> Utf8 Class Initialized
INFO - 2019-04-04 00:07:58 --> URI Class Initialized
INFO - 2019-04-04 00:07:58 --> Router Class Initialized
INFO - 2019-04-04 00:07:58 --> Output Class Initialized
INFO - 2019-04-04 00:07:58 --> Security Class Initialized
DEBUG - 2019-04-04 00:07:58 --> Global POST, GET and COOKIE data sanitized
INFO - 2019-04-04 00:07:58 --> Input Class Initialized
INFO - 2019-04-04 00:07:58 --> Language Class Initialized
INFO - 2019-04-04 00:07:58 --> Loader Class Initialized
INFO - 2019-04-04 00:07:59 --> Helper loaded: general_helper
INFO - 2019-04-04 00:07:59 --> Controller Class Initialized
INFO - 2019-04-04 00:07:59 --> Final output sent to browser
DEBUG - 2019-04-04 00:07:59 --> Total execution time: 0.0305
INFO - 2019-04-04 00:07:59 --> Config Class Initialized
INFO - 2019-04-04 00:07:59 --> Hooks Class Initialized
DEBUG - 2019-04-04 00:07:59 --> UTF-8 Support Enabled
INFO - 2019-04-04 00:07:59 --> Utf8 Class Initialized
INFO - 2019-04-04 00:07:59 --> URI Class Initialized
INFO - 2019-04-04 00:07:59 --> Router Class Initialized
INFO - 2019-04-04 00:07:59 --> Output Class Initialized
INFO - 2019-04-04 00:07:59 --> Security Class Initialized
DEBUG - 2019-04-04 00:07:59 --> Global POST, GET and COOKIE data sanitized
INFO - 2019-04-04 00:07:59 --> Input Class Initialized
INFO - 2019-04-04 00:07:59 --> Language Class Initialized
INFO - 2019-04-04 00:07:59 --> Loader Class Initialized
INFO - 2019-04-04 00:07:59 --> Helper loaded: general_helper
INFO - 2019-04-04 00:07:59 --> Controller Class Initialized
INFO - 2019-04-04 00:07:59 --> Final output sent to browser
DEBUG - 2019-04-04 00:07:59 --> Total execution time: 0.0145
INFO - 2019-04-04 00:07:59 --> Config Class Initialized
INFO - 2019-04-04 00:07:59 --> Hooks Class Initialized
DEBUG - 2019-04-04 00:07:59 --> UTF-8 Support Enabled
INFO - 2019-04-04 00:07:59 --> Utf8 Class Initialized
INFO - 2019-04-04 00:07:59 --> URI Class Initialized
INFO - 2019-04-04 00:07:59 --> Router Class Initialized
INFO - 2019-04-04 00:07:59 --> Output Class Initialized
INFO - 2019-04-04 00:07:59 --> Security Class Initialized
DEBUG - 2019-04-04 00:07:59 --> Global POST, GET and COOKIE data sanitized
INFO - 2019-04-04 00:07:59 --> Input Class Initialized
INFO - 2019-04-04 00:07:59 --> Language Class Initialized
INFO - 2019-04-04 00:07:59 --> Loader Class Initialized
INFO - 2019-04-04 00:07:59 --> Helper loaded: general_helper
INFO - 2019-04-04 00:07:59 --> Controller Class Initialized
INFO - 2019-04-04 00:07:59 --> Final output sent to browser
DEBUG - 2019-04-04 00:07:59 --> Total execution time: 0.2171
INFO - 2019-04-04 00:08:00 --> Config Class Initialized
INFO - 2019-04-04 00:08:00 --> Hooks Class Initialized
DEBUG - 2019-04-04 00:08:00 --> UTF-8 Support Enabled
INFO - 2019-04-04 00:08:00 --> Utf8 Class Initialized
INFO - 2019-04-04 00:08:00 --> URI Class Initialized
INFO - 2019-04-04 00:08:00 --> Router Class Initialized
INFO - 2019-04-04 00:08:00 --> Output Class Initialized
INFO - 2019-04-04 00:08:00 --> Security Class Initialized
DEBUG - 2019-04-04 00:08:00 --> Global POST, GET and COOKIE data sanitized
INFO - 2019-04-04 00:08:00 --> Input Class Initialized
INFO - 2019-04-04 00:08:00 --> Language Class Initialized
INFO - 2019-04-04 00:08:00 --> Loader Class Initialized
INFO - 2019-04-04 00:08:00 --> Helper loaded: general_helper
INFO - 2019-04-04 00:08:00 --> Controller Class Initialized
INFO - 2019-04-04 00:08:00 --> Final output sent to browser
DEBUG - 2019-04-04 00:08:00 --> Total execution time: 0.0106
INFO - 2019-04-04 00:08:00 --> Config Class Initialized
INFO - 2019-04-04 00:08:00 --> Hooks Class Initialized
DEBUG - 2019-04-04 00:08:00 --> UTF-8 Support Enabled
INFO - 2019-04-04 00:08:00 --> Utf8 Class Initialized
INFO - 2019-04-04 00:08:00 --> URI Class Initialized
INFO - 2019-04-04 00:08:00 --> Router Class Initialized
INFO - 2019-04-04 00:08:00 --> Output Class Initialized
INFO - 2019-04-04 00:08:00 --> Security Class Initialized
DEBUG - 2019-04-04 00:08:00 --> Global POST, GET and COOKIE data sanitized
INFO - 2019-04-04 00:08:00 --> Input Class Initialized
INFO - 2019-04-04 00:08:00 --> Language Class Initialized
INFO - 2019-04-04 00:08:00 --> Loader Class Initialized
INFO - 2019-04-04 00:08:00 --> Helper loaded: general_helper
INFO - 2019-04-04 00:08:00 --> Controller Class Initialized
INFO - 2019-04-04 00:08:00 --> Config Class Initialized
INFO - 2019-04-04 00:08:00 --> Hooks Class Initialized
DEBUG - 2019-04-04 00:08:00 --> UTF-8 Support Enabled
INFO - 2019-04-04 00:08:00 --> Utf8 Class Initialized
INFO - 2019-04-04 00:08:00 --> URI Class Initialized
INFO - 2019-04-04 00:08:00 --> Router Class Initialized
INFO - 2019-04-04 00:08:00 --> Output Class Initialized
INFO - 2019-04-04 00:08:00 --> Security Class Initialized
DEBUG - 2019-04-04 00:08:00 --> Global POST, GET and COOKIE data sanitized
INFO - 2019-04-04 00:08:00 --> Input Class Initialized
INFO - 2019-04-04 00:08:00 --> Language Class Initialized
INFO - 2019-04-04 00:08:00 --> Loader Class Initialized
INFO - 2019-04-04 00:08:00 --> Helper loaded: general_helper
INFO - 2019-04-04 00:08:00 --> Controller Class Initialized
INFO - 2019-04-04 00:08:00 --> Final output sent to browser
DEBUG - 2019-04-04 00:08:00 --> Total execution time: 0.2356
INFO - 2019-04-04 00:08:01 --> Final output sent to browser
DEBUG - 2019-04-04 00:08:01 --> Total execution time: 0.2229
INFO - 2019-04-04 00:08:01 --> Config Class Initialized
INFO - 2019-04-04 00:08:01 --> Hooks Class Initialized
INFO - 2019-04-04 00:08:01 --> Config Class Initialized
INFO - 2019-04-04 00:08:01 --> Hooks Class Initialized
DEBUG - 2019-04-04 00:08:01 --> UTF-8 Support Enabled
INFO - 2019-04-04 00:08:01 --> Utf8 Class Initialized
INFO - 2019-04-04 00:08:01 --> URI Class Initialized
DEBUG - 2019-04-04 00:08:01 --> UTF-8 Support Enabled
INFO - 2019-04-04 00:08:01 --> Utf8 Class Initialized
INFO - 2019-04-04 00:08:01 --> Router Class Initialized
INFO - 2019-04-04 00:08:01 --> URI Class Initialized
INFO - 2019-04-04 00:08:01 --> Router Class Initialized
INFO - 2019-04-04 00:08:01 --> Output Class Initialized
INFO - 2019-04-04 00:08:01 --> Output Class Initialized
INFO - 2019-04-04 00:08:01 --> Security Class Initialized
DEBUG - 2019-04-04 00:08:01 --> Global POST, GET and COOKIE data sanitized
INFO - 2019-04-04 00:08:01 --> Input Class Initialized
INFO - 2019-04-04 00:08:01 --> Security Class Initialized
INFO - 2019-04-04 00:08:01 --> Language Class Initialized
DEBUG - 2019-04-04 00:08:01 --> Global POST, GET and COOKIE data sanitized
INFO - 2019-04-04 00:08:01 --> Input Class Initialized
INFO - 2019-04-04 00:08:01 --> Language Class Initialized
INFO - 2019-04-04 00:08:01 --> Loader Class Initialized
INFO - 2019-04-04 00:08:01 --> Helper loaded: general_helper
INFO - 2019-04-04 00:08:01 --> Controller Class Initialized
INFO - 2019-04-04 00:08:01 --> Loader Class Initialized
INFO - 2019-04-04 00:08:01 --> Helper loaded: general_helper
INFO - 2019-04-04 00:08:01 --> Controller Class Initialized
INFO - 2019-04-04 00:08:01 --> Final output sent to browser
DEBUG - 2019-04-04 00:08:01 --> Total execution time: 0.0117
INFO - 2019-04-04 00:08:01 --> Final output sent to browser
DEBUG - 2019-04-04 00:08:01 --> Total execution time: 0.0150
INFO - 2019-04-04 00:09:15 --> Config Class Initialized
INFO - 2019-04-04 00:09:15 --> Hooks Class Initialized
DEBUG - 2019-04-04 00:09:15 --> UTF-8 Support Enabled
INFO - 2019-04-04 00:09:15 --> Utf8 Class Initialized
INFO - 2019-04-04 00:09:15 --> URI Class Initialized
INFO - 2019-04-04 00:09:15 --> Router Class Initialized
INFO - 2019-04-04 00:09:15 --> Output Class Initialized
INFO - 2019-04-04 00:09:15 --> Security Class Initialized
DEBUG - 2019-04-04 00:09:15 --> Global POST, GET and COOKIE data sanitized
INFO - 2019-04-04 00:09:15 --> Input Class Initialized
INFO - 2019-04-04 00:09:15 --> Language Class Initialized
INFO - 2019-04-04 00:09:15 --> Loader Class Initialized
INFO - 2019-04-04 00:09:15 --> Helper loaded: general_helper
INFO - 2019-04-04 00:09:15 --> Controller Class Initialized
INFO - 2019-04-04 00:09:15 --> Final output sent to browser
DEBUG - 2019-04-04 00:09:15 --> Total execution time: 0.2681
INFO - 2019-04-04 00:09:16 --> Config Class Initialized
INFO - 2019-04-04 00:09:16 --> Hooks Class Initialized
DEBUG - 2019-04-04 00:09:16 --> UTF-8 Support Enabled
INFO - 2019-04-04 00:09:16 --> Utf8 Class Initialized
INFO - 2019-04-04 00:09:16 --> URI Class Initialized
INFO - 2019-04-04 00:09:16 --> Router Class Initialized
INFO - 2019-04-04 00:09:16 --> Output Class Initialized
INFO - 2019-04-04 00:09:16 --> Security Class Initialized
DEBUG - 2019-04-04 00:09:16 --> Global POST, GET and COOKIE data sanitized
INFO - 2019-04-04 00:09:16 --> Input Class Initialized
INFO - 2019-04-04 00:09:16 --> Language Class Initialized
INFO - 2019-04-04 00:09:16 --> Loader Class Initialized
INFO - 2019-04-04 00:09:16 --> Helper loaded: general_helper
INFO - 2019-04-04 00:09:16 --> Controller Class Initialized
INFO - 2019-04-04 00:09:16 --> Final output sent to browser
DEBUG - 2019-04-04 00:09:16 --> Total execution time: 0.0151
INFO - 2019-04-04 00:09:16 --> Config Class Initialized
INFO - 2019-04-04 00:09:16 --> Hooks Class Initialized
DEBUG - 2019-04-04 00:09:16 --> UTF-8 Support Enabled
INFO - 2019-04-04 00:09:16 --> Utf8 Class Initialized
INFO - 2019-04-04 00:09:16 --> URI Class Initialized
INFO - 2019-04-04 00:09:16 --> Router Class Initialized
INFO - 2019-04-04 00:09:16 --> Output Class Initialized
INFO - 2019-04-04 00:09:16 --> Security Class Initialized
DEBUG - 2019-04-04 00:09:16 --> Global POST, GET and COOKIE data sanitized
INFO - 2019-04-04 00:09:16 --> Input Class Initialized
INFO - 2019-04-04 00:09:16 --> Language Class Initialized
INFO - 2019-04-04 00:09:16 --> Loader Class Initialized
INFO - 2019-04-04 00:09:16 --> Helper loaded: general_helper
INFO - 2019-04-04 00:09:16 --> Controller Class Initialized
INFO - 2019-04-04 00:09:16 --> Final output sent to browser
DEBUG - 2019-04-04 00:09:16 --> Total execution time: 0.0112
INFO - 2019-04-04 00:09:16 --> Config Class Initialized
INFO - 2019-04-04 00:09:16 --> Hooks Class Initialized
DEBUG - 2019-04-04 00:09:16 --> UTF-8 Support Enabled
INFO - 2019-04-04 00:09:16 --> Utf8 Class Initialized
INFO - 2019-04-04 00:09:16 --> URI Class Initialized
INFO - 2019-04-04 00:09:16 --> Router Class Initialized
INFO - 2019-04-04 00:09:16 --> Output Class Initialized
INFO - 2019-04-04 00:09:16 --> Security Class Initialized
DEBUG - 2019-04-04 00:09:16 --> Global POST, GET and COOKIE data sanitized
INFO - 2019-04-04 00:09:16 --> Input Class Initialized
INFO - 2019-04-04 00:09:16 --> Language Class Initialized
INFO - 2019-04-04 00:09:16 --> Loader Class Initialized
INFO - 2019-04-04 00:09:16 --> Helper loaded: general_helper
INFO - 2019-04-04 00:09:16 --> Controller Class Initialized
INFO - 2019-04-04 00:09:16 --> Final output sent to browser
DEBUG - 2019-04-04 00:09:16 --> Total execution time: 0.0105
INFO - 2019-04-04 00:09:16 --> Config Class Initialized
INFO - 2019-04-04 00:09:16 --> Hooks Class Initialized
INFO - 2019-04-04 00:09:16 --> Config Class Initialized
INFO - 2019-04-04 00:09:16 --> Hooks Class Initialized
DEBUG - 2019-04-04 00:09:16 --> UTF-8 Support Enabled
INFO - 2019-04-04 00:09:16 --> Utf8 Class Initialized
INFO - 2019-04-04 00:09:16 --> URI Class Initialized
DEBUG - 2019-04-04 00:09:16 --> UTF-8 Support Enabled
INFO - 2019-04-04 00:09:16 --> Utf8 Class Initialized
INFO - 2019-04-04 00:09:16 --> Router Class Initialized
INFO - 2019-04-04 00:09:16 --> URI Class Initialized
INFO - 2019-04-04 00:09:16 --> Output Class Initialized
INFO - 2019-04-04 00:09:16 --> Router Class Initialized
INFO - 2019-04-04 00:09:16 --> Security Class Initialized
DEBUG - 2019-04-04 00:09:16 --> Global POST, GET and COOKIE data sanitized
INFO - 2019-04-04 00:09:16 --> Input Class Initialized
INFO - 2019-04-04 00:09:16 --> Language Class Initialized
INFO - 2019-04-04 00:09:16 --> Output Class Initialized
INFO - 2019-04-04 00:09:16 --> Loader Class Initialized
INFO - 2019-04-04 00:09:16 --> Security Class Initialized
INFO - 2019-04-04 00:09:16 --> Helper loaded: general_helper
INFO - 2019-04-04 00:09:16 --> Controller Class Initialized
DEBUG - 2019-04-04 00:09:16 --> Global POST, GET and COOKIE data sanitized
INFO - 2019-04-04 00:09:16 --> Input Class Initialized
INFO - 2019-04-04 00:09:16 --> Language Class Initialized
INFO - 2019-04-04 00:09:16 --> Loader Class Initialized
INFO - 2019-04-04 00:09:16 --> Helper loaded: general_helper
INFO - 2019-04-04 00:09:16 --> Controller Class Initialized
INFO - 2019-04-04 00:09:16 --> Final output sent to browser
DEBUG - 2019-04-04 00:09:16 --> Total execution time: 0.0112
ERROR - 2019-04-04 00:09:16 --> array(3) {
  [0]=>
  object(stdClass)#16 (2) {
    ["activity_id"]=>
    string(1) "1"
    ["user_num"]=>
    string(1) "1"
  }
  [1]=>
  object(stdClass)#18 (2) {
    ["activity_id"]=>
    string(1) "2"
    ["user_num"]=>
    string(1) "3"
  }
  [2]=>
  object(stdClass)#19 (2) {
    ["activity_id"]=>
    string(1) "3"
    ["user_num"]=>
    string(1) "1"
  }
}

INFO - 2019-04-04 00:09:16 --> Final output sent to browser
DEBUG - 2019-04-04 00:09:16 --> Total execution time: 0.0133
INFO - 2019-04-04 00:09:16 --> Config Class Initialized
INFO - 2019-04-04 00:09:16 --> Hooks Class Initialized
DEBUG - 2019-04-04 00:09:16 --> UTF-8 Support Enabled
INFO - 2019-04-04 00:09:16 --> Utf8 Class Initialized
INFO - 2019-04-04 00:09:16 --> URI Class Initialized
INFO - 2019-04-04 00:09:16 --> Router Class Initialized
INFO - 2019-04-04 00:09:16 --> Output Class Initialized
INFO - 2019-04-04 00:09:16 --> Security Class Initialized
DEBUG - 2019-04-04 00:09:16 --> Global POST, GET and COOKIE data sanitized
INFO - 2019-04-04 00:09:16 --> Input Class Initialized
INFO - 2019-04-04 00:09:16 --> Language Class Initialized
INFO - 2019-04-04 00:09:16 --> Loader Class Initialized
INFO - 2019-04-04 00:09:16 --> Helper loaded: general_helper
INFO - 2019-04-04 00:09:16 --> Controller Class Initialized
ERROR - 2019-04-04 00:09:16 --> array(0) {
}

INFO - 2019-04-04 00:09:16 --> Final output sent to browser
DEBUG - 2019-04-04 00:09:16 --> Total execution time: 0.0120
INFO - 2019-04-04 00:09:23 --> Config Class Initialized
INFO - 2019-04-04 00:09:23 --> Hooks Class Initialized
DEBUG - 2019-04-04 00:09:23 --> UTF-8 Support Enabled
INFO - 2019-04-04 00:09:23 --> Utf8 Class Initialized
INFO - 2019-04-04 00:09:23 --> URI Class Initialized
INFO - 2019-04-04 00:09:23 --> Router Class Initialized
INFO - 2019-04-04 00:09:23 --> Output Class Initialized
INFO - 2019-04-04 00:09:23 --> Security Class Initialized
DEBUG - 2019-04-04 00:09:23 --> Global POST, GET and COOKIE data sanitized
INFO - 2019-04-04 00:09:23 --> Input Class Initialized
INFO - 2019-04-04 00:09:23 --> Language Class Initialized
INFO - 2019-04-04 00:09:23 --> Loader Class Initialized
INFO - 2019-04-04 00:09:23 --> Helper loaded: general_helper
INFO - 2019-04-04 00:09:23 --> Controller Class Initialized
INFO - 2019-04-04 00:09:23 --> Final output sent to browser
DEBUG - 2019-04-04 00:09:23 --> Total execution time: 0.0120
INFO - 2019-04-04 00:09:23 --> Config Class Initialized
INFO - 2019-04-04 00:09:23 --> Hooks Class Initialized
DEBUG - 2019-04-04 00:09:23 --> UTF-8 Support Enabled
INFO - 2019-04-04 00:09:23 --> Utf8 Class Initialized
INFO - 2019-04-04 00:09:23 --> URI Class Initialized
INFO - 2019-04-04 00:09:23 --> Router Class Initialized
INFO - 2019-04-04 00:09:23 --> Output Class Initialized
INFO - 2019-04-04 00:09:23 --> Security Class Initialized
DEBUG - 2019-04-04 00:09:23 --> Global POST, GET and COOKIE data sanitized
INFO - 2019-04-04 00:09:23 --> Input Class Initialized
INFO - 2019-04-04 00:09:23 --> Language Class Initialized
INFO - 2019-04-04 00:09:23 --> Loader Class Initialized
INFO - 2019-04-04 00:09:23 --> Helper loaded: general_helper
INFO - 2019-04-04 00:09:23 --> Controller Class Initialized
INFO - 2019-04-04 00:09:23 --> Final output sent to browser
DEBUG - 2019-04-04 00:09:23 --> Total execution time: 0.0108
INFO - 2019-04-04 00:09:24 --> Config Class Initialized
INFO - 2019-04-04 00:09:24 --> Hooks Class Initialized
DEBUG - 2019-04-04 00:09:24 --> UTF-8 Support Enabled
INFO - 2019-04-04 00:09:24 --> Utf8 Class Initialized
INFO - 2019-04-04 00:09:24 --> URI Class Initialized
INFO - 2019-04-04 00:09:24 --> Router Class Initialized
INFO - 2019-04-04 00:09:24 --> Output Class Initialized
INFO - 2019-04-04 00:09:24 --> Security Class Initialized
DEBUG - 2019-04-04 00:09:24 --> Global POST, GET and COOKIE data sanitized
INFO - 2019-04-04 00:09:24 --> Input Class Initialized
INFO - 2019-04-04 00:09:24 --> Language Class Initialized
INFO - 2019-04-04 00:09:24 --> Loader Class Initialized
INFO - 2019-04-04 00:09:24 --> Helper loaded: general_helper
INFO - 2019-04-04 00:09:24 --> Controller Class Initialized
INFO - 2019-04-04 00:09:24 --> Final output sent to browser
DEBUG - 2019-04-04 00:09:24 --> Total execution time: 0.1563
INFO - 2019-04-04 00:09:24 --> Config Class Initialized
INFO - 2019-04-04 00:09:24 --> Hooks Class Initialized
DEBUG - 2019-04-04 00:09:24 --> UTF-8 Support Enabled
INFO - 2019-04-04 00:09:24 --> Utf8 Class Initialized
INFO - 2019-04-04 00:09:24 --> URI Class Initialized
INFO - 2019-04-04 00:09:24 --> Router Class Initialized
INFO - 2019-04-04 00:09:24 --> Output Class Initialized
INFO - 2019-04-04 00:09:24 --> Security Class Initialized
DEBUG - 2019-04-04 00:09:24 --> Global POST, GET and COOKIE data sanitized
INFO - 2019-04-04 00:09:24 --> Input Class Initialized
INFO - 2019-04-04 00:09:24 --> Language Class Initialized
INFO - 2019-04-04 00:09:24 --> Loader Class Initialized
INFO - 2019-04-04 00:09:24 --> Helper loaded: general_helper
INFO - 2019-04-04 00:09:24 --> Controller Class Initialized
INFO - 2019-04-04 00:09:24 --> Final output sent to browser
DEBUG - 2019-04-04 00:09:24 --> Total execution time: 0.0111
INFO - 2019-04-04 00:14:09 --> Config Class Initialized
INFO - 2019-04-04 00:14:09 --> Hooks Class Initialized
DEBUG - 2019-04-04 00:14:09 --> UTF-8 Support Enabled
INFO - 2019-04-04 00:14:09 --> Utf8 Class Initialized
INFO - 2019-04-04 00:14:09 --> URI Class Initialized
INFO - 2019-04-04 00:14:09 --> Router Class Initialized
INFO - 2019-04-04 00:14:09 --> Output Class Initialized
INFO - 2019-04-04 00:14:09 --> Security Class Initialized
DEBUG - 2019-04-04 00:14:09 --> Global POST, GET and COOKIE data sanitized
INFO - 2019-04-04 00:14:09 --> Input Class Initialized
INFO - 2019-04-04 00:14:09 --> Language Class Initialized
INFO - 2019-04-04 00:14:09 --> Loader Class Initialized
INFO - 2019-04-04 00:14:09 --> Helper loaded: general_helper
INFO - 2019-04-04 00:14:09 --> Controller Class Initialized
INFO - 2019-04-04 00:14:09 --> Final output sent to browser
DEBUG - 2019-04-04 00:14:09 --> Total execution time: 0.1419
INFO - 2019-04-04 00:14:10 --> Config Class Initialized
INFO - 2019-04-04 00:14:10 --> Hooks Class Initialized
DEBUG - 2019-04-04 00:14:10 --> UTF-8 Support Enabled
INFO - 2019-04-04 00:14:10 --> Utf8 Class Initialized
INFO - 2019-04-04 00:14:10 --> URI Class Initialized
INFO - 2019-04-04 00:14:10 --> Router Class Initialized
INFO - 2019-04-04 00:14:10 --> Output Class Initialized
INFO - 2019-04-04 00:14:10 --> Security Class Initialized
DEBUG - 2019-04-04 00:14:10 --> Global POST, GET and COOKIE data sanitized
INFO - 2019-04-04 00:14:10 --> Input Class Initialized
INFO - 2019-04-04 00:14:10 --> Language Class Initialized
INFO - 2019-04-04 00:14:10 --> Loader Class Initialized
INFO - 2019-04-04 00:14:10 --> Helper loaded: general_helper
INFO - 2019-04-04 00:14:10 --> Controller Class Initialized
INFO - 2019-04-04 00:14:10 --> Final output sent to browser
DEBUG - 2019-04-04 00:14:10 --> Total execution time: 0.0118
INFO - 2019-04-04 00:14:10 --> Config Class Initialized
INFO - 2019-04-04 00:14:10 --> Hooks Class Initialized
DEBUG - 2019-04-04 00:14:10 --> UTF-8 Support Enabled
INFO - 2019-04-04 00:14:10 --> Utf8 Class Initialized
INFO - 2019-04-04 00:14:10 --> URI Class Initialized
INFO - 2019-04-04 00:14:10 --> Router Class Initialized
INFO - 2019-04-04 00:14:10 --> Output Class Initialized
INFO - 2019-04-04 00:14:10 --> Security Class Initialized
DEBUG - 2019-04-04 00:14:10 --> Global POST, GET and COOKIE data sanitized
INFO - 2019-04-04 00:14:10 --> Input Class Initialized
INFO - 2019-04-04 00:14:10 --> Language Class Initialized
INFO - 2019-04-04 00:14:10 --> Loader Class Initialized
INFO - 2019-04-04 00:14:10 --> Helper loaded: general_helper
INFO - 2019-04-04 00:14:10 --> Controller Class Initialized
INFO - 2019-04-04 00:14:10 --> Final output sent to browser
DEBUG - 2019-04-04 00:14:10 --> Total execution time: 0.0118
INFO - 2019-04-04 00:14:10 --> Config Class Initialized
INFO - 2019-04-04 00:14:10 --> Hooks Class Initialized
DEBUG - 2019-04-04 00:14:10 --> UTF-8 Support Enabled
INFO - 2019-04-04 00:14:10 --> Utf8 Class Initialized
INFO - 2019-04-04 00:14:10 --> URI Class Initialized
INFO - 2019-04-04 00:14:10 --> Router Class Initialized
INFO - 2019-04-04 00:14:10 --> Output Class Initialized
INFO - 2019-04-04 00:14:10 --> Security Class Initialized
DEBUG - 2019-04-04 00:14:10 --> Global POST, GET and COOKIE data sanitized
INFO - 2019-04-04 00:14:10 --> Input Class Initialized
INFO - 2019-04-04 00:14:10 --> Language Class Initialized
INFO - 2019-04-04 00:14:10 --> Loader Class Initialized
INFO - 2019-04-04 00:14:10 --> Helper loaded: general_helper
INFO - 2019-04-04 00:14:10 --> Controller Class Initialized
INFO - 2019-04-04 00:14:10 --> Final output sent to browser
DEBUG - 2019-04-04 00:14:10 --> Total execution time: 0.0120
INFO - 2019-04-04 00:14:10 --> Config Class Initialized
INFO - 2019-04-04 00:14:10 --> Hooks Class Initialized
DEBUG - 2019-04-04 00:14:10 --> UTF-8 Support Enabled
INFO - 2019-04-04 00:14:10 --> Utf8 Class Initialized
INFO - 2019-04-04 00:14:10 --> URI Class Initialized
INFO - 2019-04-04 00:14:10 --> Router Class Initialized
INFO - 2019-04-04 00:14:10 --> Output Class Initialized
INFO - 2019-04-04 00:14:10 --> Security Class Initialized
DEBUG - 2019-04-04 00:14:10 --> Global POST, GET and COOKIE data sanitized
INFO - 2019-04-04 00:14:10 --> Input Class Initialized
INFO - 2019-04-04 00:14:10 --> Language Class Initialized
INFO - 2019-04-04 00:14:10 --> Loader Class Initialized
INFO - 2019-04-04 00:14:10 --> Helper loaded: general_helper
INFO - 2019-04-04 00:14:10 --> Controller Class Initialized
INFO - 2019-04-04 00:14:10 --> Final output sent to browser
DEBUG - 2019-04-04 00:14:10 --> Total execution time: 0.0103
INFO - 2019-04-04 00:14:10 --> Config Class Initialized
INFO - 2019-04-04 00:14:10 --> Hooks Class Initialized
DEBUG - 2019-04-04 00:14:10 --> UTF-8 Support Enabled
INFO - 2019-04-04 00:14:10 --> Utf8 Class Initialized
INFO - 2019-04-04 00:14:10 --> URI Class Initialized
INFO - 2019-04-04 00:14:10 --> Router Class Initialized
INFO - 2019-04-04 00:14:10 --> Output Class Initialized
INFO - 2019-04-04 00:14:10 --> Security Class Initialized
DEBUG - 2019-04-04 00:14:10 --> Global POST, GET and COOKIE data sanitized
INFO - 2019-04-04 00:14:10 --> Input Class Initialized
INFO - 2019-04-04 00:14:10 --> Language Class Initialized
INFO - 2019-04-04 00:14:10 --> Loader Class Initialized
INFO - 2019-04-04 00:14:10 --> Helper loaded: general_helper
INFO - 2019-04-04 00:14:10 --> Controller Class Initialized
ERROR - 2019-04-04 00:14:10 --> array(3) {
  [0]=>
  object(stdClass)#16 (2) {
    ["activity_id"]=>
    string(1) "1"
    ["user_num"]=>
    string(1) "1"
  }
  [1]=>
  object(stdClass)#18 (2) {
    ["activity_id"]=>
    string(1) "2"
    ["user_num"]=>
    string(1) "3"
  }
  [2]=>
  object(stdClass)#19 (2) {
    ["activity_id"]=>
    string(1) "3"
    ["user_num"]=>
    string(1) "1"
  }
}

INFO - 2019-04-04 00:14:10 --> Final output sent to browser
DEBUG - 2019-04-04 00:14:10 --> Total execution time: 0.0118
INFO - 2019-04-04 00:14:10 --> Config Class Initialized
INFO - 2019-04-04 00:14:10 --> Hooks Class Initialized
DEBUG - 2019-04-04 00:14:10 --> UTF-8 Support Enabled
INFO - 2019-04-04 00:14:10 --> Utf8 Class Initialized
INFO - 2019-04-04 00:14:10 --> URI Class Initialized
INFO - 2019-04-04 00:14:10 --> Router Class Initialized
INFO - 2019-04-04 00:14:10 --> Output Class Initialized
INFO - 2019-04-04 00:14:10 --> Security Class Initialized
DEBUG - 2019-04-04 00:14:10 --> Global POST, GET and COOKIE data sanitized
INFO - 2019-04-04 00:14:10 --> Input Class Initialized
INFO - 2019-04-04 00:14:10 --> Language Class Initialized
INFO - 2019-04-04 00:14:10 --> Loader Class Initialized
INFO - 2019-04-04 00:14:10 --> Helper loaded: general_helper
INFO - 2019-04-04 00:14:10 --> Controller Class Initialized
ERROR - 2019-04-04 00:14:10 --> array(0) {
}

INFO - 2019-04-04 00:14:10 --> Final output sent to browser
DEBUG - 2019-04-04 00:14:10 --> Total execution time: 0.0108
INFO - 2019-04-04 00:14:13 --> Config Class Initialized
INFO - 2019-04-04 00:14:13 --> Hooks Class Initialized
DEBUG - 2019-04-04 00:14:13 --> UTF-8 Support Enabled
INFO - 2019-04-04 00:14:13 --> Utf8 Class Initialized
INFO - 2019-04-04 00:14:13 --> URI Class Initialized
INFO - 2019-04-04 00:14:13 --> Router Class Initialized
INFO - 2019-04-04 00:14:13 --> Output Class Initialized
INFO - 2019-04-04 00:14:13 --> Security Class Initialized
DEBUG - 2019-04-04 00:14:13 --> Global POST, GET and COOKIE data sanitized
INFO - 2019-04-04 00:14:13 --> Input Class Initialized
INFO - 2019-04-04 00:14:13 --> Language Class Initialized
INFO - 2019-04-04 00:14:13 --> Loader Class Initialized
INFO - 2019-04-04 00:14:13 --> Helper loaded: general_helper
INFO - 2019-04-04 00:14:13 --> Controller Class Initialized
INFO - 2019-04-04 00:14:13 --> Final output sent to browser
DEBUG - 2019-04-04 00:14:13 --> Total execution time: 0.0120
INFO - 2019-04-04 00:14:13 --> Config Class Initialized
INFO - 2019-04-04 00:14:13 --> Hooks Class Initialized
DEBUG - 2019-04-04 00:14:13 --> UTF-8 Support Enabled
INFO - 2019-04-04 00:14:13 --> Utf8 Class Initialized
INFO - 2019-04-04 00:14:13 --> URI Class Initialized
INFO - 2019-04-04 00:14:13 --> Router Class Initialized
INFO - 2019-04-04 00:14:13 --> Output Class Initialized
INFO - 2019-04-04 00:14:13 --> Security Class Initialized
DEBUG - 2019-04-04 00:14:13 --> Global POST, GET and COOKIE data sanitized
INFO - 2019-04-04 00:14:13 --> Input Class Initialized
INFO - 2019-04-04 00:14:13 --> Language Class Initialized
INFO - 2019-04-04 00:14:13 --> Loader Class Initialized
INFO - 2019-04-04 00:14:13 --> Helper loaded: general_helper
INFO - 2019-04-04 00:14:13 --> Controller Class Initialized
INFO - 2019-04-04 00:14:13 --> Final output sent to browser
DEBUG - 2019-04-04 00:14:13 --> Total execution time: 0.0108
INFO - 2019-04-04 00:14:14 --> Config Class Initialized
INFO - 2019-04-04 00:14:14 --> Hooks Class Initialized
DEBUG - 2019-04-04 00:14:14 --> UTF-8 Support Enabled
INFO - 2019-04-04 00:14:14 --> Utf8 Class Initialized
INFO - 2019-04-04 00:14:14 --> URI Class Initialized
INFO - 2019-04-04 00:14:14 --> Router Class Initialized
INFO - 2019-04-04 00:14:14 --> Output Class Initialized
INFO - 2019-04-04 00:14:14 --> Security Class Initialized
DEBUG - 2019-04-04 00:14:14 --> Global POST, GET and COOKIE data sanitized
INFO - 2019-04-04 00:14:14 --> Input Class Initialized
INFO - 2019-04-04 00:14:14 --> Language Class Initialized
INFO - 2019-04-04 00:14:14 --> Loader Class Initialized
INFO - 2019-04-04 00:14:14 --> Helper loaded: general_helper
INFO - 2019-04-04 00:14:14 --> Controller Class Initialized
INFO - 2019-04-04 00:14:14 --> Final output sent to browser
DEBUG - 2019-04-04 00:14:14 --> Total execution time: 0.2583
INFO - 2019-04-04 00:14:14 --> Config Class Initialized
INFO - 2019-04-04 00:14:14 --> Hooks Class Initialized
DEBUG - 2019-04-04 00:14:14 --> UTF-8 Support Enabled
INFO - 2019-04-04 00:14:14 --> Utf8 Class Initialized
INFO - 2019-04-04 00:14:14 --> URI Class Initialized
INFO - 2019-04-04 00:14:14 --> Router Class Initialized
INFO - 2019-04-04 00:14:14 --> Output Class Initialized
INFO - 2019-04-04 00:14:14 --> Security Class Initialized
DEBUG - 2019-04-04 00:14:14 --> Global POST, GET and COOKIE data sanitized
INFO - 2019-04-04 00:14:14 --> Input Class Initialized
INFO - 2019-04-04 00:14:14 --> Language Class Initialized
INFO - 2019-04-04 00:14:14 --> Loader Class Initialized
INFO - 2019-04-04 00:14:14 --> Helper loaded: general_helper
INFO - 2019-04-04 00:14:14 --> Controller Class Initialized
INFO - 2019-04-04 00:14:14 --> Final output sent to browser
DEBUG - 2019-04-04 00:14:14 --> Total execution time: 0.0116
INFO - 2019-04-04 00:14:17 --> Config Class Initialized
INFO - 2019-04-04 00:14:17 --> Hooks Class Initialized
DEBUG - 2019-04-04 00:14:17 --> UTF-8 Support Enabled
INFO - 2019-04-04 00:14:17 --> Utf8 Class Initialized
INFO - 2019-04-04 00:14:17 --> URI Class Initialized
INFO - 2019-04-04 00:14:17 --> Router Class Initialized
INFO - 2019-04-04 00:14:17 --> Output Class Initialized
INFO - 2019-04-04 00:14:17 --> Security Class Initialized
DEBUG - 2019-04-04 00:14:17 --> Global POST, GET and COOKIE data sanitized
INFO - 2019-04-04 00:14:17 --> Input Class Initialized
INFO - 2019-04-04 00:14:17 --> Language Class Initialized
INFO - 2019-04-04 00:14:17 --> Loader Class Initialized
INFO - 2019-04-04 00:14:17 --> Helper loaded: general_helper
INFO - 2019-04-04 00:14:17 --> Controller Class Initialized
INFO - 2019-04-04 00:14:17 --> Final output sent to browser
DEBUG - 2019-04-04 00:14:17 --> Total execution time: 0.2365
INFO - 2019-04-04 00:14:17 --> Config Class Initialized
INFO - 2019-04-04 00:14:17 --> Hooks Class Initialized
DEBUG - 2019-04-04 00:14:17 --> UTF-8 Support Enabled
INFO - 2019-04-04 00:14:17 --> Utf8 Class Initialized
INFO - 2019-04-04 00:14:17 --> URI Class Initialized
INFO - 2019-04-04 00:14:17 --> Router Class Initialized
INFO - 2019-04-04 00:14:17 --> Output Class Initialized
INFO - 2019-04-04 00:14:17 --> Security Class Initialized
DEBUG - 2019-04-04 00:14:17 --> Global POST, GET and COOKIE data sanitized
INFO - 2019-04-04 00:14:17 --> Input Class Initialized
INFO - 2019-04-04 00:14:17 --> Language Class Initialized
INFO - 2019-04-04 00:14:17 --> Loader Class Initialized
INFO - 2019-04-04 00:14:17 --> Helper loaded: general_helper
INFO - 2019-04-04 00:14:17 --> Controller Class Initialized
INFO - 2019-04-04 00:14:17 --> Final output sent to browser
DEBUG - 2019-04-04 00:14:17 --> Total execution time: 0.0120
INFO - 2019-04-04 00:15:40 --> Config Class Initialized
INFO - 2019-04-04 00:15:40 --> Hooks Class Initialized
DEBUG - 2019-04-04 00:15:40 --> UTF-8 Support Enabled
INFO - 2019-04-04 00:15:40 --> Utf8 Class Initialized
INFO - 2019-04-04 00:15:40 --> URI Class Initialized
INFO - 2019-04-04 00:15:40 --> Router Class Initialized
INFO - 2019-04-04 00:15:40 --> Output Class Initialized
INFO - 2019-04-04 00:15:40 --> Security Class Initialized
DEBUG - 2019-04-04 00:15:40 --> Global POST, GET and COOKIE data sanitized
INFO - 2019-04-04 00:15:40 --> Input Class Initialized
INFO - 2019-04-04 00:15:40 --> Language Class Initialized
INFO - 2019-04-04 00:15:40 --> Loader Class Initialized
INFO - 2019-04-04 00:15:40 --> Helper loaded: general_helper
INFO - 2019-04-04 00:15:40 --> Controller Class Initialized
INFO - 2019-04-04 00:15:40 --> Final output sent to browser
DEBUG - 2019-04-04 00:15:40 --> Total execution time: 0.0163
INFO - 2019-04-04 00:15:41 --> Config Class Initialized
INFO - 2019-04-04 00:15:41 --> Hooks Class Initialized
DEBUG - 2019-04-04 00:15:41 --> UTF-8 Support Enabled
INFO - 2019-04-04 00:15:41 --> Utf8 Class Initialized
INFO - 2019-04-04 00:15:41 --> URI Class Initialized
INFO - 2019-04-04 00:15:41 --> Router Class Initialized
INFO - 2019-04-04 00:15:41 --> Output Class Initialized
INFO - 2019-04-04 00:15:41 --> Security Class Initialized
DEBUG - 2019-04-04 00:15:41 --> Global POST, GET and COOKIE data sanitized
INFO - 2019-04-04 00:15:41 --> Input Class Initialized
INFO - 2019-04-04 00:15:41 --> Language Class Initialized
INFO - 2019-04-04 00:15:41 --> Loader Class Initialized
INFO - 2019-04-04 00:15:41 --> Helper loaded: general_helper
INFO - 2019-04-04 00:15:41 --> Controller Class Initialized
INFO - 2019-04-04 00:15:41 --> Final output sent to browser
DEBUG - 2019-04-04 00:15:41 --> Total execution time: 0.0125
INFO - 2019-04-04 00:15:41 --> Config Class Initialized
INFO - 2019-04-04 00:15:41 --> Hooks Class Initialized
DEBUG - 2019-04-04 00:15:41 --> UTF-8 Support Enabled
INFO - 2019-04-04 00:15:41 --> Utf8 Class Initialized
INFO - 2019-04-04 00:15:41 --> URI Class Initialized
INFO - 2019-04-04 00:15:41 --> Router Class Initialized
INFO - 2019-04-04 00:15:41 --> Output Class Initialized
INFO - 2019-04-04 00:15:41 --> Security Class Initialized
DEBUG - 2019-04-04 00:15:41 --> Global POST, GET and COOKIE data sanitized
INFO - 2019-04-04 00:15:41 --> Input Class Initialized
INFO - 2019-04-04 00:15:41 --> Language Class Initialized
INFO - 2019-04-04 00:15:41 --> Loader Class Initialized
INFO - 2019-04-04 00:15:41 --> Helper loaded: general_helper
INFO - 2019-04-04 00:15:41 --> Controller Class Initialized
INFO - 2019-04-04 00:15:41 --> Final output sent to browser
DEBUG - 2019-04-04 00:15:41 --> Total execution time: 0.0118
INFO - 2019-04-04 00:15:41 --> Config Class Initialized
INFO - 2019-04-04 00:15:41 --> Hooks Class Initialized
DEBUG - 2019-04-04 00:15:41 --> UTF-8 Support Enabled
INFO - 2019-04-04 00:15:41 --> Utf8 Class Initialized
INFO - 2019-04-04 00:15:41 --> Config Class Initialized
INFO - 2019-04-04 00:15:41 --> Hooks Class Initialized
INFO - 2019-04-04 00:15:41 --> URI Class Initialized
INFO - 2019-04-04 00:15:41 --> Router Class Initialized
DEBUG - 2019-04-04 00:15:41 --> UTF-8 Support Enabled
INFO - 2019-04-04 00:15:41 --> Utf8 Class Initialized
INFO - 2019-04-04 00:15:41 --> URI Class Initialized
INFO - 2019-04-04 00:15:41 --> Output Class Initialized
INFO - 2019-04-04 00:15:41 --> Router Class Initialized
INFO - 2019-04-04 00:15:41 --> Security Class Initialized
DEBUG - 2019-04-04 00:15:41 --> Global POST, GET and COOKIE data sanitized
INFO - 2019-04-04 00:15:41 --> Output Class Initialized
INFO - 2019-04-04 00:15:41 --> Input Class Initialized
INFO - 2019-04-04 00:15:41 --> Language Class Initialized
INFO - 2019-04-04 00:15:41 --> Security Class Initialized
DEBUG - 2019-04-04 00:15:41 --> Global POST, GET and COOKIE data sanitized
INFO - 2019-04-04 00:15:41 --> Input Class Initialized
INFO - 2019-04-04 00:15:41 --> Loader Class Initialized
INFO - 2019-04-04 00:15:41 --> Language Class Initialized
INFO - 2019-04-04 00:15:41 --> Helper loaded: general_helper
INFO - 2019-04-04 00:15:41 --> Controller Class Initialized
INFO - 2019-04-04 00:15:41 --> Loader Class Initialized
INFO - 2019-04-04 00:15:41 --> Helper loaded: general_helper
INFO - 2019-04-04 00:15:41 --> Controller Class Initialized
ERROR - 2019-04-04 00:15:41 --> array(3) {
  [0]=>
  object(stdClass)#16 (2) {
    ["activity_id"]=>
    string(1) "1"
    ["user_num"]=>
    string(1) "1"
  }
  [1]=>
  object(stdClass)#18 (2) {
    ["activity_id"]=>
    string(1) "2"
    ["user_num"]=>
    string(1) "3"
  }
  [2]=>
  object(stdClass)#19 (2) {
    ["activity_id"]=>
    string(1) "3"
    ["user_num"]=>
    string(1) "1"
  }
}

INFO - 2019-04-04 00:15:41 --> Final output sent to browser
DEBUG - 2019-04-04 00:15:41 --> Total execution time: 0.0156
INFO - 2019-04-04 00:15:41 --> Final output sent to browser
DEBUG - 2019-04-04 00:15:41 --> Total execution time: 0.0155
INFO - 2019-04-04 00:15:41 --> Config Class Initialized
INFO - 2019-04-04 00:15:41 --> Hooks Class Initialized
DEBUG - 2019-04-04 00:15:41 --> UTF-8 Support Enabled
INFO - 2019-04-04 00:15:41 --> Utf8 Class Initialized
INFO - 2019-04-04 00:15:41 --> URI Class Initialized
INFO - 2019-04-04 00:15:41 --> Router Class Initialized
INFO - 2019-04-04 00:15:41 --> Output Class Initialized
INFO - 2019-04-04 00:15:41 --> Security Class Initialized
DEBUG - 2019-04-04 00:15:41 --> Global POST, GET and COOKIE data sanitized
INFO - 2019-04-04 00:15:41 --> Input Class Initialized
INFO - 2019-04-04 00:15:41 --> Language Class Initialized
INFO - 2019-04-04 00:15:41 --> Loader Class Initialized
INFO - 2019-04-04 00:15:41 --> Helper loaded: general_helper
INFO - 2019-04-04 00:15:41 --> Controller Class Initialized
ERROR - 2019-04-04 00:15:41 --> array(0) {
}

INFO - 2019-04-04 00:15:41 --> Final output sent to browser
DEBUG - 2019-04-04 00:15:41 --> Total execution time: 0.0108
INFO - 2019-04-04 00:15:43 --> Config Class Initialized
INFO - 2019-04-04 00:15:43 --> Hooks Class Initialized
DEBUG - 2019-04-04 00:15:43 --> UTF-8 Support Enabled
INFO - 2019-04-04 00:15:43 --> Utf8 Class Initialized
INFO - 2019-04-04 00:15:43 --> URI Class Initialized
INFO - 2019-04-04 00:15:43 --> Router Class Initialized
INFO - 2019-04-04 00:15:43 --> Output Class Initialized
INFO - 2019-04-04 00:15:43 --> Security Class Initialized
DEBUG - 2019-04-04 00:15:43 --> Global POST, GET and COOKIE data sanitized
INFO - 2019-04-04 00:15:43 --> Input Class Initialized
INFO - 2019-04-04 00:15:43 --> Language Class Initialized
INFO - 2019-04-04 00:15:43 --> Loader Class Initialized
INFO - 2019-04-04 00:15:43 --> Helper loaded: general_helper
INFO - 2019-04-04 00:15:43 --> Controller Class Initialized
INFO - 2019-04-04 00:15:43 --> Final output sent to browser
DEBUG - 2019-04-04 00:15:43 --> Total execution time: 0.0113
INFO - 2019-04-04 00:15:43 --> Config Class Initialized
INFO - 2019-04-04 00:15:43 --> Hooks Class Initialized
DEBUG - 2019-04-04 00:15:43 --> UTF-8 Support Enabled
INFO - 2019-04-04 00:15:43 --> Utf8 Class Initialized
INFO - 2019-04-04 00:15:43 --> URI Class Initialized
INFO - 2019-04-04 00:15:43 --> Router Class Initialized
INFO - 2019-04-04 00:15:43 --> Output Class Initialized
INFO - 2019-04-04 00:15:43 --> Security Class Initialized
DEBUG - 2019-04-04 00:15:43 --> Global POST, GET and COOKIE data sanitized
INFO - 2019-04-04 00:15:43 --> Input Class Initialized
INFO - 2019-04-04 00:15:43 --> Language Class Initialized
INFO - 2019-04-04 00:15:43 --> Loader Class Initialized
INFO - 2019-04-04 00:15:43 --> Helper loaded: general_helper
INFO - 2019-04-04 00:15:43 --> Controller Class Initialized
INFO - 2019-04-04 00:15:43 --> Final output sent to browser
DEBUG - 2019-04-04 00:15:43 --> Total execution time: 0.0114
INFO - 2019-04-04 00:15:44 --> Config Class Initialized
INFO - 2019-04-04 00:15:44 --> Hooks Class Initialized
DEBUG - 2019-04-04 00:15:44 --> UTF-8 Support Enabled
INFO - 2019-04-04 00:15:44 --> Utf8 Class Initialized
INFO - 2019-04-04 00:15:44 --> URI Class Initialized
INFO - 2019-04-04 00:15:44 --> Router Class Initialized
INFO - 2019-04-04 00:15:44 --> Output Class Initialized
INFO - 2019-04-04 00:15:44 --> Security Class Initialized
DEBUG - 2019-04-04 00:15:44 --> Global POST, GET and COOKIE data sanitized
INFO - 2019-04-04 00:15:44 --> Input Class Initialized
INFO - 2019-04-04 00:15:44 --> Language Class Initialized
INFO - 2019-04-04 00:15:44 --> Loader Class Initialized
INFO - 2019-04-04 00:15:44 --> Helper loaded: general_helper
INFO - 2019-04-04 00:15:44 --> Controller Class Initialized
INFO - 2019-04-04 00:15:44 --> Final output sent to browser
DEBUG - 2019-04-04 00:15:44 --> Total execution time: 0.1909
INFO - 2019-04-04 00:15:45 --> Config Class Initialized
INFO - 2019-04-04 00:15:45 --> Hooks Class Initialized
DEBUG - 2019-04-04 00:15:45 --> UTF-8 Support Enabled
INFO - 2019-04-04 00:15:45 --> Utf8 Class Initialized
INFO - 2019-04-04 00:15:45 --> URI Class Initialized
INFO - 2019-04-04 00:15:45 --> Router Class Initialized
INFO - 2019-04-04 00:15:45 --> Output Class Initialized
INFO - 2019-04-04 00:15:45 --> Security Class Initialized
DEBUG - 2019-04-04 00:15:45 --> Global POST, GET and COOKIE data sanitized
INFO - 2019-04-04 00:15:45 --> Input Class Initialized
INFO - 2019-04-04 00:15:45 --> Language Class Initialized
INFO - 2019-04-04 00:15:45 --> Loader Class Initialized
INFO - 2019-04-04 00:15:45 --> Helper loaded: general_helper
INFO - 2019-04-04 00:15:45 --> Controller Class Initialized
INFO - 2019-04-04 00:15:45 --> Final output sent to browser
DEBUG - 2019-04-04 00:15:45 --> Total execution time: 0.0111
INFO - 2019-04-04 00:16:04 --> Config Class Initialized
INFO - 2019-04-04 00:16:04 --> Hooks Class Initialized
DEBUG - 2019-04-04 00:16:04 --> UTF-8 Support Enabled
INFO - 2019-04-04 00:16:04 --> Utf8 Class Initialized
INFO - 2019-04-04 00:16:04 --> URI Class Initialized
INFO - 2019-04-04 00:16:04 --> Router Class Initialized
INFO - 2019-04-04 00:16:04 --> Output Class Initialized
INFO - 2019-04-04 00:16:04 --> Security Class Initialized
DEBUG - 2019-04-04 00:16:04 --> Global POST, GET and COOKIE data sanitized
INFO - 2019-04-04 00:16:04 --> Input Class Initialized
INFO - 2019-04-04 00:16:04 --> Language Class Initialized
INFO - 2019-04-04 00:16:04 --> Loader Class Initialized
INFO - 2019-04-04 00:16:04 --> Helper loaded: general_helper
INFO - 2019-04-04 00:16:04 --> Controller Class Initialized
INFO - 2019-04-04 00:16:04 --> Final output sent to browser
DEBUG - 2019-04-04 00:16:04 --> Total execution time: 0.1902
INFO - 2019-04-04 00:16:04 --> Config Class Initialized
INFO - 2019-04-04 00:16:04 --> Hooks Class Initialized
DEBUG - 2019-04-04 00:16:04 --> UTF-8 Support Enabled
INFO - 2019-04-04 00:16:04 --> Utf8 Class Initialized
INFO - 2019-04-04 00:16:04 --> URI Class Initialized
INFO - 2019-04-04 00:16:04 --> Router Class Initialized
INFO - 2019-04-04 00:16:04 --> Output Class Initialized
INFO - 2019-04-04 00:16:04 --> Security Class Initialized
DEBUG - 2019-04-04 00:16:04 --> Global POST, GET and COOKIE data sanitized
INFO - 2019-04-04 00:16:04 --> Input Class Initialized
INFO - 2019-04-04 00:16:04 --> Language Class Initialized
INFO - 2019-04-04 00:16:04 --> Loader Class Initialized
INFO - 2019-04-04 00:16:04 --> Helper loaded: general_helper
INFO - 2019-04-04 00:16:04 --> Controller Class Initialized
INFO - 2019-04-04 00:16:04 --> Final output sent to browser
DEBUG - 2019-04-04 00:16:04 --> Total execution time: 0.0116
INFO - 2019-04-04 00:16:05 --> Config Class Initialized
INFO - 2019-04-04 00:16:05 --> Hooks Class Initialized
DEBUG - 2019-04-04 00:16:05 --> UTF-8 Support Enabled
INFO - 2019-04-04 00:16:05 --> Utf8 Class Initialized
INFO - 2019-04-04 00:16:05 --> URI Class Initialized
INFO - 2019-04-04 00:16:05 --> Router Class Initialized
INFO - 2019-04-04 00:16:05 --> Output Class Initialized
INFO - 2019-04-04 00:16:05 --> Security Class Initialized
DEBUG - 2019-04-04 00:16:05 --> Global POST, GET and COOKIE data sanitized
INFO - 2019-04-04 00:16:05 --> Input Class Initialized
INFO - 2019-04-04 00:16:05 --> Language Class Initialized
INFO - 2019-04-04 00:16:05 --> Loader Class Initialized
INFO - 2019-04-04 00:16:05 --> Helper loaded: general_helper
INFO - 2019-04-04 00:16:05 --> Controller Class Initialized
INFO - 2019-04-04 00:16:05 --> Final output sent to browser
DEBUG - 2019-04-04 00:16:05 --> Total execution time: 0.0126
INFO - 2019-04-04 00:16:07 --> Config Class Initialized
INFO - 2019-04-04 00:16:07 --> Hooks Class Initialized
DEBUG - 2019-04-04 00:16:07 --> UTF-8 Support Enabled
INFO - 2019-04-04 00:16:07 --> Utf8 Class Initialized
INFO - 2019-04-04 00:16:07 --> URI Class Initialized
INFO - 2019-04-04 00:16:07 --> Router Class Initialized
INFO - 2019-04-04 00:16:07 --> Output Class Initialized
INFO - 2019-04-04 00:16:07 --> Security Class Initialized
DEBUG - 2019-04-04 00:16:07 --> Global POST, GET and COOKIE data sanitized
INFO - 2019-04-04 00:16:07 --> Input Class Initialized
INFO - 2019-04-04 00:16:07 --> Language Class Initialized
INFO - 2019-04-04 00:16:07 --> Loader Class Initialized
INFO - 2019-04-04 00:16:07 --> Helper loaded: general_helper
INFO - 2019-04-04 00:16:07 --> Controller Class Initialized
INFO - 2019-04-04 00:16:07 --> Final output sent to browser
DEBUG - 2019-04-04 00:16:07 --> Total execution time: 0.0127
INFO - 2019-04-04 00:16:07 --> Config Class Initialized
INFO - 2019-04-04 00:16:07 --> Hooks Class Initialized
DEBUG - 2019-04-04 00:16:07 --> UTF-8 Support Enabled
INFO - 2019-04-04 00:16:07 --> Utf8 Class Initialized
INFO - 2019-04-04 00:16:07 --> URI Class Initialized
INFO - 2019-04-04 00:16:07 --> Router Class Initialized
INFO - 2019-04-04 00:16:07 --> Output Class Initialized
INFO - 2019-04-04 00:16:07 --> Security Class Initialized
DEBUG - 2019-04-04 00:16:07 --> Global POST, GET and COOKIE data sanitized
INFO - 2019-04-04 00:16:07 --> Input Class Initialized
INFO - 2019-04-04 00:16:07 --> Language Class Initialized
INFO - 2019-04-04 00:16:07 --> Loader Class Initialized
INFO - 2019-04-04 00:16:07 --> Helper loaded: general_helper
INFO - 2019-04-04 00:16:07 --> Controller Class Initialized
ERROR - 2019-04-04 00:16:07 --> array(3) {
  [0]=>
  object(stdClass)#16 (2) {
    ["activity_id"]=>
    string(1) "1"
    ["user_num"]=>
    string(1) "1"
  }
  [1]=>
  object(stdClass)#18 (2) {
    ["activity_id"]=>
    string(1) "2"
    ["user_num"]=>
    string(1) "3"
  }
  [2]=>
  object(stdClass)#19 (2) {
    ["activity_id"]=>
    string(1) "3"
    ["user_num"]=>
    string(1) "1"
  }
}

INFO - 2019-04-04 00:16:07 --> Final output sent to browser
DEBUG - 2019-04-04 00:16:07 --> Total execution time: 0.0124
INFO - 2019-04-04 00:16:08 --> Config Class Initialized
INFO - 2019-04-04 00:16:08 --> Hooks Class Initialized
DEBUG - 2019-04-04 00:16:08 --> UTF-8 Support Enabled
INFO - 2019-04-04 00:16:08 --> Utf8 Class Initialized
INFO - 2019-04-04 00:16:08 --> URI Class Initialized
INFO - 2019-04-04 00:16:08 --> Router Class Initialized
INFO - 2019-04-04 00:16:08 --> Output Class Initialized
INFO - 2019-04-04 00:16:08 --> Security Class Initialized
DEBUG - 2019-04-04 00:16:08 --> Global POST, GET and COOKIE data sanitized
INFO - 2019-04-04 00:16:08 --> Input Class Initialized
INFO - 2019-04-04 00:16:08 --> Language Class Initialized
INFO - 2019-04-04 00:16:08 --> Loader Class Initialized
INFO - 2019-04-04 00:16:08 --> Helper loaded: general_helper
INFO - 2019-04-04 00:16:08 --> Controller Class Initialized
ERROR - 2019-04-04 00:16:08 --> array(0) {
}

INFO - 2019-04-04 00:16:08 --> Final output sent to browser
DEBUG - 2019-04-04 00:16:08 --> Total execution time: 0.0127
INFO - 2019-04-04 00:16:08 --> Config Class Initialized
INFO - 2019-04-04 00:16:08 --> Hooks Class Initialized
DEBUG - 2019-04-04 00:16:08 --> UTF-8 Support Enabled
INFO - 2019-04-04 00:16:08 --> Utf8 Class Initialized
INFO - 2019-04-04 00:16:08 --> URI Class Initialized
INFO - 2019-04-04 00:16:08 --> Router Class Initialized
INFO - 2019-04-04 00:16:08 --> Output Class Initialized
INFO - 2019-04-04 00:16:08 --> Security Class Initialized
DEBUG - 2019-04-04 00:16:08 --> Global POST, GET and COOKIE data sanitized
INFO - 2019-04-04 00:16:08 --> Input Class Initialized
INFO - 2019-04-04 00:16:08 --> Language Class Initialized
INFO - 2019-04-04 00:16:08 --> Loader Class Initialized
INFO - 2019-04-04 00:16:08 --> Helper loaded: general_helper
INFO - 2019-04-04 00:16:08 --> Controller Class Initialized
INFO - 2019-04-04 00:16:08 --> Final output sent to browser
DEBUG - 2019-04-04 00:16:08 --> Total execution time: 0.0120
INFO - 2019-04-04 00:16:09 --> Config Class Initialized
INFO - 2019-04-04 00:16:09 --> Hooks Class Initialized
INFO - 2019-04-04 00:16:09 --> Config Class Initialized
INFO - 2019-04-04 00:16:09 --> Hooks Class Initialized
DEBUG - 2019-04-04 00:16:09 --> UTF-8 Support Enabled
INFO - 2019-04-04 00:16:09 --> Utf8 Class Initialized
INFO - 2019-04-04 00:16:09 --> URI Class Initialized
DEBUG - 2019-04-04 00:16:09 --> UTF-8 Support Enabled
INFO - 2019-04-04 00:16:09 --> Utf8 Class Initialized
INFO - 2019-04-04 00:16:09 --> Router Class Initialized
INFO - 2019-04-04 00:16:09 --> URI Class Initialized
INFO - 2019-04-04 00:16:09 --> Router Class Initialized
INFO - 2019-04-04 00:16:09 --> Output Class Initialized
INFO - 2019-04-04 00:16:09 --> Output Class Initialized
INFO - 2019-04-04 00:16:09 --> Security Class Initialized
INFO - 2019-04-04 00:16:09 --> Security Class Initialized
DEBUG - 2019-04-04 00:16:09 --> Global POST, GET and COOKIE data sanitized
INFO - 2019-04-04 00:16:09 --> Input Class Initialized
INFO - 2019-04-04 00:16:09 --> Language Class Initialized
DEBUG - 2019-04-04 00:16:09 --> Global POST, GET and COOKIE data sanitized
INFO - 2019-04-04 00:16:09 --> Input Class Initialized
INFO - 2019-04-04 00:16:09 --> Language Class Initialized
INFO - 2019-04-04 00:16:09 --> Loader Class Initialized
INFO - 2019-04-04 00:16:09 --> Helper loaded: general_helper
INFO - 2019-04-04 00:16:09 --> Controller Class Initialized
INFO - 2019-04-04 00:16:09 --> Loader Class Initialized
INFO - 2019-04-04 00:16:09 --> Helper loaded: general_helper
INFO - 2019-04-04 00:16:09 --> Controller Class Initialized
INFO - 2019-04-04 00:16:09 --> Final output sent to browser
DEBUG - 2019-04-04 00:16:09 --> Total execution time: 0.0111
INFO - 2019-04-04 00:16:09 --> Final output sent to browser
DEBUG - 2019-04-04 00:16:09 --> Total execution time: 0.0115
INFO - 2019-04-04 00:16:13 --> Config Class Initialized
INFO - 2019-04-04 00:16:13 --> Hooks Class Initialized
DEBUG - 2019-04-04 00:16:13 --> UTF-8 Support Enabled
INFO - 2019-04-04 00:16:13 --> Utf8 Class Initialized
INFO - 2019-04-04 00:16:13 --> URI Class Initialized
INFO - 2019-04-04 00:16:13 --> Router Class Initialized
INFO - 2019-04-04 00:16:13 --> Output Class Initialized
INFO - 2019-04-04 00:16:13 --> Security Class Initialized
DEBUG - 2019-04-04 00:16:13 --> Global POST, GET and COOKIE data sanitized
INFO - 2019-04-04 00:16:13 --> Input Class Initialized
INFO - 2019-04-04 00:16:13 --> Language Class Initialized
INFO - 2019-04-04 00:16:13 --> Loader Class Initialized
INFO - 2019-04-04 00:16:13 --> Helper loaded: general_helper
INFO - 2019-04-04 00:16:13 --> Controller Class Initialized
INFO - 2019-04-04 00:16:13 --> Final output sent to browser
DEBUG - 2019-04-04 00:16:13 --> Total execution time: 0.1740
INFO - 2019-04-04 00:16:13 --> Config Class Initialized
INFO - 2019-04-04 00:16:13 --> Hooks Class Initialized
DEBUG - 2019-04-04 00:16:13 --> UTF-8 Support Enabled
INFO - 2019-04-04 00:16:13 --> Utf8 Class Initialized
INFO - 2019-04-04 00:16:13 --> URI Class Initialized
INFO - 2019-04-04 00:16:13 --> Router Class Initialized
INFO - 2019-04-04 00:16:13 --> Output Class Initialized
INFO - 2019-04-04 00:16:13 --> Security Class Initialized
DEBUG - 2019-04-04 00:16:13 --> Global POST, GET and COOKIE data sanitized
INFO - 2019-04-04 00:16:13 --> Input Class Initialized
INFO - 2019-04-04 00:16:13 --> Language Class Initialized
INFO - 2019-04-04 00:16:13 --> Loader Class Initialized
INFO - 2019-04-04 00:16:13 --> Helper loaded: general_helper
INFO - 2019-04-04 00:16:13 --> Controller Class Initialized
INFO - 2019-04-04 00:16:13 --> Final output sent to browser
DEBUG - 2019-04-04 00:16:13 --> Total execution time: 0.0110
INFO - 2019-04-04 00:16:25 --> Config Class Initialized
INFO - 2019-04-04 00:16:25 --> Hooks Class Initialized
DEBUG - 2019-04-04 00:16:25 --> UTF-8 Support Enabled
INFO - 2019-04-04 00:16:25 --> Utf8 Class Initialized
INFO - 2019-04-04 00:16:25 --> URI Class Initialized
INFO - 2019-04-04 00:16:25 --> Router Class Initialized
INFO - 2019-04-04 00:16:25 --> Output Class Initialized
INFO - 2019-04-04 00:16:25 --> Security Class Initialized
DEBUG - 2019-04-04 00:16:25 --> Global POST, GET and COOKIE data sanitized
INFO - 2019-04-04 00:16:25 --> Input Class Initialized
INFO - 2019-04-04 00:16:25 --> Language Class Initialized
INFO - 2019-04-04 00:16:25 --> Loader Class Initialized
INFO - 2019-04-04 00:16:25 --> Helper loaded: general_helper
INFO - 2019-04-04 00:16:25 --> Controller Class Initialized
INFO - 2019-04-04 00:16:25 --> Final output sent to browser
DEBUG - 2019-04-04 00:16:25 --> Total execution time: 0.1773
INFO - 2019-04-04 00:16:26 --> Config Class Initialized
INFO - 2019-04-04 00:16:26 --> Hooks Class Initialized
DEBUG - 2019-04-04 00:16:26 --> UTF-8 Support Enabled
INFO - 2019-04-04 00:16:26 --> Utf8 Class Initialized
INFO - 2019-04-04 00:16:26 --> URI Class Initialized
INFO - 2019-04-04 00:16:26 --> Router Class Initialized
INFO - 2019-04-04 00:16:26 --> Output Class Initialized
INFO - 2019-04-04 00:16:26 --> Security Class Initialized
DEBUG - 2019-04-04 00:16:26 --> Global POST, GET and COOKIE data sanitized
INFO - 2019-04-04 00:16:26 --> Input Class Initialized
INFO - 2019-04-04 00:16:26 --> Language Class Initialized
INFO - 2019-04-04 00:16:26 --> Loader Class Initialized
INFO - 2019-04-04 00:16:26 --> Helper loaded: general_helper
INFO - 2019-04-04 00:16:26 --> Controller Class Initialized
INFO - 2019-04-04 00:16:26 --> Final output sent to browser
DEBUG - 2019-04-04 00:16:26 --> Total execution time: 0.0113
INFO - 2019-04-04 00:16:26 --> Config Class Initialized
INFO - 2019-04-04 00:16:26 --> Hooks Class Initialized
DEBUG - 2019-04-04 00:16:26 --> UTF-8 Support Enabled
INFO - 2019-04-04 00:16:26 --> Utf8 Class Initialized
INFO - 2019-04-04 00:16:26 --> URI Class Initialized
INFO - 2019-04-04 00:16:26 --> Router Class Initialized
INFO - 2019-04-04 00:16:26 --> Output Class Initialized
INFO - 2019-04-04 00:16:26 --> Security Class Initialized
DEBUG - 2019-04-04 00:16:26 --> Global POST, GET and COOKIE data sanitized
INFO - 2019-04-04 00:16:26 --> Input Class Initialized
INFO - 2019-04-04 00:16:26 --> Language Class Initialized
INFO - 2019-04-04 00:16:26 --> Loader Class Initialized
INFO - 2019-04-04 00:16:26 --> Helper loaded: general_helper
INFO - 2019-04-04 00:16:26 --> Controller Class Initialized
INFO - 2019-04-04 00:16:26 --> Final output sent to browser
DEBUG - 2019-04-04 00:16:26 --> Total execution time: 0.0109
INFO - 2019-04-04 00:16:26 --> Config Class Initialized
INFO - 2019-04-04 00:16:26 --> Hooks Class Initialized
DEBUG - 2019-04-04 00:16:26 --> UTF-8 Support Enabled
INFO - 2019-04-04 00:16:26 --> Utf8 Class Initialized
INFO - 2019-04-04 00:16:26 --> URI Class Initialized
INFO - 2019-04-04 00:16:26 --> Router Class Initialized
INFO - 2019-04-04 00:16:26 --> Output Class Initialized
INFO - 2019-04-04 00:16:26 --> Security Class Initialized
DEBUG - 2019-04-04 00:16:26 --> Global POST, GET and COOKIE data sanitized
INFO - 2019-04-04 00:16:26 --> Input Class Initialized
INFO - 2019-04-04 00:16:26 --> Language Class Initialized
INFO - 2019-04-04 00:16:26 --> Loader Class Initialized
INFO - 2019-04-04 00:16:26 --> Helper loaded: general_helper
INFO - 2019-04-04 00:16:26 --> Controller Class Initialized
ERROR - 2019-04-04 00:16:26 --> array(3) {
  [0]=>
  object(stdClass)#16 (2) {
    ["activity_id"]=>
    string(1) "1"
    ["user_num"]=>
    string(1) "1"
  }
  [1]=>
  object(stdClass)#18 (2) {
    ["activity_id"]=>
    string(1) "2"
    ["user_num"]=>
    string(1) "3"
  }
  [2]=>
  object(stdClass)#19 (2) {
    ["activity_id"]=>
    string(1) "3"
    ["user_num"]=>
    string(1) "1"
  }
}

INFO - 2019-04-04 00:16:26 --> Final output sent to browser
DEBUG - 2019-04-04 00:16:26 --> Total execution time: 0.0153
INFO - 2019-04-04 00:16:26 --> Config Class Initialized
INFO - 2019-04-04 00:16:26 --> Hooks Class Initialized
DEBUG - 2019-04-04 00:16:26 --> UTF-8 Support Enabled
INFO - 2019-04-04 00:16:26 --> Utf8 Class Initialized
INFO - 2019-04-04 00:16:26 --> URI Class Initialized
INFO - 2019-04-04 00:16:26 --> Router Class Initialized
INFO - 2019-04-04 00:16:26 --> Output Class Initialized
INFO - 2019-04-04 00:16:26 --> Security Class Initialized
DEBUG - 2019-04-04 00:16:26 --> Global POST, GET and COOKIE data sanitized
INFO - 2019-04-04 00:16:26 --> Input Class Initialized
INFO - 2019-04-04 00:16:26 --> Language Class Initialized
INFO - 2019-04-04 00:16:26 --> Loader Class Initialized
INFO - 2019-04-04 00:16:26 --> Helper loaded: general_helper
INFO - 2019-04-04 00:16:26 --> Controller Class Initialized
ERROR - 2019-04-04 00:16:26 --> array(0) {
}

INFO - 2019-04-04 00:16:26 --> Final output sent to browser
DEBUG - 2019-04-04 00:16:26 --> Total execution time: 0.0104
INFO - 2019-04-04 00:16:33 --> Config Class Initialized
INFO - 2019-04-04 00:16:33 --> Hooks Class Initialized
DEBUG - 2019-04-04 00:16:33 --> UTF-8 Support Enabled
INFO - 2019-04-04 00:16:33 --> Utf8 Class Initialized
INFO - 2019-04-04 00:16:33 --> URI Class Initialized
INFO - 2019-04-04 00:16:33 --> Router Class Initialized
INFO - 2019-04-04 00:16:33 --> Output Class Initialized
INFO - 2019-04-04 00:16:33 --> Security Class Initialized
DEBUG - 2019-04-04 00:16:33 --> Global POST, GET and COOKIE data sanitized
INFO - 2019-04-04 00:16:33 --> Input Class Initialized
INFO - 2019-04-04 00:16:33 --> Language Class Initialized
INFO - 2019-04-04 00:16:33 --> Loader Class Initialized
INFO - 2019-04-04 00:16:33 --> Helper loaded: general_helper
INFO - 2019-04-04 00:16:33 --> Controller Class Initialized
INFO - 2019-04-04 00:16:33 --> Final output sent to browser
DEBUG - 2019-04-04 00:16:33 --> Total execution time: 0.0121
INFO - 2019-04-04 00:16:34 --> Config Class Initialized
INFO - 2019-04-04 00:16:34 --> Hooks Class Initialized
DEBUG - 2019-04-04 00:16:34 --> UTF-8 Support Enabled
INFO - 2019-04-04 00:16:34 --> Utf8 Class Initialized
INFO - 2019-04-04 00:16:34 --> URI Class Initialized
INFO - 2019-04-04 00:16:34 --> Router Class Initialized
INFO - 2019-04-04 00:16:34 --> Output Class Initialized
INFO - 2019-04-04 00:16:34 --> Security Class Initialized
INFO - 2019-04-04 00:16:34 --> Config Class Initialized
INFO - 2019-04-04 00:16:34 --> Hooks Class Initialized
INFO - 2019-04-04 00:16:34 --> Config Class Initialized
INFO - 2019-04-04 00:16:34 --> Hooks Class Initialized
DEBUG - 2019-04-04 00:16:34 --> UTF-8 Support Enabled
INFO - 2019-04-04 00:16:34 --> Utf8 Class Initialized
DEBUG - 2019-04-04 00:16:34 --> UTF-8 Support Enabled
INFO - 2019-04-04 00:16:34 --> Utf8 Class Initialized
INFO - 2019-04-04 00:16:34 --> URI Class Initialized
INFO - 2019-04-04 00:16:34 --> URI Class Initialized
INFO - 2019-04-04 00:16:34 --> Router Class Initialized
INFO - 2019-04-04 00:16:34 --> Router Class Initialized
INFO - 2019-04-04 00:16:34 --> Output Class Initialized
INFO - 2019-04-04 00:16:34 --> Output Class Initialized
INFO - 2019-04-04 00:16:34 --> Security Class Initialized
INFO - 2019-04-04 00:16:34 --> Security Class Initialized
DEBUG - 2019-04-04 00:16:34 --> Global POST, GET and COOKIE data sanitized
INFO - 2019-04-04 00:16:34 --> Input Class Initialized
INFO - 2019-04-04 00:16:34 --> Language Class Initialized
DEBUG - 2019-04-04 00:16:34 --> Global POST, GET and COOKIE data sanitized
INFO - 2019-04-04 00:16:34 --> Input Class Initialized
INFO - 2019-04-04 00:16:34 --> Language Class Initialized
INFO - 2019-04-04 00:16:34 --> Loader Class Initialized
INFO - 2019-04-04 00:16:34 --> Helper loaded: general_helper
INFO - 2019-04-04 00:16:34 --> Controller Class Initialized
INFO - 2019-04-04 00:16:34 --> Loader Class Initialized
DEBUG - 2019-04-04 00:16:34 --> Global POST, GET and COOKIE data sanitized
INFO - 2019-04-04 00:16:34 --> Input Class Initialized
INFO - 2019-04-04 00:16:34 --> Language Class Initialized
INFO - 2019-04-04 00:16:34 --> Helper loaded: general_helper
INFO - 2019-04-04 00:16:34 --> Controller Class Initialized
INFO - 2019-04-04 00:16:34 --> Loader Class Initialized
INFO - 2019-04-04 00:16:34 --> Helper loaded: general_helper
INFO - 2019-04-04 00:16:34 --> Controller Class Initialized
ERROR - 2019-04-04 00:16:34 --> array(3) {
  [0]=>
  object(stdClass)#16 (2) {
    ["activity_id"]=>
    string(1) "1"
    ["user_num"]=>
    string(1) "1"
  }
  [1]=>
  object(stdClass)#18 (2) {
    ["activity_id"]=>
    string(1) "2"
    ["user_num"]=>
    string(1) "3"
  }
  [2]=>
  object(stdClass)#19 (2) {
    ["activity_id"]=>
    string(1) "3"
    ["user_num"]=>
    string(1) "1"
  }
}

INFO - 2019-04-04 00:16:34 --> Final output sent to browser
DEBUG - 2019-04-04 00:16:34 --> Total execution time: 0.0116
INFO - 2019-04-04 00:16:34 --> Final output sent to browser
DEBUG - 2019-04-04 00:16:34 --> Total execution time: 0.0165
ERROR - 2019-04-04 00:16:34 --> array(0) {
}

INFO - 2019-04-04 00:16:34 --> Final output sent to browser
DEBUG - 2019-04-04 00:16:34 --> Total execution time: 0.0179
INFO - 2019-04-04 00:17:28 --> Config Class Initialized
INFO - 2019-04-04 00:17:28 --> Hooks Class Initialized
DEBUG - 2019-04-04 00:17:28 --> UTF-8 Support Enabled
INFO - 2019-04-04 00:17:28 --> Utf8 Class Initialized
INFO - 2019-04-04 00:17:28 --> URI Class Initialized
INFO - 2019-04-04 00:17:28 --> Router Class Initialized
INFO - 2019-04-04 00:17:28 --> Output Class Initialized
INFO - 2019-04-04 00:17:28 --> Security Class Initialized
DEBUG - 2019-04-04 00:17:28 --> Global POST, GET and COOKIE data sanitized
INFO - 2019-04-04 00:17:28 --> Input Class Initialized
INFO - 2019-04-04 00:17:28 --> Language Class Initialized
INFO - 2019-04-04 00:17:28 --> Loader Class Initialized
INFO - 2019-04-04 00:17:28 --> Helper loaded: general_helper
INFO - 2019-04-04 00:17:28 --> Controller Class Initialized
ERROR - 2019-04-04 00:17:28 --> user_id3
ERROR - 2019-04-04 00:17:28 --> passwordc0848b126c09ef13e900a1b3c29858f8
ERROR - 2019-04-04 00:17:28 --> user passwordc0848b126c09ef13e900a1b3c29858f8
INFO - 2019-04-04 00:17:28 --> Final output sent to browser
DEBUG - 2019-04-04 00:17:28 --> Total execution time: 0.0506
INFO - 2019-04-04 00:17:32 --> Config Class Initialized
INFO - 2019-04-04 00:17:32 --> Hooks Class Initialized
DEBUG - 2019-04-04 00:17:32 --> UTF-8 Support Enabled
INFO - 2019-04-04 00:17:32 --> Utf8 Class Initialized
INFO - 2019-04-04 00:17:32 --> URI Class Initialized
INFO - 2019-04-04 00:17:32 --> Router Class Initialized
INFO - 2019-04-04 00:17:32 --> Output Class Initialized
INFO - 2019-04-04 00:17:32 --> Security Class Initialized
DEBUG - 2019-04-04 00:17:32 --> Global POST, GET and COOKIE data sanitized
INFO - 2019-04-04 00:17:32 --> Input Class Initialized
INFO - 2019-04-04 00:17:32 --> Language Class Initialized
INFO - 2019-04-04 00:17:32 --> Loader Class Initialized
INFO - 2019-04-04 00:17:32 --> Helper loaded: general_helper
INFO - 2019-04-04 00:17:32 --> Controller Class Initialized
ERROR - 2019-04-04 00:17:32 --> user_id3
INFO - 2019-04-04 00:17:32 --> Final output sent to browser
DEBUG - 2019-04-04 00:17:32 --> Total execution time: 0.0105
INFO - 2019-04-04 00:17:35 --> Config Class Initialized
INFO - 2019-04-04 00:17:35 --> Hooks Class Initialized
DEBUG - 2019-04-04 00:17:35 --> UTF-8 Support Enabled
INFO - 2019-04-04 00:17:35 --> Utf8 Class Initialized
INFO - 2019-04-04 00:17:35 --> URI Class Initialized
INFO - 2019-04-04 00:17:35 --> Router Class Initialized
INFO - 2019-04-04 00:17:35 --> Output Class Initialized
INFO - 2019-04-04 00:17:35 --> Security Class Initialized
DEBUG - 2019-04-04 00:17:35 --> Global POST, GET and COOKIE data sanitized
INFO - 2019-04-04 00:17:35 --> Input Class Initialized
INFO - 2019-04-04 00:17:35 --> Language Class Initialized
INFO - 2019-04-04 00:17:35 --> Loader Class Initialized
INFO - 2019-04-04 00:17:35 --> Helper loaded: general_helper
INFO - 2019-04-04 00:17:35 --> Controller Class Initialized
ERROR - 2019-04-04 00:17:35 --> user_id3
INFO - 2019-04-04 00:17:35 --> Final output sent to browser
DEBUG - 2019-04-04 00:17:35 --> Total execution time: 0.0099
