INFO - 2019-03-29 11:00:31 --> Config Class Initialized
INFO - 2019-03-29 11:00:31 --> Hooks Class Initialized
DEBUG - 2019-03-29 11:00:31 --> UTF-8 Support Enabled
INFO - 2019-03-29 11:00:31 --> Utf8 Class Initialized
INFO - 2019-03-29 11:00:31 --> URI Class Initialized
INFO - 2019-03-29 11:00:31 --> Router Class Initialized
INFO - 2019-03-29 11:00:31 --> Output Class Initialized
INFO - 2019-03-29 11:00:31 --> Security Class Initialized
DEBUG - 2019-03-29 11:00:31 --> Global POST, GET and COOKIE data sanitized
INFO - 2019-03-29 11:00:31 --> Input Class Initialized
INFO - 2019-03-29 11:00:31 --> Language Class Initialized
INFO - 2019-03-29 11:00:31 --> Loader Class Initialized
INFO - 2019-03-29 11:00:31 --> Helper loaded: general_helper
INFO - 2019-03-29 11:00:31 --> Controller Class Initialized
ERROR - 2019-03-29 11:00:31 --> user_id3
INFO - 2019-03-29 11:00:31 --> Final output sent to browser
DEBUG - 2019-03-29 11:00:31 --> Total execution time: 0.0120
INFO - 2019-03-29 11:01:02 --> Config Class Initialized
INFO - 2019-03-29 11:01:02 --> Hooks Class Initialized
DEBUG - 2019-03-29 11:01:02 --> UTF-8 Support Enabled
INFO - 2019-03-29 11:01:02 --> Utf8 Class Initialized
INFO - 2019-03-29 11:01:02 --> URI Class Initialized
INFO - 2019-03-29 11:01:02 --> Router Class Initialized
INFO - 2019-03-29 11:01:02 --> Output Class Initialized
INFO - 2019-03-29 11:01:02 --> Security Class Initialized
DEBUG - 2019-03-29 11:01:02 --> Global POST, GET and COOKIE data sanitized
INFO - 2019-03-29 11:01:02 --> Input Class Initialized
INFO - 2019-03-29 11:01:02 --> Language Class Initialized
INFO - 2019-03-29 11:01:02 --> Loader Class Initialized
INFO - 2019-03-29 11:01:02 --> Helper loaded: general_helper
INFO - 2019-03-29 11:01:02 --> Controller Class Initialized
ERROR - 2019-03-29 11:01:02 --> user_id3
INFO - 2019-03-29 11:01:02 --> Final output sent to browser
DEBUG - 2019-03-29 11:01:02 --> Total execution time: 0.0095
INFO - 2019-03-29 11:17:08 --> Config Class Initialized
INFO - 2019-03-29 11:17:08 --> Hooks Class Initialized
DEBUG - 2019-03-29 11:17:08 --> UTF-8 Support Enabled
INFO - 2019-03-29 11:17:08 --> Utf8 Class Initialized
INFO - 2019-03-29 11:17:08 --> URI Class Initialized
INFO - 2019-03-29 11:17:08 --> Router Class Initialized
INFO - 2019-03-29 11:17:08 --> Output Class Initialized
INFO - 2019-03-29 11:17:08 --> Security Class Initialized
DEBUG - 2019-03-29 11:17:08 --> Global POST, GET and COOKIE data sanitized
INFO - 2019-03-29 11:17:08 --> Input Class Initialized
INFO - 2019-03-29 11:17:08 --> Language Class Initialized
INFO - 2019-03-29 11:17:08 --> Loader Class Initialized
INFO - 2019-03-29 11:17:08 --> Helper loaded: general_helper
INFO - 2019-03-29 11:17:08 --> Controller Class Initialized
ERROR - 2019-03-29 11:17:08 --> id1
ERROR - 2019-03-29 11:17:08 --> userId3
ERROR - 2019-03-29 11:17:08 --> name加拿大公立中学研学之旅
ERROR - 2019-03-29 11:17:08 --> logoUrlhttps://fe-1255989678.cos.ap-beijing.myqcloud.com/yanxue/3/3_2019%E5%A4%8F%E4%BB%A4%E8%90%A5%E5%9B%BE%E7%89%87_%E6%A8%AA%E7%89%88.jpg
ERROR - 2019-03-29 11:17:08 --> logoVUrlhttps://fe-1255989678.cos.ap-beijing.myqcloud.com/yanxue/3/3_2019%E5%A4%8F%E4%BB%A4%E8%90%A5%E5%9B%BE%E7%89%87_%E7%AB%96%E7%89%88N.jpg
ERROR - 2019-03-29 11:17:08 --> tagline开阔视野，提升自己！
ERROR - 2019-03-29 11:17:08 --> introduction<h2>面向9-18岁，国内小初高学生！</h2>
ERROR - 2019-03-29 11:17:08 --> start_date2019-03-01
ERROR - 2019-03-29 11:17:08 --> end_date2019-08-31
ERROR - 2019-03-29 11:17:08 --> user_num_limit0
ERROR - 2019-03-29 11:17:08 --> content[{"type":"img","content":"https://fe-1255989678.cos.ap-beijing.myqcloud.com/yanxue/3/3_1553828782216_2019%E5%A4%8F%E4%BB%A4%E8%90%A5_01.jpg"},{"type":"txt","content":"<p><span class=\"ql-size-large\">高贵林教育局介绍</span></p><p><br></p><p class=\"ql-indent-1\">高贵林教育局（Coquitlam School District）位于距离温哥华35分钟车程的高贵林市，坐落于太平洋和菲莎河之间，是卑诗省（也称英属哥伦比亚省）的第三大学区。</p><p class=\"ql-indent-1\"><br></p><p class=\"ql-indent-1\">高贵林教育局（Coquitlam School District）位于距离温哥华35分钟车程的高贵林市，坐落于太平洋和菲莎河之间，是卑诗省（也称英属哥伦比亚省）的第三大学区。</p><p class=\"ql-indent-1\"><br></p><p class=\"ql-indent-1\">高贵林教育局受卑诗省政府的特许，聘用政府认证的教师，同时，他们也是被公认的世界上最优秀的教师。所有学校只使用卑诗省教育厅核准的教程。</p><p class=\"ql-indent-1\"><br></p><p class=\"ql-indent-1\">高贵林学区的学校，不仅拥有现代设施和教学环境，而且有受过ESL培训并获得证书的教师向英语为第二语言的国际学生提供支持。</p><p class=\"ql-indent-1\"><br></p><p class=\"ql-indent-1\">高贵林学区的国际留学生来自世界各地，包括：中国、韩国、奥地利、德国、印度尼西亚、斐济、日本、墨西哥、中国台湾、中国香港、中国澳门、泰国、俄罗斯、文莱、芬兰、南非、伊朗、罗马尼亚、新加坡、挪威、新西兰、危地马拉、法国、瑞典、英国、捷克斯洛伐克、越南和美国。</p><p class=\"ql-indent-1\"><br></p><p class=\"ql-indent-1\">高贵林学区的国际教育课程设计，符合国际学生的需要，提供能够实现学生教育梦想的选择。学生一边学英语，一边修读学术和职业课程，在获得宝贵的海外学习体验的同时，不仅能够提高英语技能、领略加拿大文化，还能收获来自世界各国的同龄人的友谊。</p><p class=\"ql-indent-1\"><br></p><p class=\"ql-indent-1\">高贵林的高中，尤其富有创新精神，提供包括编程、沉浸式法语、IB课程、AP课程等广泛的课程选择，并且有丰富的团队体育运动、艺术、戏剧、音乐和多彩的社团活动。</p><p class=\"ql-indent-1\"><br></p><p class=\"ql-indent-1\">卑诗省的高中毕业证书（山茱萸证书）被所有加拿大和美国大学所承认。</p><p class=\"ql-indent-1\">高贵林学区的12 年级毕业生有资格申请加拿大和世界其它地方的大学、学院及专科学校。</p><p class=\"ql-indent-1\">优美的自然环境，优质的寄宿家庭环境、高水平的学术标准已经日益成为广大国际学生成长的理想场所。</p><p><br></p>"},{"type":"img","content":"https://fe-1255989678.cos.ap-beijing.myqcloud.com/yanxue/3/3_1553829397251_3920d5fe018a319333382a92e3efcd5.jpg"},{"type":"txt","content":"<p><span class=\"ql-size-large\">为什么选择高贵林学区？</span></p><p><br></p><p class=\"ql-indent-1\">高贵林学区是卑诗省60个学区中第三大学区</p><p class=\"ql-indent-1\">连续多年被卑诗省教育厅评为省内最佳校区之一</p><p class=\"ql-indent-1\">位于太平洋和菲沙河风景优美的自然环境之间，靠近温哥华和惠斯勒（Whistler）雪山</p><p class=\"ql-indent-1\">加拿大最大的国际教育项目之一</p><p class=\"ql-indent-1\">安全而富裕的社区</p><p class=\"ql-indent-1\">现代和安全的学校环境</p><p class=\"ql-indent-1\">新建的高科技学校提供现代设施、全球联网和各种课程</p><p class=\"ql-indent-1\">提供各种学术和职业课程，接受从幼儿园到12年级的国际学生</p><p class=\"ql-indent-1\">拥有超过55年学业优异的传统</p><p class=\"ql-indent-1\">经过ESL培训的教师为国际学生提供支持</p><p class=\"ql-indent-1\">绝大多数从高贵林毕业的国际学生都进入了高等院校继续深造</p><p class=\"ql-indent-1\">位置靠近UBC大学、西蒙菲莎大学和道格拉斯学院</p><p class=\"ql-indent-1\"><br></p>"}]
ERROR - 2019-03-29 11:17:08 --> group_id0
ERROR - 2019-03-29 11:17:08 --> res1
INFO - 2019-03-29 11:17:08 --> Final output sent to browser
DEBUG - 2019-03-29 11:17:08 --> Total execution time: 0.0124
INFO - 2019-03-29 11:17:09 --> Config Class Initialized
INFO - 2019-03-29 11:17:09 --> Hooks Class Initialized
DEBUG - 2019-03-29 11:17:09 --> UTF-8 Support Enabled
INFO - 2019-03-29 11:17:09 --> Utf8 Class Initialized
INFO - 2019-03-29 11:17:09 --> URI Class Initialized
INFO - 2019-03-29 11:17:09 --> Router Class Initialized
INFO - 2019-03-29 11:17:09 --> Output Class Initialized
INFO - 2019-03-29 11:17:09 --> Security Class Initialized
DEBUG - 2019-03-29 11:17:09 --> Global POST, GET and COOKIE data sanitized
INFO - 2019-03-29 11:17:09 --> Input Class Initialized
INFO - 2019-03-29 11:17:09 --> Language Class Initialized
INFO - 2019-03-29 11:17:09 --> Loader Class Initialized
INFO - 2019-03-29 11:17:09 --> Helper loaded: general_helper
INFO - 2019-03-29 11:17:09 --> Controller Class Initialized
ERROR - 2019-03-29 11:17:09 --> user_id3
INFO - 2019-03-29 11:17:09 --> Final output sent to browser
DEBUG - 2019-03-29 11:17:09 --> Total execution time: 0.0109
INFO - 2019-03-29 11:17:29 --> Config Class Initialized
INFO - 2019-03-29 11:17:29 --> Hooks Class Initialized
DEBUG - 2019-03-29 11:17:29 --> UTF-8 Support Enabled
INFO - 2019-03-29 11:17:29 --> Utf8 Class Initialized
INFO - 2019-03-29 11:17:29 --> URI Class Initialized
INFO - 2019-03-29 11:17:29 --> Router Class Initialized
INFO - 2019-03-29 11:17:29 --> Output Class Initialized
INFO - 2019-03-29 11:17:29 --> Security Class Initialized
DEBUG - 2019-03-29 11:17:29 --> Global POST, GET and COOKIE data sanitized
INFO - 2019-03-29 11:17:29 --> Input Class Initialized
INFO - 2019-03-29 11:17:29 --> Language Class Initialized
INFO - 2019-03-29 11:17:29 --> Loader Class Initialized
INFO - 2019-03-29 11:17:29 --> Helper loaded: general_helper
INFO - 2019-03-29 11:17:29 --> Controller Class Initialized
INFO - 2019-03-29 11:17:29 --> Final output sent to browser
DEBUG - 2019-03-29 11:17:29 --> Total execution time: 0.0112
INFO - 2019-03-29 11:17:30 --> Config Class Initialized
INFO - 2019-03-29 11:17:30 --> Hooks Class Initialized
DEBUG - 2019-03-29 11:17:30 --> UTF-8 Support Enabled
INFO - 2019-03-29 11:17:30 --> Utf8 Class Initialized
INFO - 2019-03-29 11:17:30 --> URI Class Initialized
INFO - 2019-03-29 11:17:30 --> Router Class Initialized
INFO - 2019-03-29 11:17:30 --> Output Class Initialized
INFO - 2019-03-29 11:17:30 --> Security Class Initialized
DEBUG - 2019-03-29 11:17:30 --> Global POST, GET and COOKIE data sanitized
INFO - 2019-03-29 11:17:30 --> Input Class Initialized
INFO - 2019-03-29 11:17:30 --> Language Class Initialized
INFO - 2019-03-29 11:17:30 --> Loader Class Initialized
INFO - 2019-03-29 11:17:30 --> Helper loaded: general_helper
INFO - 2019-03-29 11:17:30 --> Controller Class Initialized
INFO - 2019-03-29 11:17:30 --> Final output sent to browser
DEBUG - 2019-03-29 11:17:30 --> Total execution time: 0.3533
INFO - 2019-03-29 11:17:31 --> Config Class Initialized
INFO - 2019-03-29 11:17:31 --> Hooks Class Initialized
DEBUG - 2019-03-29 11:17:31 --> UTF-8 Support Enabled
INFO - 2019-03-29 11:17:31 --> Utf8 Class Initialized
INFO - 2019-03-29 11:17:31 --> URI Class Initialized
INFO - 2019-03-29 11:17:31 --> Router Class Initialized
INFO - 2019-03-29 11:17:31 --> Output Class Initialized
INFO - 2019-03-29 11:17:31 --> Security Class Initialized
DEBUG - 2019-03-29 11:17:31 --> Global POST, GET and COOKIE data sanitized
INFO - 2019-03-29 11:17:31 --> Input Class Initialized
INFO - 2019-03-29 11:17:31 --> Language Class Initialized
INFO - 2019-03-29 11:17:31 --> Loader Class Initialized
INFO - 2019-03-29 11:17:31 --> Helper loaded: general_helper
INFO - 2019-03-29 11:17:31 --> Controller Class Initialized
INFO - 2019-03-29 11:17:31 --> Final output sent to browser
DEBUG - 2019-03-29 11:17:31 --> Total execution time: 0.0128
INFO - 2019-03-29 11:17:31 --> Config Class Initialized
INFO - 2019-03-29 11:17:31 --> Hooks Class Initialized
DEBUG - 2019-03-29 11:17:31 --> UTF-8 Support Enabled
INFO - 2019-03-29 11:17:31 --> Utf8 Class Initialized
INFO - 2019-03-29 11:17:31 --> URI Class Initialized
INFO - 2019-03-29 11:17:31 --> Router Class Initialized
INFO - 2019-03-29 11:17:31 --> Output Class Initialized
INFO - 2019-03-29 11:17:31 --> Security Class Initialized
DEBUG - 2019-03-29 11:17:31 --> Global POST, GET and COOKIE data sanitized
INFO - 2019-03-29 11:17:31 --> Input Class Initialized
INFO - 2019-03-29 11:17:31 --> Language Class Initialized
INFO - 2019-03-29 11:17:31 --> Loader Class Initialized
INFO - 2019-03-29 11:17:31 --> Helper loaded: general_helper
INFO - 2019-03-29 11:17:31 --> Controller Class Initialized
INFO - 2019-03-29 11:17:31 --> Final output sent to browser
DEBUG - 2019-03-29 11:17:31 --> Total execution time: 0.0123
INFO - 2019-03-29 11:17:31 --> Config Class Initialized
INFO - 2019-03-29 11:17:31 --> Hooks Class Initialized
DEBUG - 2019-03-29 11:17:31 --> UTF-8 Support Enabled
INFO - 2019-03-29 11:17:31 --> Utf8 Class Initialized
INFO - 2019-03-29 11:17:31 --> URI Class Initialized
INFO - 2019-03-29 11:17:31 --> Router Class Initialized
INFO - 2019-03-29 11:17:31 --> Output Class Initialized
INFO - 2019-03-29 11:17:31 --> Security Class Initialized
DEBUG - 2019-03-29 11:17:31 --> Global POST, GET and COOKIE data sanitized
INFO - 2019-03-29 11:17:31 --> Input Class Initialized
INFO - 2019-03-29 11:17:31 --> Language Class Initialized
INFO - 2019-03-29 11:17:31 --> Loader Class Initialized
INFO - 2019-03-29 11:17:31 --> Helper loaded: general_helper
INFO - 2019-03-29 11:17:31 --> Controller Class Initialized
INFO - 2019-03-29 11:17:31 --> Final output sent to browser
DEBUG - 2019-03-29 11:17:31 --> Total execution time: 0.0128
INFO - 2019-03-29 11:17:31 --> Config Class Initialized
INFO - 2019-03-29 11:17:31 --> Hooks Class Initialized
DEBUG - 2019-03-29 11:17:31 --> UTF-8 Support Enabled
INFO - 2019-03-29 11:17:31 --> Utf8 Class Initialized
INFO - 2019-03-29 11:17:31 --> URI Class Initialized
INFO - 2019-03-29 11:17:31 --> Router Class Initialized
INFO - 2019-03-29 11:17:31 --> Output Class Initialized
INFO - 2019-03-29 11:17:31 --> Security Class Initialized
DEBUG - 2019-03-29 11:17:31 --> Global POST, GET and COOKIE data sanitized
INFO - 2019-03-29 11:17:31 --> Input Class Initialized
INFO - 2019-03-29 11:17:31 --> Language Class Initialized
INFO - 2019-03-29 11:17:31 --> Loader Class Initialized
INFO - 2019-03-29 11:17:31 --> Helper loaded: general_helper
INFO - 2019-03-29 11:17:31 --> Controller Class Initialized
INFO - 2019-03-29 11:17:31 --> Final output sent to browser
DEBUG - 2019-03-29 11:17:31 --> Total execution time: 0.0126
INFO - 2019-03-29 11:17:31 --> Config Class Initialized
INFO - 2019-03-29 11:17:31 --> Hooks Class Initialized
DEBUG - 2019-03-29 11:17:31 --> UTF-8 Support Enabled
INFO - 2019-03-29 11:17:31 --> Utf8 Class Initialized
INFO - 2019-03-29 11:17:31 --> URI Class Initialized
INFO - 2019-03-29 11:17:31 --> Router Class Initialized
INFO - 2019-03-29 11:17:31 --> Config Class Initialized
INFO - 2019-03-29 11:17:31 --> Hooks Class Initialized
INFO - 2019-03-29 11:17:31 --> Output Class Initialized
INFO - 2019-03-29 11:17:31 --> Security Class Initialized
DEBUG - 2019-03-29 11:17:31 --> UTF-8 Support Enabled
INFO - 2019-03-29 11:17:31 --> Utf8 Class Initialized
DEBUG - 2019-03-29 11:17:31 --> Global POST, GET and COOKIE data sanitized
INFO - 2019-03-29 11:17:31 --> Input Class Initialized
INFO - 2019-03-29 11:17:31 --> Language Class Initialized
INFO - 2019-03-29 11:17:31 --> URI Class Initialized
INFO - 2019-03-29 11:17:31 --> Router Class Initialized
INFO - 2019-03-29 11:17:31 --> Loader Class Initialized
INFO - 2019-03-29 11:17:31 --> Helper loaded: general_helper
INFO - 2019-03-29 11:17:31 --> Controller Class Initialized
INFO - 2019-03-29 11:17:31 --> Output Class Initialized
INFO - 2019-03-29 11:17:31 --> Security Class Initialized
DEBUG - 2019-03-29 11:17:31 --> Global POST, GET and COOKIE data sanitized
INFO - 2019-03-29 11:17:31 --> Input Class Initialized
INFO - 2019-03-29 11:17:31 --> Language Class Initialized
INFO - 2019-03-29 11:17:31 --> Loader Class Initialized
ERROR - 2019-03-29 11:17:31 --> array(3) {
  [0]=>
  object(stdClass)#16 (2) {
    ["activity_id"]=>
    string(1) "1"
    ["user_num"]=>
    string(1) "1"
  }
  [1]=>
  object(stdClass)#18 (2) {
    ["activity_id"]=>
    string(1) "2"
    ["user_num"]=>
    string(1) "2"
  }
  [2]=>
  object(stdClass)#19 (2) {
    ["activity_id"]=>
    string(1) "3"
    ["user_num"]=>
    string(1) "1"
  }
}

INFO - 2019-03-29 11:17:31 --> Helper loaded: general_helper
INFO - 2019-03-29 11:17:31 --> Final output sent to browser
INFO - 2019-03-29 11:17:31 --> Controller Class Initialized
DEBUG - 2019-03-29 11:17:31 --> Total execution time: 0.0130
ERROR - 2019-03-29 11:17:31 --> array(0) {
}

INFO - 2019-03-29 11:17:31 --> Final output sent to browser
DEBUG - 2019-03-29 11:17:31 --> Total execution time: 0.0146
INFO - 2019-03-29 11:17:33 --> Config Class Initialized
INFO - 2019-03-29 11:17:33 --> Hooks Class Initialized
DEBUG - 2019-03-29 11:17:33 --> UTF-8 Support Enabled
INFO - 2019-03-29 11:17:33 --> Utf8 Class Initialized
INFO - 2019-03-29 11:17:33 --> URI Class Initialized
INFO - 2019-03-29 11:17:33 --> Router Class Initialized
INFO - 2019-03-29 11:17:33 --> Output Class Initialized
INFO - 2019-03-29 11:17:33 --> Security Class Initialized
DEBUG - 2019-03-29 11:17:33 --> Global POST, GET and COOKIE data sanitized
INFO - 2019-03-29 11:17:33 --> Input Class Initialized
INFO - 2019-03-29 11:17:33 --> Language Class Initialized
INFO - 2019-03-29 11:17:33 --> Loader Class Initialized
INFO - 2019-03-29 11:17:33 --> Helper loaded: general_helper
INFO - 2019-03-29 11:17:33 --> Controller Class Initialized
INFO - 2019-03-29 11:17:33 --> Final output sent to browser
DEBUG - 2019-03-29 11:17:33 --> Total execution time: 0.0144
INFO - 2019-03-29 11:17:34 --> Config Class Initialized
INFO - 2019-03-29 11:17:34 --> Hooks Class Initialized
DEBUG - 2019-03-29 11:17:34 --> UTF-8 Support Enabled
INFO - 2019-03-29 11:17:34 --> Utf8 Class Initialized
INFO - 2019-03-29 11:17:34 --> URI Class Initialized
INFO - 2019-03-29 11:17:34 --> Router Class Initialized
INFO - 2019-03-29 11:17:34 --> Output Class Initialized
INFO - 2019-03-29 11:17:34 --> Security Class Initialized
DEBUG - 2019-03-29 11:17:34 --> Global POST, GET and COOKIE data sanitized
INFO - 2019-03-29 11:17:34 --> Input Class Initialized
INFO - 2019-03-29 11:17:34 --> Language Class Initialized
INFO - 2019-03-29 11:17:34 --> Loader Class Initialized
INFO - 2019-03-29 11:17:34 --> Helper loaded: general_helper
INFO - 2019-03-29 11:17:34 --> Controller Class Initialized
INFO - 2019-03-29 11:17:35 --> Final output sent to browser
DEBUG - 2019-03-29 11:17:35 --> Total execution time: 0.3274
INFO - 2019-03-29 11:17:35 --> Config Class Initialized
INFO - 2019-03-29 11:17:35 --> Hooks Class Initialized
DEBUG - 2019-03-29 11:17:35 --> UTF-8 Support Enabled
INFO - 2019-03-29 11:17:35 --> Utf8 Class Initialized
INFO - 2019-03-29 11:17:35 --> URI Class Initialized
INFO - 2019-03-29 11:17:35 --> Router Class Initialized
INFO - 2019-03-29 11:17:35 --> Output Class Initialized
INFO - 2019-03-29 11:17:35 --> Security Class Initialized
DEBUG - 2019-03-29 11:17:35 --> Global POST, GET and COOKIE data sanitized
INFO - 2019-03-29 11:17:35 --> Input Class Initialized
INFO - 2019-03-29 11:17:35 --> Language Class Initialized
INFO - 2019-03-29 11:17:35 --> Loader Class Initialized
INFO - 2019-03-29 11:17:35 --> Helper loaded: general_helper
INFO - 2019-03-29 11:17:35 --> Controller Class Initialized
INFO - 2019-03-29 11:17:35 --> Final output sent to browser
DEBUG - 2019-03-29 11:17:35 --> Total execution time: 0.0105
INFO - 2019-03-29 11:18:05 --> Config Class Initialized
INFO - 2019-03-29 11:18:05 --> Hooks Class Initialized
DEBUG - 2019-03-29 11:18:05 --> UTF-8 Support Enabled
INFO - 2019-03-29 11:18:05 --> Utf8 Class Initialized
INFO - 2019-03-29 11:18:05 --> URI Class Initialized
INFO - 2019-03-29 11:18:05 --> Router Class Initialized
INFO - 2019-03-29 11:18:05 --> Output Class Initialized
INFO - 2019-03-29 11:18:05 --> Security Class Initialized
DEBUG - 2019-03-29 11:18:05 --> Global POST, GET and COOKIE data sanitized
INFO - 2019-03-29 11:18:05 --> Input Class Initialized
INFO - 2019-03-29 11:18:05 --> Language Class Initialized
INFO - 2019-03-29 11:18:05 --> Loader Class Initialized
INFO - 2019-03-29 11:18:05 --> Helper loaded: general_helper
INFO - 2019-03-29 11:18:05 --> Controller Class Initialized
INFO - 2019-03-29 11:18:06 --> Final output sent to browser
DEBUG - 2019-03-29 11:18:06 --> Total execution time: 0.3075
INFO - 2019-03-29 11:18:06 --> Config Class Initialized
INFO - 2019-03-29 11:18:06 --> Hooks Class Initialized
DEBUG - 2019-03-29 11:18:06 --> UTF-8 Support Enabled
INFO - 2019-03-29 11:18:06 --> Utf8 Class Initialized
INFO - 2019-03-29 11:18:06 --> URI Class Initialized
INFO - 2019-03-29 11:18:06 --> Router Class Initialized
INFO - 2019-03-29 11:18:06 --> Output Class Initialized
INFO - 2019-03-29 11:18:06 --> Security Class Initialized
DEBUG - 2019-03-29 11:18:06 --> Global POST, GET and COOKIE data sanitized
INFO - 2019-03-29 11:18:06 --> Input Class Initialized
INFO - 2019-03-29 11:18:06 --> Language Class Initialized
INFO - 2019-03-29 11:18:06 --> Loader Class Initialized
INFO - 2019-03-29 11:18:06 --> Helper loaded: general_helper
INFO - 2019-03-29 11:18:06 --> Controller Class Initialized
INFO - 2019-03-29 11:18:06 --> Final output sent to browser
DEBUG - 2019-03-29 11:18:06 --> Total execution time: 0.0132
INFO - 2019-03-29 11:18:06 --> Config Class Initialized
INFO - 2019-03-29 11:18:06 --> Hooks Class Initialized
DEBUG - 2019-03-29 11:18:06 --> UTF-8 Support Enabled
INFO - 2019-03-29 11:18:06 --> Utf8 Class Initialized
INFO - 2019-03-29 11:18:06 --> URI Class Initialized
INFO - 2019-03-29 11:18:06 --> Router Class Initialized
INFO - 2019-03-29 11:18:06 --> Output Class Initialized
INFO - 2019-03-29 11:18:06 --> Security Class Initialized
DEBUG - 2019-03-29 11:18:06 --> Global POST, GET and COOKIE data sanitized
INFO - 2019-03-29 11:18:06 --> Input Class Initialized
INFO - 2019-03-29 11:18:06 --> Language Class Initialized
INFO - 2019-03-29 11:18:06 --> Loader Class Initialized
INFO - 2019-03-29 11:18:06 --> Helper loaded: general_helper
INFO - 2019-03-29 11:18:06 --> Controller Class Initialized
INFO - 2019-03-29 11:18:06 --> Config Class Initialized
INFO - 2019-03-29 11:18:06 --> Hooks Class Initialized
DEBUG - 2019-03-29 11:18:06 --> UTF-8 Support Enabled
INFO - 2019-03-29 11:18:06 --> Utf8 Class Initialized
INFO - 2019-03-29 11:18:06 --> Final output sent to browser
DEBUG - 2019-03-29 11:18:06 --> Total execution time: 0.0153
INFO - 2019-03-29 11:18:06 --> URI Class Initialized
INFO - 2019-03-29 11:18:06 --> Router Class Initialized
INFO - 2019-03-29 11:18:06 --> Output Class Initialized
INFO - 2019-03-29 11:18:06 --> Security Class Initialized
DEBUG - 2019-03-29 11:18:06 --> Global POST, GET and COOKIE data sanitized
INFO - 2019-03-29 11:18:06 --> Input Class Initialized
INFO - 2019-03-29 11:18:06 --> Language Class Initialized
INFO - 2019-03-29 11:18:06 --> Loader Class Initialized
INFO - 2019-03-29 11:18:06 --> Helper loaded: general_helper
INFO - 2019-03-29 11:18:06 --> Controller Class Initialized
ERROR - 2019-03-29 11:18:06 --> array(3) {
  [0]=>
  object(stdClass)#16 (2) {
    ["activity_id"]=>
    string(1) "1"
    ["user_num"]=>
    string(1) "1"
  }
  [1]=>
  object(stdClass)#18 (2) {
    ["activity_id"]=>
    string(1) "2"
    ["user_num"]=>
    string(1) "2"
  }
  [2]=>
  object(stdClass)#19 (2) {
    ["activity_id"]=>
    string(1) "3"
    ["user_num"]=>
    string(1) "1"
  }
}

INFO - 2019-03-29 11:18:06 --> Final output sent to browser
DEBUG - 2019-03-29 11:18:06 --> Total execution time: 0.0121
INFO - 2019-03-29 11:18:06 --> Config Class Initialized
INFO - 2019-03-29 11:18:06 --> Hooks Class Initialized
DEBUG - 2019-03-29 11:18:06 --> UTF-8 Support Enabled
INFO - 2019-03-29 11:18:06 --> Utf8 Class Initialized
INFO - 2019-03-29 11:18:06 --> URI Class Initialized
INFO - 2019-03-29 11:18:06 --> Router Class Initialized
INFO - 2019-03-29 11:18:06 --> Output Class Initialized
INFO - 2019-03-29 11:18:06 --> Security Class Initialized
DEBUG - 2019-03-29 11:18:06 --> Global POST, GET and COOKIE data sanitized
INFO - 2019-03-29 11:18:06 --> Input Class Initialized
INFO - 2019-03-29 11:18:06 --> Language Class Initialized
INFO - 2019-03-29 11:18:06 --> Loader Class Initialized
INFO - 2019-03-29 11:18:06 --> Helper loaded: general_helper
INFO - 2019-03-29 11:18:06 --> Controller Class Initialized
ERROR - 2019-03-29 11:18:06 --> array(0) {
}

INFO - 2019-03-29 11:18:06 --> Final output sent to browser
DEBUG - 2019-03-29 11:18:06 --> Total execution time: 0.0156
INFO - 2019-03-29 11:18:08 --> Config Class Initialized
INFO - 2019-03-29 11:18:08 --> Hooks Class Initialized
DEBUG - 2019-03-29 11:18:08 --> UTF-8 Support Enabled
INFO - 2019-03-29 11:18:08 --> Utf8 Class Initialized
INFO - 2019-03-29 11:18:08 --> URI Class Initialized
INFO - 2019-03-29 11:18:08 --> Router Class Initialized
INFO - 2019-03-29 11:18:08 --> Output Class Initialized
INFO - 2019-03-29 11:18:08 --> Security Class Initialized
DEBUG - 2019-03-29 11:18:08 --> Global POST, GET and COOKIE data sanitized
INFO - 2019-03-29 11:18:08 --> Input Class Initialized
INFO - 2019-03-29 11:18:08 --> Language Class Initialized
INFO - 2019-03-29 11:18:08 --> Loader Class Initialized
INFO - 2019-03-29 11:18:08 --> Helper loaded: general_helper
INFO - 2019-03-29 11:18:08 --> Controller Class Initialized
INFO - 2019-03-29 11:18:08 --> Final output sent to browser
DEBUG - 2019-03-29 11:18:08 --> Total execution time: 0.0172
INFO - 2019-03-29 11:18:08 --> Config Class Initialized
INFO - 2019-03-29 11:18:08 --> Hooks Class Initialized
DEBUG - 2019-03-29 11:18:08 --> UTF-8 Support Enabled
INFO - 2019-03-29 11:18:08 --> Utf8 Class Initialized
INFO - 2019-03-29 11:18:08 --> URI Class Initialized
INFO - 2019-03-29 11:18:08 --> Router Class Initialized
INFO - 2019-03-29 11:18:08 --> Output Class Initialized
INFO - 2019-03-29 11:18:08 --> Security Class Initialized
DEBUG - 2019-03-29 11:18:08 --> Global POST, GET and COOKIE data sanitized
INFO - 2019-03-29 11:18:08 --> Input Class Initialized
INFO - 2019-03-29 11:18:08 --> Language Class Initialized
INFO - 2019-03-29 11:18:08 --> Loader Class Initialized
INFO - 2019-03-29 11:18:08 --> Helper loaded: general_helper
INFO - 2019-03-29 11:18:08 --> Controller Class Initialized
INFO - 2019-03-29 11:18:08 --> Final output sent to browser
DEBUG - 2019-03-29 11:18:08 --> Total execution time: 0.0132
INFO - 2019-03-29 11:18:18 --> Config Class Initialized
INFO - 2019-03-29 11:18:18 --> Hooks Class Initialized
INFO - 2019-03-29 11:18:18 --> Config Class Initialized
INFO - 2019-03-29 11:18:18 --> Hooks Class Initialized
DEBUG - 2019-03-29 11:18:18 --> UTF-8 Support Enabled
INFO - 2019-03-29 11:18:18 --> Utf8 Class Initialized
DEBUG - 2019-03-29 11:18:18 --> UTF-8 Support Enabled
INFO - 2019-03-29 11:18:18 --> Utf8 Class Initialized
INFO - 2019-03-29 11:18:18 --> URI Class Initialized
INFO - 2019-03-29 11:18:18 --> URI Class Initialized
INFO - 2019-03-29 11:18:18 --> Router Class Initialized
INFO - 2019-03-29 11:18:18 --> Router Class Initialized
INFO - 2019-03-29 11:18:18 --> Output Class Initialized
INFO - 2019-03-29 11:18:18 --> Output Class Initialized
INFO - 2019-03-29 11:18:18 --> Security Class Initialized
DEBUG - 2019-03-29 11:18:18 --> Global POST, GET and COOKIE data sanitized
INFO - 2019-03-29 11:18:18 --> Input Class Initialized
INFO - 2019-03-29 11:18:18 --> Language Class Initialized
INFO - 2019-03-29 11:18:18 --> Security Class Initialized
INFO - 2019-03-29 11:18:18 --> Loader Class Initialized
DEBUG - 2019-03-29 11:18:18 --> Global POST, GET and COOKIE data sanitized
INFO - 2019-03-29 11:18:18 --> Input Class Initialized
INFO - 2019-03-29 11:18:18 --> Helper loaded: general_helper
INFO - 2019-03-29 11:18:18 --> Controller Class Initialized
INFO - 2019-03-29 11:18:18 --> Language Class Initialized
INFO - 2019-03-29 11:18:18 --> Loader Class Initialized
INFO - 2019-03-29 11:18:18 --> Helper loaded: general_helper
INFO - 2019-03-29 11:18:18 --> Controller Class Initialized
INFO - 2019-03-29 11:18:18 --> Final output sent to browser
DEBUG - 2019-03-29 11:18:18 --> Total execution time: 0.0133
INFO - 2019-03-29 11:18:18 --> Final output sent to browser
DEBUG - 2019-03-29 11:18:18 --> Total execution time: 0.0167
INFO - 2019-03-29 11:18:19 --> Config Class Initialized
INFO - 2019-03-29 11:18:19 --> Hooks Class Initialized
DEBUG - 2019-03-29 11:18:19 --> UTF-8 Support Enabled
INFO - 2019-03-29 11:18:19 --> Utf8 Class Initialized
INFO - 2019-03-29 11:18:19 --> URI Class Initialized
INFO - 2019-03-29 11:18:19 --> Router Class Initialized
INFO - 2019-03-29 11:18:19 --> Output Class Initialized
INFO - 2019-03-29 11:18:19 --> Security Class Initialized
DEBUG - 2019-03-29 11:18:19 --> Global POST, GET and COOKIE data sanitized
INFO - 2019-03-29 11:18:19 --> Input Class Initialized
INFO - 2019-03-29 11:18:19 --> Language Class Initialized
INFO - 2019-03-29 11:18:19 --> Loader Class Initialized
INFO - 2019-03-29 11:18:19 --> Helper loaded: general_helper
INFO - 2019-03-29 11:18:19 --> Controller Class Initialized
INFO - 2019-03-29 11:18:19 --> Final output sent to browser
DEBUG - 2019-03-29 11:18:19 --> Total execution time: 0.0167
INFO - 2019-03-29 11:18:40 --> Config Class Initialized
INFO - 2019-03-29 11:18:40 --> Hooks Class Initialized
DEBUG - 2019-03-29 11:18:40 --> UTF-8 Support Enabled
INFO - 2019-03-29 11:18:40 --> Utf8 Class Initialized
INFO - 2019-03-29 11:18:40 --> URI Class Initialized
INFO - 2019-03-29 11:18:40 --> Router Class Initialized
INFO - 2019-03-29 11:18:40 --> Output Class Initialized
INFO - 2019-03-29 11:18:40 --> Security Class Initialized
DEBUG - 2019-03-29 11:18:40 --> Global POST, GET and COOKIE data sanitized
INFO - 2019-03-29 11:18:40 --> Input Class Initialized
INFO - 2019-03-29 11:18:40 --> Language Class Initialized
INFO - 2019-03-29 11:18:40 --> Loader Class Initialized
INFO - 2019-03-29 11:18:40 --> Helper loaded: general_helper
INFO - 2019-03-29 11:18:40 --> Controller Class Initialized
INFO - 2019-03-29 11:18:40 --> Final output sent to browser
DEBUG - 2019-03-29 11:18:40 --> Total execution time: 0.0169
INFO - 2019-03-29 11:18:40 --> Config Class Initialized
INFO - 2019-03-29 11:18:40 --> Hooks Class Initialized
DEBUG - 2019-03-29 11:18:40 --> UTF-8 Support Enabled
INFO - 2019-03-29 11:18:40 --> Utf8 Class Initialized
INFO - 2019-03-29 11:18:40 --> URI Class Initialized
INFO - 2019-03-29 11:18:40 --> Router Class Initialized
INFO - 2019-03-29 11:18:40 --> Output Class Initialized
INFO - 2019-03-29 11:18:40 --> Config Class Initialized
INFO - 2019-03-29 11:18:40 --> Hooks Class Initialized
INFO - 2019-03-29 11:18:40 --> Security Class Initialized
DEBUG - 2019-03-29 11:18:40 --> UTF-8 Support Enabled
INFO - 2019-03-29 11:18:40 --> Utf8 Class Initialized
DEBUG - 2019-03-29 11:18:40 --> Global POST, GET and COOKIE data sanitized
INFO - 2019-03-29 11:18:40 --> Input Class Initialized
INFO - 2019-03-29 11:18:40 --> Language Class Initialized
INFO - 2019-03-29 11:18:40 --> URI Class Initialized
INFO - 2019-03-29 11:18:40 --> Router Class Initialized
INFO - 2019-03-29 11:18:40 --> Loader Class Initialized
INFO - 2019-03-29 11:18:40 --> Helper loaded: general_helper
INFO - 2019-03-29 11:18:40 --> Controller Class Initialized
INFO - 2019-03-29 11:18:40 --> Output Class Initialized
INFO - 2019-03-29 11:18:40 --> Security Class Initialized
DEBUG - 2019-03-29 11:18:40 --> Global POST, GET and COOKIE data sanitized
INFO - 2019-03-29 11:18:40 --> Input Class Initialized
INFO - 2019-03-29 11:18:40 --> Language Class Initialized
INFO - 2019-03-29 11:18:40 --> Final output sent to browser
DEBUG - 2019-03-29 11:18:40 --> Total execution time: 0.0159
INFO - 2019-03-29 11:18:40 --> Loader Class Initialized
INFO - 2019-03-29 11:18:40 --> Helper loaded: general_helper
INFO - 2019-03-29 11:18:40 --> Controller Class Initialized
ERROR - 2019-03-29 11:18:40 --> array(3) {
  [0]=>
  object(stdClass)#16 (2) {
    ["activity_id"]=>
    string(1) "1"
    ["user_num"]=>
    string(1) "1"
  }
  [1]=>
  object(stdClass)#18 (2) {
    ["activity_id"]=>
    string(1) "2"
    ["user_num"]=>
    string(1) "2"
  }
  [2]=>
  object(stdClass)#19 (2) {
    ["activity_id"]=>
    string(1) "3"
    ["user_num"]=>
    string(1) "1"
  }
}

INFO - 2019-03-29 11:18:40 --> Final output sent to browser
DEBUG - 2019-03-29 11:18:40 --> Total execution time: 0.0154
INFO - 2019-03-29 11:18:40 --> Config Class Initialized
INFO - 2019-03-29 11:18:40 --> Hooks Class Initialized
DEBUG - 2019-03-29 11:18:40 --> UTF-8 Support Enabled
INFO - 2019-03-29 11:18:40 --> Utf8 Class Initialized
INFO - 2019-03-29 11:18:40 --> URI Class Initialized
INFO - 2019-03-29 11:18:40 --> Router Class Initialized
INFO - 2019-03-29 11:18:40 --> Output Class Initialized
INFO - 2019-03-29 11:18:40 --> Security Class Initialized
DEBUG - 2019-03-29 11:18:40 --> Global POST, GET and COOKIE data sanitized
INFO - 2019-03-29 11:18:40 --> Input Class Initialized
INFO - 2019-03-29 11:18:40 --> Language Class Initialized
INFO - 2019-03-29 11:18:40 --> Loader Class Initialized
INFO - 2019-03-29 11:18:40 --> Helper loaded: general_helper
INFO - 2019-03-29 11:18:40 --> Controller Class Initialized
ERROR - 2019-03-29 11:18:40 --> array(0) {
}

INFO - 2019-03-29 11:18:40 --> Final output sent to browser
DEBUG - 2019-03-29 11:18:40 --> Total execution time: 0.0156
INFO - 2019-03-29 11:18:42 --> Config Class Initialized
INFO - 2019-03-29 11:18:42 --> Hooks Class Initialized
DEBUG - 2019-03-29 11:18:42 --> UTF-8 Support Enabled
INFO - 2019-03-29 11:18:42 --> Utf8 Class Initialized
INFO - 2019-03-29 11:18:42 --> URI Class Initialized
INFO - 2019-03-29 11:18:42 --> Router Class Initialized
INFO - 2019-03-29 11:18:42 --> Output Class Initialized
INFO - 2019-03-29 11:18:42 --> Security Class Initialized
DEBUG - 2019-03-29 11:18:42 --> Global POST, GET and COOKIE data sanitized
INFO - 2019-03-29 11:18:42 --> Input Class Initialized
INFO - 2019-03-29 11:18:42 --> Language Class Initialized
INFO - 2019-03-29 11:18:42 --> Loader Class Initialized
INFO - 2019-03-29 11:18:42 --> Helper loaded: general_helper
INFO - 2019-03-29 11:18:42 --> Controller Class Initialized
INFO - 2019-03-29 11:18:42 --> Final output sent to browser
DEBUG - 2019-03-29 11:18:42 --> Total execution time: 0.0125
INFO - 2019-03-29 11:18:46 --> Config Class Initialized
INFO - 2019-03-29 11:18:46 --> Hooks Class Initialized
DEBUG - 2019-03-29 11:18:46 --> UTF-8 Support Enabled
INFO - 2019-03-29 11:18:46 --> Utf8 Class Initialized
INFO - 2019-03-29 11:18:46 --> URI Class Initialized
INFO - 2019-03-29 11:18:46 --> Router Class Initialized
INFO - 2019-03-29 11:18:46 --> Output Class Initialized
INFO - 2019-03-29 11:18:46 --> Security Class Initialized
DEBUG - 2019-03-29 11:18:46 --> Global POST, GET and COOKIE data sanitized
INFO - 2019-03-29 11:18:46 --> Input Class Initialized
INFO - 2019-03-29 11:18:46 --> Language Class Initialized
INFO - 2019-03-29 11:18:46 --> Loader Class Initialized
INFO - 2019-03-29 11:18:46 --> Helper loaded: general_helper
INFO - 2019-03-29 11:18:46 --> Controller Class Initialized
INFO - 2019-03-29 11:18:46 --> Final output sent to browser
DEBUG - 2019-03-29 11:18:46 --> Total execution time: 0.0125
INFO - 2019-03-29 11:18:47 --> Config Class Initialized
INFO - 2019-03-29 11:18:47 --> Hooks Class Initialized
DEBUG - 2019-03-29 11:18:47 --> UTF-8 Support Enabled
INFO - 2019-03-29 11:18:47 --> Utf8 Class Initialized
INFO - 2019-03-29 11:18:47 --> URI Class Initialized
INFO - 2019-03-29 11:18:47 --> Router Class Initialized
INFO - 2019-03-29 11:18:47 --> Output Class Initialized
INFO - 2019-03-29 11:18:47 --> Security Class Initialized
DEBUG - 2019-03-29 11:18:47 --> Global POST, GET and COOKIE data sanitized
INFO - 2019-03-29 11:18:47 --> Input Class Initialized
INFO - 2019-03-29 11:18:47 --> Language Class Initialized
INFO - 2019-03-29 11:18:47 --> Loader Class Initialized
INFO - 2019-03-29 11:18:47 --> Helper loaded: general_helper
INFO - 2019-03-29 11:18:47 --> Controller Class Initialized
INFO - 2019-03-29 11:18:47 --> Final output sent to browser
DEBUG - 2019-03-29 11:18:47 --> Total execution time: 0.0145
INFO - 2019-03-29 11:18:47 --> Config Class Initialized
INFO - 2019-03-29 11:18:47 --> Hooks Class Initialized
DEBUG - 2019-03-29 11:18:47 --> UTF-8 Support Enabled
INFO - 2019-03-29 11:18:47 --> Utf8 Class Initialized
INFO - 2019-03-29 11:18:47 --> URI Class Initialized
INFO - 2019-03-29 11:18:47 --> Router Class Initialized
INFO - 2019-03-29 11:18:47 --> Output Class Initialized
INFO - 2019-03-29 11:18:47 --> Security Class Initialized
DEBUG - 2019-03-29 11:18:47 --> Global POST, GET and COOKIE data sanitized
INFO - 2019-03-29 11:18:47 --> Input Class Initialized
INFO - 2019-03-29 11:18:47 --> Language Class Initialized
INFO - 2019-03-29 11:18:47 --> Loader Class Initialized
INFO - 2019-03-29 11:18:47 --> Helper loaded: general_helper
INFO - 2019-03-29 11:18:47 --> Controller Class Initialized
INFO - 2019-03-29 11:18:47 --> Config Class Initialized
INFO - 2019-03-29 11:18:47 --> Hooks Class Initialized
DEBUG - 2019-03-29 11:18:47 --> UTF-8 Support Enabled
INFO - 2019-03-29 11:18:47 --> Utf8 Class Initialized
INFO - 2019-03-29 11:18:47 --> URI Class Initialized
ERROR - 2019-03-29 11:18:47 --> array(3) {
  [0]=>
  object(stdClass)#16 (2) {
    ["activity_id"]=>
    string(1) "1"
    ["user_num"]=>
    string(1) "1"
  }
  [1]=>
  object(stdClass)#18 (2) {
    ["activity_id"]=>
    string(1) "2"
    ["user_num"]=>
    string(1) "2"
  }
  [2]=>
  object(stdClass)#19 (2) {
    ["activity_id"]=>
    string(1) "3"
    ["user_num"]=>
    string(1) "1"
  }
}

INFO - 2019-03-29 11:18:47 --> Final output sent to browser
DEBUG - 2019-03-29 11:18:47 --> Total execution time: 0.0154
INFO - 2019-03-29 11:18:47 --> Router Class Initialized
INFO - 2019-03-29 11:18:47 --> Output Class Initialized
INFO - 2019-03-29 11:18:47 --> Security Class Initialized
DEBUG - 2019-03-29 11:18:47 --> Global POST, GET and COOKIE data sanitized
INFO - 2019-03-29 11:18:47 --> Input Class Initialized
INFO - 2019-03-29 11:18:47 --> Language Class Initialized
INFO - 2019-03-29 11:18:47 --> Loader Class Initialized
INFO - 2019-03-29 11:18:47 --> Helper loaded: general_helper
INFO - 2019-03-29 11:18:47 --> Controller Class Initialized
ERROR - 2019-03-29 11:18:47 --> array(0) {
}

INFO - 2019-03-29 11:18:47 --> Final output sent to browser
DEBUG - 2019-03-29 11:18:47 --> Total execution time: 0.0118
INFO - 2019-03-29 11:18:56 --> Config Class Initialized
INFO - 2019-03-29 11:18:56 --> Hooks Class Initialized
DEBUG - 2019-03-29 11:18:56 --> UTF-8 Support Enabled
INFO - 2019-03-29 11:18:56 --> Utf8 Class Initialized
INFO - 2019-03-29 11:18:56 --> URI Class Initialized
INFO - 2019-03-29 11:18:56 --> Router Class Initialized
INFO - 2019-03-29 11:18:56 --> Output Class Initialized
INFO - 2019-03-29 11:18:56 --> Security Class Initialized
DEBUG - 2019-03-29 11:18:56 --> Global POST, GET and COOKIE data sanitized
INFO - 2019-03-29 11:18:56 --> Input Class Initialized
INFO - 2019-03-29 11:18:56 --> Language Class Initialized
INFO - 2019-03-29 11:18:56 --> Loader Class Initialized
INFO - 2019-03-29 11:18:56 --> Helper loaded: general_helper
INFO - 2019-03-29 11:18:56 --> Controller Class Initialized
INFO - 2019-03-29 11:18:56 --> Final output sent to browser
DEBUG - 2019-03-29 11:18:56 --> Total execution time: 0.0121
INFO - 2019-03-29 11:18:56 --> Config Class Initialized
INFO - 2019-03-29 11:18:56 --> Hooks Class Initialized
INFO - 2019-03-29 11:18:56 --> Config Class Initialized
INFO - 2019-03-29 11:18:56 --> Hooks Class Initialized
DEBUG - 2019-03-29 11:18:56 --> UTF-8 Support Enabled
INFO - 2019-03-29 11:18:56 --> Utf8 Class Initialized
INFO - 2019-03-29 11:18:56 --> URI Class Initialized
DEBUG - 2019-03-29 11:18:56 --> UTF-8 Support Enabled
INFO - 2019-03-29 11:18:56 --> Utf8 Class Initialized
INFO - 2019-03-29 11:18:56 --> Router Class Initialized
INFO - 2019-03-29 11:18:56 --> URI Class Initialized
INFO - 2019-03-29 11:18:56 --> Router Class Initialized
INFO - 2019-03-29 11:18:56 --> Output Class Initialized
INFO - 2019-03-29 11:18:56 --> Output Class Initialized
INFO - 2019-03-29 11:18:56 --> Security Class Initialized
DEBUG - 2019-03-29 11:18:56 --> Global POST, GET and COOKIE data sanitized
INFO - 2019-03-29 11:18:56 --> Input Class Initialized
INFO - 2019-03-29 11:18:56 --> Security Class Initialized
INFO - 2019-03-29 11:18:56 --> Language Class Initialized
DEBUG - 2019-03-29 11:18:56 --> Global POST, GET and COOKIE data sanitized
INFO - 2019-03-29 11:18:56 --> Input Class Initialized
INFO - 2019-03-29 11:18:56 --> Language Class Initialized
INFO - 2019-03-29 11:18:56 --> Loader Class Initialized
INFO - 2019-03-29 11:18:56 --> Helper loaded: general_helper
INFO - 2019-03-29 11:18:56 --> Controller Class Initialized
INFO - 2019-03-29 11:18:56 --> Loader Class Initialized
INFO - 2019-03-29 11:18:56 --> Helper loaded: general_helper
INFO - 2019-03-29 11:18:56 --> Controller Class Initialized
INFO - 2019-03-29 11:18:56 --> Config Class Initialized
INFO - 2019-03-29 11:18:56 --> Hooks Class Initialized
DEBUG - 2019-03-29 11:18:56 --> UTF-8 Support Enabled
INFO - 2019-03-29 11:18:56 --> Utf8 Class Initialized
INFO - 2019-03-29 11:18:56 --> URI Class Initialized
ERROR - 2019-03-29 11:18:56 --> array(3) {
  [0]=>
  object(stdClass)#16 (2) {
    ["activity_id"]=>
    string(1) "1"
    ["user_num"]=>
    string(1) "1"
  }
  [1]=>
  object(stdClass)#18 (2) {
    ["activity_id"]=>
    string(1) "2"
    ["user_num"]=>
    string(1) "2"
  }
  [2]=>
  object(stdClass)#19 (2) {
    ["activity_id"]=>
    string(1) "3"
    ["user_num"]=>
    string(1) "1"
  }
}

INFO - 2019-03-29 11:18:56 --> Final output sent to browser
DEBUG - 2019-03-29 11:18:56 --> Total execution time: 0.0122
INFO - 2019-03-29 11:18:56 --> Router Class Initialized
INFO - 2019-03-29 11:18:56 --> Final output sent to browser
DEBUG - 2019-03-29 11:18:56 --> Total execution time: 0.0136
INFO - 2019-03-29 11:18:56 --> Output Class Initialized
INFO - 2019-03-29 11:18:56 --> Security Class Initialized
DEBUG - 2019-03-29 11:18:56 --> Global POST, GET and COOKIE data sanitized
INFO - 2019-03-29 11:18:56 --> Input Class Initialized
INFO - 2019-03-29 11:18:56 --> Language Class Initialized
INFO - 2019-03-29 11:18:56 --> Loader Class Initialized
INFO - 2019-03-29 11:18:56 --> Helper loaded: general_helper
INFO - 2019-03-29 11:18:56 --> Controller Class Initialized
ERROR - 2019-03-29 11:18:56 --> array(0) {
}

INFO - 2019-03-29 11:18:56 --> Final output sent to browser
DEBUG - 2019-03-29 11:18:56 --> Total execution time: 0.0107
INFO - 2019-03-29 11:19:00 --> Config Class Initialized
INFO - 2019-03-29 11:19:00 --> Hooks Class Initialized
DEBUG - 2019-03-29 11:19:00 --> UTF-8 Support Enabled
INFO - 2019-03-29 11:19:00 --> Utf8 Class Initialized
INFO - 2019-03-29 11:19:00 --> URI Class Initialized
INFO - 2019-03-29 11:19:00 --> Router Class Initialized
INFO - 2019-03-29 11:19:00 --> Output Class Initialized
INFO - 2019-03-29 11:19:00 --> Security Class Initialized
DEBUG - 2019-03-29 11:19:00 --> Global POST, GET and COOKIE data sanitized
INFO - 2019-03-29 11:19:00 --> Input Class Initialized
INFO - 2019-03-29 11:19:00 --> Language Class Initialized
INFO - 2019-03-29 11:19:00 --> Loader Class Initialized
INFO - 2019-03-29 11:19:00 --> Helper loaded: general_helper
INFO - 2019-03-29 11:19:00 --> Controller Class Initialized
INFO - 2019-03-29 11:19:00 --> Final output sent to browser
DEBUG - 2019-03-29 11:19:00 --> Total execution time: 0.0114
INFO - 2019-03-29 11:19:00 --> Config Class Initialized
INFO - 2019-03-29 11:19:00 --> Hooks Class Initialized
DEBUG - 2019-03-29 11:19:00 --> UTF-8 Support Enabled
INFO - 2019-03-29 11:19:00 --> Utf8 Class Initialized
INFO - 2019-03-29 11:19:00 --> URI Class Initialized
INFO - 2019-03-29 11:19:00 --> Router Class Initialized
INFO - 2019-03-29 11:19:00 --> Output Class Initialized
INFO - 2019-03-29 11:19:00 --> Security Class Initialized
DEBUG - 2019-03-29 11:19:00 --> Global POST, GET and COOKIE data sanitized
INFO - 2019-03-29 11:19:00 --> Input Class Initialized
INFO - 2019-03-29 11:19:00 --> Language Class Initialized
INFO - 2019-03-29 11:19:00 --> Loader Class Initialized
INFO - 2019-03-29 11:19:00 --> Helper loaded: general_helper
INFO - 2019-03-29 11:19:00 --> Controller Class Initialized
INFO - 2019-03-29 11:19:00 --> Final output sent to browser
DEBUG - 2019-03-29 11:19:00 --> Total execution time: 0.0121
INFO - 2019-03-29 11:19:00 --> Config Class Initialized
INFO - 2019-03-29 11:19:00 --> Hooks Class Initialized
INFO - 2019-03-29 11:19:00 --> Config Class Initialized
INFO - 2019-03-29 11:19:00 --> Hooks Class Initialized
DEBUG - 2019-03-29 11:19:00 --> UTF-8 Support Enabled
INFO - 2019-03-29 11:19:00 --> Utf8 Class Initialized
INFO - 2019-03-29 11:19:00 --> URI Class Initialized
DEBUG - 2019-03-29 11:19:00 --> UTF-8 Support Enabled
INFO - 2019-03-29 11:19:00 --> Utf8 Class Initialized
INFO - 2019-03-29 11:19:00 --> Router Class Initialized
INFO - 2019-03-29 11:19:00 --> URI Class Initialized
INFO - 2019-03-29 11:19:00 --> Router Class Initialized
INFO - 2019-03-29 11:19:00 --> Output Class Initialized
INFO - 2019-03-29 11:19:00 --> Security Class Initialized
INFO - 2019-03-29 11:19:00 --> Output Class Initialized
DEBUG - 2019-03-29 11:19:00 --> Global POST, GET and COOKIE data sanitized
INFO - 2019-03-29 11:19:00 --> Input Class Initialized
INFO - 2019-03-29 11:19:00 --> Security Class Initialized
INFO - 2019-03-29 11:19:00 --> Language Class Initialized
DEBUG - 2019-03-29 11:19:00 --> Global POST, GET and COOKIE data sanitized
INFO - 2019-03-29 11:19:00 --> Input Class Initialized
INFO - 2019-03-29 11:19:00 --> Language Class Initialized
INFO - 2019-03-29 11:19:00 --> Loader Class Initialized
INFO - 2019-03-29 11:19:00 --> Helper loaded: general_helper
INFO - 2019-03-29 11:19:00 --> Controller Class Initialized
INFO - 2019-03-29 11:19:00 --> Loader Class Initialized
INFO - 2019-03-29 11:19:00 --> Helper loaded: general_helper
INFO - 2019-03-29 11:19:00 --> Controller Class Initialized
ERROR - 2019-03-29 11:19:00 --> array(3) {
  [0]=>
  object(stdClass)#16 (2) {
    ["activity_id"]=>
    string(1) "1"
    ["user_num"]=>
    string(1) "1"
  }
  [1]=>
  object(stdClass)#18 (2) {
    ["activity_id"]=>
    string(1) "2"
    ["user_num"]=>
    string(1) "2"
  }
  [2]=>
  object(stdClass)#19 (2) {
    ["activity_id"]=>
    string(1) "3"
    ["user_num"]=>
    string(1) "1"
  }
}

INFO - 2019-03-29 11:19:00 --> Final output sent to browser
DEBUG - 2019-03-29 11:19:00 --> Total execution time: 0.0150
ERROR - 2019-03-29 11:19:00 --> array(0) {
}

INFO - 2019-03-29 11:19:00 --> Final output sent to browser
DEBUG - 2019-03-29 11:19:00 --> Total execution time: 0.0139
INFO - 2019-03-29 11:36:06 --> Config Class Initialized
INFO - 2019-03-29 11:36:06 --> Hooks Class Initialized
DEBUG - 2019-03-29 11:36:06 --> UTF-8 Support Enabled
INFO - 2019-03-29 11:36:06 --> Utf8 Class Initialized
INFO - 2019-03-29 11:36:06 --> URI Class Initialized
INFO - 2019-03-29 11:36:06 --> Router Class Initialized
INFO - 2019-03-29 11:36:06 --> Output Class Initialized
INFO - 2019-03-29 11:36:06 --> Security Class Initialized
DEBUG - 2019-03-29 11:36:06 --> Global POST, GET and COOKIE data sanitized
INFO - 2019-03-29 11:36:06 --> Input Class Initialized
INFO - 2019-03-29 11:36:06 --> Language Class Initialized
INFO - 2019-03-29 11:36:06 --> Loader Class Initialized
INFO - 2019-03-29 11:36:06 --> Helper loaded: general_helper
INFO - 2019-03-29 11:36:06 --> Controller Class Initialized
ERROR - 2019-03-29 11:36:06 --> user_id3
INFO - 2019-03-29 11:36:06 --> Final output sent to browser
DEBUG - 2019-03-29 11:36:06 --> Total execution time: 0.0130
